<?xml version="1.0" encoding="UTF-8"?>
<!-- Generated by org.testng.reporters.JUnitXMLReporter -->
<testsuite hostname="R90JDQN3" name="LOGIN AND DASHBOARD REGRESSION RUN" tests="41" failures="0" timestamp="13 Dec 2016 00:38:47 GMT" time="581.472" errors="0">
  <testcase name="login_with_valid_username_and_valid_password" time="7.558" classname="login.Login_testcases"/>
  <testcase name="reset_your_password_with_valid_email" time="10.502" classname="login.Reset_your_password_testcases"/>
  <testcase name="open_campaign_page" time="11.798" classname="login.Dashboard_TestCases"/>
  <testcase name="login_with_empty_password" time="5.423" classname="login.Login_testcases"/>
  <testcase name="reset_your_password_with_an_invalid_email" time="12.153" classname="login.Reset_your_password_testcases"/>
  <testcase name="login_and_logout" time="9.117" classname="login.Dashboard_TestCases"/>
  <testcase name="login_with_empty_username" time="5.138" classname="login.Login_testcases"/>
  <testcase name="login_with_empty_username_password" time="4.575" classname="login.Login_testcases"/>
  <testcase name="open_brands_page" time="10.858" classname="login.Dashboard_TestCases"/>
  <testcase name="login_with_invalid_password" time="4.703" classname="login.Login_testcases"/>
  <testcase name="open_change_log_page" time="11.927" classname="login.Dashboard_TestCases"/>
  <testcase name="login_with_invalid_username" time="4.604" classname="login.Login_testcases"/>
  <testcase name="open_channels_page" time="10.206" classname="login.Dashboard_TestCases"/>
  <testcase name="open_clietns_page" time="10.36" classname="login.Dashboard_TestCases"/>
  <testcase name="open_communications_page" time="11.207" classname="login.Dashboard_TestCases"/>
  <testcase name="open_connectors_page" time="10.759" classname="login.Dashboard_TestCases"/>
  <testcase name="open_locales_export_page" time="10.265" classname="login.Dashboard_TestCases"/>
  <testcase name="open_locales_import_page" time="10.104" classname="login.Dashboard_TestCases"/>
  <testcase name="open_locales_page" time="10.351" classname="login.Dashboard_TestCases"/>
  <testcase name="open_media_gallery_page" time="11.676" classname="login.Dashboard_TestCases"/>
  <testcase name="open_messages_page" time="14.941" classname="login.Dashboard_TestCases"/>
  <testcase name="open_messages_types_page" time="10.927" classname="login.Dashboard_TestCases"/>
  <testcase name="open_permission_action_page" time="11.349" classname="login.Dashboard_TestCases"/>
  <testcase name="open_permission_categories_page" time="11.434" classname="login.Dashboard_TestCases"/>
  <testcase name="open_permission_group_page" time="10.773" classname="login.Dashboard_TestCases"/>
  <testcase name="open_programs_page" time="10.668" classname="login.Dashboard_TestCases"/>
  <testcase name="open_regions_page" time="10.689" classname="login.Dashboard_TestCases"/>
  <testcase name="open_roles_page" time="10.961" classname="login.Dashboard_TestCases"/>
  <testcase name="open_segments_groups_page" time="10.704" classname="login.Dashboard_TestCases"/>
  <testcase name="open_segments_page" time="10.799" classname="login.Dashboard_TestCases"/>
  <testcase name="open_sessions_page" time="12.135" classname="login.Dashboard_TestCases"/>
  <testcase name="open_system_configuration_page" time="9.504" classname="login.Dashboard_TestCases"/>
  <testcase name="open_targeting_criteria_page" time="10.687" classname="login.Dashboard_TestCases"/>
  <testcase name="open_templates_page" time="10.522" classname="login.Dashboard_TestCases"/>
  <testcase name="open_tracks_page" time="11.244" classname="login.Dashboard_TestCases"/>
  <testcase name="open_users_page" time="10.396" classname="login.Dashboard_TestCases"/>
  <testcase name="open_variables_page" time="10.634" classname="login.Dashboard_TestCases"/>
  <testcase name="open_workflow_manager_page" time="11.327" classname="login.Dashboard_TestCases"/>
  <testcase name="open_workflow_state_page" time="11.784" classname="login.Dashboard_TestCases"/>
  <testcase name="select_allclient_in_client_dropdown" time="10.324" classname="login.Dashboard_TestCases"/>
  <testcase name="select_dupont_in_client_dropdown" time="10.481" classname="login.Dashboard_TestCases"/>
</testsuite> <!-- LOGIN AND DASHBOARD REGRESSION RUN -->
