<?xml version="1.0" encoding="UTF-8"?>
<testsuite name="ROLES TESTCASES"
           tests="7"
           failures="0"
           errors="0"
           skipped="0"
           time="332.720">
  <properties />
  
  
            <testcase name="select_cancel_button_in_roles_add_page" time="35.771" classname="access.Roles_TestCases" />
                <testcase name="create_a_duplicate_role" time="46.382" classname="access.Roles_TestCases" />
                <testcase name="delete_role_from_database" time="2.194" classname="access.Roles_TestCases" />
                <testcase name="create_a_new_role_without_a_name" time="49.578" classname="access.Roles_TestCases" />
                <testcase name="fail_to_create_role_when_require_field_is_not_populated" time="44.009" classname="access.Roles_TestCases" />
                <testcase name="create_a_new_role" time="104.913" classname="access.Roles_TestCases" />
                <testcase name="acces_level_field_is_empty_in_role_add_page" time="49.873" classname="access.Roles_TestCases" />
      
</testsuite>
