<?xml version="1.0" encoding="UTF-8"?>
<testsuite name="PERMISSION GROUPS TESTCASES"
           tests="15"
           failures="0"
           errors="0"
           skipped="0"
           time="902.305">
  <properties />
  
  
            <testcase name="update_permission_groups_name_to_previous" time="70.980" classname="access.PermissionGroupsEdit_testcases" />
                <testcase name="update_permission_groups_parent_permission" time="64.100" classname="access.PermissionGroupsEdit_testcases" />
                <testcase name="return_to_permission_groups_main_page" time="20.927" classname="access.PermissionGroupsEdit_testcases" />
                <testcase name="update_permission_groups_parent_permission_to_previous" time="66.412" classname="access.PermissionGroupsEdit_testcases" />
                <testcase name="restore_permission_groups" time="66.549" classname="access.PermissionGroupsEdit_testcases" />
                <testcase name="activate_permission_groups" time="73.109" classname="access.PermissionGroupsEdit_testcases" />
                <testcase name="update_permission_groups_business_groups" time="64.029" classname="access.PermissionGroupsEdit_testcases" />
                <testcase name="update_permission_groups_permissions_to_previous" time="73.750" classname="access.PermissionGroupsEdit_testcases" />
                <testcase name="update_permission_groups_business_rule_to_previous" time="63.177" classname="access.PermissionGroupsEdit_testcases" />
                <testcase name="update_permission_groups_name" time="74.425" classname="access.PermissionGroupsEdit_testcases" />
                <testcase name="archive_permission_groups" time="61.829" classname="access.PermissionGroupsEdit_testcases" />
                <testcase name="click_cancel_in_permission_groups_edit_page" time="23.159" classname="access.PermissionGroupsEdit_testcases" />
                <testcase name="update_permission_groups_permissions" time="80.793" classname="access.PermissionGroupsEdit_testcases" />
                <testcase name="empty_a_required_field_and_click_save_in_permission_edit_page" time="25.888" classname="access.PermissionGroupsEdit_testcases" />
                <testcase name="inactivate_permission_groups" time="73.178" classname="access.PermissionGroupsEdit_testcases" />
      
</testsuite>
