<?xml version="1.0" encoding="UTF-8"?>
<testsuite name="TARGETING CRITERIA TESTCASES"
           tests="14"
           failures="0"
           errors="0"
           skipped="0"
           time="523.595">
  <properties />
  
  
            <testcase name="update_targeting_criteria_name_to_previous" time="40.717" classname="configuration.TargetingCriteriaEdit_testcases" />
                <testcase name="restore_tageting_criteria" time="34.595" classname="configuration.TargetingCriteriaEdit_testcases" />
                <testcase name="update_targeting_criteria_description" time="36.855" classname="configuration.TargetingCriteriaEdit_testcases" />
                <testcase name="update_targeting_criteria_client" time="40.614" classname="configuration.TargetingCriteriaEdit_testcases" />
                <testcase name="empty_name_field_in_tagerting_criteria_edit_page" time="35.620" classname="configuration.TargetingCriteriaEdit_testcases" />
                <testcase name="update_targeting_criteria_name" time="37.981" classname="configuration.TargetingCriteriaEdit_testcases" />
                <testcase name="inactivate_tageting_criteria" time="38.329" classname="configuration.TargetingCriteriaEdit_testcases" />
                <testcase name="activate_tageting_criteria" time="38.440" classname="configuration.TargetingCriteriaEdit_testcases" />
                <testcase name="select_cancel_button_in_targeting_criteria_edit_page" time="34.089" classname="configuration.TargetingCriteriaEdit_testcases" />
                <testcase name="empty_code_field_in_tagerting_criteria_edit_page" time="35.092" classname="configuration.TargetingCriteriaEdit_testcases" />
                <testcase name="update_targeting_criteria_brand_to_previous" time="44.530" classname="configuration.TargetingCriteriaEdit_testcases" />
                <testcase name="update_targeting_criteria_brand" time="42.559" classname="configuration.TargetingCriteriaEdit_testcases" />
                <testcase name="update_targeting_criteria_client_to_previous" time="41.663" classname="configuration.TargetingCriteriaEdit_testcases" />
                <testcase name="archive_tageting_criteria" time="22.511" classname="configuration.TargetingCriteriaEdit_testcases" />
      
</testsuite>
