<?xml version="1.0" encoding="UTF-8"?>
<testsuite name="COMMUNICATIONS TESTCASES"
           tests="31"
           failures="5"
           errors="0"
           skipped="0"
           time="2679.005">
  <properties />
            <testcase name="update_communication_programs" time="143.603" classname="library.CommunicationsEdit_Testcases">
                <failure type="java.lang.AssertionError"
                  message="expected [1] but found [2]"
              >
<![CDATA[java.lang.AssertionError: expected [1] but found [2]
  org.testng.Assert.fail(Assert.java:94)
  org.testng.Assert.failNotEquals(Assert.java:513)
  org.testng.Assert.assertEqualsImpl(Assert.java:135)
  org.testng.Assert.assertEquals(Assert.java:116)
  org.testng.Assert.assertEquals(Assert.java:190)
  org.testng.Assert.assertEquals(Assert.java:200)
  library.CommunicationsPage.validateUpdates(CommunicationsPage.java:336)
  library.CommunicationsEdit_Testcases.update_communication_programs(CommunicationsEdit_Testcases.java:134)
  sun.reflect.NativeMethodAccessorImpl.invoke0(Native Method)
  sun.reflect.NativeMethodAccessorImpl.invoke(NativeMethodAccessorImpl.java:62)
  sun.reflect.DelegatingMethodAccessorImpl.invoke(DelegatingMethodAccessorImpl.java:43)
  java.lang.reflect.Method.invoke(Method.java:498)
  org.testng.internal.MethodInvocationHelper.invokeMethod(MethodInvocationHelper.java:104)
  org.testng.internal.Invoker.invokeMethod(Invoker.java:645)
  org.testng.internal.Invoker.invokeTestMethod(Invoker.java:851)
  org.testng.internal.Invoker.invokeTestMethods(Invoker.java:1177)
  org.testng.internal.TestMethodWorker.invokeTestMethods(TestMethodWorker.java:129)
  org.testng.internal.TestMethodWorker.run(TestMethodWorker.java:112)
  org.testng.TestRunner.privateRun(TestRunner.java:756)
  org.testng.TestRunner.run(TestRunner.java:610)
  org.testng.SuiteRunner.runTest(SuiteRunner.java:387)
  org.testng.SuiteRunner.access$000(SuiteRunner.java:39)
  org.testng.SuiteRunner$SuiteWorker.run(SuiteRunner.java:421)
  org.testng.internal.thread.ThreadUtil$2.call(ThreadUtil.java:64)
  java.util.concurrent.FutureTask.run(FutureTask.java:266)
  java.util.concurrent.ThreadPoolExecutor.runWorker(ThreadPoolExecutor.java:1142)
  java.util.concurrent.ThreadPoolExecutor$Worker.run(ThreadPoolExecutor.java:617)
  java.lang.Thread.run(Thread.java:745)
]]>
      </failure>

          </testcase>
            <testcase name="add_messagefrom_communication" time="44.525" classname="library.CommunicationsEdit_Testcases">
                <failure type="org.openqa.selenium.NoSuchElementException"
                  message="no such element: Unable to locate element: {&quot;method&quot;:&quot;xpath&quot;,&quot;selector&quot;:&quot;.//*[@id=&apos;addMessage_1857&apos;]/i&quot;}
  (Session info: chrome=59.0.3071.115)
  (Driver info: chromedriver=2.29.461591 (62ebf098771772160f391d75e589dc567915b233),platform=Windows NT 6.1.7601 SP1 x86_64) (WARNING: The server did not provide any stacktrace information)
Command duration or timeout: 10.02 seconds
For documentation on this error, please visit: http://seleniumhq.org/exceptions/no_such_element.html
Build info: version: &apos;2.53.1&apos;, revision: &apos;a36b8b1&apos;, time: &apos;2016-06-30 17:37:03&apos;
System info: host: &apos;remote-wkstn3&apos;, ip: &apos;10.16.1.107&apos;, os.name: &apos;Windows 7&apos;, os.arch: &apos;amd64&apos;, os.version: &apos;6.1&apos;, java.version: &apos;1.8.0_121&apos;
Driver info: org.openqa.selenium.chrome.ChromeDriver
Capabilities [{applicationCacheEnabled=false, rotatable=false, mobileEmulationEnabled=false, networkConnectionEnabled=false, chrome={chromedriverVersion=2.29.461591 (62ebf098771772160f391d75e589dc567915b233), userDataDir=C:\Users\ARJUN~1.KAR\AppData\Local\Temp\scoped_dir68652_17187}, takesHeapSnapshot=true, pageLoadStrategy=normal, databaseEnabled=false, handlesAlerts=true, hasTouchScreen=false, version=59.0.3071.115, platform=XP, browserConnectionEnabled=false, nativeEvents=true, acceptSslCerts=true, locationContextEnabled=true, webStorageEnabled=true, browserName=chrome, takesScreenshot=true, javascriptEnabled=true, cssSelectorsEnabled=true, unexpectedAlertBehaviour=accept}]
Session ID: f2fd50ff84aea85f06c795b17fba5ac1
*** Element info: {Using=xpath, value=.//*[@id=&apos;addMessage_1857&apos;]/i}"
              >
<![CDATA[org.openqa.selenium.NoSuchElementException: no such element: Unable to locate element: {"method":"xpath","selector":".//*[@id='addMessage_1857']/i"}
  (Session info: chrome=59.0.3071.115)
  (Driver info: chromedriver=2.29.461591 (62ebf098771772160f391d75e589dc567915b233),platform=Windows NT 6.1.7601 SP1 x86_64) (WARNING: The server did not provide any stacktrace information)
Command duration or timeout: 10.02 seconds
For documentation on this error, please visit: http://seleniumhq.org/exceptions/no_such_element.html
Build info: version: '2.53.1', revision: 'a36b8b1', time: '2016-06-30 17:37:03'
System info: host: 'remote-wkstn3', ip: '10.16.1.107', os.name: 'Windows 7', os.arch: 'amd64', os.version: '6.1', java.version: '1.8.0_121'
Driver info: org.openqa.selenium.chrome.ChromeDriver
Capabilities [{applicationCacheEnabled=false, rotatable=false, mobileEmulationEnabled=false, networkConnectionEnabled=false, chrome={chromedriverVersion=2.29.461591 (62ebf098771772160f391d75e589dc567915b233), userDataDir=C:\Users\ARJUN~1.KAR\AppData\Local\Temp\scoped_dir68652_17187}, takesHeapSnapshot=true, pageLoadStrategy=normal, databaseEnabled=false, handlesAlerts=true, hasTouchScreen=false, version=59.0.3071.115, platform=XP, browserConnectionEnabled=false, nativeEvents=true, acceptSslCerts=true, locationContextEnabled=true, webStorageEnabled=true, browserName=chrome, takesScreenshot=true, javascriptEnabled=true, cssSelectorsEnabled=true, unexpectedAlertBehaviour=accept}]
Session ID: f2fd50ff84aea85f06c795b17fba5ac1
*** Element info: {Using=xpath, value=.//*[@id='addMessage_1857']/i}
  sun.reflect.GeneratedConstructorAccessor18.newInstance(Unknown Source)
  sun.reflect.DelegatingConstructorAccessorImpl.newInstance(DelegatingConstructorAccessorImpl.java:45)
  java.lang.reflect.Constructor.newInstance(Constructor.java:423)
  org.openqa.selenium.remote.ErrorHandler.createThrowable(ErrorHandler.java:206)
  org.openqa.selenium.remote.ErrorHandler.throwIfResponseFailed(ErrorHandler.java:158)
  org.openqa.selenium.remote.RemoteWebDriver.execute(RemoteWebDriver.java:678)
  org.openqa.selenium.remote.RemoteWebDriver.findElement(RemoteWebDriver.java:363)
  org.openqa.selenium.remote.RemoteWebDriver.findElementByXPath(RemoteWebDriver.java:500)
  org.openqa.selenium.By$ByXPath.findElement(By.java:361)
  org.openqa.selenium.remote.RemoteWebDriver.findElement(RemoteWebDriver.java:355)
  library.ComunicationsEditPage.addmessage(ComunicationsEditPage.java:428)
  library.CommunicationsEdit_Testcases.add_messagefrom_communication(CommunicationsEdit_Testcases.java:369)
  sun.reflect.NativeMethodAccessorImpl.invoke0(Native Method)
  sun.reflect.NativeMethodAccessorImpl.invoke(NativeMethodAccessorImpl.java:62)
  sun.reflect.DelegatingMethodAccessorImpl.invoke(DelegatingMethodAccessorImpl.java:43)
  java.lang.reflect.Method.invoke(Method.java:498)
  org.testng.internal.MethodInvocationHelper.invokeMethod(MethodInvocationHelper.java:104)
  org.testng.internal.Invoker.invokeMethod(Invoker.java:645)
  org.testng.internal.Invoker.invokeTestMethod(Invoker.java:851)
  org.testng.internal.Invoker.invokeTestMethods(Invoker.java:1177)
  org.testng.internal.TestMethodWorker.invokeTestMethods(TestMethodWorker.java:129)
  org.testng.internal.TestMethodWorker.run(TestMethodWorker.java:112)
  org.testng.TestRunner.privateRun(TestRunner.java:756)
  org.testng.TestRunner.run(TestRunner.java:610)
  org.testng.SuiteRunner.runTest(SuiteRunner.java:387)
  org.testng.SuiteRunner.access$000(SuiteRunner.java:39)
  org.testng.SuiteRunner$SuiteWorker.run(SuiteRunner.java:421)
  org.testng.internal.thread.ThreadUtil$2.call(ThreadUtil.java:64)
  java.util.concurrent.FutureTask.run(FutureTask.java:266)
  java.util.concurrent.ThreadPoolExecutor.runWorker(ThreadPoolExecutor.java:1142)
  java.util.concurrent.ThreadPoolExecutor$Worker.run(ThreadPoolExecutor.java:617)
  java.lang.Thread.run(Thread.java:745)
]]>
      </failure>

          </testcase>
            <testcase name="delete_messagefrom_communication" time="131.456" classname="library.CommunicationsEdit_Testcases">
                <failure type="org.openqa.selenium.NoSuchElementException"
                  message="no such element: Unable to locate element: {&quot;method&quot;:&quot;xpath&quot;,&quot;selector&quot;:&quot;.//*[@id=&apos;messageListItem_1_1857&apos;]/div[2]/div/div/div/a[3]/i&quot;}
  (Session info: chrome=59.0.3071.115)
  (Driver info: chromedriver=2.29.461591 (62ebf098771772160f391d75e589dc567915b233),platform=Windows NT 6.1.7601 SP1 x86_64) (WARNING: The server did not provide any stacktrace information)
Command duration or timeout: 10.35 seconds
For documentation on this error, please visit: http://seleniumhq.org/exceptions/no_such_element.html
Build info: version: &apos;2.53.1&apos;, revision: &apos;a36b8b1&apos;, time: &apos;2016-06-30 17:37:03&apos;
System info: host: &apos;remote-wkstn3&apos;, ip: &apos;10.16.1.107&apos;, os.name: &apos;Windows 7&apos;, os.arch: &apos;amd64&apos;, os.version: &apos;6.1&apos;, java.version: &apos;1.8.0_121&apos;
Driver info: org.openqa.selenium.chrome.ChromeDriver
Capabilities [{applicationCacheEnabled=false, rotatable=false, mobileEmulationEnabled=false, networkConnectionEnabled=false, chrome={chromedriverVersion=2.29.461591 (62ebf098771772160f391d75e589dc567915b233), userDataDir=C:\Users\ARJUN~1.KAR\AppData\Local\Temp\scoped_dir71188_8494}, takesHeapSnapshot=true, pageLoadStrategy=normal, databaseEnabled=false, handlesAlerts=true, hasTouchScreen=false, version=59.0.3071.115, platform=XP, browserConnectionEnabled=false, nativeEvents=true, acceptSslCerts=true, locationContextEnabled=true, webStorageEnabled=true, browserName=chrome, takesScreenshot=true, javascriptEnabled=true, cssSelectorsEnabled=true, unexpectedAlertBehaviour=accept}]
Session ID: 3e0972f7a20591f46ac2584c92a298dc
*** Element info: {Using=xpath, value=.//*[@id=&apos;messageListItem_1_1857&apos;]/div[2]/div/div/div/a[3]/i}"
              >
<![CDATA[org.openqa.selenium.NoSuchElementException: no such element: Unable to locate element: {"method":"xpath","selector":".//*[@id='messageListItem_1_1857']/div[2]/div/div/div/a[3]/i"}
  (Session info: chrome=59.0.3071.115)
  (Driver info: chromedriver=2.29.461591 (62ebf098771772160f391d75e589dc567915b233),platform=Windows NT 6.1.7601 SP1 x86_64) (WARNING: The server did not provide any stacktrace information)
Command duration or timeout: 10.35 seconds
For documentation on this error, please visit: http://seleniumhq.org/exceptions/no_such_element.html
Build info: version: '2.53.1', revision: 'a36b8b1', time: '2016-06-30 17:37:03'
System info: host: 'remote-wkstn3', ip: '10.16.1.107', os.name: 'Windows 7', os.arch: 'amd64', os.version: '6.1', java.version: '1.8.0_121'
Driver info: org.openqa.selenium.chrome.ChromeDriver
Capabilities [{applicationCacheEnabled=false, rotatable=false, mobileEmulationEnabled=false, networkConnectionEnabled=false, chrome={chromedriverVersion=2.29.461591 (62ebf098771772160f391d75e589dc567915b233), userDataDir=C:\Users\ARJUN~1.KAR\AppData\Local\Temp\scoped_dir71188_8494}, takesHeapSnapshot=true, pageLoadStrategy=normal, databaseEnabled=false, handlesAlerts=true, hasTouchScreen=false, version=59.0.3071.115, platform=XP, browserConnectionEnabled=false, nativeEvents=true, acceptSslCerts=true, locationContextEnabled=true, webStorageEnabled=true, browserName=chrome, takesScreenshot=true, javascriptEnabled=true, cssSelectorsEnabled=true, unexpectedAlertBehaviour=accept}]
Session ID: 3e0972f7a20591f46ac2584c92a298dc
*** Element info: {Using=xpath, value=.//*[@id='messageListItem_1_1857']/div[2]/div/div/div/a[3]/i}
  sun.reflect.GeneratedConstructorAccessor18.newInstance(Unknown Source)
  sun.reflect.DelegatingConstructorAccessorImpl.newInstance(DelegatingConstructorAccessorImpl.java:45)
  java.lang.reflect.Constructor.newInstance(Constructor.java:423)
  org.openqa.selenium.remote.ErrorHandler.createThrowable(ErrorHandler.java:206)
  org.openqa.selenium.remote.ErrorHandler.throwIfResponseFailed(ErrorHandler.java:158)
  org.openqa.selenium.remote.RemoteWebDriver.execute(RemoteWebDriver.java:678)
  org.openqa.selenium.remote.RemoteWebDriver.findElement(RemoteWebDriver.java:363)
  org.openqa.selenium.remote.RemoteWebDriver.findElementByXPath(RemoteWebDriver.java:500)
  org.openqa.selenium.By$ByXPath.findElement(By.java:361)
  org.openqa.selenium.remote.RemoteWebDriver.findElement(RemoteWebDriver.java:355)
  library.ComunicationsEditPage.deleteMessage(ComunicationsEditPage.java:445)
  library.CommunicationsEdit_Testcases.delete_messagefrom_communication(CommunicationsEdit_Testcases.java:382)
  sun.reflect.NativeMethodAccessorImpl.invoke0(Native Method)
  sun.reflect.NativeMethodAccessorImpl.invoke(NativeMethodAccessorImpl.java:62)
  sun.reflect.DelegatingMethodAccessorImpl.invoke(DelegatingMethodAccessorImpl.java:43)
  java.lang.reflect.Method.invoke(Method.java:498)
  org.testng.internal.MethodInvocationHelper.invokeMethod(MethodInvocationHelper.java:104)
  org.testng.internal.Invoker.invokeMethod(Invoker.java:645)
  org.testng.internal.Invoker.invokeTestMethod(Invoker.java:851)
  org.testng.internal.Invoker.invokeTestMethods(Invoker.java:1177)
  org.testng.internal.TestMethodWorker.invokeTestMethods(TestMethodWorker.java:129)
  org.testng.internal.TestMethodWorker.run(TestMethodWorker.java:112)
  org.testng.TestRunner.privateRun(TestRunner.java:756)
  org.testng.TestRunner.run(TestRunner.java:610)
  org.testng.SuiteRunner.runTest(SuiteRunner.java:387)
  org.testng.SuiteRunner.access$000(SuiteRunner.java:39)
  org.testng.SuiteRunner$SuiteWorker.run(SuiteRunner.java:421)
  org.testng.internal.thread.ThreadUtil$2.call(ThreadUtil.java:64)
  java.util.concurrent.FutureTask.run(FutureTask.java:266)
  java.util.concurrent.ThreadPoolExecutor.runWorker(ThreadPoolExecutor.java:1142)
  java.util.concurrent.ThreadPoolExecutor$Worker.run(ThreadPoolExecutor.java:617)
  java.lang.Thread.run(Thread.java:745)
]]>
      </failure>

          </testcase>
            <testcase name="edit_clone_message" time="29.678" classname="library.CommunicationsEdit_Testcases">
                <failure type="org.openqa.selenium.NoSuchElementException"
                  message="no such element: Unable to locate element: {&quot;method&quot;:&quot;xpath&quot;,&quot;selector&quot;:&quot;.//*[@id=&apos;datatable&apos;]/tbody/tr[1]/td[17]/div/div/a[2]/i&quot;}
  (Session info: chrome=59.0.3071.115)
  (Driver info: chromedriver=2.29.461591 (62ebf098771772160f391d75e589dc567915b233),platform=Windows NT 6.1.7601 SP1 x86_64) (WARNING: The server did not provide any stacktrace information)
Command duration or timeout: 10.03 seconds
For documentation on this error, please visit: http://seleniumhq.org/exceptions/no_such_element.html
Build info: version: &apos;2.53.1&apos;, revision: &apos;a36b8b1&apos;, time: &apos;2016-06-30 17:37:03&apos;
System info: host: &apos;remote-wkstn3&apos;, ip: &apos;10.16.1.107&apos;, os.name: &apos;Windows 7&apos;, os.arch: &apos;amd64&apos;, os.version: &apos;6.1&apos;, java.version: &apos;1.8.0_121&apos;
Driver info: org.openqa.selenium.chrome.ChromeDriver
Capabilities [{applicationCacheEnabled=false, rotatable=false, mobileEmulationEnabled=false, networkConnectionEnabled=false, chrome={chromedriverVersion=2.29.461591 (62ebf098771772160f391d75e589dc567915b233), userDataDir=C:\Users\ARJUN~1.KAR\AppData\Local\Temp\scoped_dir32256_9450}, takesHeapSnapshot=true, pageLoadStrategy=normal, databaseEnabled=false, handlesAlerts=true, hasTouchScreen=false, version=59.0.3071.115, platform=XP, browserConnectionEnabled=false, nativeEvents=true, acceptSslCerts=true, locationContextEnabled=true, webStorageEnabled=true, browserName=chrome, takesScreenshot=true, javascriptEnabled=true, cssSelectorsEnabled=true, unexpectedAlertBehaviour=accept}]
Session ID: c2302f403841fcec09445de968f4bc2c
*** Element info: {Using=xpath, value=.//*[@id=&apos;datatable&apos;]/tbody/tr[1]/td[17]/div/div/a[2]/i}"
              >
<![CDATA[org.openqa.selenium.NoSuchElementException: no such element: Unable to locate element: {"method":"xpath","selector":".//*[@id='datatable']/tbody/tr[1]/td[17]/div/div/a[2]/i"}
  (Session info: chrome=59.0.3071.115)
  (Driver info: chromedriver=2.29.461591 (62ebf098771772160f391d75e589dc567915b233),platform=Windows NT 6.1.7601 SP1 x86_64) (WARNING: The server did not provide any stacktrace information)
Command duration or timeout: 10.03 seconds
For documentation on this error, please visit: http://seleniumhq.org/exceptions/no_such_element.html
Build info: version: '2.53.1', revision: 'a36b8b1', time: '2016-06-30 17:37:03'
System info: host: 'remote-wkstn3', ip: '10.16.1.107', os.name: 'Windows 7', os.arch: 'amd64', os.version: '6.1', java.version: '1.8.0_121'
Driver info: org.openqa.selenium.chrome.ChromeDriver
Capabilities [{applicationCacheEnabled=false, rotatable=false, mobileEmulationEnabled=false, networkConnectionEnabled=false, chrome={chromedriverVersion=2.29.461591 (62ebf098771772160f391d75e589dc567915b233), userDataDir=C:\Users\ARJUN~1.KAR\AppData\Local\Temp\scoped_dir32256_9450}, takesHeapSnapshot=true, pageLoadStrategy=normal, databaseEnabled=false, handlesAlerts=true, hasTouchScreen=false, version=59.0.3071.115, platform=XP, browserConnectionEnabled=false, nativeEvents=true, acceptSslCerts=true, locationContextEnabled=true, webStorageEnabled=true, browserName=chrome, takesScreenshot=true, javascriptEnabled=true, cssSelectorsEnabled=true, unexpectedAlertBehaviour=accept}]
Session ID: c2302f403841fcec09445de968f4bc2c
*** Element info: {Using=xpath, value=.//*[@id='datatable']/tbody/tr[1]/td[17]/div/div/a[2]/i}
  sun.reflect.GeneratedConstructorAccessor18.newInstance(Unknown Source)
  sun.reflect.DelegatingConstructorAccessorImpl.newInstance(DelegatingConstructorAccessorImpl.java:45)
  java.lang.reflect.Constructor.newInstance(Constructor.java:423)
  org.openqa.selenium.remote.ErrorHandler.createThrowable(ErrorHandler.java:206)
  org.openqa.selenium.remote.ErrorHandler.throwIfResponseFailed(ErrorHandler.java:158)
  org.openqa.selenium.remote.RemoteWebDriver.execute(RemoteWebDriver.java:678)
  org.openqa.selenium.remote.RemoteWebDriver.findElement(RemoteWebDriver.java:363)
  org.openqa.selenium.remote.RemoteWebDriver.findElementByXPath(RemoteWebDriver.java:500)
  org.openqa.selenium.By$ByXPath.findElement(By.java:361)
  org.openqa.selenium.remote.RemoteWebDriver.findElement(RemoteWebDriver.java:355)
  library.CommunicationsPage.editCommunications(CommunicationsPage.java:123)
  library.CommunicationsEdit_Testcases.edit_clone_message(CommunicationsEdit_Testcases.java:461)
  sun.reflect.NativeMethodAccessorImpl.invoke0(Native Method)
  sun.reflect.NativeMethodAccessorImpl.invoke(NativeMethodAccessorImpl.java:62)
  sun.reflect.DelegatingMethodAccessorImpl.invoke(DelegatingMethodAccessorImpl.java:43)
  java.lang.reflect.Method.invoke(Method.java:498)
  org.testng.internal.MethodInvocationHelper.invokeMethod(MethodInvocationHelper.java:104)
  org.testng.internal.Invoker.invokeMethod(Invoker.java:645)
  org.testng.internal.Invoker.invokeTestMethod(Invoker.java:851)
  org.testng.internal.Invoker.invokeTestMethods(Invoker.java:1177)
  org.testng.internal.TestMethodWorker.invokeTestMethods(TestMethodWorker.java:129)
  org.testng.internal.TestMethodWorker.run(TestMethodWorker.java:112)
  org.testng.TestRunner.privateRun(TestRunner.java:756)
  org.testng.TestRunner.run(TestRunner.java:610)
  org.testng.SuiteRunner.runTest(SuiteRunner.java:387)
  org.testng.SuiteRunner.access$000(SuiteRunner.java:39)
  org.testng.SuiteRunner$SuiteWorker.run(SuiteRunner.java:421)
  org.testng.internal.thread.ThreadUtil$2.call(ThreadUtil.java:64)
  java.util.concurrent.FutureTask.run(FutureTask.java:266)
  java.util.concurrent.ThreadPoolExecutor.runWorker(ThreadPoolExecutor.java:1142)
  java.util.concurrent.ThreadPoolExecutor$Worker.run(ThreadPoolExecutor.java:617)
  java.lang.Thread.run(Thread.java:745)
]]>
      </failure>

          </testcase>
            <testcase name="Verify_access_EHIAE" time="39.968" classname="library.CommunicationsEdit_Testcases">
                <failure type="org.openqa.selenium.NoSuchElementException"
                  message="no such element: Unable to locate element: {&quot;method&quot;:&quot;xpath&quot;,&quot;selector&quot;:&quot;.//*[@id=&apos;Row1ThumbDiv&apos;]/div/div[2]/div[3]/div/a[3]&quot;}
  (Session info: chrome=59.0.3071.115)
  (Driver info: chromedriver=2.29.461591 (62ebf098771772160f391d75e589dc567915b233),platform=Windows NT 6.1.7601 SP1 x86_64) (WARNING: The server did not provide any stacktrace information)
Command duration or timeout: 10.04 seconds
For documentation on this error, please visit: http://seleniumhq.org/exceptions/no_such_element.html
Build info: version: &apos;2.53.1&apos;, revision: &apos;a36b8b1&apos;, time: &apos;2016-06-30 17:37:03&apos;
System info: host: &apos;remote-wkstn3&apos;, ip: &apos;10.16.1.107&apos;, os.name: &apos;Windows 7&apos;, os.arch: &apos;amd64&apos;, os.version: &apos;6.1&apos;, java.version: &apos;1.8.0_121&apos;
Driver info: org.openqa.selenium.chrome.ChromeDriver
Capabilities [{applicationCacheEnabled=false, rotatable=false, mobileEmulationEnabled=false, networkConnectionEnabled=false, chrome={chromedriverVersion=2.29.461591 (62ebf098771772160f391d75e589dc567915b233), userDataDir=C:\Users\ARJUN~1.KAR\AppData\Local\Temp\scoped_dir65968_12281}, takesHeapSnapshot=true, pageLoadStrategy=normal, databaseEnabled=false, handlesAlerts=true, hasTouchScreen=false, version=59.0.3071.115, platform=XP, browserConnectionEnabled=false, nativeEvents=true, acceptSslCerts=true, locationContextEnabled=true, webStorageEnabled=true, browserName=chrome, takesScreenshot=true, javascriptEnabled=true, cssSelectorsEnabled=true, unexpectedAlertBehaviour=accept}]
Session ID: 516d7ce8b5fb172c4188daf9682d4dfe
*** Element info: {Using=xpath, value=.//*[@id=&apos;Row1ThumbDiv&apos;]/div/div[2]/div[3]/div/a[3]}"
              >
<![CDATA[org.openqa.selenium.NoSuchElementException: no such element: Unable to locate element: {"method":"xpath","selector":".//*[@id='Row1ThumbDiv']/div/div[2]/div[3]/div/a[3]"}
  (Session info: chrome=59.0.3071.115)
  (Driver info: chromedriver=2.29.461591 (62ebf098771772160f391d75e589dc567915b233),platform=Windows NT 6.1.7601 SP1 x86_64) (WARNING: The server did not provide any stacktrace information)
Command duration or timeout: 10.04 seconds
For documentation on this error, please visit: http://seleniumhq.org/exceptions/no_such_element.html
Build info: version: '2.53.1', revision: 'a36b8b1', time: '2016-06-30 17:37:03'
System info: host: 'remote-wkstn3', ip: '10.16.1.107', os.name: 'Windows 7', os.arch: 'amd64', os.version: '6.1', java.version: '1.8.0_121'
Driver info: org.openqa.selenium.chrome.ChromeDriver
Capabilities [{applicationCacheEnabled=false, rotatable=false, mobileEmulationEnabled=false, networkConnectionEnabled=false, chrome={chromedriverVersion=2.29.461591 (62ebf098771772160f391d75e589dc567915b233), userDataDir=C:\Users\ARJUN~1.KAR\AppData\Local\Temp\scoped_dir65968_12281}, takesHeapSnapshot=true, pageLoadStrategy=normal, databaseEnabled=false, handlesAlerts=true, hasTouchScreen=false, version=59.0.3071.115, platform=XP, browserConnectionEnabled=false, nativeEvents=true, acceptSslCerts=true, locationContextEnabled=true, webStorageEnabled=true, browserName=chrome, takesScreenshot=true, javascriptEnabled=true, cssSelectorsEnabled=true, unexpectedAlertBehaviour=accept}]
Session ID: 516d7ce8b5fb172c4188daf9682d4dfe
*** Element info: {Using=xpath, value=.//*[@id='Row1ThumbDiv']/div/div[2]/div[3]/div/a[3]}
  sun.reflect.GeneratedConstructorAccessor18.newInstance(Unknown Source)
  sun.reflect.DelegatingConstructorAccessorImpl.newInstance(DelegatingConstructorAccessorImpl.java:45)
  java.lang.reflect.Constructor.newInstance(Constructor.java:423)
  org.openqa.selenium.remote.ErrorHandler.createThrowable(ErrorHandler.java:206)
  org.openqa.selenium.remote.ErrorHandler.throwIfResponseFailed(ErrorHandler.java:158)
  org.openqa.selenium.remote.RemoteWebDriver.execute(RemoteWebDriver.java:678)
  org.openqa.selenium.remote.RemoteWebDriver.findElement(RemoteWebDriver.java:363)
  org.openqa.selenium.remote.RemoteWebDriver.findElementByXPath(RemoteWebDriver.java:500)
  org.openqa.selenium.By$ByXPath.findElement(By.java:361)
  org.openqa.selenium.remote.RemoteWebDriver.findElement(RemoteWebDriver.java:355)
  library.CommunicationsPreviewPage.verifyaccess(CommunicationsPreviewPage.java:18)
  library.CommunicationsEdit_Testcases.Verify_access_EHIAE(CommunicationsEdit_Testcases.java:267)
  sun.reflect.NativeMethodAccessorImpl.invoke0(Native Method)
  sun.reflect.NativeMethodAccessorImpl.invoke(NativeMethodAccessorImpl.java:62)
  sun.reflect.DelegatingMethodAccessorImpl.invoke(DelegatingMethodAccessorImpl.java:43)
  java.lang.reflect.Method.invoke(Method.java:498)
  org.testng.internal.MethodInvocationHelper.invokeMethod(MethodInvocationHelper.java:104)
  org.testng.internal.Invoker.invokeMethod(Invoker.java:645)
  org.testng.internal.Invoker.invokeTestMethod(Invoker.java:851)
  org.testng.internal.Invoker.invokeTestMethods(Invoker.java:1177)
  org.testng.internal.TestMethodWorker.invokeTestMethods(TestMethodWorker.java:129)
  org.testng.internal.TestMethodWorker.run(TestMethodWorker.java:112)
  org.testng.TestRunner.privateRun(TestRunner.java:756)
  org.testng.TestRunner.run(TestRunner.java:610)
  org.testng.SuiteRunner.runTest(SuiteRunner.java:387)
  org.testng.SuiteRunner.access$000(SuiteRunner.java:39)
  org.testng.SuiteRunner$SuiteWorker.run(SuiteRunner.java:421)
  org.testng.internal.thread.ThreadUtil$2.call(ThreadUtil.java:64)
  java.util.concurrent.FutureTask.run(FutureTask.java:266)
  java.util.concurrent.ThreadPoolExecutor.runWorker(ThreadPoolExecutor.java:1142)
  java.util.concurrent.ThreadPoolExecutor$Worker.run(ThreadPoolExecutor.java:617)
  java.lang.Thread.run(Thread.java:745)
]]>
      </failure>

          </testcase>
  
  
            <testcase name="update_communcation_brands" time="226.857" classname="library.CommunicationsEdit_Testcases" />
                <testcase name="update_track_clientname_to_previous_client" time="14.061" classname="library.CommunicationsEdit_Testcases" />
                <testcase name="activate_communication" time="95.985" classname="library.CommunicationsEdit_Testcases" />
                <testcase name="update_track_workflow_to_draft" time="101.068" classname="library.CommunicationsEdit_Testcases" />
                <testcase name="update_communication_tracks_to_previous" time="182.852" classname="library.CommunicationsEdit_Testcases" />
                <testcase name="uncheck_publishCommunications" time="102.941" classname="library.CommunicationsEdit_Testcases" />
                <testcase name="update_communication_name_to_previous_name" time="115.536" classname="library.CommunicationsEdit_Testcases" />
                <testcase name="update_communication_client_field" time="71.011" classname="library.CommunicationsEdit_Testcases" />
                <testcase name="comm_massadvance_workflow" time="110.247" classname="library.CommunicationsEdit_Testcases" />
                <testcase name="update_communication_tracks" time="146.887" classname="library.CommunicationsEdit_Testcases" />
                <testcase name="archive_communication" time="20.722" classname="library.CommunicationsEdit_Testcases" />
                <testcase name="clear_all_messagaes_from_comm" time="40.954" classname="library.CommunicationsEdit_Testcases" />
                <testcase name="archive_clone_communication" time="21.835" classname="library.CommunicationsEdit_Testcases" />
                <testcase name="update_description_to_previous" time="45.985" classname="library.CommunicationsEdit_Testcases" />
                <testcase name="restore_communication" time="30.009" classname="library.CommunicationsEdit_Testcases" />
                <testcase name="all_messages_to_all_regions" time="39.810" classname="library.CommunicationsEdit_Testcases" />
                <testcase name="update_communication_segment_groups" time="71.602" classname="library.CommunicationsEdit_Testcases" />
                <testcase name="clienttesting_to_internaltesting" time="31.682" classname="library.CommunicationsEdit_Testcases" />
                <testcase name="clone_communication" time="30.730" classname="library.CommunicationsEdit_Testcases" />
                <testcase name="update_communication_name" time="128.632" classname="library.CommunicationsEdit_Testcases" />
                <testcase name="inactivate_communication" time="94.953" classname="library.CommunicationsEdit_Testcases" />
                <testcase name="update_communication_workflow_to_approved" time="98.281" classname="library.CommunicationsEdit_Testcases" />
                <testcase name="updatecomm_massadvance_workflow" time="105.236" classname="library.CommunicationsEdit_Testcases" />
                <testcase name="update_communication_programs_to_previous" time="138.830" classname="library.CommunicationsEdit_Testcases" />
                <testcase name="update_description" time="45.741" classname="library.CommunicationsEdit_Testcases" />
                <testcase name="update_communcation_brands_to_previous" time="177.328" classname="library.CommunicationsEdit_Testcases" />
      
</testsuite>
