<?xml version="1.0" encoding="UTF-8"?>
<testsuite name="COMMUNICATIONS TESTCASES"
           tests="2"
           failures="1"
           errors="0"
           skipped="0"
           time="57.010">
  <properties />
            <testcase name="publish_Communication" time="31.504" classname="library.CommunicationsPublish_Testcases">
                <failure type="org.openqa.selenium.WebDriverException"
                  message="unknown error: Element &lt;a id=&quot;publish-button&quot; class=&quot;btn blue&quot; disabled=&quot;disabled&quot;&gt;...&lt;/a&gt; is not clickable at point (316, 567). Other element would receive the click: &lt;div id=&quot;select2-drop-mask&quot; class=&quot;select2-drop-mask&quot; style=&quot;&quot;&gt;&lt;/div&gt;
  (Session info: chrome=59.0.3071.115)
  (Driver info: chromedriver=2.29.461591 (62ebf098771772160f391d75e589dc567915b233),platform=Windows NT 6.1.7601 SP1 x86_64) (WARNING: The server did not provide any stacktrace information)
Command duration or timeout: 83 milliseconds
Build info: version: &apos;2.53.1&apos;, revision: &apos;a36b8b1&apos;, time: &apos;2016-06-30 17:37:03&apos;
System info: host: &apos;remote-wkstn3&apos;, ip: &apos;10.16.1.107&apos;, os.name: &apos;Windows 7&apos;, os.arch: &apos;amd64&apos;, os.version: &apos;6.1&apos;, java.version: &apos;1.8.0_121&apos;
Driver info: org.openqa.selenium.chrome.ChromeDriver
Capabilities [{applicationCacheEnabled=false, rotatable=false, mobileEmulationEnabled=false, networkConnectionEnabled=false, chrome={chromedriverVersion=2.29.461591 (62ebf098771772160f391d75e589dc567915b233), userDataDir=C:\Users\ARJUN~1.KAR\AppData\Local\Temp\scoped_dir24476_20262}, takesHeapSnapshot=true, pageLoadStrategy=normal, databaseEnabled=false, handlesAlerts=true, hasTouchScreen=false, version=59.0.3071.115, platform=XP, browserConnectionEnabled=false, nativeEvents=true, acceptSslCerts=true, locationContextEnabled=true, webStorageEnabled=true, browserName=chrome, takesScreenshot=true, javascriptEnabled=true, cssSelectorsEnabled=true, unexpectedAlertBehaviour=accept}]
Session ID: b87538d0802780f13032b23e32c0a1bf"
              >
<![CDATA[org.openqa.selenium.WebDriverException: unknown error: Element <a id="publish-button" class="btn blue" disabled="disabled">...</a> is not clickable at point (316, 567). Other element would receive the click: <div id="select2-drop-mask" class="select2-drop-mask" style=""></div>
  (Session info: chrome=59.0.3071.115)
  (Driver info: chromedriver=2.29.461591 (62ebf098771772160f391d75e589dc567915b233),platform=Windows NT 6.1.7601 SP1 x86_64) (WARNING: The server did not provide any stacktrace information)
Command duration or timeout: 83 milliseconds
Build info: version: '2.53.1', revision: 'a36b8b1', time: '2016-06-30 17:37:03'
System info: host: 'remote-wkstn3', ip: '10.16.1.107', os.name: 'Windows 7', os.arch: 'amd64', os.version: '6.1', java.version: '1.8.0_121'
Driver info: org.openqa.selenium.chrome.ChromeDriver
Capabilities [{applicationCacheEnabled=false, rotatable=false, mobileEmulationEnabled=false, networkConnectionEnabled=false, chrome={chromedriverVersion=2.29.461591 (62ebf098771772160f391d75e589dc567915b233), userDataDir=C:\Users\ARJUN~1.KAR\AppData\Local\Temp\scoped_dir24476_20262}, takesHeapSnapshot=true, pageLoadStrategy=normal, databaseEnabled=false, handlesAlerts=true, hasTouchScreen=false, version=59.0.3071.115, platform=XP, browserConnectionEnabled=false, nativeEvents=true, acceptSslCerts=true, locationContextEnabled=true, webStorageEnabled=true, browserName=chrome, takesScreenshot=true, javascriptEnabled=true, cssSelectorsEnabled=true, unexpectedAlertBehaviour=accept}]
Session ID: b87538d0802780f13032b23e32c0a1bf
  sun.reflect.NativeConstructorAccessorImpl.newInstance0(Native Method)
  sun.reflect.NativeConstructorAccessorImpl.newInstance(NativeConstructorAccessorImpl.java:62)
  sun.reflect.DelegatingConstructorAccessorImpl.newInstance(DelegatingConstructorAccessorImpl.java:45)
  java.lang.reflect.Constructor.newInstance(Constructor.java:423)
  org.openqa.selenium.remote.ErrorHandler.createThrowable(ErrorHandler.java:206)
  org.openqa.selenium.remote.ErrorHandler.throwIfResponseFailed(ErrorHandler.java:158)
  org.openqa.selenium.remote.RemoteWebDriver.execute(RemoteWebDriver.java:678)
  org.openqa.selenium.remote.RemoteWebElement.execute(RemoteWebElement.java:327)
  org.openqa.selenium.remote.RemoteWebElement.click(RemoteWebElement.java:85)
  library.CommunicationsPublishPage.clickPublishButton(CommunicationsPublishPage.java:40)
  library.CommunicationsPublishPage.clickPublishButton(CommunicationsPublishPage.java:1)
  library.CommunicationsPublish_Testcases.publish_Communication(CommunicationsPublish_Testcases.java:19)
  sun.reflect.NativeMethodAccessorImpl.invoke0(Native Method)
  sun.reflect.NativeMethodAccessorImpl.invoke(NativeMethodAccessorImpl.java:62)
  sun.reflect.DelegatingMethodAccessorImpl.invoke(DelegatingMethodAccessorImpl.java:43)
  java.lang.reflect.Method.invoke(Method.java:498)
  org.testng.internal.MethodInvocationHelper.invokeMethod(MethodInvocationHelper.java:104)
  org.testng.internal.Invoker.invokeMethod(Invoker.java:645)
  org.testng.internal.Invoker.invokeTestMethod(Invoker.java:851)
  org.testng.internal.Invoker.invokeTestMethods(Invoker.java:1177)
  org.testng.internal.TestMethodWorker.invokeTestMethods(TestMethodWorker.java:129)
  org.testng.internal.TestMethodWorker.run(TestMethodWorker.java:112)
  org.testng.TestRunner.privateRun(TestRunner.java:756)
  org.testng.TestRunner.run(TestRunner.java:610)
  org.testng.SuiteRunner.runTest(SuiteRunner.java:387)
  org.testng.SuiteRunner.access$000(SuiteRunner.java:39)
  org.testng.SuiteRunner$SuiteWorker.run(SuiteRunner.java:421)
  org.testng.internal.thread.ThreadUtil$2.call(ThreadUtil.java:64)
  java.util.concurrent.FutureTask.run(FutureTask.java:266)
  java.util.concurrent.ThreadPoolExecutor.runWorker(ThreadPoolExecutor.java:1142)
  java.util.concurrent.ThreadPoolExecutor$Worker.run(ThreadPoolExecutor.java:617)
  java.lang.Thread.run(Thread.java:745)
]]>
      </failure>

          </testcase>
  
  
            <testcase name="cancel_publish_communicaton" time="25.506" classname="library.CommunicationsPublish_Testcases" />
      
</testsuite>
