<?xml version="1.0" encoding="UTF-8"?>
<testsuite name="TRACKS TESTCASES"
           tests="15"
           failures="0"
           errors="0"
           skipped="0"
           time="533.055">
  <properties />
  
  
            <testcase name="update_track_workflow_to_approved" time="28.886" classname="library.TracksEdit_Testcases" />
                <testcase name="update_track_name_to_previous_name" time="39.961" classname="library.TracksEdit_Testcases" />
                <testcase name="activate_track" time="38.959" classname="library.TracksEdit_Testcases" />
                <testcase name="update_track_name_by_EHI_AE" time="14.717" classname="library.TracksEdit_Testcases" />
                <testcase name="update_track_workflow_to_draft" time="28.912" classname="library.TracksEdit_Testcases" />
                <testcase name="update_track_series_to_previous" time="43.455" classname="library.TracksEdit_Testcases" />
                <testcase name="update_tracks_programs_to_previous" time="44.244" classname="library.TracksEdit_Testcases" />
                <testcase name="update_track_brands_to_previous" time="45.128" classname="library.TracksEdit_Testcases" />
                <testcase name="update_tracks_programs" time="41.700" classname="library.TracksEdit_Testcases" />
                <testcase name="restore_track" time="29.040" classname="library.TracksEdit_Testcases" />
                <testcase name="update_track_name" time="40.408" classname="library.TracksEdit_Testcases" />
                <testcase name="update_track_client_field" time="37.771" classname="library.TracksEdit_Testcases" />
                <testcase name="update_track_series" time="40.662" classname="library.TracksEdit_Testcases" />
                <testcase name="update_track_brands" time="40.991" classname="library.TracksEdit_Testcases" />
                <testcase name="archive_track" time="18.221" classname="library.TracksEdit_Testcases" />
      
</testsuite>
