<?xml version="1.0" encoding="UTF-8"?>
<testsuite name="SYSTEM CONFIGURATION TESTCASES"
           tests="7"
           failures="0"
           errors="0"
           skipped="0"
           time="133.432">
  <properties />
  
  
            <testcase name="disable_automatic_publishing" time="19.144" classname="login.System_configuration_testcases" />
                <testcase name="disable_live_publishing" time="19.902" classname="login.System_configuration_testcases" />
                <testcase name="enable_live_publishing" time="18.400" classname="login.System_configuration_testcases" />
                <testcase name="disable_live_and_automatic_publishing_" time="19.498" classname="login.System_configuration_testcases" />
                <testcase name="enable_live_and_automatic_publishing_" time="21.463" classname="login.System_configuration_testcases" />
                <testcase name="enable_automatic_publishing" time="20.174" classname="login.System_configuration_testcases" />
                <testcase name="click_cancel_in_sys_configuration_page" time="14.851" classname="login.System_configuration_testcases" />
      
</testsuite>
