<?xml version="1.0" encoding="UTF-8"?>
<testsuite name="LOGIN TESTCASES"
           tests="6"
           failures="0"
           errors="0"
           skipped="0"
           time="35.811">
  <properties />
  
  
            <testcase name="login_with_valid_username_and_valid_password" time="10.141" classname="login.Login_testcases" />
                <testcase name="login_with_invalid_username" time="5.228" classname="login.Login_testcases" />
                <testcase name="login_with_empty_password" time="5.206" classname="login.Login_testcases" />
                <testcase name="login_with_empty_username_password" time="4.972" classname="login.Login_testcases" />
                <testcase name="login_with_empty_username" time="4.977" classname="login.Login_testcases" />
                <testcase name="login_with_invalid_password" time="5.287" classname="login.Login_testcases" />
      
</testsuite>
