<?xml version="1.0" encoding="UTF-8"?>
<testsuite name="CLIENTS TESTCASES"
           tests="8"
           failures="0"
           errors="0"
           skipped="0"
           time="280.529">
  <properties />
  
  
            <testcase name="create_a_new_client_witout_a_url" time="41.386" classname="manage.Clients_Testcases" />
                <testcase name="create_a_new_client" time="58.396" classname="manage.Clients_Testcases" />
                <testcase name="create_a_new_client_witout_a_default_locales" time="37.329" classname="manage.Clients_Testcases" />
                <testcase name="create_a_new_client_without_name" time="39.926" classname="manage.Clients_Testcases" />
                <testcase name="create_a_new_client_witout_locales" time="35.720" classname="manage.Clients_Testcases" />
                <testcase name="cancel_client_add_process" time="24.135" classname="manage.Clients_Testcases" />
                <testcase name="create_a_new_client_without_color" time="41.426" classname="manage.Clients_Testcases" />
                <testcase name="delete_client_from_db" time="2.211" classname="manage.Clients_Testcases" />
      
</testsuite>
