<?xml version="1.0" encoding="UTF-8"?>
<testsuite name="CONNECTORS TESTCASES"
           tests="20"
           failures="0"
           errors="0"
           skipped="0"
           time="424.625">
  <properties />
  
  
            <testcase name="test_is_empty_1" time="13.008" classname="settings.ConnectorsEdit_testcases" />
                <testcase name="acativate_connector" time="28.981" classname="settings.ConnectorsEdit_testcases" />
                <testcase name="update_connector_name_to_previous" time="24.920" classname="settings.ConnectorsEdit_testcases" />
                <testcase name="validate_program_add" time="13.896" classname="settings.ConnectorsEdit_testcases" />
                <testcase name="test_is_empty_7" time="13.718" classname="settings.ConnectorsEdit_testcases" />
                <testcase name="validate_name_update" time="19.044" classname="settings.ConnectorsEdit_testcases" />
                <testcase name="test_is_empty_6" time="12.832" classname="settings.ConnectorsEdit_testcases" />
                <testcase name="delete_entry_in_brand_field" time="24.374" classname="settings.ConnectorsEdit_testcases" />
                <testcase name="update_connector_name" time="26.363" classname="settings.ConnectorsEdit_testcases" />
                <testcase name="update_client_to_previous" time="35.417" classname="settings.ConnectorsEdit_testcases" />
                <testcase name="add_brands" time="34.302" classname="settings.ConnectorsEdit_testcases" />
                <testcase name="inacativate_connector" time="28.447" classname="settings.ConnectorsEdit_testcases" />
                <testcase name="test_is_empty" time="13.859" classname="settings.ConnectorsEdit_testcases" />
                <testcase name="update_client" time="33.132" classname="settings.ConnectorsEdit_testcases" />
                <testcase name="test_is_empty_5" time="14.024" classname="settings.ConnectorsEdit_testcases" />
                <testcase name="test_is_empty_2" time="12.084" classname="settings.ConnectorsEdit_testcases" />
                <testcase name="add_programs" time="28.452" classname="settings.ConnectorsEdit_testcases" />
                <testcase name="test_is_empty_3" time="14.055" classname="settings.ConnectorsEdit_testcases" />
                <testcase name="validate_name_update_to_previous" time="20.149" classname="settings.ConnectorsEdit_testcases" />
                <testcase name="test_is_empty_4" time="13.568" classname="settings.ConnectorsEdit_testcases" />
      
</testsuite>
