<?xml version="1.0" encoding="UTF-8"?>
<testsuite name="CONNECTORS TESTCASES"
           tests="20"
           failures="0"
           errors="0"
           skipped="0"
           time="398.286">
  <properties />
  
  
            <testcase name="delete_entry_in_brand_field" time="24.755" classname="settings.ConnectorsEdit_testcases" />
                <testcase name="acativate_connector" time="27.833" classname="settings.ConnectorsEdit_testcases" />
                <testcase name="test_is_empty_3" time="12.502" classname="settings.ConnectorsEdit_testcases" />
                <testcase name="test_is_empty" time="12.773" classname="settings.ConnectorsEdit_testcases" />
                <testcase name="update_connector_name" time="25.611" classname="settings.ConnectorsEdit_testcases" />
                <testcase name="test_is_empty_5" time="12.286" classname="settings.ConnectorsEdit_testcases" />
                <testcase name="add_brands" time="33.373" classname="settings.ConnectorsEdit_testcases" />
                <testcase name="test_is_empty_7" time="12.119" classname="settings.ConnectorsEdit_testcases" />
                <testcase name="update_client_to_previous" time="28.806" classname="settings.ConnectorsEdit_testcases" />
                <testcase name="test_is_empty_1" time="12.565" classname="settings.ConnectorsEdit_testcases" />
                <testcase name="validate_name_update" time="19.218" classname="settings.ConnectorsEdit_testcases" />
                <testcase name="test_is_empty_4" time="12.162" classname="settings.ConnectorsEdit_testcases" />
                <testcase name="update_client" time="28.249" classname="settings.ConnectorsEdit_testcases" />
                <testcase name="add_programs" time="27.622" classname="settings.ConnectorsEdit_testcases" />
                <testcase name="update_connector_name_to_previous" time="25.078" classname="settings.ConnectorsEdit_testcases" />
                <testcase name="validate_name_update_to_previous" time="19.160" classname="settings.ConnectorsEdit_testcases" />
                <testcase name="validate_program_add" time="12.401" classname="settings.ConnectorsEdit_testcases" />
                <testcase name="test_is_empty_6" time="12.343" classname="settings.ConnectorsEdit_testcases" />
                <testcase name="inacativate_connector" time="27.467" classname="settings.ConnectorsEdit_testcases" />
                <testcase name="test_is_empty_2" time="11.963" classname="settings.ConnectorsEdit_testcases" />
      
</testsuite>
