# JRE version: Java(TM) SE Runtime Environment (8.0_121-b13) (build 1.8.0_121-b13)
# Java VM: Java HotSpot(TM) 64-Bit Server VM (25.121-b13 mixed mode windows-amd64 compressed oops)
Heap:
 PSYoungGen      total 46592K, used 19991K [0x00000000eab00000, 0x00000000ee100000, 0x0000000100000000)
  eden space 40960K, 43% used [0x00000000eab00000,0x00000000ebc75b98,0x00000000ed300000)
  from space 5632K, 37% used [0x00000000edb80000,0x00000000edd90150,0x00000000ee100000)
  to   space 7168K, 0% used [0x00000000ed300000,0x00000000ed300000,0x00000000eda00000)
 ParOldGen       total 41984K, used 22388K [0x00000000c0000000, 0x00000000c2900000, 0x00000000eab00000)
  object space 41984K, 53% used [0x00000000c0000000,0x00000000c15dd218,0x00000000c2900000)
 Metaspace       used 21833K, capacity 22082K, committed 22448K, reserved 1069056K
  class space    used 2402K, capacity 2499K, committed 2560K, reserved 1048576K
GC Heap History (10 events):
Event: 7181.259 GC heap before
{Heap before GC invocations=17 (full 0):
 PSYoungGen      total 52224K, used 47648K [0x00000000eab00000, 0x00000000ee780000, 0x0000000100000000)
  eden space 46592K, 100% used [0x00000000eab00000,0x00000000ed880000,0x00000000ed880000)
  from space 5632K, 18% used [0x00000000ee200000,0x00000000ee308040,0x00000000ee780000)
  to   space 7680K, 0% used [0x00000000ed880000,0x00000000ed880000,0x00000000ee000000)
 ParOldGen       total 44032K, used 22468K [0x00000000c0000000, 0x00000000c2b00000, 0x00000000eab00000)
  object space 44032K, 51% used [0x00000000c0000000,0x00000000c15f13a0,0x00000000c2b00000)
 Metaspace       used 20155K, capacity 20392K, committed 20608K, reserved 1067008K
  class space    used 2265K, capacity 2370K, committed 2432K, reserved 1048576K
Event: 7181.277 GC heap after
Heap after GC invocations=17 (full 0):
 PSYoungGen      total 46080K, used 928K [0x00000000eab00000, 0x00000000ee600000, 0x0000000100000000)
  eden space 45056K, 0% used [0x00000000eab00000,0x00000000eab00000,0x00000000ed700000)
  from space 1024K, 90% used [0x00000000ed880000,0x00000000ed968040,0x00000000ed980000)
  to   space 7680K, 0% used [0x00000000ede80000,0x00000000ede80000,0x00000000ee600000)
 ParOldGen       total 44032K, used 22765K [0x00000000c0000000, 0x00000000c2b00000, 0x00000000eab00000)
  object space 44032K, 51% used [0x00000000c0000000,0x00000000c163b460,0x00000000c2b00000)
 Metaspace       used 20155K, capacity 20392K, committed 20608K, reserved 1067008K
  class space    used 2265K, capacity 2370K, committed 2432K, reserved 1048576K
}
Event: 7277.180 GC heap before
{Heap before GC invocations=18 (full 0):
 PSYoungGen      total 46080K, used 18178K [0x00000000eab00000, 0x00000000ee600000, 0x0000000100000000)
  eden space 45056K, 38% used [0x00000000eab00000,0x00000000ebbd8a00,0x00000000ed700000)
  from space 1024K, 90% used [0x00000000ed880000,0x00000000ed968040,0x00000000ed980000)
  to   space 7680K, 0% used [0x00000000ede80000,0x00000000ede80000,0x00000000ee600000)
 ParOldGen       total 44032K, used 22765K [0x00000000c0000000, 0x00000000c2b00000, 0x00000000eab00000)
  object space 44032K, 51% used [0x00000000c0000000,0x00000000c163b460,0x00000000c2b00000)
 Metaspace       used 20861K, capacity 21146K, committed 21296K, reserved 1069056K
  class space    used 2314K, capacity 2405K, committed 2432K, reserved 1048576K
Event: 7277.186 GC heap after
Heap after GC invocations=18 (full 0):
 PSYoungGen      total 49664K, used 1907K [0x00000000eab00000, 0x00000000ee480000, 0x0000000100000000)
  eden space 43520K, 0% used [0x00000000eab00000,0x00000000eab00000,0x00000000ed580000)
  from space 6144K, 31% used [0x00000000ede80000,0x00000000ee05cf98,0x00000000ee480000)
  to   space 7680K, 0% used [0x00000000ed580000,0x00000000ed580000,0x00000000edd00000)
 ParOldGen       total 44032K, used 23005K [0x00000000c0000000, 0x00000000c2b00000, 0x00000000eab00000)
  object space 44032K, 52% used [0x00000000c0000000,0x00000000c1677520,0x00000000c2b00000)
 Metaspace       used 20861K, capacity 21146K, committed 21296K, reserved 1069056K
  class space    used 2314K, capacity 2405K, committed 2432K, reserved 1048576K
}
Event: 7277.186 GC heap before
{Heap before GC invocations=19 (full 1):
 PSYoungGen      total 49664K, used 1907K [0x00000000eab00000, 0x00000000ee480000, 0x0000000100000000)
  eden space 43520K, 0% used [0x00000000eab00000,0x00000000eab00000,0x00000000ed580000)
  from space 6144K, 31% used [0x00000000ede80000,0x00000000ee05cf98,0x00000000ee480000)
  to   space 7680K, 0% used [0x00000000ed580000,0x00000000ed580000,0x00000000edd00000)
 ParOldGen       total 44032K, used 23005K [0x00000000c0000000, 0x00000000c2b00000, 0x00000000eab00000)
  object space 44032K, 52% used [0x00000000c0000000,0x00000000c1677520,0x00000000c2b00000)
 Metaspace       used 20861K, capacity 21146K, committed 21296K, reserved 1069056K
  class space    used 2314K, capacity 2405K, committed 2432K, reserved 1048576K
Event: 7278.231 GC heap after
Heap after GC invocations=19 (full 1):
 PSYoungGen      total 49664K, used 0K [0x00000000eab00000, 0x00000000ee480000, 0x0000000100000000)
  eden space 43520K, 0% used [0x00000000eab00000,0x00000000eab00000,0x00000000ed580000)
  from space 6144K, 0% used [0x00000000ede80000,0x00000000ede80000,0x00000000ee480000)
  to   space 7680K, 0% used [0x00000000ed580000,0x00000000ed580000,0x00000000edd00000)
 ParOldGen       total 41984K, used 21328K [0x00000000c0000000, 0x00000000c2900000, 0x00000000eab00000)
  object space 41984K, 50% used [0x00000000c0000000,0x00000000c14d4208,0x00000000c2900000)
 Metaspace       used 20835K, capacity 21106K, committed 21296K, reserved 1069056K
  class space    used 2308K, capacity 2395K, committed 2432K, reserved 1048576K
}
Event: 13437.019 GC heap before
{Heap before GC invocations=20 (full 1):
 PSYoungGen      total 49664K, used 43520K [0x00000000eab00000, 0x00000000ee480000, 0x0000000100000000)
  eden space 43520K, 100% used [0x00000000eab00000,0x00000000ed580000,0x00000000ed580000)
  from space 6144K, 0% used [0x00000000ede80000,0x00000000ede80000,0x00000000ee480000)
  to   space 7680K, 0% used [0x00000000ed580000,0x00000000ed580000,0x00000000edd00000)
 ParOldGen       total 41984K, used 21328K [0x00000000c0000000, 0x00000000c2900000, 0x00000000eab00000)
  object space 41984K, 50% used [0x00000000c0000000,0x00000000c14d4208,0x00000000c2900000)
 Metaspace       used 21688K, capacity 21948K, committed 22192K, reserved 1069056K
  class space    used 2399K, capacity 2498K, committed 2560K, reserved 1048576K
Event: 13437.029 GC heap after
Heap after GC invocations=20 (full 1):
 PSYoungGen      total 46080K, used 3848K [0x00000000eab00000, 0x00000000ee300000, 0x0000000100000000)
  eden space 41984K, 0% used [0x00000000eab00000,0x00000000eab00000,0x00000000ed400000)
  from space 4096K, 93% used [0x00000000ed580000,0x00000000ed9420b8,0x00000000ed980000)
  to   space 7680K, 0% used [0x00000000edb80000,0x00000000edb80000,0x00000000ee300000)
 ParOldGen       total 41984K, used 21336K [0x00000000c0000000, 0x00000000c2900000, 0x00000000eab00000)
  object space 41984K, 50% used [0x00000000c0000000,0x00000000c14d6208,0x00000000c2900000)
 Metaspace       used 21688K, capacity 21948K, committed 22192K, reserved 1069056K
  class space    used 2399K, capacity 2498K, committed 2560K, reserved 1048576K
}
Event: 13698.198 GC heap before
{Heap before GC invocations=21 (full 1):
 PSYoungGen      total 46080K, used 45832K [0x00000000eab00000, 0x00000000ee300000, 0x0000000100000000)
  eden space 41984K, 100% used [0x00000000eab00000,0x00000000ed400000,0x00000000ed400000)
  from space 4096K, 93% used [0x00000000ed580000,0x00000000ed9420b8,0x00000000ed980000)
  to   space 7680K, 0% used [0x00000000edb80000,0x00000000edb80000,0x00000000ee300000)
 ParOldGen       total 41984K, used 21336K [0x00000000c0000000, 0x00000000c2900000, 0x00000000eab00000)
  object space 41984K, 50% used [0x00000000c0000000,0x00000000c14d6208,0x00000000c2900000)
 Metaspace       used 21772K, capacity 22018K, committed 22192K, reserved 1069056K
  class space    used 2400K, capacity 2499K, committed 2560K, reserved 1048576K
Event: 13698.209 GC heap after
Heap after GC invocations=21 (full 1):
 PSYoungGen      total 46592K, used 2112K [0x00000000eab00000, 0x00000000ee100000, 0x0000000100000000)
  eden space 40960K, 0% used [0x00000000eab00000,0x00000000eab00000,0x00000000ed300000)
  from space 5632K, 37% used [0x00000000edb80000,0x00000000edd90150,0x00000000ee100000)
  to   space 7168K, 0% used [0x00000000ed300000,0x00000000ed300000,0x00000000eda00000)
 ParOldGen       total 41984K, used 22388K [0x00000000c0000000, 0x00000000c2900000, 0x00000000eab00000)
  object space 41984K, 53% used [0x00000000c0000000,0x00000000c15dd218,0x00000000c2900000)
 Metaspace       used 21772K, capacity 22018K, committed 22192K, reserved 1069056K
  class space    used 2400K, capacity 2499K, committed 2560K, reserved 1048576K
}

