<?xml version="1.0" encoding="UTF-8"?>
<!-- Generated by org.testng.reporters.JUnitXMLReporter -->
<testsuite hostname="remote-wkstn3" ignored="1" name="ACF TESTCASES" tests="26" failures="0" timestamp="11 Jul 2017 13:27:25 GMT" time="2016.674" errors="0">
  <testcase name="create_an_acf_data_type_int_field_type_text" time="93.913" classname="configuration.ACF_testcases"/>
  <testcase name="update_acf_client" time="46.706" classname="configuration.ACFEdit_testcases"/>
  <testcase name="create_an_acf_data_type_int_field_type_select" time="109.128" classname="configuration.ACF_testcases"/>
  <testcase name="update_acf_brand" time="59.898" classname="configuration.ACFEdit_testcases"/>
  <testcase name="create_an_acf_data_type_varchar_field_type_text" time="101.364" classname="configuration.ACF_testcases"/>
  <testcase name="update_acf_brand_to_previous" time="64.741" classname="configuration.ACFEdit_testcases"/>
  <testcase name="create_an_acf_data_type_varchar_field_type_text_area" time="102.226" classname="configuration.ACF_testcases"/>
  <testcase name="update_acf_program" time="53.416" classname="configuration.ACFEdit_testcases"/>
  <testcase name="create_an_acf_data_type_varchar_field_type_Wysiwyg_editor" time="101.005" classname="configuration.ACF_testcases"/>
  <testcase name="update_acf_program_to_prvious" time="56.495" classname="configuration.ACFEdit_testcases"/>
  <testcase name="create_an_acf_data_type_varchar_field_type_select" time="105.179" classname="configuration.ACF_testcases"/>
  <testcase name="update_acf_group_name" time="52.553" classname="configuration.ACFEdit_testcases"/>
  <testcase name="create_an_acf_data_type_decimal_field_type_text" time="100.728" classname="configuration.ACF_testcases"/>
  <testcase name="update_acf_group_name_to_previous" time="51.939" classname="configuration.ACFEdit_testcases"/>
  <testcase name="create_an_acf_data_type_decimal_field_type_select" time="109.145" classname="configuration.ACF_testcases"/>
  <testcase name="empty_group_name_in_acf_edit_page" time="43.197" classname="configuration.ACFEdit_testcases"/>
  <testcase name="create_a_new_acf_without_group_name" time="83.528" classname="configuration.ACF_testcases"/>
  <testcase name="empty_field_label_in_acf_edit_page" time="48.347" classname="configuration.ACFEdit_testcases"/>
  <testcase name="create_a_new_acf_without_screens" time="73.299" classname="configuration.ACF_testcases"/>
  <testcase name="empty_field_name_in_acf_edit_page" time="42.826" classname="configuration.ACFEdit_testcases"/>
  <testcase name="create_a_new_acf_without_field_label" time="81.08" classname="configuration.ACF_testcases"/>
  <testcase name="create_a_new_acf_without_field_name" time="81.467" classname="configuration.ACF_testcases"/>
  <testcase name="create_a_new_acf_without_field_instructions" time="77.595" classname="configuration.ACF_testcases"/>
  <testcase name="click_cancel_in_acf_add_page" time="26.2" classname="configuration.ACF_testcases"/>
  <testcase name="return_to_acf_main_page_from_add_page" time="27.946" classname="configuration.ACF_testcases"/>
  <testcase name="delete_acf_from_database" time="2.665" classname="configuration.ACF_testcases"/>
  <testcase name="@AfterSuite tearDown" time="0.0" classname="Utility.TestBase">
    <ignored/>
  </testcase> <!-- @AfterSuite tearDown -->
</testsuite> <!-- ACF TESTCASES -->
