<?xml version="1.0" encoding="UTF-8"?>
<!-- Generated by org.testng.reporters.JUnitXMLReporter -->
<testsuite hostname="remote-wkstn3" ignored="1" name="ACF TESTCASES" tests="26" failures="0" timestamp="21 Jun 2017 12:25:01 GMT" time="2022.418" errors="0">
  <testcase name="create_an_acf_data_type_int_field_type_text" time="97.652" classname="configuration.ACF_testcases"/>
  <testcase name="update_acf_client" time="47.317" classname="configuration.ACFEdit_testcases"/>
  <testcase name="create_an_acf_data_type_int_field_type_select" time="106.197" classname="configuration.ACF_testcases"/>
  <testcase name="update_acf_brand" time="60.588" classname="configuration.ACFEdit_testcases"/>
  <testcase name="create_an_acf_data_type_varchar_field_type_text" time="102.396" classname="configuration.ACF_testcases"/>
  <testcase name="update_acf_brand_to_previous" time="64.494" classname="configuration.ACFEdit_testcases"/>
  <testcase name="create_an_acf_data_type_varchar_field_type_text_area" time="109.659" classname="configuration.ACF_testcases"/>
  <testcase name="update_acf_program" time="53.115" classname="configuration.ACFEdit_testcases"/>
  <testcase name="create_an_acf_data_type_varchar_field_type_Wysiwyg_editor" time="100.676" classname="configuration.ACF_testcases"/>
  <testcase name="update_acf_program_to_prvious" time="55.721" classname="configuration.ACFEdit_testcases"/>
  <testcase name="create_an_acf_data_type_varchar_field_type_select" time="109.365" classname="configuration.ACF_testcases"/>
  <testcase name="update_acf_group_name" time="51.665" classname="configuration.ACFEdit_testcases"/>
  <testcase name="create_an_acf_data_type_decimal_field_type_text" time="104.113" classname="configuration.ACF_testcases"/>
  <testcase name="update_acf_group_name_to_previous" time="54.015" classname="configuration.ACFEdit_testcases"/>
  <testcase name="create_an_acf_data_type_decimal_field_type_select" time="105.562" classname="configuration.ACF_testcases"/>
  <testcase name="empty_group_name_in_acf_edit_page" time="44.535" classname="configuration.ACFEdit_testcases"/>
  <testcase name="create_a_new_acf_without_group_name" time="79.386" classname="configuration.ACF_testcases"/>
  <testcase name="empty_field_label_in_acf_edit_page" time="41.981" classname="configuration.ACFEdit_testcases"/>
  <testcase name="create_a_new_acf_without_screens" time="74.786" classname="configuration.ACF_testcases"/>
  <testcase name="empty_field_name_in_acf_edit_page" time="52.993" classname="configuration.ACFEdit_testcases"/>
  <testcase name="create_a_new_acf_without_field_label" time="82.137" classname="configuration.ACF_testcases"/>
  <testcase name="create_a_new_acf_without_field_name" time="83.148" classname="configuration.ACF_testcases"/>
  <testcase name="create_a_new_acf_without_field_instructions" time="78.237" classname="configuration.ACF_testcases"/>
  <testcase name="click_cancel_in_acf_add_page" time="25.519" classname="configuration.ACF_testcases"/>
  <testcase name="return_to_acf_main_page_from_add_page" time="26.558" classname="configuration.ACF_testcases"/>
  <testcase name="delete_acf_from_database" time="2.86" classname="configuration.ACF_testcases"/>
  <testcase name="@AfterSuite tearDown" time="0.0" classname="Utility.TestBase">
    <ignored/>
  </testcase> <!-- @AfterSuite tearDown -->
</testsuite> <!-- ACF TESTCASES -->
