<?xml version="1.0" encoding="UTF-8"?>
<!-- Generated by org.testng.reporters.JUnitXMLReporter -->
<testsuite hostname="remote-wkstn3" ignored="1" name="ACF TESTCASES" tests="26" failures="3" timestamp="26 Jul 2017 08:37:33 GMT" time="1933.705" errors="0">
  <testcase name="create_an_acf_data_type_int_field_type_text" time="94.65" classname="configuration.ACF_testcases"/>
  <testcase name="update_acf_client" time="47.232" classname="configuration.ACFEdit_testcases"/>
  <testcase name="create_an_acf_data_type_int_field_type_select" time="102.384" classname="configuration.ACF_testcases"/>
  <testcase name="update_acf_brand" time="61.843" classname="configuration.ACFEdit_testcases">
    <failure type="java.lang.AssertionError" message="expected [4] but found [3]">
      <![CDATA[java.lang.AssertionError: expected [4] but found [3]
	at configuration.ACFPage.validateUpdates(ACFPage.java:186)
	at configuration.ACFEdit_testcases.update_acf_brand(ACFEdit_testcases.java:35)
	at java.util.concurrent.FutureTask.run(FutureTask.java:266)
	at java.util.concurrent.ThreadPoolExecutor.runWorker(ThreadPoolExecutor.java:1142)
	at java.util.concurrent.ThreadPoolExecutor$Worker.run(ThreadPoolExecutor.java:617)
	at java.lang.Thread.run(Thread.java:745)
... Removed 22 stack frames]]>
    </failure>
  </testcase> <!-- update_acf_brand -->
  <testcase name="create_an_acf_data_type_varchar_field_type_text" time="98.093" classname="configuration.ACF_testcases"/>
  <testcase name="update_acf_brand_to_previous" time="66.452" classname="configuration.ACFEdit_testcases">
    <failure type="java.lang.AssertionError" message="expected [6] but found [5]">
      <![CDATA[java.lang.AssertionError: expected [6] but found [5]
	at configuration.ACFPage.validateUpdates(ACFPage.java:186)
	at configuration.ACFEdit_testcases.update_acf_brand_to_previous(ACFEdit_testcases.java:53)
	at java.util.concurrent.FutureTask.run(FutureTask.java:266)
	at java.util.concurrent.ThreadPoolExecutor.runWorker(ThreadPoolExecutor.java:1142)
	at java.util.concurrent.ThreadPoolExecutor$Worker.run(ThreadPoolExecutor.java:617)
	at java.lang.Thread.run(Thread.java:745)
... Removed 22 stack frames]]>
    </failure>
  </testcase> <!-- update_acf_brand_to_previous -->
  <testcase name="create_an_acf_data_type_varchar_field_type_text_area" time="98.176" classname="configuration.ACF_testcases"/>
  <testcase name="update_acf_program" time="54.944" classname="configuration.ACFEdit_testcases"/>
  <testcase name="create_an_acf_data_type_varchar_field_type_Wysiwyg_editor" time="100.346" classname="configuration.ACF_testcases"/>
  <testcase name="update_acf_program_to_prvious" time="38.412" classname="configuration.ACFEdit_testcases">
    <failure type="org.openqa.selenium.WebDriverException" message="unknown error: Element &amp;lt;button id=&amp;quot;btnSubmit&amp;quot; name=&amp;quot;btnSubmit&amp;quot; type=&amp;quot;submit&amp;quot; class=&amp;quot;btn blue&amp;quot;&amp;gt;...&amp;lt;/button&amp;gt; is not clickable at point (1812, 918). Other element would receive the click: &amp;lt;div id=&amp;quot;select2-drop-mask&amp;quot; class=&amp;quot;select2-drop-mask&amp;quot; style=&amp;quot;display: block;&amp;quot;&amp;gt;&amp;lt;/div&amp;gt;
  (Session info: chrome=59.0.3071.115)
  (Driver info: chromedriver=2.29.461591 (62ebf098771772160f391d75e589dc567915b233),platform=Windows NT 6.1.7601 SP1 x86_64) (WARNING: The server did not provide any stacktrace information)
Command duration or timeout: 220 milliseconds
Build info: version: &amp;apos;2.53.1&amp;apos;, revision: &amp;apos;a36b8b1&amp;apos;, time: &amp;apos;2016-06-30 17:37:03&amp;apos;
System info: host: &amp;apos;remote-wkstn3&amp;apos;, ip: &amp;apos;10.16.1.107&amp;apos;, os.name: &amp;apos;Windows 7&amp;apos;, os.arch: &amp;apos;amd64&amp;apos;, os.version: &amp;apos;6.1&amp;apos;, java.version: &amp;apos;1.8.0_121&amp;apos;
Driver info: org.openqa.selenium.chrome.ChromeDriver
Capabilities [{applicationCacheEnabled=false, rotatable=false, mobileEmulationEnabled=false, networkConnectionEnabled=false, chrome={chromedriverVersion=2.29.461591 (62ebf098771772160f391d75e589dc567915b233), userDataDir=C:\Users\ARJUN~1.KAR\AppData\Local\Temp\scoped_dir77156_3412}, takesHeapSnapshot=true, pageLoadStrategy=normal, databaseEnabled=false, handlesAlerts=true, hasTouchScreen=false, version=59.0.3071.115, platform=XP, browserConnectionEnabled=false, nativeEvents=true, acceptSslCerts=true, locationContextEnabled=true, webStorageEnabled=true, browserName=chrome, takesScreenshot=true, javascriptEnabled=true, cssSelectorsEnabled=true, unexpectedAlertBehaviour=accept}]
Session ID: 3b58fe329cad420e90515c7ccf42d948">
      <![CDATA[org.openqa.selenium.WebDriverException: unknown error: Element <button id="btnSubmit" name="btnSubmit" type="submit" class="btn blue">...</button> is not clickable at point (1812, 918). Other element would receive the click: <div id="select2-drop-mask" class="select2-drop-mask" style="display: block;"></div>
  (Session info: chrome=59.0.3071.115)
  (Driver info: chromedriver=2.29.461591 (62ebf098771772160f391d75e589dc567915b233),platform=Windows NT 6.1.7601 SP1 x86_64) (WARNING: The server did not provide any stacktrace information)
Command duration or timeout: 220 milliseconds
Build info: version: '2.53.1', revision: 'a36b8b1', time: '2016-06-30 17:37:03'
System info: host: 'remote-wkstn3', ip: '10.16.1.107', os.name: 'Windows 7', os.arch: 'amd64', os.version: '6.1', java.version: '1.8.0_121'
Driver info: org.openqa.selenium.chrome.ChromeDriver
Capabilities [{applicationCacheEnabled=false, rotatable=false, mobileEmulationEnabled=false, networkConnectionEnabled=false, chrome={chromedriverVersion=2.29.461591 (62ebf098771772160f391d75e589dc567915b233), userDataDir=C:\Users\ARJUN~1.KAR\AppData\Local\Temp\scoped_dir77156_3412}, takesHeapSnapshot=true, pageLoadStrategy=normal, databaseEnabled=false, handlesAlerts=true, hasTouchScreen=false, version=59.0.3071.115, platform=XP, browserConnectionEnabled=false, nativeEvents=true, acceptSslCerts=true, locationContextEnabled=true, webStorageEnabled=true, browserName=chrome, takesScreenshot=true, javascriptEnabled=true, cssSelectorsEnabled=true, unexpectedAlertBehaviour=accept}]
Session ID: 3b58fe329cad420e90515c7ccf42d948
	at org.openqa.selenium.remote.ErrorHandler.createThrowable(ErrorHandler.java:206)
	at org.openqa.selenium.remote.ErrorHandler.throwIfResponseFailed(ErrorHandler.java:158)
	at org.openqa.selenium.remote.RemoteWebDriver.execute(RemoteWebDriver.java:678)
	at org.openqa.selenium.remote.RemoteWebElement.execute(RemoteWebElement.java:327)
	at org.openqa.selenium.remote.RemoteWebElement.click(RemoteWebElement.java:85)
	at configuration.ACFEditPage.clickSubmitButton(ACFEditPage.java:316)
	at configuration.ACFEdit_testcases.update_acf_program_to_prvious(ACFEdit_testcases.java:81)
	at java.util.concurrent.FutureTask.run(FutureTask.java:266)
	at java.util.concurrent.ThreadPoolExecutor.runWorker(ThreadPoolExecutor.java:1142)
	at java.util.concurrent.ThreadPoolExecutor$Worker.run(ThreadPoolExecutor.java:617)
	at java.lang.Thread.run(Thread.java:745)
... Removed 20 stack frames]]>
    </failure>
  </testcase> <!-- update_acf_program_to_prvious -->
  <testcase name="create_an_acf_data_type_varchar_field_type_select" time="103.946" classname="configuration.ACF_testcases"/>
  <testcase name="update_acf_group_name" time="54.0" classname="configuration.ACFEdit_testcases"/>
  <testcase name="create_an_acf_data_type_decimal_field_type_text" time="100.734" classname="configuration.ACF_testcases"/>
  <testcase name="update_acf_group_name_to_previous" time="53.031" classname="configuration.ACFEdit_testcases"/>
  <testcase name="create_an_acf_data_type_decimal_field_type_select" time="104.463" classname="configuration.ACF_testcases"/>
  <testcase name="empty_group_name_in_acf_edit_page" time="43.305" classname="configuration.ACFEdit_testcases"/>
  <testcase name="create_a_new_acf_without_group_name" time="70.532" classname="configuration.ACF_testcases"/>
  <testcase name="empty_field_label_in_acf_edit_page" time="43.685" classname="configuration.ACFEdit_testcases"/>
  <testcase name="create_a_new_acf_without_screens" time="61.981" classname="configuration.ACF_testcases"/>
  <testcase name="empty_field_name_in_acf_edit_page" time="43.119" classname="configuration.ACFEdit_testcases"/>
  <testcase name="create_a_new_acf_without_field_label" time="73.751" classname="configuration.ACF_testcases"/>
  <testcase name="create_a_new_acf_without_field_name" time="73.347" classname="configuration.ACF_testcases"/>
  <testcase name="create_a_new_acf_without_field_instructions" time="69.896" classname="configuration.ACF_testcases"/>
  <testcase name="click_cancel_in_acf_add_page" time="26.493" classname="configuration.ACF_testcases"/>
  <testcase name="return_to_acf_main_page_from_add_page" time="28.003" classname="configuration.ACF_testcases"/>
  <testcase name="delete_acf_from_database" time="2.383" classname="configuration.ACF_testcases"/>
  <testcase name="@AfterSuite tearDown" time="0.0" classname="Utility.TestBase">
    <ignored/>
  </testcase> <!-- @AfterSuite tearDown -->
</testsuite> <!-- ACF TESTCASES -->
