<?xml version="1.0" encoding="UTF-8"?>
<!-- Generated by org.testng.reporters.JUnitXMLReporter -->
<testsuite hostname="remote-wkstn3" ignored="1" name="ACF TESTCASES" tests="26" failures="0" timestamp="07 Jun 2017 05:02:45 GMT" time="1986.277" errors="0">
  <testcase name="create_an_acf_data_type_int_field_type_text" time="93.948" classname="configuration.ACF_testcases"/>
  <testcase name="update_acf_client" time="45.886" classname="configuration.ACFEdit_testcases"/>
  <testcase name="create_an_acf_data_type_int_field_type_select" time="104.842" classname="configuration.ACF_testcases"/>
  <testcase name="update_acf_brand" time="57.787" classname="configuration.ACFEdit_testcases"/>
  <testcase name="create_an_acf_data_type_varchar_field_type_text" time="100.896" classname="configuration.ACF_testcases"/>
  <testcase name="update_acf_brand_to_previous" time="64.284" classname="configuration.ACFEdit_testcases"/>
  <testcase name="create_an_acf_data_type_varchar_field_type_text_area" time="99.93" classname="configuration.ACF_testcases"/>
  <testcase name="update_acf_program" time="54.998" classname="configuration.ACFEdit_testcases"/>
  <testcase name="create_an_acf_data_type_varchar_field_type_Wysiwyg_editor" time="99.03" classname="configuration.ACF_testcases"/>
  <testcase name="update_acf_program_to_prvious" time="57.04" classname="configuration.ACFEdit_testcases"/>
  <testcase name="create_an_acf_data_type_varchar_field_type_select" time="106.68" classname="configuration.ACF_testcases"/>
  <testcase name="update_acf_group_name" time="52.279" classname="configuration.ACFEdit_testcases"/>
  <testcase name="create_an_acf_data_type_decimal_field_type_text" time="103.235" classname="configuration.ACF_testcases"/>
  <testcase name="update_acf_group_name_to_previous" time="52.298" classname="configuration.ACFEdit_testcases"/>
  <testcase name="create_an_acf_data_type_decimal_field_type_select" time="106.58" classname="configuration.ACF_testcases"/>
  <testcase name="empty_group_name_in_acf_edit_page" time="43.276" classname="configuration.ACFEdit_testcases"/>
  <testcase name="create_a_new_acf_without_group_name" time="80.351" classname="configuration.ACF_testcases"/>
  <testcase name="empty_field_label_in_acf_edit_page" time="43.63" classname="configuration.ACFEdit_testcases"/>
  <testcase name="create_a_new_acf_without_screens" time="72.213" classname="configuration.ACF_testcases"/>
  <testcase name="empty_field_name_in_acf_edit_page" time="43.026" classname="configuration.ACFEdit_testcases"/>
  <testcase name="create_a_new_acf_without_field_label" time="82.362" classname="configuration.ACF_testcases"/>
  <testcase name="create_a_new_acf_without_field_name" time="82.185" classname="configuration.ACF_testcases"/>
  <testcase name="create_a_new_acf_without_field_instructions" time="77.881" classname="configuration.ACF_testcases"/>
  <testcase name="click_cancel_in_acf_add_page" time="25.588" classname="configuration.ACF_testcases"/>
  <testcase name="return_to_acf_main_page_from_add_page" time="26.676" classname="configuration.ACF_testcases"/>
  <testcase name="delete_acf_from_database" time="2.768" classname="configuration.ACF_testcases"/>
  <testcase name="@AfterSuite tearDown" time="0.0" classname="Utility.TestBase">
    <ignored/>
  </testcase> <!-- @AfterSuite tearDown -->
</testsuite> <!-- ACF TESTCASES -->
