<?xml version="1.0" encoding="UTF-8"?>
<!-- Generated by org.testng.reporters.JUnitXMLReporter -->
<testsuite hostname="remote-wkstn3" ignored="1" name="ACF TESTCASES" tests="26" failures="0" timestamp="20 Jun 2017 05:58:22 GMT" time="1956.915" errors="0">
  <testcase name="create_an_acf_data_type_int_field_type_text" time="98.575" classname="configuration.ACF_testcases"/>
  <testcase name="update_acf_client" time="46.483" classname="configuration.ACFEdit_testcases"/>
  <testcase name="create_an_acf_data_type_int_field_type_select" time="105.921" classname="configuration.ACF_testcases"/>
  <testcase name="update_acf_brand" time="57.92" classname="configuration.ACFEdit_testcases"/>
  <testcase name="create_an_acf_data_type_varchar_field_type_text" time="100.727" classname="configuration.ACF_testcases"/>
  <testcase name="update_acf_brand_to_previous" time="63.087" classname="configuration.ACFEdit_testcases"/>
  <testcase name="create_an_acf_data_type_varchar_field_type_text_area" time="101.388" classname="configuration.ACF_testcases"/>
  <testcase name="update_acf_program" time="52.638" classname="configuration.ACFEdit_testcases"/>
  <testcase name="create_an_acf_data_type_varchar_field_type_Wysiwyg_editor" time="101.482" classname="configuration.ACF_testcases"/>
  <testcase name="update_acf_program_to_prvious" time="55.577" classname="configuration.ACFEdit_testcases"/>
  <testcase name="create_an_acf_data_type_varchar_field_type_select" time="105.852" classname="configuration.ACF_testcases"/>
  <testcase name="update_acf_group_name" time="50.942" classname="configuration.ACFEdit_testcases"/>
  <testcase name="create_an_acf_data_type_decimal_field_type_text" time="101.607" classname="configuration.ACF_testcases"/>
  <testcase name="update_acf_group_name_to_previous" time="52.57" classname="configuration.ACFEdit_testcases"/>
  <testcase name="create_an_acf_data_type_decimal_field_type_select" time="107.305" classname="configuration.ACF_testcases"/>
  <testcase name="empty_group_name_in_acf_edit_page" time="42.871" classname="configuration.ACFEdit_testcases"/>
  <testcase name="create_a_new_acf_without_group_name" time="80.042" classname="configuration.ACF_testcases"/>
  <testcase name="empty_field_label_in_acf_edit_page" time="43.558" classname="configuration.ACFEdit_testcases"/>
  <testcase name="create_a_new_acf_without_screens" time="72.19" classname="configuration.ACF_testcases"/>
  <testcase name="empty_field_name_in_acf_edit_page" time="42.701" classname="configuration.ACFEdit_testcases"/>
  <testcase name="create_a_new_acf_without_field_label" time="82.394" classname="configuration.ACF_testcases"/>
  <testcase name="create_a_new_acf_without_field_name" time="82.327" classname="configuration.ACF_testcases"/>
  <testcase name="create_a_new_acf_without_field_instructions" time="77.682" classname="configuration.ACF_testcases"/>
  <testcase name="click_cancel_in_acf_add_page" time="26.357" classname="configuration.ACF_testcases"/>
  <testcase name="return_to_acf_main_page_from_add_page" time="26.953" classname="configuration.ACF_testcases"/>
  <testcase name="delete_acf_from_database" time="2.521" classname="configuration.ACF_testcases"/>
  <testcase name="@AfterSuite tearDown" time="0.0" classname="Utility.TestBase">
    <ignored/>
  </testcase> <!-- @AfterSuite tearDown -->
</testsuite> <!-- ACF TESTCASES -->
