<?xml version="1.0" encoding="UTF-8"?>
<!-- Generated by org.testng.reporters.JUnitXMLReporter -->
<testsuite hostname="remote-wkstn3" ignored="3" name="CAMPAIGN TESTCASES" tests="29" failures="0" timestamp="11 Jul 2017 04:40:52 GMT" time="1057.965" errors="0">
  <testcase name="@BeforeMethod beforeTest" time="0.0" classname="Utility.TestBase">
    <failure type="org.openqa.selenium.remote.SessionNotFoundException" message="no such session
  (Driver info: chromedriver=2.29.461591 (62ebf098771772160f391d75e589dc567915b233),platform=Windows NT 6.1.7601 SP1 x86_64) (WARNING: The server did not provide any stacktrace information)
Command duration or timeout: 16 milliseconds
Build info: version: &amp;apos;2.53.1&amp;apos;, revision: &amp;apos;a36b8b1&amp;apos;, time: &amp;apos;2016-06-30 17:37:03&amp;apos;
System info: host: &amp;apos;remote-wkstn3&amp;apos;, ip: &amp;apos;10.16.1.107&amp;apos;, os.name: &amp;apos;Windows 7&amp;apos;, os.arch: &amp;apos;amd64&amp;apos;, os.version: &amp;apos;6.1&amp;apos;, java.version: &amp;apos;1.8.0_121&amp;apos;
Driver info: org.openqa.selenium.chrome.ChromeDriver
Capabilities [{applicationCacheEnabled=false, rotatable=false, mobileEmulationEnabled=false, networkConnectionEnabled=false, chrome={chromedriverVersion=2.29.461591 (62ebf098771772160f391d75e589dc567915b233), userDataDir=C:\Users\ARJUN~1.KAR\AppData\Local\Temp\scoped_dir78072_12061}, takesHeapSnapshot=true, pageLoadStrategy=normal, databaseEnabled=false, handlesAlerts=true, hasTouchScreen=false, version=59.0.3071.115, platform=XP, browserConnectionEnabled=false, nativeEvents=true, acceptSslCerts=true, locationContextEnabled=true, webStorageEnabled=true, browserName=chrome, takesScreenshot=true, javascriptEnabled=true, cssSelectorsEnabled=true, unexpectedAlertBehaviour=accept}]
Session ID: 4f7c9a0f37b5ee069bc0d88d9e6e7fec">
      <![CDATA[org.openqa.selenium.remote.SessionNotFoundException: no such session
  (Driver info: chromedriver=2.29.461591 (62ebf098771772160f391d75e589dc567915b233),platform=Windows NT 6.1.7601 SP1 x86_64) (WARNING: The server did not provide any stacktrace information)
Command duration or timeout: 16 milliseconds
Build info: version: '2.53.1', revision: 'a36b8b1', time: '2016-06-30 17:37:03'
System info: host: 'remote-wkstn3', ip: '10.16.1.107', os.name: 'Windows 7', os.arch: 'amd64', os.version: '6.1', java.version: '1.8.0_121'
Driver info: org.openqa.selenium.chrome.ChromeDriver
Capabilities [{applicationCacheEnabled=false, rotatable=false, mobileEmulationEnabled=false, networkConnectionEnabled=false, chrome={chromedriverVersion=2.29.461591 (62ebf098771772160f391d75e589dc567915b233), userDataDir=C:\Users\ARJUN~1.KAR\AppData\Local\Temp\scoped_dir78072_12061}, takesHeapSnapshot=true, pageLoadStrategy=normal, databaseEnabled=false, handlesAlerts=true, hasTouchScreen=false, version=59.0.3071.115, platform=XP, browserConnectionEnabled=false, nativeEvents=true, acceptSslCerts=true, locationContextEnabled=true, webStorageEnabled=true, browserName=chrome, takesScreenshot=true, javascriptEnabled=true, cssSelectorsEnabled=true, unexpectedAlertBehaviour=accept}]
Session ID: 4f7c9a0f37b5ee069bc0d88d9e6e7fec
	at org.openqa.selenium.remote.ErrorHandler.createThrowable(ErrorHandler.java:206)
	at org.openqa.selenium.remote.ErrorHandler.throwIfResponseFailed(ErrorHandler.java:158)
	at org.openqa.selenium.remote.RemoteWebDriver.execute(RemoteWebDriver.java:678)
	at org.openqa.selenium.remote.RemoteWebDriver.get(RemoteWebDriver.java:316)
	at Utility.TestBase.beforeTest(TestBase.java:111)
	at java.util.concurrent.FutureTask.run(FutureTask.java:266)
	at java.util.concurrent.ThreadPoolExecutor.runWorker(ThreadPoolExecutor.java:1142)
	at java.util.concurrent.ThreadPoolExecutor$Worker.run(ThreadPoolExecutor.java:617)
	at java.lang.Thread.run(Thread.java:745)
... Removed 21 stack frames]]>
    </failure>
  </testcase> <!-- @BeforeMethod beforeTest -->
  <testcase name="@AfterMethod AfterLogin" time="0.0" classname="Utility.TestBase">
    <failure type="org.openqa.selenium.remote.SessionNotFoundException" message="no such session
  (Driver info: chromedriver=2.29.461591 (62ebf098771772160f391d75e589dc567915b233),platform=Windows NT 6.1.7601 SP1 x86_64) (WARNING: The server did not provide any stacktrace information)
Command duration or timeout: 5 milliseconds
Build info: version: &amp;apos;2.53.1&amp;apos;, revision: &amp;apos;a36b8b1&amp;apos;, time: &amp;apos;2016-06-30 17:37:03&amp;apos;
System info: host: &amp;apos;remote-wkstn3&amp;apos;, ip: &amp;apos;10.16.1.107&amp;apos;, os.name: &amp;apos;Windows 7&amp;apos;, os.arch: &amp;apos;amd64&amp;apos;, os.version: &amp;apos;6.1&amp;apos;, java.version: &amp;apos;1.8.0_121&amp;apos;
Driver info: org.openqa.selenium.chrome.ChromeDriver
Capabilities [{applicationCacheEnabled=false, rotatable=false, mobileEmulationEnabled=false, networkConnectionEnabled=false, chrome={chromedriverVersion=2.29.461591 (62ebf098771772160f391d75e589dc567915b233), userDataDir=C:\Users\ARJUN~1.KAR\AppData\Local\Temp\scoped_dir78072_12061}, takesHeapSnapshot=true, pageLoadStrategy=normal, databaseEnabled=false, handlesAlerts=true, hasTouchScreen=false, version=59.0.3071.115, platform=XP, browserConnectionEnabled=false, nativeEvents=true, acceptSslCerts=true, locationContextEnabled=true, webStorageEnabled=true, browserName=chrome, takesScreenshot=true, javascriptEnabled=true, cssSelectorsEnabled=true, unexpectedAlertBehaviour=accept}]
Session ID: 4f7c9a0f37b5ee069bc0d88d9e6e7fec">
      <![CDATA[org.openqa.selenium.remote.SessionNotFoundException: no such session
  (Driver info: chromedriver=2.29.461591 (62ebf098771772160f391d75e589dc567915b233),platform=Windows NT 6.1.7601 SP1 x86_64) (WARNING: The server did not provide any stacktrace information)
Command duration or timeout: 5 milliseconds
Build info: version: '2.53.1', revision: 'a36b8b1', time: '2016-06-30 17:37:03'
System info: host: 'remote-wkstn3', ip: '10.16.1.107', os.name: 'Windows 7', os.arch: 'amd64', os.version: '6.1', java.version: '1.8.0_121'
Driver info: org.openqa.selenium.chrome.ChromeDriver
Capabilities [{applicationCacheEnabled=false, rotatable=false, mobileEmulationEnabled=false, networkConnectionEnabled=false, chrome={chromedriverVersion=2.29.461591 (62ebf098771772160f391d75e589dc567915b233), userDataDir=C:\Users\ARJUN~1.KAR\AppData\Local\Temp\scoped_dir78072_12061}, takesHeapSnapshot=true, pageLoadStrategy=normal, databaseEnabled=false, handlesAlerts=true, hasTouchScreen=false, version=59.0.3071.115, platform=XP, browserConnectionEnabled=false, nativeEvents=true, acceptSslCerts=true, locationContextEnabled=true, webStorageEnabled=true, browserName=chrome, takesScreenshot=true, javascriptEnabled=true, cssSelectorsEnabled=true, unexpectedAlertBehaviour=accept}]
Session ID: 4f7c9a0f37b5ee069bc0d88d9e6e7fec
	at org.openqa.selenium.remote.ErrorHandler.createThrowable(ErrorHandler.java:206)
	at org.openqa.selenium.remote.ErrorHandler.throwIfResponseFailed(ErrorHandler.java:158)
	at org.openqa.selenium.remote.RemoteWebDriver.execute(RemoteWebDriver.java:678)
	at org.openqa.selenium.remote.RemoteWebDriver.execute(RemoteWebDriver.java:701)
	at org.openqa.selenium.remote.RemoteWebDriver.close(RemoteWebDriver.java:521)
	at Utility.TestBase.AfterLogin(TestBase.java:130)
	at java.util.concurrent.FutureTask.run(FutureTask.java:266)
	at java.util.concurrent.ThreadPoolExecutor.runWorker(ThreadPoolExecutor.java:1142)
	at java.util.concurrent.ThreadPoolExecutor$Worker.run(ThreadPoolExecutor.java:617)
	at java.lang.Thread.run(Thread.java:745)
... Removed 21 stack frames]]>
    </failure>
  </testcase> <!-- @AfterMethod AfterLogin -->
  <testcase name="create_a_new_campaign" time="78.818" classname="library.Campaigns_Testcases"/>
  <testcase name="update_campaign_name" time="34.332" classname="library.CanpaignsEdit_TestCases"/>
  <testcase name="test_is_empty" time="7.676" classname="library.CampaignsRestore_Testcases"/>
  <testcase name="publish_campaign" time="545.696" classname="library.CampaignsPublish_Testcases"/>
  <testcase name="create_a_new_campaign_without_clientname" time="24.444" classname="library.Campaigns_Testcases"/>
  <testcase name="update_campaign_name_to_previous_name" time="34.098" classname="library.CanpaignsEdit_TestCases"/>
  <testcase name="cancel_publish_campaign" time="37.19" classname="library.CampaignsPublish_Testcases"/>
  <testcase name="create_a_new_campaign_without_campaignname" time="0.0" classname="library.Campaigns_Testcases">
    <skipped/>
  </testcase> <!-- create_a_new_campaign_without_campaignname -->
  <testcase name="update_campaign_client" time="0.001" classname="library.CanpaignsEdit_TestCases">
    <skipped/>
  </testcase> <!-- update_campaign_client -->
  <testcase name="create_a_new_campaign_without_brand" time="0.001" classname="library.Campaigns_Testcases">
    <skipped/>
  </testcase> <!-- create_a_new_campaign_without_brand -->
  <testcase name="update_campaign_clientname_to_previous_client" time="0.001" classname="library.CanpaignsEdit_TestCases">
    <skipped/>
  </testcase> <!-- update_campaign_clientname_to_previous_client -->
  <testcase name="create_a_new_campaign_without_program" time="0.0" classname="library.Campaigns_Testcases">
    <skipped/>
  </testcase> <!-- create_a_new_campaign_without_program -->
  <testcase name="update_campaign_brands" time="0.003" classname="library.CanpaignsEdit_TestCases">
    <skipped/>
  </testcase> <!-- update_campaign_brands -->
  <testcase name="create_a_new_campaign_without_series" time="0.001" classname="library.Campaigns_Testcases">
    <skipped/>
  </testcase> <!-- create_a_new_campaign_without_series -->
  <testcase name="update_campaign_brands_to_previous" time="0.001" classname="library.CanpaignsEdit_TestCases">
    <skipped/>
  </testcase> <!-- update_campaign_brands_to_previous -->
  <testcase name="click_cancel_button_in_campaign_add_page" time="0.001" classname="library.Campaigns_Testcases">
    <skipped/>
  </testcase> <!-- click_cancel_button_in_campaign_add_page -->
  <testcase name="update_campaign_programs" time="0.0" classname="library.CanpaignsEdit_TestCases">
    <skipped/>
  </testcase> <!-- update_campaign_programs -->
  <testcase name="delete_campaign_from_db" time="0.0" classname="library.Campaigns_Testcases">
    <skipped/>
  </testcase> <!-- delete_campaign_from_db -->
  <testcase name="update_campaign_programs_to_previous" time="0.001" classname="library.CanpaignsEdit_TestCases">
    <skipped/>
  </testcase> <!-- update_campaign_programs_to_previous -->
  <testcase name="update_campaign_series" time="0.005" classname="library.CanpaignsEdit_TestCases">
    <skipped/>
  </testcase> <!-- update_campaign_series -->
  <testcase name="update_campaign_series_to_previous" time="0.001" classname="library.CanpaignsEdit_TestCases">
    <skipped/>
  </testcase> <!-- update_campaign_series_to_previous -->
  <testcase name="update_campaign_workflow_to_approved" time="0.0" classname="library.CanpaignsEdit_TestCases">
    <skipped/>
  </testcase> <!-- update_campaign_workflow_to_approved -->
  <testcase name="update_campaign_workflow_to_draft" time="0.003" classname="library.CanpaignsEdit_TestCases">
    <skipped/>
  </testcase> <!-- update_campaign_workflow_to_draft -->
  <testcase name="inactivate_campaign" time="0.001" classname="library.CanpaignsEdit_TestCases">
    <skipped/>
  </testcase> <!-- inactivate_campaign -->
  <testcase name="activate_campaign" time="0.001" classname="library.CanpaignsEdit_TestCases">
    <skipped/>
  </testcase> <!-- activate_campaign -->
  <testcase name="archive_campaign" time="0.0" classname="library.CanpaignsEdit_TestCases">
    <skipped/>
  </testcase> <!-- archive_campaign -->
  <testcase name="restorte_campaign" time="0.001" classname="library.CanpaignsEdit_TestCases">
    <skipped/>
  </testcase> <!-- restorte_campaign -->
  <testcase name="camp_mass_advance_workflow" time="0.001" classname="library.CanpaignsEdit_TestCases">
    <skipped/>
  </testcase> <!-- camp_mass_advance_workflow -->
  <testcase name="update_camp_mass_advance_workflow" time="0.001" classname="library.CanpaignsEdit_TestCases">
    <skipped/>
  </testcase> <!-- update_camp_mass_advance_workflow -->
  <testcase name="@AfterSuite tearDown" time="0.0" classname="Utility.TestBase">
    <ignored/>
  </testcase> <!-- @AfterSuite tearDown -->
  <testcase name="@AfterSuite tearDown" time="0.0" classname="Utility.TestBase">
    <ignored/>
  </testcase> <!-- @AfterSuite tearDown -->
  <testcase name="@AfterSuite tearDown" time="0.0" classname="Utility.TestBase">
    <ignored/>
  </testcase> <!-- @AfterSuite tearDown -->
</testsuite> <!-- CAMPAIGN TESTCASES -->
