<?xml version="1.0" encoding="UTF-8"?>
<!-- Generated by org.testng.reporters.JUnitXMLReporter -->
<testsuite hostname="remote-wkstn3" ignored="3" name="CAMPAIGN TESTCASES" tests="28" failures="1" timestamp="19 Jun 2017 21:41:17 GMT" time="1082.699" errors="0">
  <testcase name="create_a_new_campaign" time="79.334" classname="library.Campaigns_Testcases"/>
  <testcase name="update_campaign_name" time="33.693" classname="library.CanpaignsEdit_TestCases"/>
  <testcase name="test_is_empty" time="7.438" classname="library.CampaignsRestore_Testcases"/>
  <testcase name="publish_campaign" time="51.17" classname="library.CampaignsPublish_Testcases"/>
  <testcase name="create_a_new_campaign_without_clientname" time="23.725" classname="library.Campaigns_Testcases"/>
  <testcase name="update_campaign_name_to_previous_name" time="34.477" classname="library.CanpaignsEdit_TestCases"/>
  <testcase name="cancel_publish_campaign" time="21.765" classname="library.CampaignsPublish_Testcases"/>
  <testcase name="create_a_new_campaign_without_campaignname" time="31.596" classname="library.Campaigns_Testcases"/>
  <testcase name="update_campaign_client" time="32.593" classname="library.CanpaignsEdit_TestCases"/>
  <testcase name="create_a_new_campaign_without_brand" time="44.64" classname="library.Campaigns_Testcases"/>
  <testcase name="update_campaign_clientname_to_previous_client" time="40.126" classname="library.CanpaignsEdit_TestCases"/>
  <testcase name="create_a_new_campaign_without_program" time="39.1" classname="library.Campaigns_Testcases"/>
  <testcase name="update_campaign_brands" time="38.296" classname="library.CanpaignsEdit_TestCases"/>
  <testcase name="create_a_new_campaign_without_series" time="36.919" classname="library.Campaigns_Testcases">
    <failure type="java.lang.AssertionError" message="expected [1] but found [0]">
      <![CDATA[java.lang.AssertionError: expected [1] but found [0]
	at library.CampaignPage.validateUpdates(CampaignPage.java:241)
	at library.Campaigns_Testcases.create_a_new_campaign_without_series(Campaigns_Testcases.java:115)
	at java.util.concurrent.FutureTask.run(FutureTask.java:266)
	at java.util.concurrent.ThreadPoolExecutor.runWorker(ThreadPoolExecutor.java:1142)
	at java.util.concurrent.ThreadPoolExecutor$Worker.run(ThreadPoolExecutor.java:617)
	at java.lang.Thread.run(Thread.java:745)
... Removed 22 stack frames]]>
    </failure>
  </testcase> <!-- create_a_new_campaign_without_series -->
  <testcase name="update_campaign_brands_to_previous" time="35.964" classname="library.CanpaignsEdit_TestCases"/>
  <testcase name="click_cancel_button_in_campaign_add_page" time="19.257" classname="library.Campaigns_Testcases"/>
  <testcase name="update_campaign_programs" time="34.658" classname="library.CanpaignsEdit_TestCases"/>
  <testcase name="delete_campaign_from_db" time="3.352" classname="library.Campaigns_Testcases"/>
  <testcase name="update_campaign_programs_to_previous" time="35.962" classname="library.CanpaignsEdit_TestCases"/>
  <testcase name="update_campaign_series" time="39.684" classname="library.CanpaignsEdit_TestCases"/>
  <testcase name="update_campaign_series_to_previous" time="34.237" classname="library.CanpaignsEdit_TestCases"/>
  <testcase name="update_campaign_workflow_to_approved" time="25.324" classname="library.CanpaignsEdit_TestCases"/>
  <testcase name="update_campaign_workflow_to_draft" time="26.041" classname="library.CanpaignsEdit_TestCases"/>
  <testcase name="inactivate_campaign" time="31.744" classname="library.CanpaignsEdit_TestCases"/>
  <testcase name="activate_campaign" time="31.896" classname="library.CanpaignsEdit_TestCases"/>
  <testcase name="archive_campaign" time="17.725" classname="library.CanpaignsEdit_TestCases"/>
  <testcase name="restorte_campaign" time="29.725" classname="library.CanpaignsEdit_TestCases"/>
  <testcase name="camp_mass_advance_workflow" time="12.045" classname="library.CanpaignsEdit_TestCases"/>
  <testcase name="@AfterSuite tearDown" time="0.0" classname="Utility.TestBase">
    <ignored/>
  </testcase> <!-- @AfterSuite tearDown -->
  <testcase name="@AfterSuite tearDown" time="0.0" classname="Utility.TestBase">
    <ignored/>
  </testcase> <!-- @AfterSuite tearDown -->
  <testcase name="@AfterSuite tearDown" time="0.0" classname="Utility.TestBase">
    <ignored/>
  </testcase> <!-- @AfterSuite tearDown -->
</testsuite> <!-- CAMPAIGN TESTCASES -->
