<?xml version="1.0" encoding="UTF-8"?>
<!-- Generated by org.testng.reporters.JUnitXMLReporter -->
<testsuite hostname="remote-wkstn3" ignored="3" name="CAMPAIGN TESTCASES" tests="29" failures="5" timestamp="26 Jul 2017 20:34:58 GMT" time="1384.33" errors="0">
  <testcase name="create_a_new_campaign" time="88.701" classname="library.Campaigns_Testcases"/>
  <testcase name="update_campaign_name" time="39.756" classname="library.CanpaignsEdit_TestCases"/>
  <testcase name="test_is_empty" time="8.204" classname="library.CampaignsRestore_Testcases"/>
  <testcase name="publish_campaign" time="35.881" classname="library.CampaignsPublish_Testcases">
    <failure type="org.openqa.selenium.WebDriverException" message="Element is not clickable at point (294.33331298828125, 6.8333282470703125). Other element would receive the click: &amp;lt;div class=&amp;quot;page-header md-shadow-z-1-i navbar navbar-fixed-top&amp;quot;&amp;gt;&amp;lt;/div&amp;gt;
Command duration or timeout: 881 milliseconds
Build info: version: &amp;apos;2.53.1&amp;apos;, revision: &amp;apos;a36b8b1&amp;apos;, time: &amp;apos;2016-06-30 17:37:03&amp;apos;
System info: host: &amp;apos;remote-wkstn3&amp;apos;, ip: &amp;apos;10.16.1.107&amp;apos;, os.name: &amp;apos;Windows 7&amp;apos;, os.arch: &amp;apos;amd64&amp;apos;, os.version: &amp;apos;6.1&amp;apos;, java.version: &amp;apos;1.8.0_121&amp;apos;
Driver info: org.openqa.selenium.firefox.FirefoxDriver
Capabilities [{applicationCacheEnabled=true, rotatable=false, handlesAlerts=true, databaseEnabled=true, version=42.0, platform=WINDOWS, nativeEvents=false, acceptSslCerts=true, webStorageEnabled=true, locationContextEnabled=true, browserName=firefox, takesScreenshot=true, javascriptEnabled=true, cssSelectorsEnabled=true}]
Session ID: 865d415b-fa78-4e11-8778-ec11ed5b4c4d">
      <![CDATA[org.openqa.selenium.WebDriverException: Element is not clickable at point (294.33331298828125, 6.8333282470703125). Other element would receive the click: <div class="page-header md-shadow-z-1-i navbar navbar-fixed-top"></div>
Command duration or timeout: 881 milliseconds
Build info: version: '2.53.1', revision: 'a36b8b1', time: '2016-06-30 17:37:03'
System info: host: 'remote-wkstn3', ip: '10.16.1.107', os.name: 'Windows 7', os.arch: 'amd64', os.version: '6.1', java.version: '1.8.0_121'
Driver info: org.openqa.selenium.firefox.FirefoxDriver
Capabilities [{applicationCacheEnabled=true, rotatable=false, handlesAlerts=true, databaseEnabled=true, version=42.0, platform=WINDOWS, nativeEvents=false, acceptSslCerts=true, webStorageEnabled=true, locationContextEnabled=true, browserName=firefox, takesScreenshot=true, javascriptEnabled=true, cssSelectorsEnabled=true}]
Session ID: 865d415b-fa78-4e11-8778-ec11ed5b4c4d
	at org.openqa.selenium.remote.ErrorHandler.createThrowable(ErrorHandler.java:206)
	at org.openqa.selenium.remote.ErrorHandler.throwIfResponseFailed(ErrorHandler.java:158)
	at org.openqa.selenium.remote.RemoteWebDriver.execute(RemoteWebDriver.java:678)
	at org.openqa.selenium.remote.RemoteWebElement.execute(RemoteWebElement.java:327)
	at org.openqa.selenium.remote.RemoteWebElement.click(RemoteWebElement.java:85)
	at library.CampaignPublishPage.checkAll(CampaignPublishPage.java:28)
	at library.CampaignsPublish_Testcases.publish_campaign(CampaignsPublish_Testcases.java:17)
	at java.util.concurrent.FutureTask.run(FutureTask.java:266)
	at java.util.concurrent.ThreadPoolExecutor.runWorker(ThreadPoolExecutor.java:1142)
	at java.util.concurrent.ThreadPoolExecutor$Worker.run(ThreadPoolExecutor.java:617)
	at java.lang.Thread.run(Thread.java:745)
... Removed 20 stack frames]]>
    </failure>
  </testcase> <!-- publish_campaign -->
  <testcase name="create_a_new_campaign_without_clientname" time="31.004" classname="library.Campaigns_Testcases"/>
  <testcase name="update_campaign_name_to_previous_name" time="39.127" classname="library.CanpaignsEdit_TestCases"/>
  <testcase name="cancel_publish_campaign" time="29.809" classname="library.CampaignsPublish_Testcases"/>
  <testcase name="create_a_new_campaign_without_campaignname" time="38.625" classname="library.Campaigns_Testcases"/>
  <testcase name="update_campaign_client" time="15.332" classname="library.CanpaignsEdit_TestCases"/>
  <testcase name="create_a_new_campaign_without_brand" time="51.917" classname="library.Campaigns_Testcases"/>
  <testcase name="update_campaign_clientname_to_previous_client" time="33.512" classname="library.CanpaignsEdit_TestCases">
    <failure type="org.openqa.selenium.NoSuchElementException" message="Unable to locate element: {&amp;quot;method&amp;quot;:&amp;quot;xpath&amp;quot;,&amp;quot;selector&amp;quot;:&amp;quot;btnSubmit&amp;quot;}
Command duration or timeout: 10.13 seconds
For documentation on this error, please visit: http://seleniumhq.org/exceptions/no_such_element.html
Build info: version: &amp;apos;2.53.1&amp;apos;, revision: &amp;apos;a36b8b1&amp;apos;, time: &amp;apos;2016-06-30 17:37:03&amp;apos;
System info: host: &amp;apos;remote-wkstn3&amp;apos;, ip: &amp;apos;10.16.1.107&amp;apos;, os.name: &amp;apos;Windows 7&amp;apos;, os.arch: &amp;apos;amd64&amp;apos;, os.version: &amp;apos;6.1&amp;apos;, java.version: &amp;apos;1.8.0_121&amp;apos;
Driver info: org.openqa.selenium.firefox.FirefoxDriver
Capabilities [{applicationCacheEnabled=true, rotatable=false, handlesAlerts=true, databaseEnabled=true, version=42.0, platform=WINDOWS, nativeEvents=false, acceptSslCerts=true, webStorageEnabled=true, locationContextEnabled=true, browserName=firefox, takesScreenshot=true, javascriptEnabled=true, cssSelectorsEnabled=true}]
Session ID: 779a8f91-3560-4328-9db9-cf4c0f660d6d
*** Element info: {Using=xpath, value=btnSubmit}">
      <![CDATA[org.openqa.selenium.NoSuchElementException: Unable to locate element: {"method":"xpath","selector":"btnSubmit"}
Command duration or timeout: 10.13 seconds
For documentation on this error, please visit: http://seleniumhq.org/exceptions/no_such_element.html
Build info: version: '2.53.1', revision: 'a36b8b1', time: '2016-06-30 17:37:03'
System info: host: 'remote-wkstn3', ip: '10.16.1.107', os.name: 'Windows 7', os.arch: 'amd64', os.version: '6.1', java.version: '1.8.0_121'
Driver info: org.openqa.selenium.firefox.FirefoxDriver
Capabilities [{applicationCacheEnabled=true, rotatable=false, handlesAlerts=true, databaseEnabled=true, version=42.0, platform=WINDOWS, nativeEvents=false, acceptSslCerts=true, webStorageEnabled=true, locationContextEnabled=true, browserName=firefox, takesScreenshot=true, javascriptEnabled=true, cssSelectorsEnabled=true}]
Session ID: 779a8f91-3560-4328-9db9-cf4c0f660d6d
*** Element info: {Using=xpath, value=btnSubmit}
	at org.openqa.selenium.remote.ErrorHandler.createThrowable(ErrorHandler.java:206)
	at org.openqa.selenium.remote.ErrorHandler.throwIfResponseFailed(ErrorHandler.java:158)
	at org.openqa.selenium.remote.RemoteWebDriver.execute(RemoteWebDriver.java:678)
	at org.openqa.selenium.remote.RemoteWebDriver.findElement(RemoteWebDriver.java:363)
	at org.openqa.selenium.remote.RemoteWebDriver.findElementByXPath(RemoteWebDriver.java:500)
	at org.openqa.selenium.By$ByXPath.findElement(By.java:361)
	at org.openqa.selenium.remote.RemoteWebDriver.findElement(RemoteWebDriver.java:355)
	at library.CampaignEditPage.updateClientNameTo(CampaignEditPage.java:44)
	at library.CanpaignsEdit_TestCases.update_campaign_clientname_to_previous_client(CanpaignsEdit_TestCases.java:56)
	at java.util.concurrent.FutureTask.run(FutureTask.java:266)
	at java.util.concurrent.ThreadPoolExecutor.runWorker(ThreadPoolExecutor.java:1142)
	at java.util.concurrent.ThreadPoolExecutor$Worker.run(ThreadPoolExecutor.java:617)
	at java.lang.Thread.run(Thread.java:745)
Caused by: org.openqa.selenium.NoSuchElementException: Unable to locate element: {"method":"xpath","selector":"btnSubmit"}
For documentation on this error, please visit: http://seleniumhq.org/exceptions/no_such_element.html
Build info: version: '2.53.1', revision: 'a36b8b1', time: '2016-06-30 17:37:03'
System info: host: 'remote-wkstn3', ip: '10.16.1.107', os.name: 'Windows 7', os.arch: 'amd64', os.version: '6.1', java.version: '1.8.0_121'
Driver info: driver.version: unknown
	at <anonymous class>.FirefoxDriver.prototype.findElementInternal_(file:///C:/Users/ARJUN~1.KAR/AppData/Local/Temp/anonymous2953897769594577875webdriver-profile/extensions/fxdriver@googlecode.com/components/driver-component.js:10770)
	at <anonymous class>.fxdriver.Timer.prototype.setTimeout/<.notify(file:///C:/Users/ARJUN~1.KAR/AppData/Local/Temp/anonymous2953897769594577875webdriver-profile/extensions/fxdriver@googlecode.com/components/driver-component.js:625)
... Removed 20 stack frames]]>
    </failure>
  </testcase> <!-- update_campaign_clientname_to_previous_client -->
  <testcase name="create_a_new_campaign_without_program" time="44.802" classname="library.Campaigns_Testcases"/>
  <testcase name="update_campaign_brands" time="45.891" classname="library.CanpaignsEdit_TestCases"/>
  <testcase name="create_a_new_campaign_without_series" time="43.152" classname="library.Campaigns_Testcases">
    <failure type="java.lang.AssertionError" message="expected [1] but found [0]">
      <![CDATA[java.lang.AssertionError: expected [1] but found [0]
	at library.CampaignPage.validateUpdates(CampaignPage.java:244)
	at library.Campaigns_Testcases.create_a_new_campaign_without_series(Campaigns_Testcases.java:115)
	at java.util.concurrent.FutureTask.run(FutureTask.java:266)
	at java.util.concurrent.ThreadPoolExecutor.runWorker(ThreadPoolExecutor.java:1142)
	at java.util.concurrent.ThreadPoolExecutor$Worker.run(ThreadPoolExecutor.java:617)
	at java.lang.Thread.run(Thread.java:745)
... Removed 22 stack frames]]>
    </failure>
  </testcase> <!-- create_a_new_campaign_without_series -->
  <testcase name="update_campaign_brands_to_previous" time="41.645" classname="library.CanpaignsEdit_TestCases"/>
  <testcase name="click_cancel_button_in_campaign_add_page" time="24.849" classname="library.Campaigns_Testcases"/>
  <testcase name="update_campaign_programs" time="28.37" classname="library.CanpaignsEdit_TestCases">
    <failure type="org.openqa.selenium.WebDriverException" message="Element is not clickable at point (1813, 790.7000122070312). Other element would receive the click: &amp;lt;div style=&amp;quot;&amp;quot; class=&amp;quot;select2-drop-mask&amp;quot; id=&amp;quot;select2-drop-mask&amp;quot;&amp;gt;&amp;lt;/div&amp;gt;
Command duration or timeout: 160 milliseconds
Build info: version: &amp;apos;2.53.1&amp;apos;, revision: &amp;apos;a36b8b1&amp;apos;, time: &amp;apos;2016-06-30 17:37:03&amp;apos;
System info: host: &amp;apos;remote-wkstn3&amp;apos;, ip: &amp;apos;10.16.1.107&amp;apos;, os.name: &amp;apos;Windows 7&amp;apos;, os.arch: &amp;apos;amd64&amp;apos;, os.version: &amp;apos;6.1&amp;apos;, java.version: &amp;apos;1.8.0_121&amp;apos;
Driver info: org.openqa.selenium.firefox.FirefoxDriver
Capabilities [{applicationCacheEnabled=true, rotatable=false, handlesAlerts=true, databaseEnabled=true, version=42.0, platform=WINDOWS, nativeEvents=false, acceptSslCerts=true, webStorageEnabled=true, locationContextEnabled=true, browserName=firefox, takesScreenshot=true, javascriptEnabled=true, cssSelectorsEnabled=true}]
Session ID: 5d68415d-2990-4c34-906c-8c16a9200470">
      <![CDATA[org.openqa.selenium.WebDriverException: Element is not clickable at point (1813, 790.7000122070312). Other element would receive the click: <div style="" class="select2-drop-mask" id="select2-drop-mask"></div>
Command duration or timeout: 160 milliseconds
Build info: version: '2.53.1', revision: 'a36b8b1', time: '2016-06-30 17:37:03'
System info: host: 'remote-wkstn3', ip: '10.16.1.107', os.name: 'Windows 7', os.arch: 'amd64', os.version: '6.1', java.version: '1.8.0_121'
Driver info: org.openqa.selenium.firefox.FirefoxDriver
Capabilities [{applicationCacheEnabled=true, rotatable=false, handlesAlerts=true, databaseEnabled=true, version=42.0, platform=WINDOWS, nativeEvents=false, acceptSslCerts=true, webStorageEnabled=true, locationContextEnabled=true, browserName=firefox, takesScreenshot=true, javascriptEnabled=true, cssSelectorsEnabled=true}]
Session ID: 5d68415d-2990-4c34-906c-8c16a9200470
	at org.openqa.selenium.remote.ErrorHandler.createThrowable(ErrorHandler.java:206)
	at org.openqa.selenium.remote.ErrorHandler.throwIfResponseFailed(ErrorHandler.java:158)
	at org.openqa.selenium.remote.RemoteWebDriver.execute(RemoteWebDriver.java:678)
	at org.openqa.selenium.remote.RemoteWebElement.execute(RemoteWebElement.java:327)
	at org.openqa.selenium.remote.RemoteWebElement.click(RemoteWebElement.java:85)
	at library.CampaignEditPage.clickSubmit(CampaignEditPage.java:155)
	at library.CanpaignsEdit_TestCases.update_campaign_programs(CanpaignsEdit_TestCases.java:103)
	at java.util.concurrent.FutureTask.run(FutureTask.java:266)
	at java.util.concurrent.ThreadPoolExecutor.runWorker(ThreadPoolExecutor.java:1142)
	at java.util.concurrent.ThreadPoolExecutor$Worker.run(ThreadPoolExecutor.java:617)
	at java.lang.Thread.run(Thread.java:745)
... Removed 20 stack frames]]>
    </failure>
  </testcase> <!-- update_campaign_programs -->
  <testcase name="delete_campaign_from_db" time="3.282" classname="library.Campaigns_Testcases"/>
  <testcase name="update_campaign_programs_to_previous" time="39.902" classname="library.CanpaignsEdit_TestCases"/>
  <testcase name="update_campaign_series" time="47.93" classname="library.CanpaignsEdit_TestCases"/>
  <testcase name="update_campaign_series_to_previous" time="41.004" classname="library.CanpaignsEdit_TestCases"/>
  <testcase name="update_campaign_workflow_to_approved" time="33.059" classname="library.CanpaignsEdit_TestCases"/>
  <testcase name="update_campaign_workflow_to_draft" time="21.865" classname="library.CanpaignsEdit_TestCases">
    <failure type="java.lang.AssertionError" message="expected [CODA - Campaigns] but found [CODA - Campaigns - Edit]">
      <![CDATA[java.lang.AssertionError: expected [CODA - Campaigns] but found [CODA - Campaigns - Edit]
	at library.CampaignEditPage.setWorkFlowTo(CampaignEditPage.java:126)
	at library.CanpaignsEdit_TestCases.update_campaign_workflow_to_draft(CanpaignsEdit_TestCases.java:171)
	at java.util.concurrent.FutureTask.run(FutureTask.java:266)
	at java.util.concurrent.ThreadPoolExecutor.runWorker(ThreadPoolExecutor.java:1142)
	at java.util.concurrent.ThreadPoolExecutor$Worker.run(ThreadPoolExecutor.java:617)
	at java.lang.Thread.run(Thread.java:745)
... Removed 22 stack frames]]>
    </failure>
  </testcase> <!-- update_campaign_workflow_to_draft -->
  <testcase name="inactivate_campaign" time="39.494" classname="library.CanpaignsEdit_TestCases"/>
  <testcase name="activate_campaign" time="37.923" classname="library.CanpaignsEdit_TestCases"/>
  <testcase name="archive_campaign" time="21.38" classname="library.CanpaignsEdit_TestCases"/>
  <testcase name="restorte_campaign" time="29.93" classname="library.CanpaignsEdit_TestCases"/>
  <testcase name="camp_mass_advance_workflow" time="74.628" classname="library.CanpaignsEdit_TestCases"/>
  <testcase name="update_camp_mass_advance_workflow" time="76.295" classname="library.CanpaignsEdit_TestCases"/>
  <testcase name="@AfterSuite tearDown" time="0.0" classname="Utility.TestBase">
    <ignored/>
  </testcase> <!-- @AfterSuite tearDown -->
  <testcase name="@AfterSuite tearDown" time="0.0" classname="Utility.TestBase">
    <ignored/>
  </testcase> <!-- @AfterSuite tearDown -->
  <testcase name="@AfterSuite tearDown" time="0.0" classname="Utility.TestBase">
    <ignored/>
  </testcase> <!-- @AfterSuite tearDown -->
</testsuite> <!-- CAMPAIGN TESTCASES -->
