<?xml version="1.0" encoding="UTF-8"?>
<!-- Generated by org.testng.reporters.JUnitXMLReporter -->
<testsuite hostname="remote-wkstn3" ignored="3" name="CAMPAIGN TESTCASES" tests="29" failures="7" timestamp="07 Aug 2017 20:37:30 GMT" time="1302.539" errors="0">
  <testcase name="create_a_new_campaign" time="23.697" classname="library.Campaigns_Testcases">
    <failure type="org.openqa.selenium.WebDriverException" message="unknown error: Element &amp;lt;input type=&amp;quot;text&amp;quot; autocomplete=&amp;quot;off&amp;quot; autocorrect=&amp;quot;off&amp;quot; autocapitalize=&amp;quot;off&amp;quot; spellcheck=&amp;quot;false&amp;quot; class=&amp;quot;select2-input select2-focused&amp;quot; id=&amp;quot;s2id_autogen79&amp;quot; placeholder=&amp;quot;&amp;quot; style=&amp;quot;width: 1315px;&amp;quot; aria-activedescendant=&amp;quot;select2-result-label-81&amp;quot;&amp;gt; is not clickable at point (1201, 448). Other element would receive the click: &amp;lt;div id=&amp;quot;select2-drop-mask&amp;quot; class=&amp;quot;select2-drop-mask&amp;quot; style=&amp;quot;display: block;&amp;quot;&amp;gt;&amp;lt;/div&amp;gt;
  (Session info: chrome=60.0.3112.90)
  (Driver info: chromedriver=2.29.461591 (62ebf098771772160f391d75e589dc567915b233),platform=Windows NT 6.1.7601 SP1 x86_64) (WARNING: The server did not provide any stacktrace information)
Command duration or timeout: 54 milliseconds
Build info: version: &amp;apos;2.53.1&amp;apos;, revision: &amp;apos;a36b8b1&amp;apos;, time: &amp;apos;2016-06-30 17:37:03&amp;apos;
System info: host: &amp;apos;remote-wkstn3&amp;apos;, ip: &amp;apos;10.16.1.107&amp;apos;, os.name: &amp;apos;Windows 7&amp;apos;, os.arch: &amp;apos;amd64&amp;apos;, os.version: &amp;apos;6.1&amp;apos;, java.version: &amp;apos;1.8.0_121&amp;apos;
Driver info: org.openqa.selenium.chrome.ChromeDriver
Capabilities [{applicationCacheEnabled=false, rotatable=false, mobileEmulationEnabled=false, networkConnectionEnabled=false, chrome={chromedriverVersion=2.29.461591 (62ebf098771772160f391d75e589dc567915b233), userDataDir=C:\Users\ARJUN~1.KAR\AppData\Local\Temp\scoped_dir60780_5133}, takesHeapSnapshot=true, pageLoadStrategy=normal, databaseEnabled=false, handlesAlerts=true, hasTouchScreen=false, version=60.0.3112.90, platform=XP, browserConnectionEnabled=false, nativeEvents=true, acceptSslCerts=true, locationContextEnabled=true, webStorageEnabled=true, browserName=chrome, takesScreenshot=true, javascriptEnabled=true, cssSelectorsEnabled=true, unexpectedAlertBehaviour=accept}]
Session ID: 8d0c7872373915a24d2be7f9f5bc58d4">
      <![CDATA[org.openqa.selenium.WebDriverException: unknown error: Element <input type="text" autocomplete="off" autocorrect="off" autocapitalize="off" spellcheck="false" class="select2-input select2-focused" id="s2id_autogen79" placeholder="" style="width: 1315px;" aria-activedescendant="select2-result-label-81"> is not clickable at point (1201, 448). Other element would receive the click: <div id="select2-drop-mask" class="select2-drop-mask" style="display: block;"></div>
  (Session info: chrome=60.0.3112.90)
  (Driver info: chromedriver=2.29.461591 (62ebf098771772160f391d75e589dc567915b233),platform=Windows NT 6.1.7601 SP1 x86_64) (WARNING: The server did not provide any stacktrace information)
Command duration or timeout: 54 milliseconds
Build info: version: '2.53.1', revision: 'a36b8b1', time: '2016-06-30 17:37:03'
System info: host: 'remote-wkstn3', ip: '10.16.1.107', os.name: 'Windows 7', os.arch: 'amd64', os.version: '6.1', java.version: '1.8.0_121'
Driver info: org.openqa.selenium.chrome.ChromeDriver
Capabilities [{applicationCacheEnabled=false, rotatable=false, mobileEmulationEnabled=false, networkConnectionEnabled=false, chrome={chromedriverVersion=2.29.461591 (62ebf098771772160f391d75e589dc567915b233), userDataDir=C:\Users\ARJUN~1.KAR\AppData\Local\Temp\scoped_dir60780_5133}, takesHeapSnapshot=true, pageLoadStrategy=normal, databaseEnabled=false, handlesAlerts=true, hasTouchScreen=false, version=60.0.3112.90, platform=XP, browserConnectionEnabled=false, nativeEvents=true, acceptSslCerts=true, locationContextEnabled=true, webStorageEnabled=true, browserName=chrome, takesScreenshot=true, javascriptEnabled=true, cssSelectorsEnabled=true, unexpectedAlertBehaviour=accept}]
Session ID: 8d0c7872373915a24d2be7f9f5bc58d4
	at org.openqa.selenium.remote.ErrorHandler.createThrowable(ErrorHandler.java:206)
	at org.openqa.selenium.remote.ErrorHandler.throwIfResponseFailed(ErrorHandler.java:158)
	at org.openqa.selenium.remote.RemoteWebDriver.execute(RemoteWebDriver.java:678)
	at org.openqa.selenium.remote.RemoteWebElement.execute(RemoteWebElement.java:327)
	at org.openqa.selenium.remote.RemoteWebElement.click(RemoteWebElement.java:85)
	at library.CampaignAddPage.addBrand(CampaignAddPage.java:22)
	at library.Campaigns_Testcases.create_a_new_campaign(Campaigns_Testcases.java:20)
	at java.util.concurrent.FutureTask.run(FutureTask.java:266)
	at java.util.concurrent.ThreadPoolExecutor.runWorker(ThreadPoolExecutor.java:1142)
	at java.util.concurrent.ThreadPoolExecutor$Worker.run(ThreadPoolExecutor.java:617)
	at java.lang.Thread.run(Thread.java:745)
... Removed 20 stack frames]]>
    </failure>
  </testcase> <!-- create_a_new_campaign -->
  <testcase name="update_campaign_name" time="33.511" classname="library.CanpaignsEdit_TestCases"/>
  <testcase name="test_is_empty" time="8.783" classname="library.CampaignsRestore_Testcases"/>
  <testcase name="publish_campaign" time="165.887" classname="library.CampaignsPublish_Testcases"/>
  <testcase name="create_a_new_campaign_without_clientname" time="25.292" classname="library.Campaigns_Testcases"/>
  <testcase name="update_campaign_name_to_previous_name" time="34.229" classname="library.CanpaignsEdit_TestCases"/>
  <testcase name="cancel_publish_campaign" time="27.183" classname="library.CampaignsPublish_Testcases"/>
  <testcase name="create_a_new_campaign_without_campaignname" time="33.655" classname="library.Campaigns_Testcases"/>
  <testcase name="update_campaign_client" time="36.114" classname="library.CanpaignsEdit_TestCases"/>
  <testcase name="create_a_new_campaign_without_brand" time="0.0" classname="library.Campaigns_Testcases">
    <skipped/>
  </testcase> <!-- create_a_new_campaign_without_brand -->
  <testcase name="update_campaign_clientname_to_previous_client" time="41.485" classname="library.CanpaignsEdit_TestCases"/>
  <testcase name="create_a_new_campaign_without_program" time="0.0" classname="library.Campaigns_Testcases">
    <skipped/>
  </testcase> <!-- create_a_new_campaign_without_program -->
  <testcase name="update_campaign_brands" time="29.894" classname="library.CanpaignsEdit_TestCases">
    <failure type="org.openqa.selenium.NoSuchElementException" message="no such element: Unable to locate element: {&amp;quot;method&amp;quot;:&amp;quot;xpath&amp;quot;,&amp;quot;selector&amp;quot;:&amp;quot;.//*[@id=&amp;apos;s2id_autogen80&amp;apos;]&amp;quot;}
  (Session info: chrome=60.0.3112.90)
  (Driver info: chromedriver=2.29.461591 (62ebf098771772160f391d75e589dc567915b233),platform=Windows NT 6.1.7601 SP1 x86_64) (WARNING: The server did not provide any stacktrace information)
Command duration or timeout: 10.04 seconds
For documentation on this error, please visit: http://seleniumhq.org/exceptions/no_such_element.html
Build info: version: &amp;apos;2.53.1&amp;apos;, revision: &amp;apos;a36b8b1&amp;apos;, time: &amp;apos;2016-06-30 17:37:03&amp;apos;
System info: host: &amp;apos;remote-wkstn3&amp;apos;, ip: &amp;apos;10.16.1.107&amp;apos;, os.name: &amp;apos;Windows 7&amp;apos;, os.arch: &amp;apos;amd64&amp;apos;, os.version: &amp;apos;6.1&amp;apos;, java.version: &amp;apos;1.8.0_121&amp;apos;
Driver info: org.openqa.selenium.chrome.ChromeDriver
Capabilities [{applicationCacheEnabled=false, rotatable=false, mobileEmulationEnabled=false, networkConnectionEnabled=false, chrome={chromedriverVersion=2.29.461591 (62ebf098771772160f391d75e589dc567915b233), userDataDir=C:\Users\ARJUN~1.KAR\AppData\Local\Temp\scoped_dir68980_3442}, takesHeapSnapshot=true, pageLoadStrategy=normal, databaseEnabled=false, handlesAlerts=true, hasTouchScreen=false, version=60.0.3112.90, platform=XP, browserConnectionEnabled=false, nativeEvents=true, acceptSslCerts=true, locationContextEnabled=true, webStorageEnabled=true, browserName=chrome, takesScreenshot=true, javascriptEnabled=true, cssSelectorsEnabled=true, unexpectedAlertBehaviour=accept}]
Session ID: 853f6ad7a7b6efd8a8e965bd75a9dfa9
*** Element info: {Using=xpath, value=.//*[@id=&amp;apos;s2id_autogen80&amp;apos;]}">
      <![CDATA[org.openqa.selenium.NoSuchElementException: no such element: Unable to locate element: {"method":"xpath","selector":".//*[@id='s2id_autogen80']"}
  (Session info: chrome=60.0.3112.90)
  (Driver info: chromedriver=2.29.461591 (62ebf098771772160f391d75e589dc567915b233),platform=Windows NT 6.1.7601 SP1 x86_64) (WARNING: The server did not provide any stacktrace information)
Command duration or timeout: 10.04 seconds
For documentation on this error, please visit: http://seleniumhq.org/exceptions/no_such_element.html
Build info: version: '2.53.1', revision: 'a36b8b1', time: '2016-06-30 17:37:03'
System info: host: 'remote-wkstn3', ip: '10.16.1.107', os.name: 'Windows 7', os.arch: 'amd64', os.version: '6.1', java.version: '1.8.0_121'
Driver info: org.openqa.selenium.chrome.ChromeDriver
Capabilities [{applicationCacheEnabled=false, rotatable=false, mobileEmulationEnabled=false, networkConnectionEnabled=false, chrome={chromedriverVersion=2.29.461591 (62ebf098771772160f391d75e589dc567915b233), userDataDir=C:\Users\ARJUN~1.KAR\AppData\Local\Temp\scoped_dir68980_3442}, takesHeapSnapshot=true, pageLoadStrategy=normal, databaseEnabled=false, handlesAlerts=true, hasTouchScreen=false, version=60.0.3112.90, platform=XP, browserConnectionEnabled=false, nativeEvents=true, acceptSslCerts=true, locationContextEnabled=true, webStorageEnabled=true, browserName=chrome, takesScreenshot=true, javascriptEnabled=true, cssSelectorsEnabled=true, unexpectedAlertBehaviour=accept}]
Session ID: 853f6ad7a7b6efd8a8e965bd75a9dfa9
*** Element info: {Using=xpath, value=.//*[@id='s2id_autogen80']}
	at org.openqa.selenium.remote.ErrorHandler.createThrowable(ErrorHandler.java:206)
	at org.openqa.selenium.remote.ErrorHandler.throwIfResponseFailed(ErrorHandler.java:158)
	at org.openqa.selenium.remote.RemoteWebDriver.execute(RemoteWebDriver.java:678)
	at org.openqa.selenium.remote.RemoteWebDriver.findElement(RemoteWebDriver.java:363)
	at org.openqa.selenium.remote.RemoteWebDriver.findElementByXPath(RemoteWebDriver.java:500)
	at org.openqa.selenium.By$ByXPath.findElement(By.java:361)
	at org.openqa.selenium.remote.RemoteWebDriver.findElement(RemoteWebDriver.java:355)
	at library.CampaignEditPage.deleteEntryInBrandField(CampaignEditPage.java:203)
	at library.CanpaignsEdit_TestCases.update_campaign_brands(CanpaignsEdit_TestCases.java:72)
	at java.util.concurrent.FutureTask.run(FutureTask.java:266)
	at java.util.concurrent.ThreadPoolExecutor.runWorker(ThreadPoolExecutor.java:1142)
	at java.util.concurrent.ThreadPoolExecutor$Worker.run(ThreadPoolExecutor.java:617)
	at java.lang.Thread.run(Thread.java:745)
... Removed 20 stack frames]]>
    </failure>
  </testcase> <!-- update_campaign_brands -->
  <testcase name="create_a_new_campaign_without_series" time="38.172" classname="library.Campaigns_Testcases">
    <failure type="java.lang.AssertionError" message="expected [1] but found [0]">
      <![CDATA[java.lang.AssertionError: expected [1] but found [0]
	at library.CampaignPage.validateUpdates(CampaignPage.java:244)
	at library.Campaigns_Testcases.create_a_new_campaign_without_series(Campaigns_Testcases.java:115)
	at java.util.concurrent.FutureTask.run(FutureTask.java:266)
	at java.util.concurrent.ThreadPoolExecutor.runWorker(ThreadPoolExecutor.java:1142)
	at java.util.concurrent.ThreadPoolExecutor$Worker.run(ThreadPoolExecutor.java:617)
	at java.lang.Thread.run(Thread.java:745)
... Removed 22 stack frames]]>
    </failure>
  </testcase> <!-- create_a_new_campaign_without_series -->
  <testcase name="update_campaign_brands_to_previous" time="29.614" classname="library.CanpaignsEdit_TestCases">
    <failure type="org.openqa.selenium.NoSuchElementException" message="no such element: Unable to locate element: {&amp;quot;method&amp;quot;:&amp;quot;xpath&amp;quot;,&amp;quot;selector&amp;quot;:&amp;quot;.//*[@id=&amp;apos;s2id_autogen80&amp;apos;]&amp;quot;}
  (Session info: chrome=60.0.3112.90)
  (Driver info: chromedriver=2.29.461591 (62ebf098771772160f391d75e589dc567915b233),platform=Windows NT 6.1.7601 SP1 x86_64) (WARNING: The server did not provide any stacktrace information)
Command duration or timeout: 10.03 seconds
For documentation on this error, please visit: http://seleniumhq.org/exceptions/no_such_element.html
Build info: version: &amp;apos;2.53.1&amp;apos;, revision: &amp;apos;a36b8b1&amp;apos;, time: &amp;apos;2016-06-30 17:37:03&amp;apos;
System info: host: &amp;apos;remote-wkstn3&amp;apos;, ip: &amp;apos;10.16.1.107&amp;apos;, os.name: &amp;apos;Windows 7&amp;apos;, os.arch: &amp;apos;amd64&amp;apos;, os.version: &amp;apos;6.1&amp;apos;, java.version: &amp;apos;1.8.0_121&amp;apos;
Driver info: org.openqa.selenium.chrome.ChromeDriver
Capabilities [{applicationCacheEnabled=false, rotatable=false, mobileEmulationEnabled=false, networkConnectionEnabled=false, chrome={chromedriverVersion=2.29.461591 (62ebf098771772160f391d75e589dc567915b233), userDataDir=C:\Users\ARJUN~1.KAR\AppData\Local\Temp\scoped_dir71188_11062}, takesHeapSnapshot=true, pageLoadStrategy=normal, databaseEnabled=false, handlesAlerts=true, hasTouchScreen=false, version=60.0.3112.90, platform=XP, browserConnectionEnabled=false, nativeEvents=true, acceptSslCerts=true, locationContextEnabled=true, webStorageEnabled=true, browserName=chrome, takesScreenshot=true, javascriptEnabled=true, cssSelectorsEnabled=true, unexpectedAlertBehaviour=accept}]
Session ID: 8b18aa004b984e115330a4ca5d64f6b9
*** Element info: {Using=xpath, value=.//*[@id=&amp;apos;s2id_autogen80&amp;apos;]}">
      <![CDATA[org.openqa.selenium.NoSuchElementException: no such element: Unable to locate element: {"method":"xpath","selector":".//*[@id='s2id_autogen80']"}
  (Session info: chrome=60.0.3112.90)
  (Driver info: chromedriver=2.29.461591 (62ebf098771772160f391d75e589dc567915b233),platform=Windows NT 6.1.7601 SP1 x86_64) (WARNING: The server did not provide any stacktrace information)
Command duration or timeout: 10.03 seconds
For documentation on this error, please visit: http://seleniumhq.org/exceptions/no_such_element.html
Build info: version: '2.53.1', revision: 'a36b8b1', time: '2016-06-30 17:37:03'
System info: host: 'remote-wkstn3', ip: '10.16.1.107', os.name: 'Windows 7', os.arch: 'amd64', os.version: '6.1', java.version: '1.8.0_121'
Driver info: org.openqa.selenium.chrome.ChromeDriver
Capabilities [{applicationCacheEnabled=false, rotatable=false, mobileEmulationEnabled=false, networkConnectionEnabled=false, chrome={chromedriverVersion=2.29.461591 (62ebf098771772160f391d75e589dc567915b233), userDataDir=C:\Users\ARJUN~1.KAR\AppData\Local\Temp\scoped_dir71188_11062}, takesHeapSnapshot=true, pageLoadStrategy=normal, databaseEnabled=false, handlesAlerts=true, hasTouchScreen=false, version=60.0.3112.90, platform=XP, browserConnectionEnabled=false, nativeEvents=true, acceptSslCerts=true, locationContextEnabled=true, webStorageEnabled=true, browserName=chrome, takesScreenshot=true, javascriptEnabled=true, cssSelectorsEnabled=true, unexpectedAlertBehaviour=accept}]
Session ID: 8b18aa004b984e115330a4ca5d64f6b9
*** Element info: {Using=xpath, value=.//*[@id='s2id_autogen80']}
	at org.openqa.selenium.remote.ErrorHandler.createThrowable(ErrorHandler.java:206)
	at org.openqa.selenium.remote.ErrorHandler.throwIfResponseFailed(ErrorHandler.java:158)
	at org.openqa.selenium.remote.RemoteWebDriver.execute(RemoteWebDriver.java:678)
	at org.openqa.selenium.remote.RemoteWebDriver.findElement(RemoteWebDriver.java:363)
	at org.openqa.selenium.remote.RemoteWebDriver.findElementByXPath(RemoteWebDriver.java:500)
	at org.openqa.selenium.By$ByXPath.findElement(By.java:361)
	at org.openqa.selenium.remote.RemoteWebDriver.findElement(RemoteWebDriver.java:355)
	at library.CampaignEditPage.deleteEntryInBrandField(CampaignEditPage.java:203)
	at library.CanpaignsEdit_TestCases.update_campaign_brands_to_previous(CanpaignsEdit_TestCases.java:87)
	at java.util.concurrent.FutureTask.run(FutureTask.java:266)
	at java.util.concurrent.ThreadPoolExecutor.runWorker(ThreadPoolExecutor.java:1142)
	at java.util.concurrent.ThreadPoolExecutor$Worker.run(ThreadPoolExecutor.java:617)
	at java.lang.Thread.run(Thread.java:745)
... Removed 20 stack frames]]>
    </failure>
  </testcase> <!-- update_campaign_brands_to_previous -->
  <testcase name="click_cancel_button_in_campaign_add_page" time="20.499" classname="library.Campaigns_Testcases"/>
  <testcase name="update_campaign_programs" time="30.762" classname="library.CanpaignsEdit_TestCases">
    <failure type="org.openqa.selenium.NoSuchElementException" message="no such element: Unable to locate element: {&amp;quot;method&amp;quot;:&amp;quot;xpath&amp;quot;,&amp;quot;selector&amp;quot;:&amp;quot;.//*[@id=&amp;apos;s2id_autogen79&amp;apos;]&amp;quot;}
  (Session info: chrome=60.0.3112.90)
  (Driver info: chromedriver=2.29.461591 (62ebf098771772160f391d75e589dc567915b233),platform=Windows NT 6.1.7601 SP1 x86_64) (WARNING: The server did not provide any stacktrace information)
Command duration or timeout: 10.03 seconds
For documentation on this error, please visit: http://seleniumhq.org/exceptions/no_such_element.html
Build info: version: &amp;apos;2.53.1&amp;apos;, revision: &amp;apos;a36b8b1&amp;apos;, time: &amp;apos;2016-06-30 17:37:03&amp;apos;
System info: host: &amp;apos;remote-wkstn3&amp;apos;, ip: &amp;apos;10.16.1.107&amp;apos;, os.name: &amp;apos;Windows 7&amp;apos;, os.arch: &amp;apos;amd64&amp;apos;, os.version: &amp;apos;6.1&amp;apos;, java.version: &amp;apos;1.8.0_121&amp;apos;
Driver info: org.openqa.selenium.chrome.ChromeDriver
Capabilities [{applicationCacheEnabled=false, rotatable=false, mobileEmulationEnabled=false, networkConnectionEnabled=false, chrome={chromedriverVersion=2.29.461591 (62ebf098771772160f391d75e589dc567915b233), userDataDir=C:\Users\ARJUN~1.KAR\AppData\Local\Temp\scoped_dir23708_16785}, takesHeapSnapshot=true, pageLoadStrategy=normal, databaseEnabled=false, handlesAlerts=true, hasTouchScreen=false, version=60.0.3112.90, platform=XP, browserConnectionEnabled=false, nativeEvents=true, acceptSslCerts=true, locationContextEnabled=true, webStorageEnabled=true, browserName=chrome, takesScreenshot=true, javascriptEnabled=true, cssSelectorsEnabled=true, unexpectedAlertBehaviour=accept}]
Session ID: 6cd12f81fdf9d378fb62575821af6fc8
*** Element info: {Using=xpath, value=.//*[@id=&amp;apos;s2id_autogen79&amp;apos;]}">
      <![CDATA[org.openqa.selenium.NoSuchElementException: no such element: Unable to locate element: {"method":"xpath","selector":".//*[@id='s2id_autogen79']"}
  (Session info: chrome=60.0.3112.90)
  (Driver info: chromedriver=2.29.461591 (62ebf098771772160f391d75e589dc567915b233),platform=Windows NT 6.1.7601 SP1 x86_64) (WARNING: The server did not provide any stacktrace information)
Command duration or timeout: 10.03 seconds
For documentation on this error, please visit: http://seleniumhq.org/exceptions/no_such_element.html
Build info: version: '2.53.1', revision: 'a36b8b1', time: '2016-06-30 17:37:03'
System info: host: 'remote-wkstn3', ip: '10.16.1.107', os.name: 'Windows 7', os.arch: 'amd64', os.version: '6.1', java.version: '1.8.0_121'
Driver info: org.openqa.selenium.chrome.ChromeDriver
Capabilities [{applicationCacheEnabled=false, rotatable=false, mobileEmulationEnabled=false, networkConnectionEnabled=false, chrome={chromedriverVersion=2.29.461591 (62ebf098771772160f391d75e589dc567915b233), userDataDir=C:\Users\ARJUN~1.KAR\AppData\Local\Temp\scoped_dir23708_16785}, takesHeapSnapshot=true, pageLoadStrategy=normal, databaseEnabled=false, handlesAlerts=true, hasTouchScreen=false, version=60.0.3112.90, platform=XP, browserConnectionEnabled=false, nativeEvents=true, acceptSslCerts=true, locationContextEnabled=true, webStorageEnabled=true, browserName=chrome, takesScreenshot=true, javascriptEnabled=true, cssSelectorsEnabled=true, unexpectedAlertBehaviour=accept}]
Session ID: 6cd12f81fdf9d378fb62575821af6fc8
*** Element info: {Using=xpath, value=.//*[@id='s2id_autogen79']}
	at org.openqa.selenium.remote.ErrorHandler.createThrowable(ErrorHandler.java:206)
	at org.openqa.selenium.remote.ErrorHandler.throwIfResponseFailed(ErrorHandler.java:158)
	at org.openqa.selenium.remote.RemoteWebDriver.execute(RemoteWebDriver.java:678)
	at org.openqa.selenium.remote.RemoteWebDriver.findElement(RemoteWebDriver.java:363)
	at org.openqa.selenium.remote.RemoteWebDriver.findElementByXPath(RemoteWebDriver.java:500)
	at org.openqa.selenium.By$ByXPath.findElement(By.java:361)
	at org.openqa.selenium.remote.RemoteWebDriver.findElement(RemoteWebDriver.java:355)
	at library.CampaignEditPage.deleteEntryInProgramField(CampaignEditPage.java:216)
	at library.CanpaignsEdit_TestCases.update_campaign_programs(CanpaignsEdit_TestCases.java:101)
	at java.util.concurrent.FutureTask.run(FutureTask.java:266)
	at java.util.concurrent.ThreadPoolExecutor.runWorker(ThreadPoolExecutor.java:1142)
	at java.util.concurrent.ThreadPoolExecutor$Worker.run(ThreadPoolExecutor.java:617)
	at java.lang.Thread.run(Thread.java:745)
... Removed 20 stack frames]]>
    </failure>
  </testcase> <!-- update_campaign_programs -->
  <testcase name="delete_campaign_from_db" time="3.629" classname="library.Campaigns_Testcases"/>
  <testcase name="update_campaign_programs_to_previous" time="30.341" classname="library.CanpaignsEdit_TestCases">
    <failure type="org.openqa.selenium.NoSuchElementException" message="no such element: Unable to locate element: {&amp;quot;method&amp;quot;:&amp;quot;xpath&amp;quot;,&amp;quot;selector&amp;quot;:&amp;quot;.//*[@id=&amp;apos;s2id_autogen79&amp;apos;]&amp;quot;}
  (Session info: chrome=60.0.3112.90)
  (Driver info: chromedriver=2.29.461591 (62ebf098771772160f391d75e589dc567915b233),platform=Windows NT 6.1.7601 SP1 x86_64) (WARNING: The server did not provide any stacktrace information)
Command duration or timeout: 10.04 seconds
For documentation on this error, please visit: http://seleniumhq.org/exceptions/no_such_element.html
Build info: version: &amp;apos;2.53.1&amp;apos;, revision: &amp;apos;a36b8b1&amp;apos;, time: &amp;apos;2016-06-30 17:37:03&amp;apos;
System info: host: &amp;apos;remote-wkstn3&amp;apos;, ip: &amp;apos;10.16.1.107&amp;apos;, os.name: &amp;apos;Windows 7&amp;apos;, os.arch: &amp;apos;amd64&amp;apos;, os.version: &amp;apos;6.1&amp;apos;, java.version: &amp;apos;1.8.0_121&amp;apos;
Driver info: org.openqa.selenium.chrome.ChromeDriver
Capabilities [{applicationCacheEnabled=false, rotatable=false, mobileEmulationEnabled=false, networkConnectionEnabled=false, chrome={chromedriverVersion=2.29.461591 (62ebf098771772160f391d75e589dc567915b233), userDataDir=C:\Users\ARJUN~1.KAR\AppData\Local\Temp\scoped_dir8328_11585}, takesHeapSnapshot=true, pageLoadStrategy=normal, databaseEnabled=false, handlesAlerts=true, hasTouchScreen=false, version=60.0.3112.90, platform=XP, browserConnectionEnabled=false, nativeEvents=true, acceptSslCerts=true, locationContextEnabled=true, webStorageEnabled=true, browserName=chrome, takesScreenshot=true, javascriptEnabled=true, cssSelectorsEnabled=true, unexpectedAlertBehaviour=accept}]
Session ID: e9fbf4d8f5defb3bc053cd72feb50bb1
*** Element info: {Using=xpath, value=.//*[@id=&amp;apos;s2id_autogen79&amp;apos;]}">
      <![CDATA[org.openqa.selenium.NoSuchElementException: no such element: Unable to locate element: {"method":"xpath","selector":".//*[@id='s2id_autogen79']"}
  (Session info: chrome=60.0.3112.90)
  (Driver info: chromedriver=2.29.461591 (62ebf098771772160f391d75e589dc567915b233),platform=Windows NT 6.1.7601 SP1 x86_64) (WARNING: The server did not provide any stacktrace information)
Command duration or timeout: 10.04 seconds
For documentation on this error, please visit: http://seleniumhq.org/exceptions/no_such_element.html
Build info: version: '2.53.1', revision: 'a36b8b1', time: '2016-06-30 17:37:03'
System info: host: 'remote-wkstn3', ip: '10.16.1.107', os.name: 'Windows 7', os.arch: 'amd64', os.version: '6.1', java.version: '1.8.0_121'
Driver info: org.openqa.selenium.chrome.ChromeDriver
Capabilities [{applicationCacheEnabled=false, rotatable=false, mobileEmulationEnabled=false, networkConnectionEnabled=false, chrome={chromedriverVersion=2.29.461591 (62ebf098771772160f391d75e589dc567915b233), userDataDir=C:\Users\ARJUN~1.KAR\AppData\Local\Temp\scoped_dir8328_11585}, takesHeapSnapshot=true, pageLoadStrategy=normal, databaseEnabled=false, handlesAlerts=true, hasTouchScreen=false, version=60.0.3112.90, platform=XP, browserConnectionEnabled=false, nativeEvents=true, acceptSslCerts=true, locationContextEnabled=true, webStorageEnabled=true, browserName=chrome, takesScreenshot=true, javascriptEnabled=true, cssSelectorsEnabled=true, unexpectedAlertBehaviour=accept}]
Session ID: e9fbf4d8f5defb3bc053cd72feb50bb1
*** Element info: {Using=xpath, value=.//*[@id='s2id_autogen79']}
	at org.openqa.selenium.remote.ErrorHandler.createThrowable(ErrorHandler.java:206)
	at org.openqa.selenium.remote.ErrorHandler.throwIfResponseFailed(ErrorHandler.java:158)
	at org.openqa.selenium.remote.RemoteWebDriver.execute(RemoteWebDriver.java:678)
	at org.openqa.selenium.remote.RemoteWebDriver.findElement(RemoteWebDriver.java:363)
	at org.openqa.selenium.remote.RemoteWebDriver.findElementByXPath(RemoteWebDriver.java:500)
	at org.openqa.selenium.By$ByXPath.findElement(By.java:361)
	at org.openqa.selenium.remote.RemoteWebDriver.findElement(RemoteWebDriver.java:355)
	at library.CampaignEditPage.deleteEntryInProgramField(CampaignEditPage.java:216)
	at library.CanpaignsEdit_TestCases.update_campaign_programs_to_previous(CanpaignsEdit_TestCases.java:115)
	at java.util.concurrent.FutureTask.run(FutureTask.java:266)
	at java.util.concurrent.ThreadPoolExecutor.runWorker(ThreadPoolExecutor.java:1142)
	at java.util.concurrent.ThreadPoolExecutor$Worker.run(ThreadPoolExecutor.java:617)
	at java.lang.Thread.run(Thread.java:745)
... Removed 20 stack frames]]>
    </failure>
  </testcase> <!-- update_campaign_programs_to_previous -->
  <testcase name="update_campaign_series" time="42.851" classname="library.CanpaignsEdit_TestCases"/>
  <testcase name="update_campaign_series_to_previous" time="36.001" classname="library.CanpaignsEdit_TestCases"/>
  <testcase name="update_campaign_workflow_to_approved" time="30.474" classname="library.CanpaignsEdit_TestCases"/>
  <testcase name="update_campaign_workflow_to_draft" time="20.247" classname="library.CanpaignsEdit_TestCases">
    <failure type="org.openqa.selenium.WebDriverException" message="unknown error: Element &amp;lt;a href=&amp;quot;/campaign&amp;quot;&amp;gt;...&amp;lt;/a&amp;gt; is not clickable at point (117, 184). Other element would receive the click: &amp;lt;a href=&amp;quot;javascript:;&amp;quot;&amp;gt;...&amp;lt;/a&amp;gt;
  (Session info: chrome=60.0.3112.90)
  (Driver info: chromedriver=2.29.461591 (62ebf098771772160f391d75e589dc567915b233),platform=Windows NT 6.1.7601 SP1 x86_64) (WARNING: The server did not provide any stacktrace information)
Command duration or timeout: 76 milliseconds
Build info: version: &amp;apos;2.53.1&amp;apos;, revision: &amp;apos;a36b8b1&amp;apos;, time: &amp;apos;2016-06-30 17:37:03&amp;apos;
System info: host: &amp;apos;remote-wkstn3&amp;apos;, ip: &amp;apos;10.16.1.107&amp;apos;, os.name: &amp;apos;Windows 7&amp;apos;, os.arch: &amp;apos;amd64&amp;apos;, os.version: &amp;apos;6.1&amp;apos;, java.version: &amp;apos;1.8.0_121&amp;apos;
Driver info: org.openqa.selenium.chrome.ChromeDriver
Capabilities [{applicationCacheEnabled=false, rotatable=false, mobileEmulationEnabled=false, networkConnectionEnabled=false, chrome={chromedriverVersion=2.29.461591 (62ebf098771772160f391d75e589dc567915b233), userDataDir=C:\Users\ARJUN~1.KAR\AppData\Local\Temp\scoped_dir13080_27513}, takesHeapSnapshot=true, pageLoadStrategy=normal, databaseEnabled=false, handlesAlerts=true, hasTouchScreen=false, version=60.0.3112.90, platform=XP, browserConnectionEnabled=false, nativeEvents=true, acceptSslCerts=true, locationContextEnabled=true, webStorageEnabled=true, browserName=chrome, takesScreenshot=true, javascriptEnabled=true, cssSelectorsEnabled=true, unexpectedAlertBehaviour=accept}]
Session ID: 263d8c563d50bf4c956a3e7b93b30474">
      <![CDATA[org.openqa.selenium.WebDriverException: unknown error: Element <a href="/campaign">...</a> is not clickable at point (117, 184). Other element would receive the click: <a href="javascript:;">...</a>
  (Session info: chrome=60.0.3112.90)
  (Driver info: chromedriver=2.29.461591 (62ebf098771772160f391d75e589dc567915b233),platform=Windows NT 6.1.7601 SP1 x86_64) (WARNING: The server did not provide any stacktrace information)
Command duration or timeout: 76 milliseconds
Build info: version: '2.53.1', revision: 'a36b8b1', time: '2016-06-30 17:37:03'
System info: host: 'remote-wkstn3', ip: '10.16.1.107', os.name: 'Windows 7', os.arch: 'amd64', os.version: '6.1', java.version: '1.8.0_121'
Driver info: org.openqa.selenium.chrome.ChromeDriver
Capabilities [{applicationCacheEnabled=false, rotatable=false, mobileEmulationEnabled=false, networkConnectionEnabled=false, chrome={chromedriverVersion=2.29.461591 (62ebf098771772160f391d75e589dc567915b233), userDataDir=C:\Users\ARJUN~1.KAR\AppData\Local\Temp\scoped_dir13080_27513}, takesHeapSnapshot=true, pageLoadStrategy=normal, databaseEnabled=false, handlesAlerts=true, hasTouchScreen=false, version=60.0.3112.90, platform=XP, browserConnectionEnabled=false, nativeEvents=true, acceptSslCerts=true, locationContextEnabled=true, webStorageEnabled=true, browserName=chrome, takesScreenshot=true, javascriptEnabled=true, cssSelectorsEnabled=true, unexpectedAlertBehaviour=accept}]
Session ID: 263d8c563d50bf4c956a3e7b93b30474
	at org.openqa.selenium.remote.ErrorHandler.createThrowable(ErrorHandler.java:206)
	at org.openqa.selenium.remote.ErrorHandler.throwIfResponseFailed(ErrorHandler.java:158)
	at org.openqa.selenium.remote.RemoteWebDriver.execute(RemoteWebDriver.java:678)
	at org.openqa.selenium.remote.RemoteWebElement.execute(RemoteWebElement.java:327)
	at org.openqa.selenium.remote.RemoteWebElement.click(RemoteWebElement.java:85)
	at login.DashboardPage.clickCampaignsLink(DashboardPage.java:100)
	at library.CanpaignsEdit_TestCases.update_campaign_workflow_to_draft(CanpaignsEdit_TestCases.java:169)
	at java.util.concurrent.FutureTask.run(FutureTask.java:266)
	at java.util.concurrent.ThreadPoolExecutor.runWorker(ThreadPoolExecutor.java:1142)
	at java.util.concurrent.ThreadPoolExecutor$Worker.run(ThreadPoolExecutor.java:617)
	at java.lang.Thread.run(Thread.java:745)
... Removed 20 stack frames]]>
    </failure>
  </testcase> <!-- update_campaign_workflow_to_draft -->
  <testcase name="inactivate_campaign" time="33.044" classname="library.CanpaignsEdit_TestCases"/>
  <testcase name="activate_campaign" time="32.683" classname="library.CanpaignsEdit_TestCases"/>
  <testcase name="archive_campaign" time="18.629" classname="library.CanpaignsEdit_TestCases"/>
  <testcase name="restorte_campaign" time="31.774" classname="library.CanpaignsEdit_TestCases"/>
  <testcase name="camp_mass_advance_workflow" time="85.117" classname="library.CanpaignsEdit_TestCases"/>
  <testcase name="update_camp_mass_advance_workflow" time="81.599" classname="library.CanpaignsEdit_TestCases"/>
  <testcase name="@AfterSuite tearDown" time="0.0" classname="Utility.TestBase">
    <ignored/>
  </testcase> <!-- @AfterSuite tearDown -->
  <testcase name="@AfterSuite tearDown" time="0.0" classname="Utility.TestBase">
    <ignored/>
  </testcase> <!-- @AfterSuite tearDown -->
  <testcase name="@AfterSuite tearDown" time="0.0" classname="Utility.TestBase">
    <ignored/>
  </testcase> <!-- @AfterSuite tearDown -->
</testsuite> <!-- CAMPAIGN TESTCASES -->
