<?xml version="1.0" encoding="UTF-8"?>
<!-- Generated by org.testng.reporters.JUnitXMLReporter -->
<testsuite hostname="remote-wkstn3" ignored="3" name="CAMPAIGN TESTCASES" tests="28" failures="1" timestamp="06 Jun 2017 20:39:48 GMT" time="1543.524" errors="0">
  <testcase name="create_a_new_campaign" time="57.359" classname="library.Campaigns_Testcases"/>
  <testcase name="update_campaign_name" time="31.409" classname="library.CanpaignsEdit_TestCases"/>
  <testcase name="test_is_empty" time="7.692" classname="library.CampaignsRestore_Testcases"/>
  <testcase name="publish_campaign" time="547.078" classname="library.CampaignsPublish_Testcases"/>
  <testcase name="create_a_new_campaign_without_clientname" time="24.605" classname="library.Campaigns_Testcases"/>
  <testcase name="update_campaign_name_to_previous_name" time="31.127" classname="library.CanpaignsEdit_TestCases"/>
  <testcase name="cancel_publish_campaign" time="33.462" classname="library.CampaignsPublish_Testcases"/>
  <testcase name="create_a_new_campaign_without_campaignname" time="32.45" classname="library.Campaigns_Testcases"/>
  <testcase name="update_campaign_client" time="30.924" classname="library.CanpaignsEdit_TestCases"/>
  <testcase name="create_a_new_campaign_without_brand" time="42.784" classname="library.Campaigns_Testcases"/>
  <testcase name="update_campaign_clientname_to_previous_client" time="38.402" classname="library.CanpaignsEdit_TestCases"/>
  <testcase name="create_a_new_campaign_without_program" time="37.392" classname="library.Campaigns_Testcases"/>
  <testcase name="update_campaign_brands" time="35.589" classname="library.CanpaignsEdit_TestCases"/>
  <testcase name="create_a_new_campaign_without_series" time="34.973" classname="library.Campaigns_Testcases"/>
  <testcase name="update_campaign_brands_to_previous" time="33.724" classname="library.CanpaignsEdit_TestCases"/>
  <testcase name="click_cancel_button_in_campaign_add_page" time="20.452" classname="library.Campaigns_Testcases"/>
  <testcase name="update_campaign_programs" time="31.624" classname="library.CanpaignsEdit_TestCases"/>
  <testcase name="delete_campaign_from_db" time="3.48" classname="library.Campaigns_Testcases"/>
  <testcase name="update_campaign_programs_to_previous" time="33.453" classname="library.CanpaignsEdit_TestCases"/>
  <testcase name="update_campaign_series" time="39.114" classname="library.CanpaignsEdit_TestCases"/>
  <testcase name="update_campaign_series_to_previous" time="32.432" classname="library.CanpaignsEdit_TestCases"/>
  <testcase name="update_campaign_workflow_to_approved" time="23.866" classname="library.CanpaignsEdit_TestCases"/>
  <testcase name="update_campaign_workflow_to_draft" time="22.971" classname="library.CanpaignsEdit_TestCases"/>
  <testcase name="inactivate_campaign" time="30.531" classname="library.CanpaignsEdit_TestCases"/>
  <testcase name="activate_campaign" time="28.085" classname="library.CanpaignsEdit_TestCases"/>
  <testcase name="archive_campaign" time="18.618" classname="library.CanpaignsEdit_TestCases"/>
  <testcase name="restorte_campaign" time="30.035" classname="library.CanpaignsEdit_TestCases"/>
  <testcase name="camp_mass_advance_workflow" time="5.414" classname="library.CanpaignsEdit_TestCases">
    <failure type="java.lang.AssertionError" message="expected [automation admin] but found []">
      <![CDATA[java.lang.AssertionError: expected [automation admin] but found []
	at login.DashboardPage.isSuccessfulLogin(DashboardPage.java:71)
	at library.CanpaignsEdit_TestCases.camp_mass_advance_workflow(CanpaignsEdit_TestCases.java:224)
	at java.util.concurrent.FutureTask.run(FutureTask.java:266)
	at java.util.concurrent.ThreadPoolExecutor.runWorker(ThreadPoolExecutor.java:1142)
	at java.util.concurrent.ThreadPoolExecutor$Worker.run(ThreadPoolExecutor.java:617)
	at java.lang.Thread.run(Thread.java:745)
... Removed 22 stack frames]]>
    </failure>
  </testcase> <!-- camp_mass_advance_workflow -->
  <testcase name="@AfterSuite tearDown" time="0.0" classname="Utility.TestBase">
    <ignored/>
  </testcase> <!-- @AfterSuite tearDown -->
  <testcase name="@AfterSuite tearDown" time="0.0" classname="Utility.TestBase">
    <ignored/>
  </testcase> <!-- @AfterSuite tearDown -->
  <testcase name="@AfterSuite tearDown" time="0.0" classname="Utility.TestBase">
    <ignored/>
  </testcase> <!-- @AfterSuite tearDown -->
</testsuite> <!-- CAMPAIGN TESTCASES -->
