<?xml version="1.0" encoding="UTF-8"?>
<!-- Generated by org.testng.reporters.JUnitXMLReporter -->
<testsuite hostname="remote-wkstn3" ignored="3" name="CAMPAIGN TESTCASES" tests="28" failures="1" timestamp="21 Jun 2017 03:47:36 GMT" time="1652.568" errors="0">
  <testcase name="create_a_new_campaign" time="78.785" classname="library.Campaigns_Testcases"/>
  <testcase name="update_campaign_name" time="33.644" classname="library.CanpaignsEdit_TestCases"/>
  <testcase name="test_is_empty" time="8.704" classname="library.CampaignsRestore_Testcases"/>
  <testcase name="publish_campaign" time="544.497" classname="library.CampaignsPublish_Testcases"/>
  <testcase name="create_a_new_campaign_without_clientname" time="23.888" classname="library.Campaigns_Testcases"/>
  <testcase name="update_campaign_name_to_previous_name" time="36.559" classname="library.CanpaignsEdit_TestCases"/>
  <testcase name="cancel_publish_campaign" time="39.47" classname="library.CampaignsPublish_Testcases"/>
  <testcase name="create_a_new_campaign_without_campaignname" time="33.113" classname="library.Campaigns_Testcases"/>
  <testcase name="update_campaign_client" time="33.671" classname="library.CanpaignsEdit_TestCases"/>
  <testcase name="create_a_new_campaign_without_brand" time="44.735" classname="library.Campaigns_Testcases"/>
  <testcase name="update_campaign_clientname_to_previous_client" time="40.63" classname="library.CanpaignsEdit_TestCases"/>
  <testcase name="create_a_new_campaign_without_program" time="40.81" classname="library.Campaigns_Testcases"/>
  <testcase name="update_campaign_brands" time="38.434" classname="library.CanpaignsEdit_TestCases"/>
  <testcase name="create_a_new_campaign_without_series" time="37.51" classname="library.Campaigns_Testcases">
    <failure type="java.lang.AssertionError" message="expected [1] but found [0]">
      <![CDATA[java.lang.AssertionError: expected [1] but found [0]
	at library.CampaignPage.validateUpdates(CampaignPage.java:241)
	at library.Campaigns_Testcases.create_a_new_campaign_without_series(Campaigns_Testcases.java:115)
	at java.util.concurrent.FutureTask.run(FutureTask.java:266)
	at java.util.concurrent.ThreadPoolExecutor.runWorker(ThreadPoolExecutor.java:1142)
	at java.util.concurrent.ThreadPoolExecutor$Worker.run(ThreadPoolExecutor.java:617)
	at java.lang.Thread.run(Thread.java:745)
... Removed 22 stack frames]]>
    </failure>
  </testcase> <!-- create_a_new_campaign_without_series -->
  <testcase name="update_campaign_brands_to_previous" time="36.032" classname="library.CanpaignsEdit_TestCases"/>
  <testcase name="click_cancel_button_in_campaign_add_page" time="19.644" classname="library.Campaigns_Testcases"/>
  <testcase name="update_campaign_programs" time="35.884" classname="library.CanpaignsEdit_TestCases"/>
  <testcase name="delete_campaign_from_db" time="3.572" classname="library.Campaigns_Testcases"/>
  <testcase name="update_campaign_programs_to_previous" time="34.64" classname="library.CanpaignsEdit_TestCases"/>
  <testcase name="update_campaign_series" time="39.289" classname="library.CanpaignsEdit_TestCases"/>
  <testcase name="update_campaign_series_to_previous" time="34.678" classname="library.CanpaignsEdit_TestCases"/>
  <testcase name="update_campaign_workflow_to_approved" time="25.922" classname="library.CanpaignsEdit_TestCases"/>
  <testcase name="update_campaign_workflow_to_draft" time="25.957" classname="library.CanpaignsEdit_TestCases"/>
  <testcase name="inactivate_campaign" time="32.375" classname="library.CanpaignsEdit_TestCases"/>
  <testcase name="activate_campaign" time="32.993" classname="library.CanpaignsEdit_TestCases"/>
  <testcase name="archive_campaign" time="17.788" classname="library.CanpaignsEdit_TestCases"/>
  <testcase name="restorte_campaign" time="31.687" classname="library.CanpaignsEdit_TestCases"/>
  <testcase name="camp_mass_advance_workflow" time="14.304" classname="library.CanpaignsEdit_TestCases"/>
  <testcase name="@AfterSuite tearDown" time="0.0" classname="Utility.TestBase">
    <ignored/>
  </testcase> <!-- @AfterSuite tearDown -->
  <testcase name="@AfterSuite tearDown" time="0.0" classname="Utility.TestBase">
    <ignored/>
  </testcase> <!-- @AfterSuite tearDown -->
  <testcase name="@AfterSuite tearDown" time="0.0" classname="Utility.TestBase">
    <ignored/>
  </testcase> <!-- @AfterSuite tearDown -->
</testsuite> <!-- CAMPAIGN TESTCASES -->
