<?xml version="1.0" encoding="UTF-8"?>
<!-- Generated by org.testng.reporters.JUnitXMLReporter -->
<testsuite hostname="remote-wkstn3" ignored="3" name="COMMUNICATIONS TESTCASES" tests="31" failures="1" timestamp="06 Jun 2017 21:38:03 GMT" time="1251.635" errors="0">
  <testcase name="create_a_new_communication" time="63.314" classname="library.Communications_TestCases">
    <failure type="java.lang.AssertionError" message="expected [Carnival Corporation &amp;amp; PLC] but found [Enterprise Holdings Inc.]">
      <![CDATA[java.lang.AssertionError: expected [Carnival Corporation & PLC] but found [Enterprise Holdings Inc.]
	at library.CommunicationsPage.validateUpdates(CommunicationsPage.java:259)
	at library.Communications_TestCases.create_a_new_communication(Communications_TestCases.java:28)
	at java.util.concurrent.FutureTask.run(FutureTask.java:266)
	at java.util.concurrent.ThreadPoolExecutor.runWorker(ThreadPoolExecutor.java:1142)
	at java.util.concurrent.ThreadPoolExecutor$Worker.run(ThreadPoolExecutor.java:617)
	at java.lang.Thread.run(Thread.java:745)
... Removed 22 stack frames]]>
    </failure>
  </testcase> <!-- create_a_new_communication -->
  <testcase name="update_communication_name" time="37.368" classname="library.CommunicationsEdit_Testcases"/>
  <testcase name="test_is_empty" time="7.659" classname="library.CommunicationsRestore_Testcases"/>
  <testcase name="publish_series" time="12.596" classname="library.CommunicationsPublish_Testcases"/>
  <testcase name="create_a_new_communication_without_clientname" time="30.792" classname="library.Communications_TestCases"/>
  <testcase name="update_communication_name_to_previous_name" time="38.279" classname="library.CommunicationsEdit_Testcases"/>
  <testcase name="cancel_publish_campaign" time="12.102" classname="library.CommunicationsPublish_Testcases"/>
  <testcase name="create_a_communication_without_communicationnname" time="50.155" classname="library.Communications_TestCases"/>
  <testcase name="update_communication_client_field" time="27.367" classname="library.CommunicationsEdit_Testcases"/>
  <testcase name="update_track_clientname_to_previous_client" time="12.087" classname="library.CommunicationsEdit_Testcases"/>
  <testcase name="create_a_new_communication_without_template" time="49.093" classname="library.Communications_TestCases"/>
  <testcase name="update_communcation_brands" time="43.807" classname="library.CommunicationsEdit_Testcases"/>
  <testcase name="click_cancel_Button_in_communication_add_page" time="29.266" classname="library.Communications_TestCases"/>
  <testcase name="update_communcation_brands_to_previous" time="42.626" classname="library.CommunicationsEdit_Testcases"/>
  <testcase name="delete_communication_from_db" time="3.351" classname="library.Communications_TestCases"/>
  <testcase name="update_communication_tracks" time="38.745" classname="library.CommunicationsEdit_Testcases"/>
  <testcase name="update_communication_tracks_to_previous" time="41.686" classname="library.CommunicationsEdit_Testcases"/>
  <testcase name="update_communication_programs" time="43.426" classname="library.CommunicationsEdit_Testcases"/>
  <testcase name="update_communication_programs_to_previous" time="38.966" classname="library.CommunicationsEdit_Testcases"/>
  <testcase name="update_communication_segment_groups" time="24.651" classname="library.CommunicationsEdit_Testcases"/>
  <testcase name="update_communication_workflow_to_approved" time="37.545" classname="library.CommunicationsEdit_Testcases"/>
  <testcase name="update_track_workflow_to_draft" time="36.832" classname="library.CommunicationsEdit_Testcases"/>
  <testcase name="inactivate_communication" time="37.246" classname="library.CommunicationsEdit_Testcases"/>
  <testcase name="activate_communication" time="35.525" classname="library.CommunicationsEdit_Testcases"/>
  <testcase name="archive_communication" time="21.29" classname="library.CommunicationsEdit_Testcases"/>
  <testcase name="restore_communication" time="30.073" classname="library.CommunicationsEdit_Testcases"/>
  <testcase name="uncheck_publishCommunications" time="59.551" classname="library.CommunicationsEdit_Testcases"/>
  <testcase name="Verify_access_EHIQA" time="32.014" classname="library.CommunicationsEdit_Testcases"/>
  <testcase name="clienttesting_to_internaltesting" time="29.835" classname="library.CommunicationsEdit_Testcases"/>
  <testcase name="comm_massadvance_workflow" time="15.512" classname="library.CommunicationsEdit_Testcases"/>
  <testcase name="manage_workflow_ehi_qa" time="23.25" classname="library.CommunicationsEdit_Testcases"/>
  <testcase name="@AfterSuite tearDown" time="0.0" classname="Utility.TestBase">
    <ignored/>
  </testcase> <!-- @AfterSuite tearDown -->
  <testcase name="@AfterSuite tearDown" time="0.0" classname="Utility.TestBase">
    <ignored/>
  </testcase> <!-- @AfterSuite tearDown -->
  <testcase name="@AfterSuite tearDown" time="0.0" classname="Utility.TestBase">
    <ignored/>
  </testcase> <!-- @AfterSuite tearDown -->
</testsuite> <!-- COMMUNICATIONS TESTCASES -->
