<?xml version="1.0" encoding="UTF-8"?>
<!-- Generated by org.testng.reporters.JUnitXMLReporter -->
<testsuite hostname="remote-wkstn3" ignored="3" name="COMMUNICATIONS TESTCASES" tests="31" failures="3" timestamp="19 Jun 2017 22:36:44 GMT" time="1244.641" errors="0">
  <testcase name="create_a_new_communication" time="63.918" classname="library.Communications_TestCases">
    <failure type="java.lang.AssertionError" message="expected [Carnival Corporation &amp;amp; PLC] but found [Enterprise Holdings Inc.]">
      <![CDATA[java.lang.AssertionError: expected [Carnival Corporation & PLC] but found [Enterprise Holdings Inc.]
	at library.CommunicationsPage.validateUpdates(CommunicationsPage.java:271)
	at library.Communications_TestCases.create_a_new_communication(Communications_TestCases.java:28)
	at java.util.concurrent.FutureTask.run(FutureTask.java:266)
	at java.util.concurrent.ThreadPoolExecutor.runWorker(ThreadPoolExecutor.java:1142)
	at java.util.concurrent.ThreadPoolExecutor$Worker.run(ThreadPoolExecutor.java:617)
	at java.lang.Thread.run(Thread.java:745)
... Removed 22 stack frames]]>
    </failure>
  </testcase> <!-- create_a_new_communication -->
  <testcase name="update_communication_name" time="37.487" classname="library.CommunicationsEdit_Testcases"/>
  <testcase name="test_is_empty" time="11.859" classname="library.CommunicationsRestore_Testcases"/>
  <testcase name="publish_Communication" time="47.902" classname="library.CommunicationsPublish_Testcases"/>
  <testcase name="create_a_new_communication_without_clientname" time="31.79" classname="library.Communications_TestCases"/>
  <testcase name="update_communication_name_to_previous_name" time="37.934" classname="library.CommunicationsEdit_Testcases"/>
  <testcase name="cancel_publish_communicaton" time="25.625" classname="library.CommunicationsPublish_Testcases"/>
  <testcase name="create_a_communication_without_communicationnname" time="49.641" classname="library.Communications_TestCases"/>
  <testcase name="update_communication_client_field" time="25.705" classname="library.CommunicationsEdit_Testcases"/>
  <testcase name="update_track_clientname_to_previous_client" time="13.314" classname="library.CommunicationsEdit_Testcases"/>
  <testcase name="create_a_new_communication_without_template" time="49.131" classname="library.Communications_TestCases"/>
  <testcase name="update_communcation_brands" time="57.668" classname="library.CommunicationsEdit_Testcases"/>
  <testcase name="click_cancel_Button_in_communication_add_page" time="28.739" classname="library.Communications_TestCases"/>
  <testcase name="update_communcation_brands_to_previous" time="42.306" classname="library.CommunicationsEdit_Testcases"/>
  <testcase name="delete_communication_from_db" time="2.873" classname="library.Communications_TestCases"/>
  <testcase name="update_communication_tracks" time="39.357" classname="library.CommunicationsEdit_Testcases"/>
  <testcase name="update_communication_tracks_to_previous" time="47.599" classname="library.CommunicationsEdit_Testcases"/>
  <testcase name="update_communication_programs" time="44.771" classname="library.CommunicationsEdit_Testcases"/>
  <testcase name="update_communication_programs_to_previous" time="37.889" classname="library.CommunicationsEdit_Testcases"/>
  <testcase name="update_communication_segment_groups" time="24.387" classname="library.CommunicationsEdit_Testcases"/>
  <testcase name="update_communication_workflow_to_approved" time="33.718" classname="library.CommunicationsEdit_Testcases"/>
  <testcase name="update_track_workflow_to_draft" time="34.075" classname="library.CommunicationsEdit_Testcases"/>
  <testcase name="inactivate_communication" time="34.789" classname="library.CommunicationsEdit_Testcases"/>
  <testcase name="activate_communication" time="33.495" classname="library.CommunicationsEdit_Testcases"/>
  <testcase name="archive_communication" time="21.503" classname="library.CommunicationsEdit_Testcases"/>
  <testcase name="restore_communication" time="30.788" classname="library.CommunicationsEdit_Testcases"/>
  <testcase name="uncheck_publishCommunications" time="59.308" classname="library.CommunicationsEdit_Testcases"/>
  <testcase name="Verify_access_EHIQA" time="4.963" classname="library.CommunicationsEdit_Testcases">
    <failure type="java.lang.AssertionError" message="expected [ehi qa] but found []">
      <![CDATA[java.lang.AssertionError: expected [ehi qa] but found []
	at login.DashboardPage.isSuccessfulLogin(DashboardPage.java:71)
	at library.CommunicationsEdit_Testcases.Verify_access_EHIQA(CommunicationsEdit_Testcases.java:264)
	at java.util.concurrent.FutureTask.run(FutureTask.java:266)
	at java.util.concurrent.ThreadPoolExecutor.runWorker(ThreadPoolExecutor.java:1142)
	at java.util.concurrent.ThreadPoolExecutor$Worker.run(ThreadPoolExecutor.java:617)
	at java.lang.Thread.run(Thread.java:745)
... Removed 22 stack frames]]>
    </failure>
  </testcase> <!-- Verify_access_EHIQA -->
  <testcase name="clienttesting_to_internaltesting" time="28.781" classname="library.CommunicationsEdit_Testcases"/>
  <testcase name="comm_massadvance_workflow" time="15.764" classname="library.CommunicationsEdit_Testcases"/>
  <testcase name="manage_workflow_ehi_qa" time="5.259" classname="library.CommunicationsEdit_Testcases">
    <failure type="java.lang.AssertionError" message="expected [ehi qa] but found []">
      <![CDATA[java.lang.AssertionError: expected [ehi qa] but found []
	at login.DashboardPage.isSuccessfulLogin(DashboardPage.java:71)
	at library.CommunicationsEdit_Testcases.manage_workflow_ehi_qa(CommunicationsEdit_Testcases.java:319)
	at java.util.concurrent.FutureTask.run(FutureTask.java:266)
	at java.util.concurrent.ThreadPoolExecutor.runWorker(ThreadPoolExecutor.java:1142)
	at java.util.concurrent.ThreadPoolExecutor$Worker.run(ThreadPoolExecutor.java:617)
	at java.lang.Thread.run(Thread.java:745)
... Removed 22 stack frames]]>
    </failure>
  </testcase> <!-- manage_workflow_ehi_qa -->
  <testcase name="@AfterSuite tearDown" time="0.0" classname="Utility.TestBase">
    <ignored/>
  </testcase> <!-- @AfterSuite tearDown -->
  <testcase name="@AfterSuite tearDown" time="0.0" classname="Utility.TestBase">
    <ignored/>
  </testcase> <!-- @AfterSuite tearDown -->
  <testcase name="@AfterSuite tearDown" time="0.0" classname="Utility.TestBase">
    <ignored/>
  </testcase> <!-- @AfterSuite tearDown -->
</testsuite> <!-- COMMUNICATIONS TESTCASES -->
