<?xml version="1.0" encoding="UTF-8"?>
<!-- Generated by org.testng.reporters.JUnitXMLReporter -->
<testsuite hostname="remote-wkstn3" ignored="3" name="COMMUNICATIONS TESTCASES" tests="31" failures="3" timestamp="21 Jun 2017 04:46:54 GMT" time="1319.208" errors="0">
  <testcase name="create_a_new_communication" time="67.115" classname="library.Communications_TestCases">
    <failure type="java.lang.AssertionError" message="expected [4] but found [1]">
      <![CDATA[java.lang.AssertionError: expected [4] but found [1]
	at library.CommunicationsPage.validateUpdates(CommunicationsPage.java:289)
	at library.Communications_TestCases.create_a_new_communication(Communications_TestCases.java:29)
	at java.util.concurrent.FutureTask.run(FutureTask.java:266)
	at java.util.concurrent.ThreadPoolExecutor.runWorker(ThreadPoolExecutor.java:1142)
	at java.util.concurrent.ThreadPoolExecutor$Worker.run(ThreadPoolExecutor.java:617)
	at java.lang.Thread.run(Thread.java:745)
... Removed 22 stack frames]]>
    </failure>
  </testcase> <!-- create_a_new_communication -->
  <testcase name="update_communication_name" time="40.148" classname="library.CommunicationsEdit_Testcases"/>
  <testcase name="test_is_empty" time="8.226" classname="library.CommunicationsRestore_Testcases"/>
  <testcase name="publish_Communication" time="62.18" classname="library.CommunicationsPublish_Testcases"/>
  <testcase name="create_a_new_communication_without_clientname" time="32.476" classname="library.Communications_TestCases"/>
  <testcase name="update_communication_name_to_previous_name" time="35.792" classname="library.CommunicationsEdit_Testcases"/>
  <testcase name="cancel_publish_communicaton" time="29.354" classname="library.CommunicationsPublish_Testcases"/>
  <testcase name="create_a_communication_without_communicationnname" time="48.32" classname="library.Communications_TestCases"/>
  <testcase name="update_communication_client_field" time="28.03" classname="library.CommunicationsEdit_Testcases"/>
  <testcase name="update_track_clientname_to_previous_client" time="14.829" classname="library.CommunicationsEdit_Testcases"/>
  <testcase name="create_a_new_communication_without_template" time="51.118" classname="library.Communications_TestCases"/>
  <testcase name="update_communcation_brands" time="56.143" classname="library.CommunicationsEdit_Testcases"/>
  <testcase name="click_cancel_Button_in_communication_add_page" time="29.534" classname="library.Communications_TestCases"/>
  <testcase name="update_communcation_brands_to_previous" time="41.333" classname="library.CommunicationsEdit_Testcases"/>
  <testcase name="delete_communication_from_db" time="2.864" classname="library.Communications_TestCases"/>
  <testcase name="update_communication_tracks" time="38.18" classname="library.CommunicationsEdit_Testcases"/>
  <testcase name="update_communication_tracks_to_previous" time="48.006" classname="library.CommunicationsEdit_Testcases"/>
  <testcase name="update_communication_programs" time="43.293" classname="library.CommunicationsEdit_Testcases"/>
  <testcase name="update_communication_programs_to_previous" time="38.134" classname="library.CommunicationsEdit_Testcases"/>
  <testcase name="update_communication_segment_groups" time="25.396" classname="library.CommunicationsEdit_Testcases"/>
  <testcase name="update_communication_workflow_to_approved" time="36.344" classname="library.CommunicationsEdit_Testcases"/>
  <testcase name="update_track_workflow_to_draft" time="35.931" classname="library.CommunicationsEdit_Testcases"/>
  <testcase name="inactivate_communication" time="35.631" classname="library.CommunicationsEdit_Testcases"/>
  <testcase name="activate_communication" time="35.171" classname="library.CommunicationsEdit_Testcases"/>
  <testcase name="archive_communication" time="21.579" classname="library.CommunicationsEdit_Testcases"/>
  <testcase name="restore_communication" time="30.444" classname="library.CommunicationsEdit_Testcases"/>
  <testcase name="uncheck_publishCommunications" time="61.216" classname="library.CommunicationsEdit_Testcases"/>
  <testcase name="Verify_access_EHIQA" time="5.075" classname="library.CommunicationsEdit_Testcases">
    <failure type="java.lang.AssertionError" message="expected [ehi qa] but found []">
      <![CDATA[java.lang.AssertionError: expected [ehi qa] but found []
	at login.DashboardPage.isSuccessfulLogin(DashboardPage.java:71)
	at library.CommunicationsEdit_Testcases.Verify_access_EHIQA(CommunicationsEdit_Testcases.java:264)
	at java.util.concurrent.FutureTask.run(FutureTask.java:266)
	at java.util.concurrent.ThreadPoolExecutor.runWorker(ThreadPoolExecutor.java:1142)
	at java.util.concurrent.ThreadPoolExecutor$Worker.run(ThreadPoolExecutor.java:617)
	at java.lang.Thread.run(Thread.java:745)
... Removed 22 stack frames]]>
    </failure>
  </testcase> <!-- Verify_access_EHIQA -->
  <testcase name="clienttesting_to_internaltesting" time="29.981" classname="library.CommunicationsEdit_Testcases"/>
  <testcase name="comm_massadvance_workflow" time="32.752" classname="library.CommunicationsEdit_Testcases"/>
  <testcase name="manage_workflow_ehi_qa" time="5.195" classname="library.CommunicationsEdit_Testcases">
    <failure type="java.lang.AssertionError" message="expected [ehi qa] but found []">
      <![CDATA[java.lang.AssertionError: expected [ehi qa] but found []
	at login.DashboardPage.isSuccessfulLogin(DashboardPage.java:71)
	at library.CommunicationsEdit_Testcases.manage_workflow_ehi_qa(CommunicationsEdit_Testcases.java:320)
	at java.util.concurrent.FutureTask.run(FutureTask.java:266)
	at java.util.concurrent.ThreadPoolExecutor.runWorker(ThreadPoolExecutor.java:1142)
	at java.util.concurrent.ThreadPoolExecutor$Worker.run(ThreadPoolExecutor.java:617)
	at java.lang.Thread.run(Thread.java:745)
... Removed 22 stack frames]]>
    </failure>
  </testcase> <!-- manage_workflow_ehi_qa -->
  <testcase name="@AfterSuite tearDown" time="0.0" classname="Utility.TestBase">
    <ignored/>
  </testcase> <!-- @AfterSuite tearDown -->
  <testcase name="@AfterSuite tearDown" time="0.0" classname="Utility.TestBase">
    <ignored/>
  </testcase> <!-- @AfterSuite tearDown -->
  <testcase name="@AfterSuite tearDown" time="0.0" classname="Utility.TestBase">
    <ignored/>
  </testcase> <!-- @AfterSuite tearDown -->
</testsuite> <!-- COMMUNICATIONS TESTCASES -->
