<?xml version="1.0" encoding="UTF-8"?>
<!-- Generated by org.testng.reporters.JUnitXMLReporter -->
<testsuite hostname="remote-wkstn3" ignored="2" name="CONNECTORS TESTCASES" tests="26" failures="0" timestamp="11 Jul 2017 09:27:16 GMT" time="747.833" errors="0">
  <testcase name="open_connector_page" time="12.542" classname="settings.Connectors_TestCases"/>
  <testcase name="test_is_empty" time="13.859" classname="settings.ConnectorsEdit_testcases"/>
  <testcase name="test_is_empty" time="8.833" classname="settings.ConnectorsRestore_testcases"/>
  <testcase name="relaod_workflow_page" time="13.732" classname="settings.Connectors_TestCases"/>
  <testcase name="click_print_view_print" time="13.997" classname="settings.Connectors_TestCases"/>
  <testcase name="add_connector_validate" time="41.155" classname="settings.Connectors_TestCases"/>
  <testcase name="update_client" time="33.132" classname="settings.ConnectorsEdit_testcases"/>
  <testcase name="delete_connector_from_db" time="2.065" classname="settings.Connectors_TestCases"/>
  <testcase name="update_client_to_previous" time="35.417" classname="settings.ConnectorsEdit_testcases"/>
  <testcase name="update_connector_name" time="26.363" classname="settings.ConnectorsEdit_testcases"/>
  <testcase name="validate_name_update" time="19.044" classname="settings.ConnectorsEdit_testcases"/>
  <testcase name="update_connector_name_to_previous" time="24.92" classname="settings.ConnectorsEdit_testcases"/>
  <testcase name="delete_entry_in_brand_field" time="24.374" classname="settings.ConnectorsEdit_testcases"/>
  <testcase name="validate_name_update_to_previous" time="20.149" classname="settings.ConnectorsEdit_testcases"/>
  <testcase name="add_brands" time="34.302" classname="settings.ConnectorsEdit_testcases"/>
  <testcase name="add_programs" time="28.452" classname="settings.ConnectorsEdit_testcases"/>
  <testcase name="validate_program_add" time="13.896" classname="settings.ConnectorsEdit_testcases"/>
  <testcase name="inacativate_connector" time="28.447" classname="settings.ConnectorsEdit_testcases"/>
  <testcase name="acativate_connector" time="28.981" classname="settings.ConnectorsEdit_testcases"/>
  <testcase name="test_is_empty_1" time="13.008" classname="settings.ConnectorsEdit_testcases"/>
  <testcase name="test_is_empty_2" time="12.084" classname="settings.ConnectorsEdit_testcases"/>
  <testcase name="test_is_empty_3" time="14.055" classname="settings.ConnectorsEdit_testcases"/>
  <testcase name="test_is_empty_4" time="13.568" classname="settings.ConnectorsEdit_testcases"/>
  <testcase name="test_is_empty_5" time="14.024" classname="settings.ConnectorsEdit_testcases"/>
  <testcase name="test_is_empty_6" time="12.832" classname="settings.ConnectorsEdit_testcases"/>
  <testcase name="test_is_empty_7" time="13.718" classname="settings.ConnectorsEdit_testcases"/>
  <testcase name="@AfterSuite tearDown" time="0.0" classname="Utility.TestBase">
    <ignored/>
  </testcase> <!-- @AfterSuite tearDown -->
  <testcase name="@AfterSuite tearDown" time="0.0" classname="Utility.TestBase">
    <ignored/>
  </testcase> <!-- @AfterSuite tearDown -->
</testsuite> <!-- CONNECTORS TESTCASES -->
