<?xml version="1.0" encoding="UTF-8"?>
<!-- Generated by org.testng.reporters.JUnitXMLReporter -->
<testsuite hostname="remote-wkstn3" ignored="2" name="CONNECTORS TESTCASES" tests="26" failures="0" timestamp="20 Jun 2017 02:11:22 GMT" time="668.418" errors="0">
  <testcase name="open_connector_page" time="11.707" classname="settings.Connectors_TestCases"/>
  <testcase name="test_is_empty" time="12.773" classname="settings.ConnectorsEdit_testcases"/>
  <testcase name="test_is_empty" time="7.698" classname="settings.ConnectorsRestore_testcases"/>
  <testcase name="relaod_workflow_page" time="12.672" classname="settings.Connectors_TestCases"/>
  <testcase name="click_print_view_print" time="13.524" classname="settings.Connectors_TestCases"/>
  <testcase name="add_connector_validate" time="40.275" classname="settings.Connectors_TestCases"/>
  <testcase name="update_client" time="28.249" classname="settings.ConnectorsEdit_testcases"/>
  <testcase name="delete_connector_from_db" time="2.075" classname="settings.Connectors_TestCases"/>
  <testcase name="update_client_to_previous" time="28.806" classname="settings.ConnectorsEdit_testcases"/>
  <testcase name="update_connector_name" time="25.611" classname="settings.ConnectorsEdit_testcases"/>
  <testcase name="validate_name_update" time="19.218" classname="settings.ConnectorsEdit_testcases"/>
  <testcase name="update_connector_name_to_previous" time="25.078" classname="settings.ConnectorsEdit_testcases"/>
  <testcase name="delete_entry_in_brand_field" time="24.755" classname="settings.ConnectorsEdit_testcases"/>
  <testcase name="validate_name_update_to_previous" time="19.16" classname="settings.ConnectorsEdit_testcases"/>
  <testcase name="add_brands" time="33.373" classname="settings.ConnectorsEdit_testcases"/>
  <testcase name="add_programs" time="27.622" classname="settings.ConnectorsEdit_testcases"/>
  <testcase name="validate_program_add" time="12.401" classname="settings.ConnectorsEdit_testcases"/>
  <testcase name="inacativate_connector" time="27.467" classname="settings.ConnectorsEdit_testcases"/>
  <testcase name="acativate_connector" time="27.833" classname="settings.ConnectorsEdit_testcases"/>
  <testcase name="test_is_empty_1" time="12.565" classname="settings.ConnectorsEdit_testcases"/>
  <testcase name="test_is_empty_2" time="11.963" classname="settings.ConnectorsEdit_testcases"/>
  <testcase name="test_is_empty_3" time="12.502" classname="settings.ConnectorsEdit_testcases"/>
  <testcase name="test_is_empty_4" time="12.162" classname="settings.ConnectorsEdit_testcases"/>
  <testcase name="test_is_empty_5" time="12.286" classname="settings.ConnectorsEdit_testcases"/>
  <testcase name="test_is_empty_6" time="12.343" classname="settings.ConnectorsEdit_testcases"/>
  <testcase name="test_is_empty_7" time="12.119" classname="settings.ConnectorsEdit_testcases"/>
  <testcase name="@AfterSuite tearDown" time="0.0" classname="Utility.TestBase">
    <ignored/>
  </testcase> <!-- @AfterSuite tearDown -->
  <testcase name="@AfterSuite tearDown" time="0.0" classname="Utility.TestBase">
    <ignored/>
  </testcase> <!-- @AfterSuite tearDown -->
</testsuite> <!-- CONNECTORS TESTCASES -->
