<?xml version="1.0" encoding="UTF-8"?>
<!-- Generated by org.testng.reporters.JUnitXMLReporter -->
<testsuite hostname="remote-wkstn3" ignored="2" name="CONNECTORS TESTCASES" tests="26" failures="0" timestamp="21 Jun 2017 08:30:31 GMT" time="704.796" errors="0">
  <testcase name="open_connector_page" time="12.948" classname="settings.Connectors_TestCases"/>
  <testcase name="test_is_empty" time="12.537" classname="settings.ConnectorsEdit_testcases"/>
  <testcase name="test_is_empty" time="7.768" classname="settings.ConnectorsRestore_testcases"/>
  <testcase name="relaod_workflow_page" time="12.434" classname="settings.Connectors_TestCases"/>
  <testcase name="click_print_view_print" time="13.212" classname="settings.Connectors_TestCases"/>
  <testcase name="add_connector_validate" time="40.678" classname="settings.Connectors_TestCases"/>
  <testcase name="update_client" time="28.98" classname="settings.ConnectorsEdit_testcases"/>
  <testcase name="delete_connector_from_db" time="2.114" classname="settings.Connectors_TestCases"/>
  <testcase name="update_client_to_previous" time="27.594" classname="settings.ConnectorsEdit_testcases"/>
  <testcase name="update_connector_name" time="25.552" classname="settings.ConnectorsEdit_testcases"/>
  <testcase name="validate_name_update" time="19.83" classname="settings.ConnectorsEdit_testcases"/>
  <testcase name="update_connector_name_to_previous" time="26.172" classname="settings.ConnectorsEdit_testcases"/>
  <testcase name="delete_entry_in_brand_field" time="25.089" classname="settings.ConnectorsEdit_testcases"/>
  <testcase name="validate_name_update_to_previous" time="19.931" classname="settings.ConnectorsEdit_testcases"/>
  <testcase name="add_brands" time="33.535" classname="settings.ConnectorsEdit_testcases"/>
  <testcase name="add_programs" time="27.997" classname="settings.ConnectorsEdit_testcases"/>
  <testcase name="validate_program_add" time="12.112" classname="settings.ConnectorsEdit_testcases"/>
  <testcase name="inacativate_connector" time="27.104" classname="settings.ConnectorsEdit_testcases"/>
  <testcase name="acativate_connector" time="27.634" classname="settings.ConnectorsEdit_testcases"/>
  <testcase name="test_is_empty_1" time="13.997" classname="settings.ConnectorsEdit_testcases"/>
  <testcase name="test_is_empty_2" time="13.474" classname="settings.ConnectorsEdit_testcases"/>
  <testcase name="test_is_empty_3" time="13.584" classname="settings.ConnectorsEdit_testcases"/>
  <testcase name="test_is_empty_4" time="11.976" classname="settings.ConnectorsEdit_testcases"/>
  <testcase name="test_is_empty_5" time="13.198" classname="settings.ConnectorsEdit_testcases"/>
  <testcase name="test_is_empty_6" time="13.923" classname="settings.ConnectorsEdit_testcases"/>
  <testcase name="test_is_empty_7" time="12.786" classname="settings.ConnectorsEdit_testcases"/>
  <testcase name="@AfterSuite tearDown" time="0.0" classname="Utility.TestBase">
    <ignored/>
  </testcase> <!-- @AfterSuite tearDown -->
  <testcase name="@AfterSuite tearDown" time="0.0" classname="Utility.TestBase">
    <ignored/>
  </testcase> <!-- @AfterSuite tearDown -->
</testsuite> <!-- CONNECTORS TESTCASES -->
