<?xml version="1.0" encoding="UTF-8"?>
<!-- Generated by org.testng.reporters.JUnitXMLReporter -->
<testsuite hostname="remote-wkstn3" ignored="2" name="CONNECTORS TESTCASES" tests="26" failures="0" timestamp="07 Jun 2017 01:18:50 GMT" time="738.623" errors="0">
  <testcase name="open_connector_page" time="13.0" classname="settings.Connectors_TestCases"/>
  <testcase name="test_is_empty" time="12.692" classname="settings.ConnectorsEdit_testcases"/>
  <testcase name="test_is_empty" time="8.006" classname="settings.ConnectorsRestore_testcases"/>
  <testcase name="relaod_workflow_page" time="12.648" classname="settings.Connectors_TestCases"/>
  <testcase name="click_print_view_print" time="12.908" classname="settings.Connectors_TestCases"/>
  <testcase name="add_connector_validate" time="41.536" classname="settings.Connectors_TestCases"/>
  <testcase name="update_client" time="29.262" classname="settings.ConnectorsEdit_testcases"/>
  <testcase name="delete_connector_from_db" time="2.103" classname="settings.Connectors_TestCases"/>
  <testcase name="update_client_to_previous" time="27.866" classname="settings.ConnectorsEdit_testcases"/>
  <testcase name="update_connector_name" time="26.115" classname="settings.ConnectorsEdit_testcases"/>
  <testcase name="validate_name_update" time="19.675" classname="settings.ConnectorsEdit_testcases"/>
  <testcase name="update_connector_name_to_previous" time="25.646" classname="settings.ConnectorsEdit_testcases"/>
  <testcase name="delete_entry_in_brand_field" time="25.869" classname="settings.ConnectorsEdit_testcases"/>
  <testcase name="validate_name_update_to_previous" time="18.774" classname="settings.ConnectorsEdit_testcases"/>
  <testcase name="add_brands" time="31.469" classname="settings.ConnectorsEdit_testcases"/>
  <testcase name="add_programs" time="27.526" classname="settings.ConnectorsEdit_testcases"/>
  <testcase name="validate_program_add" time="12.485" classname="settings.ConnectorsEdit_testcases"/>
  <testcase name="inacativate_connector" time="27.025" classname="settings.ConnectorsEdit_testcases"/>
  <testcase name="acativate_connector" time="26.39" classname="settings.ConnectorsEdit_testcases"/>
  <testcase name="test_is_empty_1" time="12.618" classname="settings.ConnectorsEdit_testcases"/>
  <testcase name="test_is_empty_2" time="12.373" classname="settings.ConnectorsEdit_testcases"/>
  <testcase name="test_is_empty_3" time="13.302" classname="settings.ConnectorsEdit_testcases"/>
  <testcase name="test_is_empty_4" time="14.048" classname="settings.ConnectorsEdit_testcases"/>
  <testcase name="test_is_empty_5" time="22.761" classname="settings.ConnectorsEdit_testcases"/>
  <testcase name="test_is_empty_6" time="23.278" classname="settings.ConnectorsEdit_testcases"/>
  <testcase name="test_is_empty_7" time="21.195" classname="settings.ConnectorsEdit_testcases"/>
  <testcase name="@AfterSuite tearDown" time="0.0" classname="Utility.TestBase">
    <ignored/>
  </testcase> <!-- @AfterSuite tearDown -->
  <testcase name="@AfterSuite tearDown" time="0.0" classname="Utility.TestBase">
    <ignored/>
  </testcase> <!-- @AfterSuite tearDown -->
</testsuite> <!-- CONNECTORS TESTCASES -->
