<?xml version="1.0" encoding="UTF-8"?>
<!-- Generated by org.testng.reporters.JUnitXMLReporter -->
<testsuite hostname="remote-wkstn3" ignored="0" name="LOCALIZATION EXPORT TESTCASES" tests="19" failures="10" timestamp="06 Oct 2017 22:29:27 GMT" time="656.443" errors="0">
  <testcase name="export_a_camapign_format_type_xlsx" time="28.062" classname="localization.Export_TestCases">
    <failure type="org.openqa.selenium.WebDriverException" message="unknown error: Element &amp;lt;span class=&amp;quot;select2-chosen&amp;quot; id=&amp;quot;select2-chosen-9&amp;quot;&amp;gt;...&amp;lt;/span&amp;gt; is not clickable at point (1197, 769). Other element would receive the click: &amp;lt;div id=&amp;quot;select2-drop-mask&amp;quot; class=&amp;quot;select2-drop-mask&amp;quot; style=&amp;quot;display: block;&amp;quot;&amp;gt;&amp;lt;/div&amp;gt;
  (Session info: chrome=61.0.3163.100)
  (Driver info: chromedriver=2.29.461591 (62ebf098771772160f391d75e589dc567915b233),platform=Windows NT 6.1.7601 SP1 x86_64) (WARNING: The server did not provide any stacktrace information)
Command duration or timeout: 282 milliseconds
Build info: version: &amp;apos;2.53.1&amp;apos;, revision: &amp;apos;a36b8b1&amp;apos;, time: &amp;apos;2016-06-30 17:37:03&amp;apos;
System info: host: &amp;apos;remote-wkstn3&amp;apos;, ip: &amp;apos;10.16.1.107&amp;apos;, os.name: &amp;apos;Windows 7&amp;apos;, os.arch: &amp;apos;amd64&amp;apos;, os.version: &amp;apos;6.1&amp;apos;, java.version: &amp;apos;1.8.0_121&amp;apos;
Driver info: org.openqa.selenium.chrome.ChromeDriver
Capabilities [{applicationCacheEnabled=false, rotatable=false, mobileEmulationEnabled=false, networkConnectionEnabled=false, chrome={chromedriverVersion=2.29.461591 (62ebf098771772160f391d75e589dc567915b233), userDataDir=C:\Users\ARJUN~1.KAR\AppData\Local\Temp\scoped_dir51628_20538}, takesHeapSnapshot=true, pageLoadStrategy=normal, databaseEnabled=false, handlesAlerts=true, hasTouchScreen=false, version=61.0.3163.100, platform=XP, browserConnectionEnabled=false, nativeEvents=true, acceptSslCerts=true, locationContextEnabled=true, webStorageEnabled=true, browserName=chrome, takesScreenshot=true, javascriptEnabled=true, cssSelectorsEnabled=true, unexpectedAlertBehaviour=accept}]
Session ID: b0aaf4aea5cb24f6c56e188f5a0cc41d">
      <![CDATA[org.openqa.selenium.WebDriverException: unknown error: Element <span class="select2-chosen" id="select2-chosen-9">...</span> is not clickable at point (1197, 769). Other element would receive the click: <div id="select2-drop-mask" class="select2-drop-mask" style="display: block;"></div>
  (Session info: chrome=61.0.3163.100)
  (Driver info: chromedriver=2.29.461591 (62ebf098771772160f391d75e589dc567915b233),platform=Windows NT 6.1.7601 SP1 x86_64) (WARNING: The server did not provide any stacktrace information)
Command duration or timeout: 282 milliseconds
Build info: version: '2.53.1', revision: 'a36b8b1', time: '2016-06-30 17:37:03'
System info: host: 'remote-wkstn3', ip: '10.16.1.107', os.name: 'Windows 7', os.arch: 'amd64', os.version: '6.1', java.version: '1.8.0_121'
Driver info: org.openqa.selenium.chrome.ChromeDriver
Capabilities [{applicationCacheEnabled=false, rotatable=false, mobileEmulationEnabled=false, networkConnectionEnabled=false, chrome={chromedriverVersion=2.29.461591 (62ebf098771772160f391d75e589dc567915b233), userDataDir=C:\Users\ARJUN~1.KAR\AppData\Local\Temp\scoped_dir51628_20538}, takesHeapSnapshot=true, pageLoadStrategy=normal, databaseEnabled=false, handlesAlerts=true, hasTouchScreen=false, version=61.0.3163.100, platform=XP, browserConnectionEnabled=false, nativeEvents=true, acceptSslCerts=true, locationContextEnabled=true, webStorageEnabled=true, browserName=chrome, takesScreenshot=true, javascriptEnabled=true, cssSelectorsEnabled=true, unexpectedAlertBehaviour=accept}]
Session ID: b0aaf4aea5cb24f6c56e188f5a0cc41d
	at org.openqa.selenium.remote.ErrorHandler.createThrowable(ErrorHandler.java:206)
	at org.openqa.selenium.remote.ErrorHandler.throwIfResponseFailed(ErrorHandler.java:158)
	at org.openqa.selenium.remote.RemoteWebDriver.execute(RemoteWebDriver.java:678)
	at org.openqa.selenium.remote.RemoteWebElement.execute(RemoteWebElement.java:327)
	at org.openqa.selenium.remote.RemoteWebElement.click(RemoteWebElement.java:85)
	at localization.ExportPage.selectFormat(ExportPage.java:87)
	at localization.Export_TestCases.export_a_camapign_format_type_xlsx(Export_TestCases.java:17)
	at java.util.concurrent.FutureTask.run(FutureTask.java:266)
	at java.util.concurrent.ThreadPoolExecutor.runWorker(ThreadPoolExecutor.java:1142)
	at java.util.concurrent.ThreadPoolExecutor$Worker.run(ThreadPoolExecutor.java:617)
	at java.lang.Thread.run(Thread.java:745)
... Removed 19 stack frames]]>
    </failure>
  </testcase> <!-- export_a_camapign_format_type_xlsx -->
  <testcase name="export_a_camapign_format_type_xliff" time="26.491" classname="localization.Export_TestCases">
    <failure type="org.openqa.selenium.WebDriverException" message="unknown error: Element &amp;lt;span class=&amp;quot;select2-chosen&amp;quot; id=&amp;quot;select2-chosen-9&amp;quot;&amp;gt;...&amp;lt;/span&amp;gt; is not clickable at point (1197, 769). Other element would receive the click: &amp;lt;div id=&amp;quot;select2-drop-mask&amp;quot; class=&amp;quot;select2-drop-mask&amp;quot; style=&amp;quot;display: block;&amp;quot;&amp;gt;&amp;lt;/div&amp;gt;
  (Session info: chrome=61.0.3163.100)
  (Driver info: chromedriver=2.29.461591 (62ebf098771772160f391d75e589dc567915b233),platform=Windows NT 6.1.7601 SP1 x86_64) (WARNING: The server did not provide any stacktrace information)
Command duration or timeout: 129 milliseconds
Build info: version: &amp;apos;2.53.1&amp;apos;, revision: &amp;apos;a36b8b1&amp;apos;, time: &amp;apos;2016-06-30 17:37:03&amp;apos;
System info: host: &amp;apos;remote-wkstn3&amp;apos;, ip: &amp;apos;10.16.1.107&amp;apos;, os.name: &amp;apos;Windows 7&amp;apos;, os.arch: &amp;apos;amd64&amp;apos;, os.version: &amp;apos;6.1&amp;apos;, java.version: &amp;apos;1.8.0_121&amp;apos;
Driver info: org.openqa.selenium.chrome.ChromeDriver
Capabilities [{applicationCacheEnabled=false, rotatable=false, mobileEmulationEnabled=false, networkConnectionEnabled=false, chrome={chromedriverVersion=2.29.461591 (62ebf098771772160f391d75e589dc567915b233), userDataDir=C:\Users\ARJUN~1.KAR\AppData\Local\Temp\scoped_dir54400_3285}, takesHeapSnapshot=true, pageLoadStrategy=normal, databaseEnabled=false, handlesAlerts=true, hasTouchScreen=false, version=61.0.3163.100, platform=XP, browserConnectionEnabled=false, nativeEvents=true, acceptSslCerts=true, locationContextEnabled=true, webStorageEnabled=true, browserName=chrome, takesScreenshot=true, javascriptEnabled=true, cssSelectorsEnabled=true, unexpectedAlertBehaviour=accept}]
Session ID: e8d2c1083acb9deca084f43ef40851a5">
      <![CDATA[org.openqa.selenium.WebDriverException: unknown error: Element <span class="select2-chosen" id="select2-chosen-9">...</span> is not clickable at point (1197, 769). Other element would receive the click: <div id="select2-drop-mask" class="select2-drop-mask" style="display: block;"></div>
  (Session info: chrome=61.0.3163.100)
  (Driver info: chromedriver=2.29.461591 (62ebf098771772160f391d75e589dc567915b233),platform=Windows NT 6.1.7601 SP1 x86_64) (WARNING: The server did not provide any stacktrace information)
Command duration or timeout: 129 milliseconds
Build info: version: '2.53.1', revision: 'a36b8b1', time: '2016-06-30 17:37:03'
System info: host: 'remote-wkstn3', ip: '10.16.1.107', os.name: 'Windows 7', os.arch: 'amd64', os.version: '6.1', java.version: '1.8.0_121'
Driver info: org.openqa.selenium.chrome.ChromeDriver
Capabilities [{applicationCacheEnabled=false, rotatable=false, mobileEmulationEnabled=false, networkConnectionEnabled=false, chrome={chromedriverVersion=2.29.461591 (62ebf098771772160f391d75e589dc567915b233), userDataDir=C:\Users\ARJUN~1.KAR\AppData\Local\Temp\scoped_dir54400_3285}, takesHeapSnapshot=true, pageLoadStrategy=normal, databaseEnabled=false, handlesAlerts=true, hasTouchScreen=false, version=61.0.3163.100, platform=XP, browserConnectionEnabled=false, nativeEvents=true, acceptSslCerts=true, locationContextEnabled=true, webStorageEnabled=true, browserName=chrome, takesScreenshot=true, javascriptEnabled=true, cssSelectorsEnabled=true, unexpectedAlertBehaviour=accept}]
Session ID: e8d2c1083acb9deca084f43ef40851a5
	at org.openqa.selenium.remote.ErrorHandler.createThrowable(ErrorHandler.java:206)
	at org.openqa.selenium.remote.ErrorHandler.throwIfResponseFailed(ErrorHandler.java:158)
	at org.openqa.selenium.remote.RemoteWebDriver.execute(RemoteWebDriver.java:678)
	at org.openqa.selenium.remote.RemoteWebElement.execute(RemoteWebElement.java:327)
	at org.openqa.selenium.remote.RemoteWebElement.click(RemoteWebElement.java:85)
	at localization.ExportPage.selectFormat(ExportPage.java:87)
	at localization.Export_TestCases.export_a_camapign_format_type_xliff(Export_TestCases.java:29)
	at java.util.concurrent.FutureTask.run(FutureTask.java:266)
	at java.util.concurrent.ThreadPoolExecutor.runWorker(ThreadPoolExecutor.java:1142)
	at java.util.concurrent.ThreadPoolExecutor$Worker.run(ThreadPoolExecutor.java:617)
	at java.lang.Thread.run(Thread.java:745)
... Removed 19 stack frames]]>
    </failure>
  </testcase> <!-- export_a_camapign_format_type_xliff -->
  <testcase name="export_a_series_format_type_xlsx" time="34.907" classname="localization.Export_TestCases"/>
  <testcase name="export_a_series_format_type_xliff" time="36.256" classname="localization.Export_TestCases"/>
  <testcase name="export_a_track_format_type_xlsx" time="31.941" classname="localization.Export_TestCases"/>
  <testcase name="export_a_track_format_type_xliff" time="30.542" classname="localization.Export_TestCases"/>
  <testcase name="export_a_communication_format_type_xlsx" time="33.91" classname="localization.Export_TestCases"/>
  <testcase name="export_a_communication_format_type_xliff" time="10.277" classname="localization.Export_TestCases">
    <failure type="java.lang.IllegalArgumentException" message="Cannot find elements when the XPath expression is null.">
      <![CDATA[java.lang.IllegalArgumentException: Cannot find elements when the XPath expression is null.
	at org.openqa.selenium.By.xpath(By.java:113)
	at login.DashboardPage.clickLocalesExport(DashboardPage.java:459)
	at localization.Export_TestCases.export_a_communication_format_type_xliff(Export_TestCases.java:98)
	at java.util.concurrent.FutureTask.run(FutureTask.java:266)
	at java.util.concurrent.ThreadPoolExecutor.runWorker(ThreadPoolExecutor.java:1142)
	at java.util.concurrent.ThreadPoolExecutor$Worker.run(ThreadPoolExecutor.java:617)
	at java.lang.Thread.run(Thread.java:745)
... Removed 16 stack frames]]>
    </failure>
  </testcase> <!-- export_a_communication_format_type_xliff -->
  <testcase name="export_a_message_format_type_xlsx" time="37.117" classname="localization.Export_TestCases"/>
  <testcase name="export_a_message_format_type_xliff" time="35.426" classname="localization.Export_TestCases"/>
  <testcase name="export_a_media_gallery_format_type_xlsx" time="36.952" classname="localization.Export_TestCases"/>
  <testcase name="export_a_media_gallery_format_type_xliff" time="23.465" classname="localization.Export_TestCases">
    <failure type="org.openqa.selenium.WebDriverException" message="unknown error: cannot focus element
  (Session info: chrome=61.0.3163.100)
  (Driver info: chromedriver=2.29.461591 (62ebf098771772160f391d75e589dc567915b233),platform=Windows NT 6.1.7601 SP1 x86_64) (WARNING: The server did not provide any stacktrace information)
Command duration or timeout: 2.92 seconds
Build info: version: &amp;apos;2.53.1&amp;apos;, revision: &amp;apos;a36b8b1&amp;apos;, time: &amp;apos;2016-06-30 17:37:03&amp;apos;
System info: host: &amp;apos;remote-wkstn3&amp;apos;, ip: &amp;apos;10.16.1.107&amp;apos;, os.name: &amp;apos;Windows 7&amp;apos;, os.arch: &amp;apos;amd64&amp;apos;, os.version: &amp;apos;6.1&amp;apos;, java.version: &amp;apos;1.8.0_121&amp;apos;
Driver info: org.openqa.selenium.chrome.ChromeDriver
Capabilities [{applicationCacheEnabled=false, rotatable=false, mobileEmulationEnabled=false, networkConnectionEnabled=false, chrome={chromedriverVersion=2.29.461591 (62ebf098771772160f391d75e589dc567915b233), userDataDir=C:\Users\ARJUN~1.KAR\AppData\Local\Temp\scoped_dir48472_31485}, takesHeapSnapshot=true, pageLoadStrategy=normal, databaseEnabled=false, handlesAlerts=true, hasTouchScreen=false, version=61.0.3163.100, platform=XP, browserConnectionEnabled=false, nativeEvents=true, acceptSslCerts=true, locationContextEnabled=true, webStorageEnabled=true, browserName=chrome, takesScreenshot=true, javascriptEnabled=true, cssSelectorsEnabled=true, unexpectedAlertBehaviour=accept}]
Session ID: 5de3f158065e1fb6bcb01523bc10be2e">
      <![CDATA[org.openqa.selenium.WebDriverException: unknown error: cannot focus element
  (Session info: chrome=61.0.3163.100)
  (Driver info: chromedriver=2.29.461591 (62ebf098771772160f391d75e589dc567915b233),platform=Windows NT 6.1.7601 SP1 x86_64) (WARNING: The server did not provide any stacktrace information)
Command duration or timeout: 2.92 seconds
Build info: version: '2.53.1', revision: 'a36b8b1', time: '2016-06-30 17:37:03'
System info: host: 'remote-wkstn3', ip: '10.16.1.107', os.name: 'Windows 7', os.arch: 'amd64', os.version: '6.1', java.version: '1.8.0_121'
Driver info: org.openqa.selenium.chrome.ChromeDriver
Capabilities [{applicationCacheEnabled=false, rotatable=false, mobileEmulationEnabled=false, networkConnectionEnabled=false, chrome={chromedriverVersion=2.29.461591 (62ebf098771772160f391d75e589dc567915b233), userDataDir=C:\Users\ARJUN~1.KAR\AppData\Local\Temp\scoped_dir48472_31485}, takesHeapSnapshot=true, pageLoadStrategy=normal, databaseEnabled=false, handlesAlerts=true, hasTouchScreen=false, version=61.0.3163.100, platform=XP, browserConnectionEnabled=false, nativeEvents=true, acceptSslCerts=true, locationContextEnabled=true, webStorageEnabled=true, browserName=chrome, takesScreenshot=true, javascriptEnabled=true, cssSelectorsEnabled=true, unexpectedAlertBehaviour=accept}]
Session ID: 5de3f158065e1fb6bcb01523bc10be2e
	at org.openqa.selenium.remote.ErrorHandler.createThrowable(ErrorHandler.java:206)
	at org.openqa.selenium.remote.ErrorHandler.throwIfResponseFailed(ErrorHandler.java:158)
	at org.openqa.selenium.remote.RemoteWebDriver.execute(RemoteWebDriver.java:678)
	at org.openqa.selenium.remote.RemoteWebElement.execute(RemoteWebElement.java:327)
	at org.openqa.selenium.remote.RemoteWebElement.sendKeys(RemoteWebElement.java:122)
	at localization.ExportPage.addMediaGallery(ExportPage.java:78)
	at localization.Export_TestCases.export_a_media_gallery_format_type_xliff(Export_TestCases.java:148)
	at java.util.concurrent.FutureTask.run(FutureTask.java:266)
	at java.util.concurrent.ThreadPoolExecutor.runWorker(ThreadPoolExecutor.java:1142)
	at java.util.concurrent.ThreadPoolExecutor$Worker.run(ThreadPoolExecutor.java:617)
	at java.lang.Thread.run(Thread.java:745)
... Removed 19 stack frames]]>
    </failure>
  </testcase> <!-- export_a_media_gallery_format_type_xliff -->
  <testcase name="campaign_field_is_greyed_out_when_client_is_not_selected" time="14.384" classname="localization.Export_TestCases">
    <failure type="java.lang.AssertionError" message="field is disabled expected [false] but found [true]">
      <![CDATA[java.lang.AssertionError: field is disabled expected [false] but found [true]
	at localization.ExportPage.isDisabled(ExportPage.java:130)
	at localization.Export_TestCases.campaign_field_is_greyed_out_when_client_is_not_selected(Export_TestCases.java:159)
	at java.util.concurrent.FutureTask.run(FutureTask.java:266)
	at java.util.concurrent.ThreadPoolExecutor.runWorker(ThreadPoolExecutor.java:1142)
	at java.util.concurrent.ThreadPoolExecutor$Worker.run(ThreadPoolExecutor.java:617)
	at java.lang.Thread.run(Thread.java:745)
... Removed 19 stack frames]]>
    </failure>
  </testcase> <!-- campaign_field_is_greyed_out_when_client_is_not_selected -->
  <testcase name="series_field_is_greyed_out_when_client_is_not_selected" time="14.49" classname="localization.Export_TestCases">
    <failure type="java.lang.AssertionError" message="field is disabled expected [false] but found [true]">
      <![CDATA[java.lang.AssertionError: field is disabled expected [false] but found [true]
	at localization.ExportPage.isDisabled(ExportPage.java:135)
	at localization.Export_TestCases.series_field_is_greyed_out_when_client_is_not_selected(Export_TestCases.java:169)
	at java.util.concurrent.FutureTask.run(FutureTask.java:266)
	at java.util.concurrent.ThreadPoolExecutor.runWorker(ThreadPoolExecutor.java:1142)
	at java.util.concurrent.ThreadPoolExecutor$Worker.run(ThreadPoolExecutor.java:617)
	at java.lang.Thread.run(Thread.java:745)
... Removed 19 stack frames]]>
    </failure>
  </testcase> <!-- series_field_is_greyed_out_when_client_is_not_selected -->
  <testcase name="track_field_is_greyed_out_when_client_is_not_selected" time="15.436" classname="localization.Export_TestCases">
    <failure type="java.lang.AssertionError" message="field is disabled expected [false] but found [true]">
      <![CDATA[java.lang.AssertionError: field is disabled expected [false] but found [true]
	at localization.ExportPage.isDisabled(ExportPage.java:140)
	at localization.Export_TestCases.track_field_is_greyed_out_when_client_is_not_selected(Export_TestCases.java:179)
	at java.util.concurrent.FutureTask.run(FutureTask.java:266)
	at java.util.concurrent.ThreadPoolExecutor.runWorker(ThreadPoolExecutor.java:1142)
	at java.util.concurrent.ThreadPoolExecutor$Worker.run(ThreadPoolExecutor.java:617)
	at java.lang.Thread.run(Thread.java:745)
... Removed 19 stack frames]]>
    </failure>
  </testcase> <!-- track_field_is_greyed_out_when_client_is_not_selected -->
  <testcase name="communication_field_is_greyed_out_when_client_is_not_selected" time="15.867" classname="localization.Export_TestCases">
    <failure type="java.lang.AssertionError" message="field is disabled expected [false] but found [true]">
      <![CDATA[java.lang.AssertionError: field is disabled expected [false] but found [true]
	at localization.ExportPage.isDisabled(ExportPage.java:145)
	at localization.Export_TestCases.communication_field_is_greyed_out_when_client_is_not_selected(Export_TestCases.java:189)
	at java.util.concurrent.FutureTask.run(FutureTask.java:266)
	at java.util.concurrent.ThreadPoolExecutor.runWorker(ThreadPoolExecutor.java:1142)
	at java.util.concurrent.ThreadPoolExecutor$Worker.run(ThreadPoolExecutor.java:617)
	at java.lang.Thread.run(Thread.java:745)
... Removed 19 stack frames]]>
    </failure>
  </testcase> <!-- communication_field_is_greyed_out_when_client_is_not_selected -->
  <testcase name="message_field_is_greyed_out_when_client_is_not_selected" time="16.573" classname="localization.Export_TestCases">
    <failure type="java.lang.AssertionError" message="field is disabled expected [false] but found [true]">
      <![CDATA[java.lang.AssertionError: field is disabled expected [false] but found [true]
	at localization.ExportPage.isDisabled(ExportPage.java:150)
	at localization.Export_TestCases.message_field_is_greyed_out_when_client_is_not_selected(Export_TestCases.java:199)
	at java.util.concurrent.FutureTask.run(FutureTask.java:266)
	at java.util.concurrent.ThreadPoolExecutor.runWorker(ThreadPoolExecutor.java:1142)
	at java.util.concurrent.ThreadPoolExecutor$Worker.run(ThreadPoolExecutor.java:617)
	at java.lang.Thread.run(Thread.java:745)
... Removed 19 stack frames]]>
    </failure>
  </testcase> <!-- message_field_is_greyed_out_when_client_is_not_selected -->
  <testcase name="media_gallery_field_is_greyed_out_when_client_is_not_selected" time="15.543" classname="localization.Export_TestCases">
    <failure type="java.lang.AssertionError" message="field is disabled expected [false] but found [true]">
      <![CDATA[java.lang.AssertionError: field is disabled expected [false] but found [true]
	at localization.ExportPage.isDisabled(ExportPage.java:155)
	at localization.Export_TestCases.media_gallery_field_is_greyed_out_when_client_is_not_selected(Export_TestCases.java:209)
	at java.util.concurrent.FutureTask.run(FutureTask.java:266)
	at java.util.concurrent.ThreadPoolExecutor.runWorker(ThreadPoolExecutor.java:1142)
	at java.util.concurrent.ThreadPoolExecutor$Worker.run(ThreadPoolExecutor.java:617)
	at java.lang.Thread.run(Thread.java:745)
... Removed 19 stack frames]]>
    </failure>
  </testcase> <!-- media_gallery_field_is_greyed_out_when_client_is_not_selected -->
  <testcase name="click_export_with_empty_fields" time="17.614" classname="localization.Export_TestCases"/>
</testsuite> <!-- LOCALIZATION EXPORT TESTCASES -->
