<?xml version="1.0" encoding="UTF-8"?>
<!-- Generated by org.testng.reporters.JUnitXMLReporter -->
<testsuite hostname="remote-wkstn3" ignored="0" name="LOCALIZATION EXPORT TESTCASES" tests="19" failures="8" timestamp="07 Jun 2017 04:14:21 GMT" time="604.878" errors="0">
  <testcase name="export_a_camapign_format_type_xlsx" time="29.209" classname="localization.Export_TestCases"/>
  <testcase name="export_a_camapign_format_type_xliff" time="29.627" classname="localization.Export_TestCases"/>
  <testcase name="export_a_series_format_type_xlsx" time="27.971" classname="localization.Export_TestCases"/>
  <testcase name="export_a_series_format_type_xliff" time="27.937" classname="localization.Export_TestCases"/>
  <testcase name="export_a_track_format_type_xlsx" time="28.74" classname="localization.Export_TestCases"/>
  <testcase name="export_a_track_format_type_xliff" time="29.201" classname="localization.Export_TestCases"/>
  <testcase name="export_a_communication_format_type_xlsx" time="29.108" classname="localization.Export_TestCases"/>
  <testcase name="export_a_communication_format_type_xliff" time="29.419" classname="localization.Export_TestCases"/>
  <testcase name="export_a_message_format_type_xlsx" time="31.139" classname="localization.Export_TestCases"/>
  <testcase name="export_a_message_format_type_xliff" time="33.167" classname="localization.Export_TestCases"/>
  <testcase name="export_a_media_gallery_format_type_xlsx" time="23.454" classname="localization.Export_TestCases">
    <failure type="org.openqa.selenium.WebDriverException" message="unknown error: Element &amp;lt;span class=&amp;quot;select2-chosen&amp;quot; id=&amp;quot;select2-chosen-9&amp;quot;&amp;gt;...&amp;lt;/span&amp;gt; is not clickable at point (1197, 769). Other element would receive the click: &amp;lt;div id=&amp;quot;select2-drop-mask&amp;quot; class=&amp;quot;select2-drop-mask&amp;quot; style=&amp;quot;display: block;&amp;quot;&amp;gt;&amp;lt;/div&amp;gt;
  (Session info: chrome=58.0.3029.110)
  (Driver info: chromedriver=2.29.461591 (62ebf098771772160f391d75e589dc567915b233),platform=Windows NT 6.1.7601 SP1 x86_64) (WARNING: The server did not provide any stacktrace information)
Command duration or timeout: 111 milliseconds
Build info: version: &amp;apos;3.0.1&amp;apos;, revision: &amp;apos;1969d75&amp;apos;, time: &amp;apos;2016-10-18 09:49:13 -0700&amp;apos;
System info: host: &amp;apos;remote-wkstn3&amp;apos;, ip: &amp;apos;10.16.1.107&amp;apos;, os.name: &amp;apos;Windows 7&amp;apos;, os.arch: &amp;apos;amd64&amp;apos;, os.version: &amp;apos;6.1&amp;apos;, java.version: &amp;apos;1.8.0_121&amp;apos;
Driver info: org.openqa.selenium.chrome.ChromeDriver
Capabilities [{applicationCacheEnabled=false, rotatable=false, mobileEmulationEnabled=false, networkConnectionEnabled=false, chrome={chromedriverVersion=2.29.461591 (62ebf098771772160f391d75e589dc567915b233), userDataDir=C:\Users\ARJUN~1.KAR\AppData\Local\Temp\scoped_dir16212_29548}, takesHeapSnapshot=true, pageLoadStrategy=normal, databaseEnabled=false, handlesAlerts=true, hasTouchScreen=false, version=58.0.3029.110, platform=XP, browserConnectionEnabled=false, nativeEvents=true, acceptSslCerts=true, locationContextEnabled=true, webStorageEnabled=true, browserName=chrome, takesScreenshot=true, javascriptEnabled=true, cssSelectorsEnabled=true, unexpectedAlertBehaviour=accept}]
Session ID: 4a6d3d450696991957ed34f91ef0fa2b">
      <![CDATA[org.openqa.selenium.WebDriverException: unknown error: Element <span class="select2-chosen" id="select2-chosen-9">...</span> is not clickable at point (1197, 769). Other element would receive the click: <div id="select2-drop-mask" class="select2-drop-mask" style="display: block;"></div>
  (Session info: chrome=58.0.3029.110)
  (Driver info: chromedriver=2.29.461591 (62ebf098771772160f391d75e589dc567915b233),platform=Windows NT 6.1.7601 SP1 x86_64) (WARNING: The server did not provide any stacktrace information)
Command duration or timeout: 111 milliseconds
Build info: version: '3.0.1', revision: '1969d75', time: '2016-10-18 09:49:13 -0700'
System info: host: 'remote-wkstn3', ip: '10.16.1.107', os.name: 'Windows 7', os.arch: 'amd64', os.version: '6.1', java.version: '1.8.0_121'
Driver info: org.openqa.selenium.chrome.ChromeDriver
Capabilities [{applicationCacheEnabled=false, rotatable=false, mobileEmulationEnabled=false, networkConnectionEnabled=false, chrome={chromedriverVersion=2.29.461591 (62ebf098771772160f391d75e589dc567915b233), userDataDir=C:\Users\ARJUN~1.KAR\AppData\Local\Temp\scoped_dir16212_29548}, takesHeapSnapshot=true, pageLoadStrategy=normal, databaseEnabled=false, handlesAlerts=true, hasTouchScreen=false, version=58.0.3029.110, platform=XP, browserConnectionEnabled=false, nativeEvents=true, acceptSslCerts=true, locationContextEnabled=true, webStorageEnabled=true, browserName=chrome, takesScreenshot=true, javascriptEnabled=true, cssSelectorsEnabled=true, unexpectedAlertBehaviour=accept}]
Session ID: 4a6d3d450696991957ed34f91ef0fa2b
	at org.openqa.selenium.remote.ErrorHandler.createThrowable(ErrorHandler.java:216)
	at org.openqa.selenium.remote.ErrorHandler.throwIfResponseFailed(ErrorHandler.java:168)
	at org.openqa.selenium.remote.RemoteWebDriver.execute(RemoteWebDriver.java:635)
	at org.openqa.selenium.remote.RemoteWebElement.execute(RemoteWebElement.java:274)
	at org.openqa.selenium.remote.RemoteWebElement.click(RemoteWebElement.java:84)
	at localization.ExportPage.selectFormat(ExportPage.java:87)
	at localization.Export_TestCases.export_a_media_gallery_format_type_xlsx(Export_TestCases.java:137)
	at java.util.concurrent.FutureTask.run(FutureTask.java:266)
	at java.util.concurrent.ThreadPoolExecutor.runWorker(ThreadPoolExecutor.java:1142)
	at java.util.concurrent.ThreadPoolExecutor$Worker.run(ThreadPoolExecutor.java:617)
	at java.lang.Thread.run(Thread.java:745)
... Removed 20 stack frames]]>
    </failure>
  </testcase> <!-- export_a_media_gallery_format_type_xlsx -->
  <testcase name="export_a_media_gallery_format_type_xliff" time="24.036" classname="localization.Export_TestCases">
    <failure type="org.openqa.selenium.WebDriverException" message="unknown error: Element &amp;lt;span class=&amp;quot;select2-chosen&amp;quot; id=&amp;quot;select2-chosen-9&amp;quot;&amp;gt;...&amp;lt;/span&amp;gt; is not clickable at point (1197, 769). Other element would receive the click: &amp;lt;div id=&amp;quot;select2-drop-mask&amp;quot; class=&amp;quot;select2-drop-mask&amp;quot; style=&amp;quot;display: block;&amp;quot;&amp;gt;&amp;lt;/div&amp;gt;
  (Session info: chrome=58.0.3029.110)
  (Driver info: chromedriver=2.29.461591 (62ebf098771772160f391d75e589dc567915b233),platform=Windows NT 6.1.7601 SP1 x86_64) (WARNING: The server did not provide any stacktrace information)
Command duration or timeout: 78 milliseconds
Build info: version: &amp;apos;3.0.1&amp;apos;, revision: &amp;apos;1969d75&amp;apos;, time: &amp;apos;2016-10-18 09:49:13 -0700&amp;apos;
System info: host: &amp;apos;remote-wkstn3&amp;apos;, ip: &amp;apos;10.16.1.107&amp;apos;, os.name: &amp;apos;Windows 7&amp;apos;, os.arch: &amp;apos;amd64&amp;apos;, os.version: &amp;apos;6.1&amp;apos;, java.version: &amp;apos;1.8.0_121&amp;apos;
Driver info: org.openqa.selenium.chrome.ChromeDriver
Capabilities [{applicationCacheEnabled=false, rotatable=false, mobileEmulationEnabled=false, networkConnectionEnabled=false, chrome={chromedriverVersion=2.29.461591 (62ebf098771772160f391d75e589dc567915b233), userDataDir=C:\Users\ARJUN~1.KAR\AppData\Local\Temp\scoped_dir51368_12988}, takesHeapSnapshot=true, pageLoadStrategy=normal, databaseEnabled=false, handlesAlerts=true, hasTouchScreen=false, version=58.0.3029.110, platform=XP, browserConnectionEnabled=false, nativeEvents=true, acceptSslCerts=true, locationContextEnabled=true, webStorageEnabled=true, browserName=chrome, takesScreenshot=true, javascriptEnabled=true, cssSelectorsEnabled=true, unexpectedAlertBehaviour=accept}]
Session ID: 8a0f86ebc2f95ef86e72175b2b50a89c">
      <![CDATA[org.openqa.selenium.WebDriverException: unknown error: Element <span class="select2-chosen" id="select2-chosen-9">...</span> is not clickable at point (1197, 769). Other element would receive the click: <div id="select2-drop-mask" class="select2-drop-mask" style="display: block;"></div>
  (Session info: chrome=58.0.3029.110)
  (Driver info: chromedriver=2.29.461591 (62ebf098771772160f391d75e589dc567915b233),platform=Windows NT 6.1.7601 SP1 x86_64) (WARNING: The server did not provide any stacktrace information)
Command duration or timeout: 78 milliseconds
Build info: version: '3.0.1', revision: '1969d75', time: '2016-10-18 09:49:13 -0700'
System info: host: 'remote-wkstn3', ip: '10.16.1.107', os.name: 'Windows 7', os.arch: 'amd64', os.version: '6.1', java.version: '1.8.0_121'
Driver info: org.openqa.selenium.chrome.ChromeDriver
Capabilities [{applicationCacheEnabled=false, rotatable=false, mobileEmulationEnabled=false, networkConnectionEnabled=false, chrome={chromedriverVersion=2.29.461591 (62ebf098771772160f391d75e589dc567915b233), userDataDir=C:\Users\ARJUN~1.KAR\AppData\Local\Temp\scoped_dir51368_12988}, takesHeapSnapshot=true, pageLoadStrategy=normal, databaseEnabled=false, handlesAlerts=true, hasTouchScreen=false, version=58.0.3029.110, platform=XP, browserConnectionEnabled=false, nativeEvents=true, acceptSslCerts=true, locationContextEnabled=true, webStorageEnabled=true, browserName=chrome, takesScreenshot=true, javascriptEnabled=true, cssSelectorsEnabled=true, unexpectedAlertBehaviour=accept}]
Session ID: 8a0f86ebc2f95ef86e72175b2b50a89c
	at org.openqa.selenium.remote.ErrorHandler.createThrowable(ErrorHandler.java:216)
	at org.openqa.selenium.remote.ErrorHandler.throwIfResponseFailed(ErrorHandler.java:168)
	at org.openqa.selenium.remote.RemoteWebDriver.execute(RemoteWebDriver.java:635)
	at org.openqa.selenium.remote.RemoteWebElement.execute(RemoteWebElement.java:274)
	at org.openqa.selenium.remote.RemoteWebElement.click(RemoteWebElement.java:84)
	at localization.ExportPage.selectFormat(ExportPage.java:87)
	at localization.Export_TestCases.export_a_media_gallery_format_type_xliff(Export_TestCases.java:149)
	at java.util.concurrent.FutureTask.run(FutureTask.java:266)
	at java.util.concurrent.ThreadPoolExecutor.runWorker(ThreadPoolExecutor.java:1142)
	at java.util.concurrent.ThreadPoolExecutor$Worker.run(ThreadPoolExecutor.java:617)
	at java.lang.Thread.run(Thread.java:745)
... Removed 20 stack frames]]>
    </failure>
  </testcase> <!-- export_a_media_gallery_format_type_xliff -->
  <testcase name="campaign_field_is_greyed_out_when_client_is_not_selected" time="13.771" classname="localization.Export_TestCases">
    <failure type="java.lang.AssertionError" message="field is disabled expected [false] but found [true]">
      <![CDATA[java.lang.AssertionError: field is disabled expected [false] but found [true]
	at localization.ExportPage.isDisabled(ExportPage.java:130)
	at localization.Export_TestCases.campaign_field_is_greyed_out_when_client_is_not_selected(Export_TestCases.java:159)
	at java.util.concurrent.FutureTask.run(FutureTask.java:266)
	at java.util.concurrent.ThreadPoolExecutor.runWorker(ThreadPoolExecutor.java:1142)
	at java.util.concurrent.ThreadPoolExecutor$Worker.run(ThreadPoolExecutor.java:617)
	at java.lang.Thread.run(Thread.java:745)
... Removed 19 stack frames]]>
    </failure>
  </testcase> <!-- campaign_field_is_greyed_out_when_client_is_not_selected -->
  <testcase name="series_field_is_greyed_out_when_client_is_not_selected" time="13.81" classname="localization.Export_TestCases">
    <failure type="java.lang.AssertionError" message="field is disabled expected [false] but found [true]">
      <![CDATA[java.lang.AssertionError: field is disabled expected [false] but found [true]
	at localization.ExportPage.isDisabled(ExportPage.java:135)
	at localization.Export_TestCases.series_field_is_greyed_out_when_client_is_not_selected(Export_TestCases.java:169)
	at java.util.concurrent.FutureTask.run(FutureTask.java:266)
	at java.util.concurrent.ThreadPoolExecutor.runWorker(ThreadPoolExecutor.java:1142)
	at java.util.concurrent.ThreadPoolExecutor$Worker.run(ThreadPoolExecutor.java:617)
	at java.lang.Thread.run(Thread.java:745)
... Removed 19 stack frames]]>
    </failure>
  </testcase> <!-- series_field_is_greyed_out_when_client_is_not_selected -->
  <testcase name="track_field_is_greyed_out_when_client_is_not_selected" time="14.316" classname="localization.Export_TestCases">
    <failure type="java.lang.AssertionError" message="field is disabled expected [false] but found [true]">
      <![CDATA[java.lang.AssertionError: field is disabled expected [false] but found [true]
	at localization.ExportPage.isDisabled(ExportPage.java:140)
	at localization.Export_TestCases.track_field_is_greyed_out_when_client_is_not_selected(Export_TestCases.java:179)
	at java.util.concurrent.FutureTask.run(FutureTask.java:266)
	at java.util.concurrent.ThreadPoolExecutor.runWorker(ThreadPoolExecutor.java:1142)
	at java.util.concurrent.ThreadPoolExecutor$Worker.run(ThreadPoolExecutor.java:617)
	at java.lang.Thread.run(Thread.java:745)
... Removed 19 stack frames]]>
    </failure>
  </testcase> <!-- track_field_is_greyed_out_when_client_is_not_selected -->
  <testcase name="communication_field_is_greyed_out_when_client_is_not_selected" time="14.124" classname="localization.Export_TestCases">
    <failure type="java.lang.AssertionError" message="field is disabled expected [false] but found [true]">
      <![CDATA[java.lang.AssertionError: field is disabled expected [false] but found [true]
	at localization.ExportPage.isDisabled(ExportPage.java:145)
	at localization.Export_TestCases.communication_field_is_greyed_out_when_client_is_not_selected(Export_TestCases.java:189)
	at java.util.concurrent.FutureTask.run(FutureTask.java:266)
	at java.util.concurrent.ThreadPoolExecutor.runWorker(ThreadPoolExecutor.java:1142)
	at java.util.concurrent.ThreadPoolExecutor$Worker.run(ThreadPoolExecutor.java:617)
	at java.lang.Thread.run(Thread.java:745)
... Removed 19 stack frames]]>
    </failure>
  </testcase> <!-- communication_field_is_greyed_out_when_client_is_not_selected -->
  <testcase name="message_field_is_greyed_out_when_client_is_not_selected" time="14.003" classname="localization.Export_TestCases">
    <failure type="java.lang.AssertionError" message="field is disabled expected [false] but found [true]">
      <![CDATA[java.lang.AssertionError: field is disabled expected [false] but found [true]
	at localization.ExportPage.isDisabled(ExportPage.java:150)
	at localization.Export_TestCases.message_field_is_greyed_out_when_client_is_not_selected(Export_TestCases.java:199)
	at java.util.concurrent.FutureTask.run(FutureTask.java:266)
	at java.util.concurrent.ThreadPoolExecutor.runWorker(ThreadPoolExecutor.java:1142)
	at java.util.concurrent.ThreadPoolExecutor$Worker.run(ThreadPoolExecutor.java:617)
	at java.lang.Thread.run(Thread.java:745)
... Removed 19 stack frames]]>
    </failure>
  </testcase> <!-- message_field_is_greyed_out_when_client_is_not_selected -->
  <testcase name="media_gallery_field_is_greyed_out_when_client_is_not_selected" time="14.078" classname="localization.Export_TestCases">
    <failure type="java.lang.AssertionError" message="field is disabled expected [false] but found [true]">
      <![CDATA[java.lang.AssertionError: field is disabled expected [false] but found [true]
	at localization.ExportPage.isDisabled(ExportPage.java:155)
	at localization.Export_TestCases.media_gallery_field_is_greyed_out_when_client_is_not_selected(Export_TestCases.java:209)
	at java.util.concurrent.FutureTask.run(FutureTask.java:266)
	at java.util.concurrent.ThreadPoolExecutor.runWorker(ThreadPoolExecutor.java:1142)
	at java.util.concurrent.ThreadPoolExecutor$Worker.run(ThreadPoolExecutor.java:617)
	at java.lang.Thread.run(Thread.java:745)
... Removed 19 stack frames]]>
    </failure>
  </testcase> <!-- media_gallery_field_is_greyed_out_when_client_is_not_selected -->
  <testcase name="click_export_with_empty_fields" time="17.091" classname="localization.Export_TestCases"/>
</testsuite> <!-- LOCALIZATION EXPORT TESTCASES -->
