<?xml version="1.0" encoding="UTF-8"?>
<!-- Generated by org.testng.reporters.JUnitXMLReporter -->
<testsuite hostname="remote-wkstn3" ignored="0" name="LOGIN TESTCASES" tests="6" failures="0" timestamp="06 Jun 2017 20:10:09 GMT" time="80.345" errors="0">
  <testcase name="login_with_valid_username_and_valid_password" time="7.829" classname="login.Login_testcases"/>
  <testcase name="login_with_empty_password" time="5.284" classname="login.Login_testcases"/>
  <testcase name="login_with_empty_username" time="5.254" classname="login.Login_testcases"/>
  <testcase name="login_with_empty_username_password" time="5.048" classname="login.Login_testcases"/>
  <testcase name="login_with_invalid_password" time="5.501" classname="login.Login_testcases"/>
  <testcase name="login_with_invalid_username" time="5.382" classname="login.Login_testcases"/>
</testsuite> <!-- LOGIN TESTCASES -->
