<?xml version="1.0" encoding="UTF-8"?>
<!-- Generated by org.testng.reporters.JUnitXMLReporter -->
<testsuite hostname="remote-wkstn3" ignored="5" name="MESSAGES TESTCASES" tests="38" failures="3" timestamp="19 Jun 2017 23:15:42 GMT" time="2337.98" errors="0">
  <testcase name="create_a_new_message" time="119.623" classname="library.Messages_TestCases">
    <failure type="java.lang.AssertionError" message="expected [2] but found [1]">
      <![CDATA[java.lang.AssertionError: expected [2] but found [1]
	at library.MessagesPage.validateUpdates(MessagesPage.java:416)
	at library.Messages_TestCases.create_a_new_message(Messages_TestCases.java:34)
	at java.util.concurrent.FutureTask.run(FutureTask.java:266)
	at java.util.concurrent.ThreadPoolExecutor.runWorker(ThreadPoolExecutor.java:1142)
	at java.util.concurrent.ThreadPoolExecutor$Worker.run(ThreadPoolExecutor.java:617)
	at java.lang.Thread.run(Thread.java:745)
... Removed 22 stack frames]]>
    </failure>
  </testcase> <!-- create_a_new_message -->
  <testcase name="update_message_name" time="76.346" classname="library.MessagesEdit_Testcases"/>
  <testcase name="test_is_empty" time="7.424" classname="library.MessagesRestore_Testcases"/>
  <testcase name="publish_message" time="37.505" classname="library.MessagesPublish_Testcases"/>
  <testcase name="create_a_new_message_without_clientname" time="45.937" classname="library.Messages_TestCases"/>
  <testcase name="update_message_name_to_previous_name" time="75.056" classname="library.MessagesEdit_Testcases"/>
  <testcase name="cancel_publish_campaign" time="38.249" classname="library.MessagesPublish_Testcases"/>
  <testcase name="create_a_new_message_without_a_message_name" time="63.999" classname="library.Messages_TestCases"/>
  <testcase name="create_a_new_message_without_brand" time="62.018" classname="library.Messages_TestCases"/>
  <testcase name="update_message_brands" time="78.005" classname="library.MessagesEdit_Testcases"/>
  <testcase name="update_message_brands_to_previous" time="69.891" classname="library.MessagesEdit_Testcases"/>
  <testcase name="update_message_programs" time="79.294" classname="library.MessagesEdit_Testcases"/>
  <testcase name="update_message_programs_to_previous" time="77.983" classname="library.MessagesEdit_Testcases"/>
  <testcase name="update_message_workflow_to_approved" time="59.191" classname="library.MessagesEdit_Testcases"/>
  <testcase name="click_cancel_message_button" time="30.62" classname="library.Messages_TestCases"/>
  <testcase name="update_message_variable" time="66.56" classname="library.MessagesEdit_Testcases"/>
  <testcase name="clone_message" time="18.392" classname="library.Messages_TestCases"/>
  <testcase name="update_message_template" time="82.814" classname="library.MessagesEdit_Testcases"/>
  <testcase name="CCL_AE_Failtocreate_message" time="48.623" classname="library.Messages_TestCases"/>
  <testcase name="update_message_template_to_previous" time="74.96" classname="library.MessagesEdit_Testcases"/>
  <testcase name="delete_message_from_db" time="3.736" classname="library.Messages_TestCases"/>
  <testcase name="update_message_workflow_to_draft" time="59.019" classname="library.MessagesEdit_Testcases"/>
  <testcase name="inactivate_message" time="17.56" classname="library.MessagesEdit_Testcases"/>
  <testcase name="activate_message" time="65.954" classname="library.MessagesEdit_Testcases"/>
  <testcase name="archive_message" time="31.35" classname="library.MessagesEdit_Testcases"/>
  <testcase name="restore_message" time="40.574" classname="library.MessagesEdit_Testcases"/>
  <testcase name="preview_locale" time="45.435" classname="library.MessagesEdit_Testcases"/>
  <testcase name="view_locale" time="26.277" classname="library.MessagesEdit_Testcases"/>
  <testcase name="VerifyBanner" time="73.575" classname="library.MessagesEdit_Testcases"/>
  <testcase name="VerifyAddingTwoSameTemplates" time="53.028" classname="library.MessagesEdit_Testcases">
    <failure type="org.openqa.selenium.WebDriverException" message="unknown error: Element &amp;lt;button id=&amp;quot;btnSubmit&amp;quot; name=&amp;quot;btnSubmit&amp;quot; type=&amp;quot;submit&amp;quot; class=&amp;quot;btn blue&amp;quot;&amp;gt;...&amp;lt;/button&amp;gt; is not clickable at point (1812, 918). Other element would receive the click: &amp;lt;div id=&amp;quot;select2-drop-mask&amp;quot; class=&amp;quot;select2-drop-mask&amp;quot; style=&amp;quot;display: block;&amp;quot;&amp;gt;&amp;lt;/div&amp;gt;
  (Session info: chrome=59.0.3071.104)
  (Driver info: chromedriver=2.29.461591 (62ebf098771772160f391d75e589dc567915b233),platform=Windows NT 6.1.7601 SP1 x86_64) (WARNING: The server did not provide any stacktrace information)
Command duration or timeout: 132 milliseconds
Build info: version: &amp;apos;3.0.1&amp;apos;, revision: &amp;apos;1969d75&amp;apos;, time: &amp;apos;2016-10-18 09:49:13 -0700&amp;apos;
System info: host: &amp;apos;remote-wkstn3&amp;apos;, ip: &amp;apos;10.16.1.107&amp;apos;, os.name: &amp;apos;Windows 7&amp;apos;, os.arch: &amp;apos;amd64&amp;apos;, os.version: &amp;apos;6.1&amp;apos;, java.version: &amp;apos;1.8.0_121&amp;apos;
Driver info: org.openqa.selenium.chrome.ChromeDriver
Capabilities [{applicationCacheEnabled=false, rotatable=false, mobileEmulationEnabled=false, networkConnectionEnabled=false, chrome={chromedriverVersion=2.29.461591 (62ebf098771772160f391d75e589dc567915b233), userDataDir=C:\Users\ARJUN~1.KAR\AppData\Local\Temp\scoped_dir9672_29561}, takesHeapSnapshot=true, pageLoadStrategy=normal, databaseEnabled=false, handlesAlerts=true, hasTouchScreen=false, version=59.0.3071.104, platform=XP, browserConnectionEnabled=false, nativeEvents=true, acceptSslCerts=true, locationContextEnabled=true, webStorageEnabled=true, browserName=chrome, takesScreenshot=true, javascriptEnabled=true, cssSelectorsEnabled=true, unexpectedAlertBehaviour=accept}]
Session ID: 3a720764e05de58993df35b80cef1a98">
      <![CDATA[org.openqa.selenium.WebDriverException: unknown error: Element <button id="btnSubmit" name="btnSubmit" type="submit" class="btn blue">...</button> is not clickable at point (1812, 918). Other element would receive the click: <div id="select2-drop-mask" class="select2-drop-mask" style="display: block;"></div>
  (Session info: chrome=59.0.3071.104)
  (Driver info: chromedriver=2.29.461591 (62ebf098771772160f391d75e589dc567915b233),platform=Windows NT 6.1.7601 SP1 x86_64) (WARNING: The server did not provide any stacktrace information)
Command duration or timeout: 132 milliseconds
Build info: version: '3.0.1', revision: '1969d75', time: '2016-10-18 09:49:13 -0700'
System info: host: 'remote-wkstn3', ip: '10.16.1.107', os.name: 'Windows 7', os.arch: 'amd64', os.version: '6.1', java.version: '1.8.0_121'
Driver info: org.openqa.selenium.chrome.ChromeDriver
Capabilities [{applicationCacheEnabled=false, rotatable=false, mobileEmulationEnabled=false, networkConnectionEnabled=false, chrome={chromedriverVersion=2.29.461591 (62ebf098771772160f391d75e589dc567915b233), userDataDir=C:\Users\ARJUN~1.KAR\AppData\Local\Temp\scoped_dir9672_29561}, takesHeapSnapshot=true, pageLoadStrategy=normal, databaseEnabled=false, handlesAlerts=true, hasTouchScreen=false, version=59.0.3071.104, platform=XP, browserConnectionEnabled=false, nativeEvents=true, acceptSslCerts=true, locationContextEnabled=true, webStorageEnabled=true, browserName=chrome, takesScreenshot=true, javascriptEnabled=true, cssSelectorsEnabled=true, unexpectedAlertBehaviour=accept}]
Session ID: 3a720764e05de58993df35b80cef1a98
	at org.openqa.selenium.remote.ErrorHandler.createThrowable(ErrorHandler.java:216)
	at org.openqa.selenium.remote.ErrorHandler.throwIfResponseFailed(ErrorHandler.java:168)
	at org.openqa.selenium.remote.RemoteWebDriver.execute(RemoteWebDriver.java:635)
	at org.openqa.selenium.remote.RemoteWebElement.execute(RemoteWebElement.java:274)
	at org.openqa.selenium.remote.RemoteWebElement.click(RemoteWebElement.java:84)
	at library.MessagesEditPage.clickSubmitButton(MessagesEditPage.java:260)
	at library.MessagesEdit_Testcases.VerifyAddingTwoSameTemplates(MessagesEdit_Testcases.java:288)
	at java.util.concurrent.FutureTask.run(FutureTask.java:266)
	at java.util.concurrent.ThreadPoolExecutor.runWorker(ThreadPoolExecutor.java:1142)
	at java.util.concurrent.ThreadPoolExecutor$Worker.run(ThreadPoolExecutor.java:617)
	at java.lang.Thread.run(Thread.java:745)
... Removed 20 stack frames]]>
    </failure>
  </testcase> <!-- VerifyAddingTwoSameTemplates -->
  <testcase name="CCL_AE_updatebrand" time="68.779" classname="library.MessagesEdit_Testcases"/>
  <testcase name="CCL_AE_updatebrandtoprevious" time="71.166" classname="library.MessagesEdit_Testcases"/>
  <testcase name="VerifyAddedLocalesInPreview" time="48.43" classname="library.MessagesEdit_Testcases"/>
  <testcase name="ClickPreview" time="50.077" classname="library.MessagesEdit_Testcases"/>
  <testcase name="update_message_template_by_Carnival_AE" time="75.254" classname="library.MessagesEdit_Testcases"/>
  <testcase name="check_quicklook_for_meaasage" time="32.683" classname="library.MessagesEdit_Testcases">
    <failure type="org.openqa.selenium.NoSuchElementException" message="no such element: Unable to locate element: {&amp;quot;method&amp;quot;:&amp;quot;xpath&amp;quot;,&amp;quot;selector&amp;quot;:&amp;quot;.//*[@id=&amp;apos;datatable&amp;apos;]/tbody/tr[1]/td[18]/div/div/a[1]/i&amp;quot;}
  (Session info: chrome=59.0.3071.104)
  (Driver info: chromedriver=2.29.461591 (62ebf098771772160f391d75e589dc567915b233),platform=Windows NT 6.1.7601 SP1 x86_64) (WARNING: The server did not provide any stacktrace information)
Command duration or timeout: 10.04 seconds
For documentation on this error, please visit: http://seleniumhq.org/exceptions/no_such_element.html
Build info: version: &amp;apos;3.0.1&amp;apos;, revision: &amp;apos;1969d75&amp;apos;, time: &amp;apos;2016-10-18 09:49:13 -0700&amp;apos;
System info: host: &amp;apos;remote-wkstn3&amp;apos;, ip: &amp;apos;10.16.1.107&amp;apos;, os.name: &amp;apos;Windows 7&amp;apos;, os.arch: &amp;apos;amd64&amp;apos;, os.version: &amp;apos;6.1&amp;apos;, java.version: &amp;apos;1.8.0_121&amp;apos;
Driver info: org.openqa.selenium.chrome.ChromeDriver
Capabilities [{applicationCacheEnabled=false, rotatable=false, mobileEmulationEnabled=false, networkConnectionEnabled=false, chrome={chromedriverVersion=2.29.461591 (62ebf098771772160f391d75e589dc567915b233), userDataDir=C:\Users\ARJUN~1.KAR\AppData\Local\Temp\scoped_dir11332_16341}, takesHeapSnapshot=true, pageLoadStrategy=normal, databaseEnabled=false, handlesAlerts=true, hasTouchScreen=false, version=59.0.3071.104, platform=XP, browserConnectionEnabled=false, nativeEvents=true, acceptSslCerts=true, locationContextEnabled=true, webStorageEnabled=true, browserName=chrome, takesScreenshot=true, javascriptEnabled=true, cssSelectorsEnabled=true, unexpectedAlertBehaviour=accept}]
Session ID: 679a5166f2855f52b520d12cf7ba3798
*** Element info: {Using=xpath, value=.//*[@id=&amp;apos;datatable&amp;apos;]/tbody/tr[1]/td[18]/div/div/a[1]/i}">
      <![CDATA[org.openqa.selenium.NoSuchElementException: no such element: Unable to locate element: {"method":"xpath","selector":".//*[@id='datatable']/tbody/tr[1]/td[18]/div/div/a[1]/i"}
  (Session info: chrome=59.0.3071.104)
  (Driver info: chromedriver=2.29.461591 (62ebf098771772160f391d75e589dc567915b233),platform=Windows NT 6.1.7601 SP1 x86_64) (WARNING: The server did not provide any stacktrace information)
Command duration or timeout: 10.04 seconds
For documentation on this error, please visit: http://seleniumhq.org/exceptions/no_such_element.html
Build info: version: '3.0.1', revision: '1969d75', time: '2016-10-18 09:49:13 -0700'
System info: host: 'remote-wkstn3', ip: '10.16.1.107', os.name: 'Windows 7', os.arch: 'amd64', os.version: '6.1', java.version: '1.8.0_121'
Driver info: org.openqa.selenium.chrome.ChromeDriver
Capabilities [{applicationCacheEnabled=false, rotatable=false, mobileEmulationEnabled=false, networkConnectionEnabled=false, chrome={chromedriverVersion=2.29.461591 (62ebf098771772160f391d75e589dc567915b233), userDataDir=C:\Users\ARJUN~1.KAR\AppData\Local\Temp\scoped_dir11332_16341}, takesHeapSnapshot=true, pageLoadStrategy=normal, databaseEnabled=false, handlesAlerts=true, hasTouchScreen=false, version=59.0.3071.104, platform=XP, browserConnectionEnabled=false, nativeEvents=true, acceptSslCerts=true, locationContextEnabled=true, webStorageEnabled=true, browserName=chrome, takesScreenshot=true, javascriptEnabled=true, cssSelectorsEnabled=true, unexpectedAlertBehaviour=accept}]
Session ID: 679a5166f2855f52b520d12cf7ba3798
*** Element info: {Using=xpath, value=.//*[@id='datatable']/tbody/tr[1]/td[18]/div/div/a[1]/i}
	at org.openqa.selenium.remote.ErrorHandler.createThrowable(ErrorHandler.java:216)
	at org.openqa.selenium.remote.ErrorHandler.throwIfResponseFailed(ErrorHandler.java:168)
	at org.openqa.selenium.remote.RemoteWebDriver.execute(RemoteWebDriver.java:635)
	at org.openqa.selenium.remote.RemoteWebDriver.findElement(RemoteWebDriver.java:368)
	at org.openqa.selenium.remote.RemoteWebDriver.findElementByXPath(RemoteWebDriver.java:473)
	at org.openqa.selenium.By$ByXPath.findElement(By.java:361)
	at org.openqa.selenium.remote.RemoteWebDriver.findElement(RemoteWebDriver.java:360)
	at library.MessagesPage.clickquicklook(MessagesPage.java:500)
	at library.MessagesEdit_Testcases.check_quicklook_for_meaasage(MessagesEdit_Testcases.java:382)
	at java.util.concurrent.FutureTask.run(FutureTask.java:266)
	at java.util.concurrent.ThreadPoolExecutor.runWorker(ThreadPoolExecutor.java:1142)
	at java.util.concurrent.ThreadPoolExecutor$Worker.run(ThreadPoolExecutor.java:617)
	at java.lang.Thread.run(Thread.java:745)
... Removed 20 stack frames]]>
    </failure>
  </testcase> <!-- check_quicklook_for_meaasage -->
  <testcase name="update_message_template_to_previous_Carnival_AE" time="69.9" classname="library.MessagesEdit_Testcases"/>
  <testcase name="mass_advance_workflow" time="23.656" classname="library.MessagesEdit_Testcases"/>
  <testcase name="update_message_client_field" time="0.0" classname="library.MessagesEdit_Testcases">
    <ignored/>
  </testcase> <!-- update_message_client_field -->
  <testcase name="update_message_clientname_to_previous_client" time="0.0" classname="library.MessagesEdit_Testcases">
    <ignored/>
  </testcase> <!-- update_message_clientname_to_previous_client -->
  <testcase name="@AfterSuite tearDown" time="0.0" classname="Utility.TestBase">
    <ignored/>
  </testcase> <!-- @AfterSuite tearDown -->
  <testcase name="@AfterSuite tearDown" time="0.0" classname="Utility.TestBase">
    <ignored/>
  </testcase> <!-- @AfterSuite tearDown -->
  <testcase name="@AfterSuite tearDown" time="0.0" classname="Utility.TestBase">
    <ignored/>
  </testcase> <!-- @AfterSuite tearDown -->
</testsuite> <!-- MESSAGES TESTCASES -->
