<?xml version="1.0" encoding="UTF-8"?>
<!-- Generated by org.testng.reporters.JUnitXMLReporter -->
<testsuite hostname="remote-wkstn3" ignored="2" name="PERMISSION GROUPS TESTCASES" tests="21" failures="1" timestamp="04 Nov 2017 01:05:46 GMT" time="1227.848" errors="0">
  <testcase name="create_a_new_permission_groups" time="38.049" classname="access.PermissionGroups_TestCases">
    <failure type="java.lang.AssertionError" message="expected [CODA - Permission Groups] but found [CODA - Permissiongroups - Add]">
      <![CDATA[java.lang.AssertionError: expected [CODA - Permission Groups] but found [CODA - Permissiongroups - Add]
	at access.PermissionGroupsAddPage.clickSave(PermissionGroupsAddPage.java:67)
	at access.PermissionGroups_TestCases.create_a_new_permission_groups(PermissionGroups_TestCases.java:21)
	at java.util.concurrent.FutureTask.run(FutureTask.java:266)
	at java.util.concurrent.ThreadPoolExecutor.runWorker(ThreadPoolExecutor.java:1142)
	at java.util.concurrent.ThreadPoolExecutor$Worker.run(ThreadPoolExecutor.java:617)
	at java.lang.Thread.run(Thread.java:745)
... Removed 22 stack frames]]>
    </failure>
  </testcase> <!-- create_a_new_permission_groups -->
  <testcase name="update_permission_groups_name" time="74.425" classname="access.PermissionGroupsEdit_testcases"/>
  <testcase name="verify_permission_archive_page" time="15.295" classname="access.PermissionGroupsRestore_testcases"/>
  <testcase name="create_a_new_permission_groups_without_name" time="42.414" classname="access.PermissionGroups_TestCases"/>
  <testcase name="update_permission_groups_name_to_previous" time="70.98" classname="access.PermissionGroupsEdit_testcases"/>
  <testcase name="click_cancel_in_permission_groups_add_page" time="22.36" classname="access.PermissionGroups_TestCases"/>
  <testcase name="update_permission_groups_business_groups" time="64.029" classname="access.PermissionGroupsEdit_testcases"/>
  <testcase name="returm_to_permission_groups_main_page" time="21.18" classname="access.PermissionGroups_TestCases"/>
  <testcase name="update_permission_groups_business_rule_to_previous" time="63.177" classname="access.PermissionGroupsEdit_testcases"/>
  <testcase name="delete_permission_groups_in_database" time="2.272" classname="access.PermissionGroups_TestCases"/>
  <testcase name="update_permission_groups_parent_permission" time="64.1" classname="access.PermissionGroupsEdit_testcases"/>
  <testcase name="update_permission_groups_parent_permission_to_previous" time="66.412" classname="access.PermissionGroupsEdit_testcases"/>
  <testcase name="update_permission_groups_permissions" time="80.793" classname="access.PermissionGroupsEdit_testcases"/>
  <testcase name="update_permission_groups_permissions_to_previous" time="73.75" classname="access.PermissionGroupsEdit_testcases"/>
  <testcase name="empty_a_required_field_and_click_save_in_permission_edit_page" time="25.888" classname="access.PermissionGroupsEdit_testcases"/>
  <testcase name="click_cancel_in_permission_groups_edit_page" time="23.159" classname="access.PermissionGroupsEdit_testcases"/>
  <testcase name="return_to_permission_groups_main_page" time="20.927" classname="access.PermissionGroupsEdit_testcases"/>
  <testcase name="inactivate_permission_groups" time="73.178" classname="access.PermissionGroupsEdit_testcases"/>
  <testcase name="activate_permission_groups" time="73.109" classname="access.PermissionGroupsEdit_testcases"/>
  <testcase name="archive_permission_groups" time="61.829" classname="access.PermissionGroupsEdit_testcases"/>
  <testcase name="restore_permission_groups" time="66.549" classname="access.PermissionGroupsEdit_testcases"/>
  <testcase name="@AfterSuite tearDown" time="0.0" classname="Utility.TestBase">
    <ignored/>
  </testcase> <!-- @AfterSuite tearDown -->
  <testcase name="@AfterSuite tearDown" time="0.0" classname="Utility.TestBase">
    <ignored/>
  </testcase> <!-- @AfterSuite tearDown -->
</testsuite> <!-- PERMISSION GROUPS TESTCASES -->
