<?xml version="1.0" encoding="UTF-8"?>
<!-- Generated by org.testng.reporters.JUnitXMLReporter -->
<testsuite hostname="prikab" name="PROGRAMS ADD TESTCASES" tests="3" failures="0" timestamp="29 Sep 2016 16:17:06 GMT" time="304.337" errors="0">
  <testcase name="create_a_new_program" time="88.096" classname="manage.Programs_testcases"/>
  <testcase name="create_a_new_program_without_a_client_name" time="77.177" classname="manage.Programs_testcases"/>
  <testcase name="create_a_new_program_without_a_name" time="79.043" classname="manage.Programs_testcases"/>
</testsuite> <!-- PROGRAMS ADD TESTCASES -->
