<?xml version="1.0" encoding="UTF-8"?>
<!-- Generated by org.testng.reporters.JUnitXMLReporter -->
<testsuite hostname="remote-wkstn3" ignored="2" name="REGIONS TESTCASES" tests="12" failures="1" timestamp="03 Nov 2017 20:42:59 GMT" time="480.38" errors="0">
  <testcase name="create_a_new_region" time="30.846" classname="layout.Regions_TestCases">
    <failure type="java.lang.AssertionError" message="expected [CODA - Regions] but found [CODA - Regions - Add]">
      <![CDATA[java.lang.AssertionError: expected [CODA - Regions] but found [CODA - Regions - Add]
	at layout.RegionsAddPage.clickSubmitButton(RegionsAddPage.java:42)
	at layout.Regions_TestCases.create_a_new_region(Regions_TestCases.java:20)
	at java.util.concurrent.FutureTask.run(FutureTask.java:266)
	at java.util.concurrent.ThreadPoolExecutor.runWorker(ThreadPoolExecutor.java:1142)
	at java.util.concurrent.ThreadPoolExecutor$Worker.run(ThreadPoolExecutor.java:617)
	at java.lang.Thread.run(Thread.java:745)
... Removed 22 stack frames]]>
    </failure>
  </testcase> <!-- create_a_new_region -->
  <testcase name="update_region_name" time="49.849" classname="layout.RegionsEdit_testcases"/>
  <testcase name="validate_region_page" time="13.188" classname="layout.RegionsRestore_testcases"/>
  <testcase name="create_a_new_region_with_a_duplicate_name" time="32.244" classname="layout.Regions_TestCases"/>
  <testcase name="update_region_name_to_previous" time="47.344" classname="layout.RegionsEdit_testcases"/>
  <testcase name="create_a_new_region_without_a_name" time="28.82" classname="layout.Regions_TestCases"/>
  <testcase name="update_region_description" time="34.96" classname="layout.RegionsEdit_testcases"/>
  <testcase name="inactivate_region" time="43.376" classname="layout.RegionsEdit_testcases"/>
  <testcase name="activate_region" time="40.366" classname="layout.RegionsEdit_testcases"/>
  <testcase name="database_delete_region" time="2.903" classname="layout.Regions_TestCases"/>
  <testcase name="archive_region" time="20.732" classname="layout.RegionsEdit_testcases"/>
  <testcase name="restore_region" time="30.765" classname="layout.RegionsEdit_testcases"/>
  <testcase name="@AfterSuite tearDown" time="0.0" classname="Utility.TestBase">
    <ignored/>
  </testcase> <!-- @AfterSuite tearDown -->
  <testcase name="@AfterSuite tearDown" time="0.0" classname="Utility.TestBase">
    <ignored/>
  </testcase> <!-- @AfterSuite tearDown -->
</testsuite> <!-- REGIONS TESTCASES -->
