<?xml version="1.0" encoding="UTF-8"?>
<!-- Generated by org.testng.reporters.JUnitXMLReporter -->
<testsuite hostname="remote-wkstn3" ignored="2" name="ROLES TESTCASES" tests="23" failures="1" timestamp="21 Jun 2017 09:51:16 GMT" time="1562.23" errors="0">
  <testcase name="create_a_new_role" time="103.88" classname="access.Roles_TestCases"/>
  <testcase name="update_role_name" time="80.751" classname="access.RolesEdit_testcases"/>
  <testcase name="verify_roles_archive_page" time="21.854" classname="access.RolesRestore_testcases"/>
  <testcase name="create_a_new_role_without_a_name" time="48.484" classname="access.Roles_TestCases"/>
  <testcase name="update_role_name_to_previous" time="81.278" classname="access.RolesEdit_testcases"/>
  <testcase name="select_cancel_button_in_roles_add_page" time="34.545" classname="access.Roles_TestCases"/>
  <testcase name="update_role_business_rule" time="79.496" classname="access.RolesEdit_testcases"/>
  <testcase name="fail_to_create_role_when_require_field_is_not_populated" time="42.725" classname="access.Roles_TestCases"/>
  <testcase name="update_role_business_rule_to_previous" time="78.781" classname="access.RolesEdit_testcases"/>
  <testcase name="create_a_duplicate_role" time="46.926" classname="access.Roles_TestCases"/>
  <testcase name="update_role_parent_role" time="13.085" classname="access.RolesEdit_testcases"/>
  <testcase name="acces_level_field_is_empty_in_role_add_page" time="47.878" classname="access.Roles_TestCases"/>
  <testcase name="update_role_parent_role_to_previous" time="44.328" classname="access.RolesEdit_testcases">
    <failure type="org.openqa.selenium.NoSuchElementException" message="Cannot locate element with text: selenium_role_6
For documentation on this error, please visit: http://seleniumhq.org/exceptions/no_such_element.html
Build info: version: &amp;apos;3.0.1&amp;apos;, revision: &amp;apos;1969d75&amp;apos;, time: &amp;apos;2016-10-18 09:49:13 -0700&amp;apos;
System info: host: &amp;apos;remote-wkstn3&amp;apos;, ip: &amp;apos;10.16.1.107&amp;apos;, os.name: &amp;apos;Windows 7&amp;apos;, os.arch: &amp;apos;amd64&amp;apos;, os.version: &amp;apos;6.1&amp;apos;, java.version: &amp;apos;1.8.0_121&amp;apos;
Driver info: driver.version: unknown">
      <![CDATA[org.openqa.selenium.NoSuchElementException: Cannot locate element with text: selenium_role_6
For documentation on this error, please visit: http://seleniumhq.org/exceptions/no_such_element.html
Build info: version: '3.0.1', revision: '1969d75', time: '2016-10-18 09:49:13 -0700'
System info: host: 'remote-wkstn3', ip: '10.16.1.107', os.name: 'Windows 7', os.arch: 'amd64', os.version: '6.1', java.version: '1.8.0_121'
Driver info: driver.version: unknown
	at org.openqa.selenium.support.ui.Select.selectByVisibleText(Select.java:151)
	at access.RolesEditPage.updateParentRole(RolesEditPage.java:40)
	at access.RolesEdit_testcases.update_role_parent_role_to_previous(RolesEdit_testcases.java:78)
	at java.util.concurrent.FutureTask.run(FutureTask.java:266)
	at java.util.concurrent.ThreadPoolExecutor.runWorker(ThreadPoolExecutor.java:1142)
	at java.util.concurrent.ThreadPoolExecutor$Worker.run(ThreadPoolExecutor.java:617)
	at java.lang.Thread.run(Thread.java:745)
... Removed 16 stack frames]]>
    </failure>
  </testcase> <!-- update_role_parent_role_to_previous -->
  <testcase name="delete_role_from_database" time="2.18" classname="access.Roles_TestCases"/>
  <testcase name="update_role_name_permissions" time="56.788" classname="access.RolesEdit_testcases"/>
  <testcase name="update_role_name_permissions_to_previous" time="43.97" classname="access.RolesEdit_testcases"/>
  <testcase name="inactivate_role" time="85.4" classname="access.RolesEdit_testcases"/>
  <testcase name="activate_role" time="82.699" classname="access.RolesEdit_testcases"/>
  <testcase name="archive_role" time="78.219" classname="access.RolesEdit_testcases"/>
  <testcase name="restore_role" time="87.049" classname="access.RolesEdit_testcases"/>
  <testcase name="fail_to_update_role_when_name_field_is_not_populated" time="47.711" classname="access.RolesEdit_testcases"/>
  <testcase name="edit_archiverole" time="87.687" classname="access.RolesEdit_testcases"/>
  <testcase name="edit_archiveroleto_previous" time="85.646" classname="access.RolesEdit_testcases"/>
  <testcase name="@AfterSuite tearDown" time="0.0" classname="Utility.TestBase">
    <ignored/>
  </testcase> <!-- @AfterSuite tearDown -->
  <testcase name="@AfterSuite tearDown" time="0.0" classname="Utility.TestBase">
    <ignored/>
  </testcase> <!-- @AfterSuite tearDown -->
</testsuite> <!-- ROLES TESTCASES -->
