<?xml version="1.0" encoding="UTF-8"?>
<!-- Generated by org.testng.reporters.JUnitXMLReporter -->
<testsuite hostname="remote-wkstn3" ignored="3" name="SERIES TESTCASES" tests="28" failures="1" timestamp="21 Jun 2017 04:06:29 GMT" time="1132.882" errors="0">
  <testcase name="create_a_new_serie" time="63.367" classname="library.Series_Testcases"/>
  <testcase name="update_series_name" time="35.551" classname="library.SeriesEdit_Testcases"/>
  <testcase name="test_is_empty" time="8.073" classname="library.SeriesRestore_Testcases"/>
  <testcase name="create_a_new_serie_without_clientname" time="33.411" classname="library.Series_Testcases"/>
  <testcase name="update_series_name_to_previous_name" time="35.957" classname="library.SeriesEdit_Testcases"/>
  <testcase name="publish_series" time="72.008" classname="library.SeriesPublish_Testcases"/>
  <testcase name="create_a_new_series_without_seriesnname" time="34.168" classname="library.Series_Testcases"/>
  <testcase name="update_series_client" time="34.415" classname="library.SeriesEdit_Testcases"/>
  <testcase name="cancel_publish_series" time="28.385" classname="library.SeriesPublish_Testcases"/>
  <testcase name="create_a_new_series_without_brand" time="42.506" classname="library.Series_Testcases">
    <failure type="java.lang.AssertionError" message="expected [] but found [carsales]">
      <![CDATA[java.lang.AssertionError: expected [] but found [carsales]
	at library.SeriesPage.validateUpdates(SeriesPage.java:229)
	at library.Series_Testcases.create_a_new_series_without_brand(Series_Testcases.java:83)
	at java.util.concurrent.FutureTask.run(FutureTask.java:266)
	at java.util.concurrent.ThreadPoolExecutor.runWorker(ThreadPoolExecutor.java:1142)
	at java.util.concurrent.ThreadPoolExecutor$Worker.run(ThreadPoolExecutor.java:617)
	at java.lang.Thread.run(Thread.java:745)
... Removed 22 stack frames]]>
    </failure>
  </testcase> <!-- create_a_new_series_without_brand -->
  <testcase name="update_series_clientname_to_previous_client" time="45.899" classname="library.SeriesEdit_Testcases"/>
  <testcase name="click_cancel_series_button" time="24.411" classname="library.Series_Testcases"/>
  <testcase name="update_series_brands" time="39.827" classname="library.SeriesEdit_Testcases"/>
  <testcase name="update_series_brands_to_previous" time="36.512" classname="library.SeriesEdit_Testcases"/>
  <testcase name="update_series_programs" time="37.497" classname="library.SeriesEdit_Testcases"/>
  <testcase name="update_series_programs_to_previous" time="36.351" classname="library.SeriesEdit_Testcases"/>
  <testcase name="update_series_tracks" time="35.91" classname="library.SeriesEdit_Testcases"/>
  <testcase name="update_series_tracks_to_previous" time="38.915" classname="library.SeriesEdit_Testcases"/>
  <testcase name="update_series_workflow_to_approved" time="29.67" classname="library.SeriesEdit_Testcases"/>
  <testcase name="delete_series_from_db" time="2.452" classname="library.Series_Testcases"/>
  <testcase name="update_series_workflow_to_draft" time="28.089" classname="library.SeriesEdit_Testcases"/>
  <testcase name="inactivate_series" time="34.97" classname="library.SeriesEdit_Testcases"/>
  <testcase name="activate_series" time="34.11" classname="library.SeriesEdit_Testcases"/>
  <testcase name="archive_series" time="19.894" classname="library.SeriesEdit_Testcases"/>
  <testcase name="restore_series" time="29.152" classname="library.SeriesEdit_Testcases"/>
  <testcase name="update_series_name1" time="12.092" classname="library.SeriesEdit_Testcases"/>
  <testcase name="update_series_name2" time="13.935" classname="library.SeriesEdit_Testcases"/>
  <testcase name="Series_column_search" time="13.475" classname="library.SeriesEdit_Testcases"/>
  <testcase name="@AfterSuite tearDown" time="0.0" classname="Utility.TestBase">
    <ignored/>
  </testcase> <!-- @AfterSuite tearDown -->
  <testcase name="@AfterSuite tearDown" time="0.0" classname="Utility.TestBase">
    <ignored/>
  </testcase> <!-- @AfterSuite tearDown -->
  <testcase name="@AfterSuite tearDown" time="0.0" classname="Utility.TestBase">
    <ignored/>
  </testcase> <!-- @AfterSuite tearDown -->
</testsuite> <!-- SERIES TESTCASES -->
