<?xml version="1.0" encoding="UTF-8"?>
<!-- Generated by org.testng.reporters.JUnitXMLReporter -->
<testsuite hostname="remote-wkstn3" ignored="3" name="SERIES TESTCASES" tests="28" failures="1" timestamp="11 Jul 2017 05:00:38 GMT" time="1186.013" errors="0">
  <testcase name="create_a_new_serie" time="61.452" classname="library.Series_Testcases"/>
  <testcase name="update_series_name" time="58.196" classname="library.SeriesEdit_Testcases"/>
  <testcase name="test_is_empty" time="7.234" classname="library.SeriesRestore_Testcases"/>
  <testcase name="create_a_new_serie_without_clientname" time="33.806" classname="library.Series_Testcases"/>
  <testcase name="update_series_name_to_previous_name" time="35.667" classname="library.SeriesEdit_Testcases"/>
  <testcase name="publish_series" time="71.188" classname="library.SeriesPublish_Testcases"/>
  <testcase name="create_a_new_series_without_seriesnname" time="34.093" classname="library.Series_Testcases"/>
  <testcase name="update_series_client" time="35.382" classname="library.SeriesEdit_Testcases"/>
  <testcase name="cancel_publish_series" time="26.89" classname="library.SeriesPublish_Testcases"/>
  <testcase name="create_a_new_series_without_brand" time="41.115" classname="library.Series_Testcases">
    <failure type="java.lang.AssertionError" message="expected [] but found [carsales]">
      <![CDATA[java.lang.AssertionError: expected [] but found [carsales]
	at library.SeriesPage.validateUpdates(SeriesPage.java:229)
	at library.Series_Testcases.create_a_new_series_without_brand(Series_Testcases.java:83)
	at java.util.concurrent.FutureTask.run(FutureTask.java:266)
	at java.util.concurrent.ThreadPoolExecutor.runWorker(ThreadPoolExecutor.java:1142)
	at java.util.concurrent.ThreadPoolExecutor$Worker.run(ThreadPoolExecutor.java:617)
	at java.lang.Thread.run(Thread.java:745)
... Removed 22 stack frames]]>
    </failure>
  </testcase> <!-- create_a_new_series_without_brand -->
  <testcase name="update_series_clientname_to_previous_client" time="46.283" classname="library.SeriesEdit_Testcases"/>
  <testcase name="click_cancel_series_button" time="26.483" classname="library.Series_Testcases"/>
  <testcase name="update_series_brands" time="39.246" classname="library.SeriesEdit_Testcases"/>
  <testcase name="update_series_brands_to_previous" time="37.197" classname="library.SeriesEdit_Testcases"/>
  <testcase name="update_series_programs" time="36.565" classname="library.SeriesEdit_Testcases"/>
  <testcase name="update_series_programs_to_previous" time="37.509" classname="library.SeriesEdit_Testcases"/>
  <testcase name="update_series_tracks" time="36.13" classname="library.SeriesEdit_Testcases"/>
  <testcase name="update_series_tracks_to_previous" time="40.683" classname="library.SeriesEdit_Testcases"/>
  <testcase name="update_series_workflow_to_approved" time="29.915" classname="library.SeriesEdit_Testcases"/>
  <testcase name="delete_series_from_db" time="3.784" classname="library.Series_Testcases"/>
  <testcase name="update_series_workflow_to_draft" time="28.781" classname="library.SeriesEdit_Testcases"/>
  <testcase name="inactivate_series" time="34.812" classname="library.SeriesEdit_Testcases"/>
  <testcase name="activate_series" time="34.828" classname="library.SeriesEdit_Testcases"/>
  <testcase name="archive_series" time="21.195" classname="library.SeriesEdit_Testcases"/>
  <testcase name="restore_series" time="40.63" classname="library.SeriesEdit_Testcases"/>
  <testcase name="update_series_name1" time="13.505" classname="library.SeriesEdit_Testcases"/>
  <testcase name="update_series_name2" time="15.566" classname="library.SeriesEdit_Testcases"/>
  <testcase name="Series_column_search" time="13.884" classname="library.SeriesEdit_Testcases"/>
  <testcase name="@AfterSuite tearDown" time="0.0" classname="Utility.TestBase">
    <ignored/>
  </testcase> <!-- @AfterSuite tearDown -->
  <testcase name="@AfterSuite tearDown" time="0.0" classname="Utility.TestBase">
    <ignored/>
  </testcase> <!-- @AfterSuite tearDown -->
  <testcase name="@AfterSuite tearDown" time="0.0" classname="Utility.TestBase">
    <ignored/>
  </testcase> <!-- @AfterSuite tearDown -->
</testsuite> <!-- SERIES TESTCASES -->
