<?xml version="1.0" encoding="UTF-8"?>
<!-- Generated by org.testng.reporters.JUnitXMLReporter -->
<testsuite hostname="remote-wkstn3" ignored="3" name="SERIES TESTCASES" tests="28" failures="0" timestamp="06 Jun 2017 20:59:19 GMT" time="1171.661" errors="0">
  <testcase name="create_a_new_serie" time="60.791" classname="library.Series_Testcases"/>
  <testcase name="update_series_name" time="36.234" classname="library.SeriesEdit_Testcases"/>
  <testcase name="test_is_empty" time="8.011" classname="library.SeriesRestore_Testcases"/>
  <testcase name="create_a_new_serie_without_clientname" time="35.042" classname="library.Series_Testcases"/>
  <testcase name="update_series_name_to_previous_name" time="35.016" classname="library.SeriesEdit_Testcases"/>
  <testcase name="publish_series" time="122.45" classname="library.SeriesPublish_Testcases"/>
  <testcase name="create_a_new_series_without_seriesnname" time="35.706" classname="library.Series_Testcases"/>
  <testcase name="update_series_client" time="35.932" classname="library.SeriesEdit_Testcases"/>
  <testcase name="cancel_publish_series" time="28.749" classname="library.SeriesPublish_Testcases"/>
  <testcase name="create_a_new_series_without_brand" time="41.781" classname="library.Series_Testcases"/>
  <testcase name="update_series_clientname_to_previous_client" time="46.251" classname="library.SeriesEdit_Testcases"/>
  <testcase name="click_cancel_series_button" time="25.837" classname="library.Series_Testcases"/>
  <testcase name="update_series_brands" time="39.258" classname="library.SeriesEdit_Testcases"/>
  <testcase name="update_series_brands_to_previous" time="38.701" classname="library.SeriesEdit_Testcases"/>
  <testcase name="update_series_programs" time="37.351" classname="library.SeriesEdit_Testcases"/>
  <testcase name="update_series_programs_to_previous" time="36.003" classname="library.SeriesEdit_Testcases"/>
  <testcase name="update_series_tracks" time="35.954" classname="library.SeriesEdit_Testcases"/>
  <testcase name="update_series_tracks_to_previous" time="39.66" classname="library.SeriesEdit_Testcases"/>
  <testcase name="update_series_workflow_to_approved" time="29.261" classname="library.SeriesEdit_Testcases"/>
  <testcase name="delete_series_from_db" time="2.404" classname="library.Series_Testcases"/>
  <testcase name="update_series_workflow_to_draft" time="30.249" classname="library.SeriesEdit_Testcases"/>
  <testcase name="inactivate_series" time="34.563" classname="library.SeriesEdit_Testcases"/>
  <testcase name="activate_series" time="34.163" classname="library.SeriesEdit_Testcases"/>
  <testcase name="archive_series" time="19.99" classname="library.SeriesEdit_Testcases"/>
  <testcase name="restore_series" time="29.105" classname="library.SeriesEdit_Testcases"/>
  <testcase name="update_series_name1" time="12.991" classname="library.SeriesEdit_Testcases"/>
  <testcase name="update_series_name2" time="12.478" classname="library.SeriesEdit_Testcases"/>
  <testcase name="Series_column_search" time="13.225" classname="library.SeriesEdit_Testcases"/>
  <testcase name="@AfterSuite tearDown" time="0.0" classname="Utility.TestBase">
    <ignored/>
  </testcase> <!-- @AfterSuite tearDown -->
  <testcase name="@AfterSuite tearDown" time="0.0" classname="Utility.TestBase">
    <ignored/>
  </testcase> <!-- @AfterSuite tearDown -->
  <testcase name="@AfterSuite tearDown" time="0.0" classname="Utility.TestBase">
    <ignored/>
  </testcase> <!-- @AfterSuite tearDown -->
</testsuite> <!-- SERIES TESTCASES -->
