<?xml version="1.0" encoding="UTF-8"?>
<!-- Generated by org.testng.reporters.JUnitXMLReporter -->
<testsuite hostname="remote-wkstn3" ignored="3" name="SERIES TESTCASES" tests="28" failures="2" timestamp="19 Jun 2017 21:58:33 GMT" time="1036.79" errors="0">
  <testcase name="create_a_new_serie" time="45.432" classname="library.Series_Testcases">
    <failure type="java.lang.AssertionError" message="expected [Carnival Corporation &amp;amp; PLC] but found [Enterprise Holdings Inc.]">
      <![CDATA[java.lang.AssertionError: expected [Carnival Corporation & PLC] but found [Enterprise Holdings Inc.]
	at library.SeriesPage.validateUpdates(SeriesPage.java:212)
	at library.Series_Testcases.create_a_new_serie(Series_Testcases.java:29)
	at java.util.concurrent.FutureTask.run(FutureTask.java:266)
	at java.util.concurrent.ThreadPoolExecutor.runWorker(ThreadPoolExecutor.java:1142)
	at java.util.concurrent.ThreadPoolExecutor$Worker.run(ThreadPoolExecutor.java:617)
	at java.lang.Thread.run(Thread.java:745)
... Removed 22 stack frames]]>
    </failure>
  </testcase> <!-- create_a_new_serie -->
  <testcase name="update_series_name" time="35.049" classname="library.SeriesEdit_Testcases"/>
  <testcase name="test_is_empty" time="7.432" classname="library.SeriesRestore_Testcases"/>
  <testcase name="create_a_new_serie_without_clientname" time="33.346" classname="library.Series_Testcases"/>
  <testcase name="update_series_name_to_previous_name" time="34.169" classname="library.SeriesEdit_Testcases"/>
  <testcase name="publish_series" time="48.332" classname="library.SeriesPublish_Testcases"/>
  <testcase name="create_a_new_series_without_seriesnname" time="33.419" classname="library.Series_Testcases"/>
  <testcase name="update_series_client" time="34.956" classname="library.SeriesEdit_Testcases"/>
  <testcase name="cancel_publish_series" time="25.201" classname="library.SeriesPublish_Testcases"/>
  <testcase name="create_a_new_series_without_brand" time="40.824" classname="library.Series_Testcases">
    <failure type="java.lang.AssertionError" message="expected [] but found [carsales]">
      <![CDATA[java.lang.AssertionError: expected [] but found [carsales]
	at library.SeriesPage.validateUpdates(SeriesPage.java:229)
	at library.Series_Testcases.create_a_new_series_without_brand(Series_Testcases.java:83)
	at java.util.concurrent.FutureTask.run(FutureTask.java:266)
	at java.util.concurrent.ThreadPoolExecutor.runWorker(ThreadPoolExecutor.java:1142)
	at java.util.concurrent.ThreadPoolExecutor$Worker.run(ThreadPoolExecutor.java:617)
	at java.lang.Thread.run(Thread.java:745)
... Removed 22 stack frames]]>
    </failure>
  </testcase> <!-- create_a_new_series_without_brand -->
  <testcase name="update_series_clientname_to_previous_client" time="45.117" classname="library.SeriesEdit_Testcases"/>
  <testcase name="click_cancel_series_button" time="24.388" classname="library.Series_Testcases"/>
  <testcase name="update_series_brands" time="38.172" classname="library.SeriesEdit_Testcases"/>
  <testcase name="update_series_brands_to_previous" time="37.005" classname="library.SeriesEdit_Testcases"/>
  <testcase name="update_series_programs" time="35.168" classname="library.SeriesEdit_Testcases"/>
  <testcase name="update_series_programs_to_previous" time="36.674" classname="library.SeriesEdit_Testcases"/>
  <testcase name="update_series_tracks" time="35.773" classname="library.SeriesEdit_Testcases"/>
  <testcase name="update_series_tracks_to_previous" time="37.725" classname="library.SeriesEdit_Testcases"/>
  <testcase name="update_series_workflow_to_approved" time="27.762" classname="library.SeriesEdit_Testcases"/>
  <testcase name="delete_series_from_db" time="2.343" classname="library.Series_Testcases"/>
  <testcase name="update_series_workflow_to_draft" time="27.766" classname="library.SeriesEdit_Testcases"/>
  <testcase name="inactivate_series" time="32.977" classname="library.SeriesEdit_Testcases"/>
  <testcase name="activate_series" time="33.067" classname="library.SeriesEdit_Testcases"/>
  <testcase name="archive_series" time="20.281" classname="library.SeriesEdit_Testcases"/>
  <testcase name="restore_series" time="28.593" classname="library.SeriesEdit_Testcases"/>
  <testcase name="update_series_name1" time="12.618" classname="library.SeriesEdit_Testcases"/>
  <testcase name="update_series_name2" time="12.522" classname="library.SeriesEdit_Testcases"/>
  <testcase name="Series_column_search" time="12.152" classname="library.SeriesEdit_Testcases"/>
  <testcase name="@AfterSuite tearDown" time="0.0" classname="Utility.TestBase">
    <ignored/>
  </testcase> <!-- @AfterSuite tearDown -->
  <testcase name="@AfterSuite tearDown" time="0.0" classname="Utility.TestBase">
    <ignored/>
  </testcase> <!-- @AfterSuite tearDown -->
  <testcase name="@AfterSuite tearDown" time="0.0" classname="Utility.TestBase">
    <ignored/>
  </testcase> <!-- @AfterSuite tearDown -->
</testsuite> <!-- SERIES TESTCASES -->
