<?xml version="1.0" encoding="UTF-8"?>
<!-- Generated by org.testng.reporters.JUnitXMLReporter -->
<testsuite hostname="remote-wkstn3" ignored="3" name="SERIES TESTCASES" tests="25" failures="5" timestamp="26 Jul 2017 20:53:20 GMT" time="1101.676" errors="0">
  <testcase name="create_a_new_serie" time="53.623" classname="library.Series_Testcases">
    <failure type="java.lang.AssertionError" message="expected [cunard] but found []">
      <![CDATA[java.lang.AssertionError: expected [cunard] but found []
	at library.SeriesPage.validateUpdates(SeriesPage.java:229)
	at library.Series_Testcases.create_a_new_serie(Series_Testcases.java:30)
	at java.util.concurrent.FutureTask.run(FutureTask.java:266)
	at java.util.concurrent.ThreadPoolExecutor.runWorker(ThreadPoolExecutor.java:1142)
	at java.util.concurrent.ThreadPoolExecutor$Worker.run(ThreadPoolExecutor.java:617)
	at java.lang.Thread.run(Thread.java:745)
... Removed 22 stack frames]]>
    </failure>
  </testcase> <!-- create_a_new_serie -->
  <testcase name="update_series_name" time="37.007" classname="library.SeriesEdit_Testcases"/>
  <testcase name="test_is_empty" time="8.141" classname="library.SeriesRestore_Testcases"/>
  <testcase name="create_a_new_serie_without_clientname" time="35.317" classname="library.Series_Testcases"/>
  <testcase name="update_series_name_to_previous_name" time="36.105" classname="library.SeriesEdit_Testcases"/>
  <testcase name="publish_series" time="48.121" classname="library.SeriesPublish_Testcases">
    <failure type="org.openqa.selenium.WebDriverException" message="Element is not clickable at point (290, 6.4333343505859375). Other element would receive the click: &amp;lt;div class=&amp;quot;page-header md-shadow-z-1-i navbar navbar-fixed-top&amp;quot;&amp;gt;&amp;lt;/div&amp;gt;
Command duration or timeout: 478 milliseconds
Build info: version: &amp;apos;2.53.1&amp;apos;, revision: &amp;apos;a36b8b1&amp;apos;, time: &amp;apos;2016-06-30 17:37:03&amp;apos;
System info: host: &amp;apos;remote-wkstn3&amp;apos;, ip: &amp;apos;10.16.1.107&amp;apos;, os.name: &amp;apos;Windows 7&amp;apos;, os.arch: &amp;apos;amd64&amp;apos;, os.version: &amp;apos;6.1&amp;apos;, java.version: &amp;apos;1.8.0_121&amp;apos;
Driver info: org.openqa.selenium.firefox.FirefoxDriver
Capabilities [{applicationCacheEnabled=true, rotatable=false, handlesAlerts=true, databaseEnabled=true, version=42.0, platform=WINDOWS, nativeEvents=false, acceptSslCerts=true, webStorageEnabled=true, locationContextEnabled=true, browserName=firefox, takesScreenshot=true, javascriptEnabled=true, cssSelectorsEnabled=true}]
Session ID: 22f9e6cf-5d55-4de7-94c7-954f06652367">
      <![CDATA[org.openqa.selenium.WebDriverException: Element is not clickable at point (290, 6.4333343505859375). Other element would receive the click: <div class="page-header md-shadow-z-1-i navbar navbar-fixed-top"></div>
Command duration or timeout: 478 milliseconds
Build info: version: '2.53.1', revision: 'a36b8b1', time: '2016-06-30 17:37:03'
System info: host: 'remote-wkstn3', ip: '10.16.1.107', os.name: 'Windows 7', os.arch: 'amd64', os.version: '6.1', java.version: '1.8.0_121'
Driver info: org.openqa.selenium.firefox.FirefoxDriver
Capabilities [{applicationCacheEnabled=true, rotatable=false, handlesAlerts=true, databaseEnabled=true, version=42.0, platform=WINDOWS, nativeEvents=false, acceptSslCerts=true, webStorageEnabled=true, locationContextEnabled=true, browserName=firefox, takesScreenshot=true, javascriptEnabled=true, cssSelectorsEnabled=true}]
Session ID: 22f9e6cf-5d55-4de7-94c7-954f06652367
	at org.openqa.selenium.remote.ErrorHandler.createThrowable(ErrorHandler.java:206)
	at org.openqa.selenium.remote.ErrorHandler.throwIfResponseFailed(ErrorHandler.java:158)
	at org.openqa.selenium.remote.RemoteWebDriver.execute(RemoteWebDriver.java:678)
	at org.openqa.selenium.remote.RemoteWebElement.execute(RemoteWebElement.java:327)
	at org.openqa.selenium.remote.RemoteWebElement.click(RemoteWebElement.java:85)
	at library.SeriesPublishPage.checkAll(SeriesPublishPage.java:26)
	at library.SeriesPublish_Testcases.publish_series(SeriesPublish_Testcases.java:16)
	at java.util.concurrent.FutureTask.run(FutureTask.java:266)
	at java.util.concurrent.ThreadPoolExecutor.runWorker(ThreadPoolExecutor.java:1142)
	at java.util.concurrent.ThreadPoolExecutor$Worker.run(ThreadPoolExecutor.java:617)
	at java.lang.Thread.run(Thread.java:745)
... Removed 20 stack frames]]>
    </failure>
  </testcase> <!-- publish_series -->
  <testcase name="create_a_new_series_without_seriesnname" time="38.785" classname="library.Series_Testcases"/>
  <testcase name="update_series_client" time="31.379" classname="library.SeriesEdit_Testcases"/>
  <testcase name="cancel_publish_series" time="37.401" classname="library.SeriesPublish_Testcases"/>
  <testcase name="create_a_new_series_without_brand" time="44.639" classname="library.Series_Testcases">
    <failure type="java.lang.AssertionError" message="expected [] but found [cunard]">
      <![CDATA[java.lang.AssertionError: expected [] but found [cunard]
	at library.SeriesPage.validateUpdates(SeriesPage.java:229)
	at library.Series_Testcases.create_a_new_series_without_brand(Series_Testcases.java:83)
	at java.util.concurrent.FutureTask.run(FutureTask.java:266)
	at java.util.concurrent.ThreadPoolExecutor.runWorker(ThreadPoolExecutor.java:1142)
	at java.util.concurrent.ThreadPoolExecutor$Worker.run(ThreadPoolExecutor.java:617)
	at java.lang.Thread.run(Thread.java:745)
... Removed 22 stack frames]]>
    </failure>
  </testcase> <!-- create_a_new_series_without_brand -->
  <testcase name="update_series_clientname_to_previous_client" time="34.586" classname="library.SeriesEdit_Testcases">
    <failure type="org.openqa.selenium.NoSuchElementException" message="Unable to locate element: {&amp;quot;method&amp;quot;:&amp;quot;xpath&amp;quot;,&amp;quot;selector&amp;quot;:&amp;quot;btnSubmit&amp;quot;}
Command duration or timeout: 10.11 seconds
For documentation on this error, please visit: http://seleniumhq.org/exceptions/no_such_element.html
Build info: version: &amp;apos;2.53.1&amp;apos;, revision: &amp;apos;a36b8b1&amp;apos;, time: &amp;apos;2016-06-30 17:37:03&amp;apos;
System info: host: &amp;apos;remote-wkstn3&amp;apos;, ip: &amp;apos;10.16.1.107&amp;apos;, os.name: &amp;apos;Windows 7&amp;apos;, os.arch: &amp;apos;amd64&amp;apos;, os.version: &amp;apos;6.1&amp;apos;, java.version: &amp;apos;1.8.0_121&amp;apos;
Driver info: org.openqa.selenium.firefox.FirefoxDriver
Capabilities [{applicationCacheEnabled=true, rotatable=false, handlesAlerts=true, databaseEnabled=true, version=42.0, platform=WINDOWS, nativeEvents=false, acceptSslCerts=true, webStorageEnabled=true, locationContextEnabled=true, browserName=firefox, takesScreenshot=true, javascriptEnabled=true, cssSelectorsEnabled=true}]
Session ID: 70fc6743-ea47-485c-bc8c-16d813dc52de
*** Element info: {Using=xpath, value=btnSubmit}">
      <![CDATA[org.openqa.selenium.NoSuchElementException: Unable to locate element: {"method":"xpath","selector":"btnSubmit"}
Command duration or timeout: 10.11 seconds
For documentation on this error, please visit: http://seleniumhq.org/exceptions/no_such_element.html
Build info: version: '2.53.1', revision: 'a36b8b1', time: '2016-06-30 17:37:03'
System info: host: 'remote-wkstn3', ip: '10.16.1.107', os.name: 'Windows 7', os.arch: 'amd64', os.version: '6.1', java.version: '1.8.0_121'
Driver info: org.openqa.selenium.firefox.FirefoxDriver
Capabilities [{applicationCacheEnabled=true, rotatable=false, handlesAlerts=true, databaseEnabled=true, version=42.0, platform=WINDOWS, nativeEvents=false, acceptSslCerts=true, webStorageEnabled=true, locationContextEnabled=true, browserName=firefox, takesScreenshot=true, javascriptEnabled=true, cssSelectorsEnabled=true}]
Session ID: 70fc6743-ea47-485c-bc8c-16d813dc52de
*** Element info: {Using=xpath, value=btnSubmit}
	at org.openqa.selenium.remote.ErrorHandler.createThrowable(ErrorHandler.java:206)
	at org.openqa.selenium.remote.ErrorHandler.throwIfResponseFailed(ErrorHandler.java:158)
	at org.openqa.selenium.remote.RemoteWebDriver.execute(RemoteWebDriver.java:678)
	at org.openqa.selenium.remote.RemoteWebDriver.findElement(RemoteWebDriver.java:363)
	at org.openqa.selenium.remote.RemoteWebDriver.findElementByXPath(RemoteWebDriver.java:500)
	at org.openqa.selenium.By$ByXPath.findElement(By.java:361)
	at org.openqa.selenium.remote.RemoteWebDriver.findElement(RemoteWebDriver.java:355)
	at library.SeriesEditPage.updateClientNameTo(SeriesEditPage.java:24)
	at library.SeriesEdit_Testcases.update_series_clientname_to_previous_client(SeriesEdit_Testcases.java:55)
	at java.util.concurrent.FutureTask.run(FutureTask.java:266)
	at java.util.concurrent.ThreadPoolExecutor.runWorker(ThreadPoolExecutor.java:1142)
	at java.util.concurrent.ThreadPoolExecutor$Worker.run(ThreadPoolExecutor.java:617)
	at java.lang.Thread.run(Thread.java:745)
Caused by: org.openqa.selenium.NoSuchElementException: Unable to locate element: {"method":"xpath","selector":"btnSubmit"}
For documentation on this error, please visit: http://seleniumhq.org/exceptions/no_such_element.html
Build info: version: '2.53.1', revision: 'a36b8b1', time: '2016-06-30 17:37:03'
System info: host: 'remote-wkstn3', ip: '10.16.1.107', os.name: 'Windows 7', os.arch: 'amd64', os.version: '6.1', java.version: '1.8.0_121'
Driver info: driver.version: unknown
	at <anonymous class>.FirefoxDriver.prototype.findElementInternal_(file:///C:/Users/ARJUN~1.KAR/AppData/Local/Temp/anonymous1913322291239365470webdriver-profile/extensions/fxdriver@googlecode.com/components/driver-component.js:10770)
	at <anonymous class>.fxdriver.Timer.prototype.setTimeout/<.notify(file:///C:/Users/ARJUN~1.KAR/AppData/Local/Temp/anonymous1913322291239365470webdriver-profile/extensions/fxdriver@googlecode.com/components/driver-component.js:625)
... Removed 20 stack frames]]>
    </failure>
  </testcase> <!-- update_series_clientname_to_previous_client -->
  <testcase name="click_cancel_series_button" time="27.44" classname="library.Series_Testcases"/>
  <testcase name="update_series_brands" time="40.079" classname="library.SeriesEdit_Testcases"/>
  <testcase name="update_series_brands_to_previous" time="37.754" classname="library.SeriesEdit_Testcases"/>
  <testcase name="update_series_programs" time="39.767" classname="library.SeriesEdit_Testcases"/>
  <testcase name="update_series_programs_to_previous" time="37.928" classname="library.SeriesEdit_Testcases"/>
  <testcase name="update_series_tracks" time="40.218" classname="library.SeriesEdit_Testcases"/>
  <testcase name="update_series_tracks_to_previous" time="42.105" classname="library.SeriesEdit_Testcases"/>
  <testcase name="update_series_workflow_to_approved" time="31.936" classname="library.SeriesEdit_Testcases"/>
  <testcase name="delete_series_from_db" time="2.407" classname="library.Series_Testcases"/>
  <testcase name="update_series_workflow_to_draft" time="24.271" classname="library.SeriesEdit_Testcases">
    <failure type="java.lang.AssertionError" message="expected [CODA - Series] but found [CODA - Series - Edit]">
      <![CDATA[java.lang.AssertionError: expected [CODA - Series] but found [CODA - Series - Edit]
	at library.SeriesEditPage.setWorkFlowTo(SeriesEditPage.java:117)
	at library.SeriesEdit_Testcases.update_series_workflow_to_draft(SeriesEdit_Testcases.java:172)
	at java.util.concurrent.FutureTask.run(FutureTask.java:266)
	at java.util.concurrent.ThreadPoolExecutor.runWorker(ThreadPoolExecutor.java:1142)
	at java.util.concurrent.ThreadPoolExecutor$Worker.run(ThreadPoolExecutor.java:617)
	at java.lang.Thread.run(Thread.java:745)
... Removed 22 stack frames]]>
    </failure>
  </testcase> <!-- update_series_workflow_to_draft -->
  <testcase name="inactivate_series" time="36.244" classname="library.SeriesEdit_Testcases"/>
  <testcase name="activate_series" time="36.972" classname="library.SeriesEdit_Testcases"/>
  <testcase name="archive_series" time="22.013" classname="library.SeriesEdit_Testcases"/>
  <testcase name="restore_series" time="30.644" classname="library.SeriesEdit_Testcases"/>
  <testcase name="@AfterSuite tearDown" time="0.0" classname="Utility.TestBase">
    <ignored/>
  </testcase> <!-- @AfterSuite tearDown -->
  <testcase name="@AfterSuite tearDown" time="0.0" classname="Utility.TestBase">
    <ignored/>
  </testcase> <!-- @AfterSuite tearDown -->
  <testcase name="@AfterSuite tearDown" time="0.0" classname="Utility.TestBase">
    <ignored/>
  </testcase> <!-- @AfterSuite tearDown -->
</testsuite> <!-- SERIES TESTCASES -->
