<?xml version="1.0" encoding="UTF-8"?>
<!-- Generated by org.testng.reporters.JUnitXMLReporter -->
<testsuite hostname="remote-wkstn3" ignored="4" name="TEMPLATES TESTCASES" tests="26" failures="0" timestamp="21 Jun 2017 06:46:59 GMT" time="1268.185" errors="0">
  <testcase name="create_a_new_template_channel_email_type_communication" time="68.336" classname="layout.Templates_TestCases"/>
  <testcase name="update_template_brand" time="47.846" classname="layout.TemplatesEdit_testcases"/>
  <testcase name="validate_template_page" time="12.279" classname="layout.TemplatesRestore_testcases"/>
  <testcase name="create_a_new_template_channel_web_type_communication" time="60.117" classname="layout.Templates_TestCases"/>
  <testcase name="update_template_brand_to_previous" time="43.663" classname="layout.TemplatesEdit_testcases"/>
  <testcase name="create_a_new_template_channel_email_type_message" time="63.098" classname="layout.Templates_TestCases"/>
  <testcase name="update_template_name" time="44.31" classname="layout.TemplatesEdit_testcases"/>
  <testcase name="create_a_new_template_channel_web_type_message" time="60.634" classname="layout.Templates_TestCases"/>
  <testcase name="update_template_name_to_previous" time="43.845" classname="layout.TemplatesEdit_testcases"/>
  <testcase name="create_a_new_template_without_a_clientname" time="37.489" classname="layout.Templates_TestCases"/>
  <testcase name="update_template_channel" time="42.612" classname="layout.TemplatesEdit_testcases"/>
  <testcase name="create_a_new_template_without_a_channel" time="41.177" classname="layout.Templates_TestCases"/>
  <testcase name="update_template_channel_to_previous" time="41.727" classname="layout.TemplatesEdit_testcases"/>
  <testcase name="create_a_new_template_without_a_name" time="40.231" classname="layout.Templates_TestCases"/>
  <testcase name="create_a_new_template_without_a_type" time="39.363" classname="layout.Templates_TestCases"/>
  <testcase name="update_template_clientname" time="43.083" classname="layout.TemplatesEdit_testcases"/>
  <testcase name="update_template_clientname_to_previous" time="44.335" classname="layout.TemplatesEdit_testcases"/>
  <testcase name="delete_template_from_db" time="2.758" classname="layout.Templates_TestCases"/>
  <testcase name="select_button_save_in_template_page" time="39.624" classname="layout.TemplatesEdit_testcases"/>
  <testcase name="select_button_cancel_in_template_page" time="33.547" classname="layout.TemplatesEdit_testcases"/>
  <testcase name="inactivate_template" time="42.614" classname="layout.TemplatesEdit_testcases"/>
  <testcase name="activate_template" time="41.731" classname="layout.TemplatesEdit_testcases"/>
  <testcase name="set_template_workflow_to_draft" time="36.239" classname="layout.TemplatesEdit_testcases"/>
  <testcase name="set_template_workflow_to_approved" time="37.128" classname="layout.TemplatesEdit_testcases"/>
  <testcase name="archive_template" time="18.33" classname="layout.TemplatesEdit_testcases"/>
  <testcase name="restore_template" time="29.929" classname="layout.TemplatesEdit_testcases"/>
  <testcase name="update_template_type_to_previous" time="0.0" classname="layout.TemplatesEdit_testcases">
    <ignored/>
  </testcase> <!-- update_template_type_to_previous -->
  <testcase name="@AfterSuite tearDown" time="0.0" classname="Utility.TestBase">
    <ignored/>
  </testcase> <!-- @AfterSuite tearDown -->
  <testcase name="@AfterSuite tearDown" time="0.0" classname="Utility.TestBase">
    <ignored/>
  </testcase> <!-- @AfterSuite tearDown -->
  <testcase name="update_template_type" time="0.0" classname="layout.TemplatesEdit_testcases">
    <ignored/>
  </testcase> <!-- update_template_type -->
</testsuite> <!-- TEMPLATES TESTCASES -->
