<?xml version="1.0" encoding="UTF-8"?>
<!-- Generated by org.testng.reporters.JUnitXMLReporter -->
<testsuite hostname="remote-wkstn3" ignored="4" name="TEMPLATES TESTCASES" tests="26" failures="0" timestamp="06 Jun 2017 23:36:25 GMT" time="1289.227" errors="0">
  <testcase name="create_a_new_template_channel_email_type_communication" time="63.743" classname="layout.Templates_TestCases"/>
  <testcase name="update_template_brand" time="48.079" classname="layout.TemplatesEdit_testcases"/>
  <testcase name="validate_template_page" time="16.943" classname="layout.TemplatesRestore_testcases"/>
  <testcase name="create_a_new_template_channel_web_type_communication" time="71.874" classname="layout.Templates_TestCases"/>
  <testcase name="update_template_brand_to_previous" time="45.453" classname="layout.TemplatesEdit_testcases"/>
  <testcase name="create_a_new_template_channel_email_type_message" time="62.931" classname="layout.Templates_TestCases"/>
  <testcase name="update_template_name" time="44.465" classname="layout.TemplatesEdit_testcases"/>
  <testcase name="create_a_new_template_channel_web_type_message" time="63.196" classname="layout.Templates_TestCases"/>
  <testcase name="update_template_name_to_previous" time="43.864" classname="layout.TemplatesEdit_testcases"/>
  <testcase name="create_a_new_template_without_a_clientname" time="37.315" classname="layout.Templates_TestCases"/>
  <testcase name="update_template_channel" time="42.26" classname="layout.TemplatesEdit_testcases"/>
  <testcase name="create_a_new_template_without_a_channel" time="40.88" classname="layout.Templates_TestCases"/>
  <testcase name="update_template_channel_to_previous" time="43.267" classname="layout.TemplatesEdit_testcases"/>
  <testcase name="create_a_new_template_without_a_name" time="40.14" classname="layout.Templates_TestCases"/>
  <testcase name="create_a_new_template_without_a_type" time="41.373" classname="layout.Templates_TestCases"/>
  <testcase name="update_template_clientname" time="42.84" classname="layout.TemplatesEdit_testcases"/>
  <testcase name="update_template_clientname_to_previous" time="45.928" classname="layout.TemplatesEdit_testcases"/>
  <testcase name="delete_template_from_db" time="2.821" classname="layout.Templates_TestCases"/>
  <testcase name="select_button_save_in_template_page" time="39.202" classname="layout.TemplatesEdit_testcases"/>
  <testcase name="select_button_cancel_in_template_page" time="34.279" classname="layout.TemplatesEdit_testcases"/>
  <testcase name="inactivate_template" time="42.762" classname="layout.TemplatesEdit_testcases"/>
  <testcase name="activate_template" time="40.752" classname="layout.TemplatesEdit_testcases"/>
  <testcase name="set_template_workflow_to_draft" time="36.436" classname="layout.TemplatesEdit_testcases"/>
  <testcase name="set_template_workflow_to_approved" time="37.548" classname="layout.TemplatesEdit_testcases"/>
  <testcase name="archive_template" time="18.763" classname="layout.TemplatesEdit_testcases"/>
  <testcase name="restore_template" time="30.335" classname="layout.TemplatesEdit_testcases"/>
  <testcase name="update_template_type_to_previous" time="0.0" classname="layout.TemplatesEdit_testcases">
    <ignored/>
  </testcase> <!-- update_template_type_to_previous -->
  <testcase name="@AfterSuite tearDown" time="0.0" classname="Utility.TestBase">
    <ignored/>
  </testcase> <!-- @AfterSuite tearDown -->
  <testcase name="@AfterSuite tearDown" time="0.0" classname="Utility.TestBase">
    <ignored/>
  </testcase> <!-- @AfterSuite tearDown -->
  <testcase name="update_template_type" time="0.0" classname="layout.TemplatesEdit_testcases">
    <ignored/>
  </testcase> <!-- update_template_type -->
</testsuite> <!-- TEMPLATES TESTCASES -->
