<?xml version="1.0" encoding="UTF-8"?>
<!-- Generated by org.testng.reporters.JUnitXMLReporter -->
<testsuite hostname="remote-wkstn3" ignored="4" name="TEMPLATES TESTCASES" tests="32" failures="6" timestamp="08 Aug 2017 00:45:32 GMT" time="1769.848" errors="0">
  <testcase name="create_a_new_template_channel_email_type_communication" time="52.859" classname="layout.Templates_TestCases">
    <failure type="java.lang.AssertionError" message="expected [Carnival Corporation &amp;amp; PLC] but found [The Lacek Group - Test]">
      <![CDATA[java.lang.AssertionError: expected [Carnival Corporation & PLC] but found [The Lacek Group - Test]
	at layout.TemplatesPage.validateUpdates(TemplatesPage.java:174)
	at layout.Templates_TestCases.create_a_new_template_channel_email_type_communication(Templates_TestCases.java:24)
	at java.util.concurrent.FutureTask.run(FutureTask.java:266)
	at java.util.concurrent.ThreadPoolExecutor.runWorker(ThreadPoolExecutor.java:1142)
	at java.util.concurrent.ThreadPoolExecutor$Worker.run(ThreadPoolExecutor.java:617)
	at java.lang.Thread.run(Thread.java:745)
... Removed 22 stack frames]]>
    </failure>
  </testcase> <!-- create_a_new_template_channel_email_type_communication -->
  <testcase name="update_template_brand" time="54.343" classname="layout.TemplatesEdit_testcases"/>
  <testcase name="validate_template_page" time="21.984" classname="layout.TemplatesRestore_testcases"/>
  <testcase name="create_a_new_template_channel_web_type_communication" time="85.35" classname="layout.Templates_TestCases"/>
  <testcase name="compare_template_updates" time="35.723" classname="layout.TemplatesEdit_testcases">
    <failure type="org.openqa.selenium.WebDriverException" message="unknown error: Element &amp;lt;button id=&amp;quot;btnSubmit&amp;quot; name=&amp;quot;btnSubmit&amp;quot; type=&amp;quot;submit&amp;quot; class=&amp;quot;btn blue&amp;quot;&amp;gt;...&amp;lt;/button&amp;gt; is not clickable at point (1812, 918). Other element would receive the click: &amp;lt;div id=&amp;quot;select2-drop-mask&amp;quot; class=&amp;quot;select2-drop-mask&amp;quot; style=&amp;quot;&amp;quot;&amp;gt;&amp;lt;/div&amp;gt;
  (Session info: chrome=60.0.3112.90)
  (Driver info: chromedriver=2.29.461591 (62ebf098771772160f391d75e589dc567915b233),platform=Windows NT 6.1.7601 SP1 x86_64) (WARNING: The server did not provide any stacktrace information)
Command duration or timeout: 133 milliseconds
Build info: version: &amp;apos;2.53.1&amp;apos;, revision: &amp;apos;a36b8b1&amp;apos;, time: &amp;apos;2016-06-30 17:37:03&amp;apos;
System info: host: &amp;apos;remote-wkstn3&amp;apos;, ip: &amp;apos;10.16.1.107&amp;apos;, os.name: &amp;apos;Windows 7&amp;apos;, os.arch: &amp;apos;amd64&amp;apos;, os.version: &amp;apos;6.1&amp;apos;, java.version: &amp;apos;1.8.0_121&amp;apos;
Driver info: org.openqa.selenium.chrome.ChromeDriver
Capabilities [{applicationCacheEnabled=false, rotatable=false, mobileEmulationEnabled=false, networkConnectionEnabled=false, chrome={chromedriverVersion=2.29.461591 (62ebf098771772160f391d75e589dc567915b233), userDataDir=C:\Users\ARJUN~1.KAR\AppData\Local\Temp\scoped_dir33836_6353}, takesHeapSnapshot=true, pageLoadStrategy=normal, databaseEnabled=false, handlesAlerts=true, hasTouchScreen=false, version=60.0.3112.90, platform=XP, browserConnectionEnabled=false, nativeEvents=true, acceptSslCerts=true, locationContextEnabled=true, webStorageEnabled=true, browserName=chrome, takesScreenshot=true, javascriptEnabled=true, cssSelectorsEnabled=true, unexpectedAlertBehaviour=accept}]
Session ID: 21e6491776e46421be51290d1ca1e6e4">
      <![CDATA[org.openqa.selenium.WebDriverException: unknown error: Element <button id="btnSubmit" name="btnSubmit" type="submit" class="btn blue">...</button> is not clickable at point (1812, 918). Other element would receive the click: <div id="select2-drop-mask" class="select2-drop-mask" style=""></div>
  (Session info: chrome=60.0.3112.90)
  (Driver info: chromedriver=2.29.461591 (62ebf098771772160f391d75e589dc567915b233),platform=Windows NT 6.1.7601 SP1 x86_64) (WARNING: The server did not provide any stacktrace information)
Command duration or timeout: 133 milliseconds
Build info: version: '2.53.1', revision: 'a36b8b1', time: '2016-06-30 17:37:03'
System info: host: 'remote-wkstn3', ip: '10.16.1.107', os.name: 'Windows 7', os.arch: 'amd64', os.version: '6.1', java.version: '1.8.0_121'
Driver info: org.openqa.selenium.chrome.ChromeDriver
Capabilities [{applicationCacheEnabled=false, rotatable=false, mobileEmulationEnabled=false, networkConnectionEnabled=false, chrome={chromedriverVersion=2.29.461591 (62ebf098771772160f391d75e589dc567915b233), userDataDir=C:\Users\ARJUN~1.KAR\AppData\Local\Temp\scoped_dir33836_6353}, takesHeapSnapshot=true, pageLoadStrategy=normal, databaseEnabled=false, handlesAlerts=true, hasTouchScreen=false, version=60.0.3112.90, platform=XP, browserConnectionEnabled=false, nativeEvents=true, acceptSslCerts=true, locationContextEnabled=true, webStorageEnabled=true, browserName=chrome, takesScreenshot=true, javascriptEnabled=true, cssSelectorsEnabled=true, unexpectedAlertBehaviour=accept}]
Session ID: 21e6491776e46421be51290d1ca1e6e4
	at org.openqa.selenium.remote.ErrorHandler.createThrowable(ErrorHandler.java:206)
	at org.openqa.selenium.remote.ErrorHandler.throwIfResponseFailed(ErrorHandler.java:158)
	at org.openqa.selenium.remote.RemoteWebDriver.execute(RemoteWebDriver.java:678)
	at org.openqa.selenium.remote.RemoteWebElement.execute(RemoteWebElement.java:327)
	at org.openqa.selenium.remote.RemoteWebElement.click(RemoteWebElement.java:85)
	at layout.TemplatesEditPage.clickSubmitButton(TemplatesEditPage.java:159)
	at layout.TemplatesEdit_testcases.compare_template_updates(TemplatesEdit_testcases.java:287)
	at java.util.concurrent.FutureTask.run(FutureTask.java:266)
	at java.util.concurrent.ThreadPoolExecutor.runWorker(ThreadPoolExecutor.java:1142)
	at java.util.concurrent.ThreadPoolExecutor$Worker.run(ThreadPoolExecutor.java:617)
	at java.lang.Thread.run(Thread.java:745)
... Removed 20 stack frames]]>
    </failure>
  </testcase> <!-- compare_template_updates -->
  <testcase name="update_template_brand_to_previous" time="47.191" classname="layout.TemplatesEdit_testcases"/>
  <testcase name="create_a_new_template_channel_email_type_message" time="79.621" classname="layout.Templates_TestCases"/>
  <testcase name="update_template_name" time="42.302" classname="layout.TemplatesEdit_testcases">
    <failure type="org.openqa.selenium.NoSuchElementException" message="no such element: Unable to locate element: {&amp;quot;method&amp;quot;:&amp;quot;id&amp;quot;,&amp;quot;selector&amp;quot;:&amp;quot;.//*[@id=&amp;apos;Connector_Name&amp;apos;]&amp;quot;}
  (Session info: chrome=60.0.3112.90)
  (Driver info: chromedriver=2.29.461591 (62ebf098771772160f391d75e589dc567915b233),platform=Windows NT 6.1.7601 SP1 x86_64) (WARNING: The server did not provide any stacktrace information)
Command duration or timeout: 10.06 seconds
For documentation on this error, please visit: http://seleniumhq.org/exceptions/no_such_element.html
Build info: version: &amp;apos;2.53.1&amp;apos;, revision: &amp;apos;a36b8b1&amp;apos;, time: &amp;apos;2016-06-30 17:37:03&amp;apos;
System info: host: &amp;apos;remote-wkstn3&amp;apos;, ip: &amp;apos;10.16.1.107&amp;apos;, os.name: &amp;apos;Windows 7&amp;apos;, os.arch: &amp;apos;amd64&amp;apos;, os.version: &amp;apos;6.1&amp;apos;, java.version: &amp;apos;1.8.0_121&amp;apos;
Driver info: org.openqa.selenium.chrome.ChromeDriver
Capabilities [{applicationCacheEnabled=false, rotatable=false, mobileEmulationEnabled=false, networkConnectionEnabled=false, chrome={chromedriverVersion=2.29.461591 (62ebf098771772160f391d75e589dc567915b233), userDataDir=C:\Users\ARJUN~1.KAR\AppData\Local\Temp\scoped_dir49424_26696}, takesHeapSnapshot=true, pageLoadStrategy=normal, databaseEnabled=false, handlesAlerts=true, hasTouchScreen=false, version=60.0.3112.90, platform=XP, browserConnectionEnabled=false, nativeEvents=true, acceptSslCerts=true, locationContextEnabled=true, webStorageEnabled=true, browserName=chrome, takesScreenshot=true, javascriptEnabled=true, cssSelectorsEnabled=true, unexpectedAlertBehaviour=accept}]
Session ID: c132408eb570cff53c7fc7c257c6b0db
*** Element info: {Using=id, value=.//*[@id=&amp;apos;Connector_Name&amp;apos;]}">
      <![CDATA[org.openqa.selenium.NoSuchElementException: no such element: Unable to locate element: {"method":"id","selector":".//*[@id='Connector_Name']"}
  (Session info: chrome=60.0.3112.90)
  (Driver info: chromedriver=2.29.461591 (62ebf098771772160f391d75e589dc567915b233),platform=Windows NT 6.1.7601 SP1 x86_64) (WARNING: The server did not provide any stacktrace information)
Command duration or timeout: 10.06 seconds
For documentation on this error, please visit: http://seleniumhq.org/exceptions/no_such_element.html
Build info: version: '2.53.1', revision: 'a36b8b1', time: '2016-06-30 17:37:03'
System info: host: 'remote-wkstn3', ip: '10.16.1.107', os.name: 'Windows 7', os.arch: 'amd64', os.version: '6.1', java.version: '1.8.0_121'
Driver info: org.openqa.selenium.chrome.ChromeDriver
Capabilities [{applicationCacheEnabled=false, rotatable=false, mobileEmulationEnabled=false, networkConnectionEnabled=false, chrome={chromedriverVersion=2.29.461591 (62ebf098771772160f391d75e589dc567915b233), userDataDir=C:\Users\ARJUN~1.KAR\AppData\Local\Temp\scoped_dir49424_26696}, takesHeapSnapshot=true, pageLoadStrategy=normal, databaseEnabled=false, handlesAlerts=true, hasTouchScreen=false, version=60.0.3112.90, platform=XP, browserConnectionEnabled=false, nativeEvents=true, acceptSslCerts=true, locationContextEnabled=true, webStorageEnabled=true, browserName=chrome, takesScreenshot=true, javascriptEnabled=true, cssSelectorsEnabled=true, unexpectedAlertBehaviour=accept}]
Session ID: c132408eb570cff53c7fc7c257c6b0db
*** Element info: {Using=id, value=.//*[@id='Connector_Name']}
	at org.openqa.selenium.remote.ErrorHandler.createThrowable(ErrorHandler.java:206)
	at org.openqa.selenium.remote.ErrorHandler.throwIfResponseFailed(ErrorHandler.java:158)
	at org.openqa.selenium.remote.RemoteWebDriver.execute(RemoteWebDriver.java:678)
	at org.openqa.selenium.remote.RemoteWebDriver.findElement(RemoteWebDriver.java:363)
	at org.openqa.selenium.remote.RemoteWebDriver.findElementById(RemoteWebDriver.java:413)
	at org.openqa.selenium.By$ById.findElement(By.java:218)
	at org.openqa.selenium.remote.RemoteWebDriver.findElement(RemoteWebDriver.java:355)
	at layout.TemplatesEditPage.updateTemplateName(TemplatesEditPage.java:75)
	at layout.TemplatesEdit_testcases.update_template_name(TemplatesEdit_testcases.java:46)
	at java.util.concurrent.FutureTask.run(FutureTask.java:266)
	at java.util.concurrent.ThreadPoolExecutor.runWorker(ThreadPoolExecutor.java:1142)
	at java.util.concurrent.ThreadPoolExecutor$Worker.run(ThreadPoolExecutor.java:617)
	at java.lang.Thread.run(Thread.java:745)
... Removed 19 stack frames]]>
    </failure>
  </testcase> <!-- update_template_name -->
  <testcase name="create_a_new_template_channel_web_type_message" time="77.561" classname="layout.Templates_TestCases"/>
  <testcase name="update_template_name_to_previous" time="31.545" classname="layout.TemplatesEdit_testcases">
    <failure type="org.openqa.selenium.NoSuchElementException" message="no such element: Unable to locate element: {&amp;quot;method&amp;quot;:&amp;quot;xpath&amp;quot;,&amp;quot;selector&amp;quot;:&amp;quot;//a[contains(@href, &amp;apos;/template/edit/10000001&amp;apos;)]&amp;quot;}
  (Session info: chrome=60.0.3112.90)
  (Driver info: chromedriver=2.29.461591 (62ebf098771772160f391d75e589dc567915b233),platform=Windows NT 6.1.7601 SP1 x86_64) (WARNING: The server did not provide any stacktrace information)
Command duration or timeout: 10.02 seconds
For documentation on this error, please visit: http://seleniumhq.org/exceptions/no_such_element.html
Build info: version: &amp;apos;2.53.1&amp;apos;, revision: &amp;apos;a36b8b1&amp;apos;, time: &amp;apos;2016-06-30 17:37:03&amp;apos;
System info: host: &amp;apos;remote-wkstn3&amp;apos;, ip: &amp;apos;10.16.1.107&amp;apos;, os.name: &amp;apos;Windows 7&amp;apos;, os.arch: &amp;apos;amd64&amp;apos;, os.version: &amp;apos;6.1&amp;apos;, java.version: &amp;apos;1.8.0_121&amp;apos;
Driver info: org.openqa.selenium.chrome.ChromeDriver
Capabilities [{applicationCacheEnabled=false, rotatable=false, mobileEmulationEnabled=false, networkConnectionEnabled=false, chrome={chromedriverVersion=2.29.461591 (62ebf098771772160f391d75e589dc567915b233), userDataDir=C:\Users\ARJUN~1.KAR\AppData\Local\Temp\scoped_dir32968_20547}, takesHeapSnapshot=true, pageLoadStrategy=normal, databaseEnabled=false, handlesAlerts=true, hasTouchScreen=false, version=60.0.3112.90, platform=XP, browserConnectionEnabled=false, nativeEvents=true, acceptSslCerts=true, locationContextEnabled=true, webStorageEnabled=true, browserName=chrome, takesScreenshot=true, javascriptEnabled=true, cssSelectorsEnabled=true, unexpectedAlertBehaviour=accept}]
Session ID: e5b3f571a599e08f72ebb641b0f93006
*** Element info: {Using=xpath, value=//a[contains(@href, &amp;apos;/template/edit/10000001&amp;apos;)]}">
      <![CDATA[org.openqa.selenium.NoSuchElementException: no such element: Unable to locate element: {"method":"xpath","selector":"//a[contains(@href, '/template/edit/10000001')]"}
  (Session info: chrome=60.0.3112.90)
  (Driver info: chromedriver=2.29.461591 (62ebf098771772160f391d75e589dc567915b233),platform=Windows NT 6.1.7601 SP1 x86_64) (WARNING: The server did not provide any stacktrace information)
Command duration or timeout: 10.02 seconds
For documentation on this error, please visit: http://seleniumhq.org/exceptions/no_such_element.html
Build info: version: '2.53.1', revision: 'a36b8b1', time: '2016-06-30 17:37:03'
System info: host: 'remote-wkstn3', ip: '10.16.1.107', os.name: 'Windows 7', os.arch: 'amd64', os.version: '6.1', java.version: '1.8.0_121'
Driver info: org.openqa.selenium.chrome.ChromeDriver
Capabilities [{applicationCacheEnabled=false, rotatable=false, mobileEmulationEnabled=false, networkConnectionEnabled=false, chrome={chromedriverVersion=2.29.461591 (62ebf098771772160f391d75e589dc567915b233), userDataDir=C:\Users\ARJUN~1.KAR\AppData\Local\Temp\scoped_dir32968_20547}, takesHeapSnapshot=true, pageLoadStrategy=normal, databaseEnabled=false, handlesAlerts=true, hasTouchScreen=false, version=60.0.3112.90, platform=XP, browserConnectionEnabled=false, nativeEvents=true, acceptSslCerts=true, locationContextEnabled=true, webStorageEnabled=true, browserName=chrome, takesScreenshot=true, javascriptEnabled=true, cssSelectorsEnabled=true, unexpectedAlertBehaviour=accept}]
Session ID: e5b3f571a599e08f72ebb641b0f93006
*** Element info: {Using=xpath, value=//a[contains(@href, '/template/edit/10000001')]}
	at org.openqa.selenium.remote.ErrorHandler.createThrowable(ErrorHandler.java:206)
	at org.openqa.selenium.remote.ErrorHandler.throwIfResponseFailed(ErrorHandler.java:158)
	at org.openqa.selenium.remote.RemoteWebDriver.execute(RemoteWebDriver.java:678)
	at org.openqa.selenium.remote.RemoteWebDriver.findElement(RemoteWebDriver.java:363)
	at org.openqa.selenium.remote.RemoteWebDriver.findElementByXPath(RemoteWebDriver.java:500)
	at org.openqa.selenium.By$ByXPath.findElement(By.java:361)
	at org.openqa.selenium.remote.RemoteWebDriver.findElement(RemoteWebDriver.java:355)
	at layout.TemplatesPage.editTemplate(TemplatesPage.java:71)
	at layout.TemplatesEdit_testcases.update_template_name_to_previous(TemplatesEdit_testcases.java:58)
	at java.util.concurrent.FutureTask.run(FutureTask.java:266)
	at java.util.concurrent.ThreadPoolExecutor.runWorker(ThreadPoolExecutor.java:1142)
	at java.util.concurrent.ThreadPoolExecutor$Worker.run(ThreadPoolExecutor.java:617)
	at java.lang.Thread.run(Thread.java:745)
... Removed 19 stack frames]]>
    </failure>
  </testcase> <!-- update_template_name_to_previous -->
  <testcase name="create_a_new_template_without_a_clientname" time="39.717" classname="layout.Templates_TestCases"/>
  <testcase name="update_template_channel" time="47.931" classname="layout.TemplatesEdit_testcases"/>
  <testcase name="create_a_new_template_without_a_channel" time="44.557" classname="layout.Templates_TestCases"/>
  <testcase name="update_template_channel_to_previous" time="47.703" classname="layout.TemplatesEdit_testcases"/>
  <testcase name="create_a_new_template_without_a_name" time="43.563" classname="layout.Templates_TestCases"/>
  <testcase name="create_a_new_template_without_a_type" time="42.261" classname="layout.Templates_TestCases"/>
  <testcase name="update_template_clientname" time="42.756" classname="layout.TemplatesEdit_testcases"/>
  <testcase name="update_template_clientname_to_previous" time="45.497" classname="layout.TemplatesEdit_testcases"/>
  <testcase name="delete_template_from_db" time="17.964" classname="layout.Templates_TestCases"/>
  <testcase name="select_button_save_in_template_page" time="39.482" classname="layout.TemplatesEdit_testcases"/>
  <testcase name="select_button_cancel_in_template_page" time="34.406" classname="layout.TemplatesEdit_testcases"/>
  <testcase name="inactivate_template" time="46.034" classname="layout.TemplatesEdit_testcases"/>
  <testcase name="activate_template" time="46.014" classname="layout.TemplatesEdit_testcases"/>
  <testcase name="set_template_workflow_to_approved" time="41.593" classname="layout.TemplatesEdit_testcases"/>
  <testcase name="set_template_workflow_to_draft" time="41.128" classname="layout.TemplatesEdit_testcases"/>
  <testcase name="archive_template" time="19.029" classname="layout.TemplatesEdit_testcases"/>
  <testcase name="restore_template" time="30.529" classname="layout.TemplatesEdit_testcases"/>
  <testcase name="rollback_template_previous" time="96.962" classname="layout.TemplatesEdit_testcases"/>
  <testcase name="rollback_template_updates" time="72.38" classname="layout.TemplatesEdit_testcases">
    <failure type="org.openqa.selenium.ElementNotVisibleException" message="element not visible
  (Session info: chrome=60.0.3112.90)
  (Driver info: chromedriver=2.29.461591 (62ebf098771772160f391d75e589dc567915b233),platform=Windows NT 6.1.7601 SP1 x86_64) (WARNING: The server did not provide any stacktrace information)
Command duration or timeout: 98 milliseconds
Build info: version: &amp;apos;2.53.1&amp;apos;, revision: &amp;apos;a36b8b1&amp;apos;, time: &amp;apos;2016-06-30 17:37:03&amp;apos;
System info: host: &amp;apos;remote-wkstn3&amp;apos;, ip: &amp;apos;10.16.1.107&amp;apos;, os.name: &amp;apos;Windows 7&amp;apos;, os.arch: &amp;apos;amd64&amp;apos;, os.version: &amp;apos;6.1&amp;apos;, java.version: &amp;apos;1.8.0_121&amp;apos;
Driver info: org.openqa.selenium.chrome.ChromeDriver
Capabilities [{applicationCacheEnabled=false, rotatable=false, mobileEmulationEnabled=false, networkConnectionEnabled=false, chrome={chromedriverVersion=2.29.461591 (62ebf098771772160f391d75e589dc567915b233), userDataDir=C:\Users\ARJUN~1.KAR\AppData\Local\Temp\scoped_dir22496_6075}, takesHeapSnapshot=true, pageLoadStrategy=normal, databaseEnabled=false, handlesAlerts=true, hasTouchScreen=false, version=60.0.3112.90, platform=XP, browserConnectionEnabled=false, nativeEvents=true, acceptSslCerts=true, locationContextEnabled=true, webStorageEnabled=true, browserName=chrome, takesScreenshot=true, javascriptEnabled=true, cssSelectorsEnabled=true, unexpectedAlertBehaviour=accept}]
Session ID: a602ba1ae48bf90af24ed6609adc395c">
      <![CDATA[org.openqa.selenium.ElementNotVisibleException: element not visible
  (Session info: chrome=60.0.3112.90)
  (Driver info: chromedriver=2.29.461591 (62ebf098771772160f391d75e589dc567915b233),platform=Windows NT 6.1.7601 SP1 x86_64) (WARNING: The server did not provide any stacktrace information)
Command duration or timeout: 98 milliseconds
Build info: version: '2.53.1', revision: 'a36b8b1', time: '2016-06-30 17:37:03'
System info: host: 'remote-wkstn3', ip: '10.16.1.107', os.name: 'Windows 7', os.arch: 'amd64', os.version: '6.1', java.version: '1.8.0_121'
Driver info: org.openqa.selenium.chrome.ChromeDriver
Capabilities [{applicationCacheEnabled=false, rotatable=false, mobileEmulationEnabled=false, networkConnectionEnabled=false, chrome={chromedriverVersion=2.29.461591 (62ebf098771772160f391d75e589dc567915b233), userDataDir=C:\Users\ARJUN~1.KAR\AppData\Local\Temp\scoped_dir22496_6075}, takesHeapSnapshot=true, pageLoadStrategy=normal, databaseEnabled=false, handlesAlerts=true, hasTouchScreen=false, version=60.0.3112.90, platform=XP, browserConnectionEnabled=false, nativeEvents=true, acceptSslCerts=true, locationContextEnabled=true, webStorageEnabled=true, browserName=chrome, takesScreenshot=true, javascriptEnabled=true, cssSelectorsEnabled=true, unexpectedAlertBehaviour=accept}]
Session ID: a602ba1ae48bf90af24ed6609adc395c
	at org.openqa.selenium.remote.ErrorHandler.createThrowable(ErrorHandler.java:206)
	at org.openqa.selenium.remote.ErrorHandler.throwIfResponseFailed(ErrorHandler.java:158)
	at org.openqa.selenium.remote.RemoteWebDriver.execute(RemoteWebDriver.java:678)
	at org.openqa.selenium.remote.RemoteWebElement.execute(RemoteWebElement.java:327)
	at org.openqa.selenium.remote.RemoteWebElement.click(RemoteWebElement.java:85)
	at layout.TemplatesEditPage.rollbackTemplate(TemplatesEditPage.java:292)
	at layout.TemplatesEdit_testcases.rollback_template_updates(TemplatesEdit_testcases.java:251)
	at java.util.concurrent.FutureTask.run(FutureTask.java:266)
	at java.util.concurrent.ThreadPoolExecutor.runWorker(ThreadPoolExecutor.java:1142)
	at java.util.concurrent.ThreadPoolExecutor$Worker.run(ThreadPoolExecutor.java:617)
	at java.lang.Thread.run(Thread.java:745)
... Removed 20 stack frames]]>
    </failure>
  </testcase> <!-- rollback_template_updates -->
  <testcase name="add_media_to_template" time="40.863" classname="layout.TemplatesEdit_testcases">
    <failure type="org.openqa.selenium.WebDriverException" message="unknown error: Element &amp;lt;button type=&amp;quot;button&amp;quot; class=&amp;quot;btn default&amp;quot; data-dismiss=&amp;quot;modal&amp;quot;&amp;gt;...&amp;lt;/button&amp;gt; is not clickable at point (1345, 652). Other element would receive the click: &amp;lt;div class=&amp;quot;bootbox modal fade in&amp;quot; tabindex=&amp;quot;-1&amp;quot; role=&amp;quot;dialog&amp;quot; aria-hidden=&amp;quot;false&amp;quot; style=&amp;quot;display: block; padding-right: 17px;&amp;quot;&amp;gt;...&amp;lt;/div&amp;gt;
  (Session info: chrome=60.0.3112.90)
  (Driver info: chromedriver=2.29.461591 (62ebf098771772160f391d75e589dc567915b233),platform=Windows NT 6.1.7601 SP1 x86_64) (WARNING: The server did not provide any stacktrace information)
Command duration or timeout: 262 milliseconds
Build info: version: &amp;apos;2.53.1&amp;apos;, revision: &amp;apos;a36b8b1&amp;apos;, time: &amp;apos;2016-06-30 17:37:03&amp;apos;
System info: host: &amp;apos;remote-wkstn3&amp;apos;, ip: &amp;apos;10.16.1.107&amp;apos;, os.name: &amp;apos;Windows 7&amp;apos;, os.arch: &amp;apos;amd64&amp;apos;, os.version: &amp;apos;6.1&amp;apos;, java.version: &amp;apos;1.8.0_121&amp;apos;
Driver info: org.openqa.selenium.chrome.ChromeDriver
Capabilities [{applicationCacheEnabled=false, rotatable=false, mobileEmulationEnabled=false, networkConnectionEnabled=false, chrome={chromedriverVersion=2.29.461591 (62ebf098771772160f391d75e589dc567915b233), userDataDir=C:\Users\ARJUN~1.KAR\AppData\Local\Temp\scoped_dir3324_17934}, takesHeapSnapshot=true, pageLoadStrategy=normal, databaseEnabled=false, handlesAlerts=true, hasTouchScreen=false, version=60.0.3112.90, platform=XP, browserConnectionEnabled=false, nativeEvents=true, acceptSslCerts=true, locationContextEnabled=true, webStorageEnabled=true, browserName=chrome, takesScreenshot=true, javascriptEnabled=true, cssSelectorsEnabled=true, unexpectedAlertBehaviour=accept}]
Session ID: 2f7293443fdd843012e255f6208864aa">
      <![CDATA[org.openqa.selenium.WebDriverException: unknown error: Element <button type="button" class="btn default" data-dismiss="modal">...</button> is not clickable at point (1345, 652). Other element would receive the click: <div class="bootbox modal fade in" tabindex="-1" role="dialog" aria-hidden="false" style="display: block; padding-right: 17px;">...</div>
  (Session info: chrome=60.0.3112.90)
  (Driver info: chromedriver=2.29.461591 (62ebf098771772160f391d75e589dc567915b233),platform=Windows NT 6.1.7601 SP1 x86_64) (WARNING: The server did not provide any stacktrace information)
Command duration or timeout: 262 milliseconds
Build info: version: '2.53.1', revision: 'a36b8b1', time: '2016-06-30 17:37:03'
System info: host: 'remote-wkstn3', ip: '10.16.1.107', os.name: 'Windows 7', os.arch: 'amd64', os.version: '6.1', java.version: '1.8.0_121'
Driver info: org.openqa.selenium.chrome.ChromeDriver
Capabilities [{applicationCacheEnabled=false, rotatable=false, mobileEmulationEnabled=false, networkConnectionEnabled=false, chrome={chromedriverVersion=2.29.461591 (62ebf098771772160f391d75e589dc567915b233), userDataDir=C:\Users\ARJUN~1.KAR\AppData\Local\Temp\scoped_dir3324_17934}, takesHeapSnapshot=true, pageLoadStrategy=normal, databaseEnabled=false, handlesAlerts=true, hasTouchScreen=false, version=60.0.3112.90, platform=XP, browserConnectionEnabled=false, nativeEvents=true, acceptSslCerts=true, locationContextEnabled=true, webStorageEnabled=true, browserName=chrome, takesScreenshot=true, javascriptEnabled=true, cssSelectorsEnabled=true, unexpectedAlertBehaviour=accept}]
Session ID: 2f7293443fdd843012e255f6208864aa
	at org.openqa.selenium.remote.ErrorHandler.createThrowable(ErrorHandler.java:206)
	at org.openqa.selenium.remote.ErrorHandler.throwIfResponseFailed(ErrorHandler.java:158)
	at org.openqa.selenium.remote.RemoteWebDriver.execute(RemoteWebDriver.java:678)
	at org.openqa.selenium.remote.RemoteWebElement.execute(RemoteWebElement.java:327)
	at org.openqa.selenium.remote.RemoteWebElement.click(RemoteWebElement.java:85)
	at layout.TemplatesEditPage.add_media_to_temp(TemplatesEditPage.java:284)
	at layout.TemplatesEdit_testcases.add_media_to_template(TemplatesEdit_testcases.java:302)
	at java.util.concurrent.FutureTask.run(FutureTask.java:266)
	at java.util.concurrent.ThreadPoolExecutor.runWorker(ThreadPoolExecutor.java:1142)
	at java.util.concurrent.ThreadPoolExecutor$Worker.run(ThreadPoolExecutor.java:617)
	at java.lang.Thread.run(Thread.java:745)
... Removed 20 stack frames]]>
    </failure>
  </testcase> <!-- add_media_to_template -->
  <testcase name="add_comm_to_template" time="29.285" classname="layout.TemplatesEdit_testcases"/>
  <testcase name="add_markup_to_template" time="34.319" classname="layout.TemplatesEdit_testcases"/>
  <testcase name="update_template_type_to_previous" time="0.0" classname="layout.TemplatesEdit_testcases">
    <ignored/>
  </testcase> <!-- update_template_type_to_previous -->
  <testcase name="@AfterSuite tearDown" time="0.0" classname="Utility.TestBase">
    <ignored/>
  </testcase> <!-- @AfterSuite tearDown -->
  <testcase name="@AfterSuite tearDown" time="0.0" classname="Utility.TestBase">
    <ignored/>
  </testcase> <!-- @AfterSuite tearDown -->
  <testcase name="update_template_type" time="0.0" classname="layout.TemplatesEdit_testcases">
    <ignored/>
  </testcase> <!-- update_template_type -->
</testsuite> <!-- TEMPLATES TESTCASES -->
