<?xml version="1.0" encoding="UTF-8"?>
<!-- Generated by org.testng.reporters.JUnitXMLReporter -->
<testsuite hostname="remote-wkstn3" ignored="4" name="TEMPLATES TESTCASES" tests="26" failures="0" timestamp="11 Jul 2017 07:41:50 GMT" time="1286.216" errors="0">
  <testcase name="create_a_new_template_channel_email_type_communication" time="64.397" classname="layout.Templates_TestCases"/>
  <testcase name="update_template_brand" time="48.379" classname="layout.TemplatesEdit_testcases"/>
  <testcase name="validate_template_page" time="13.19" classname="layout.TemplatesRestore_testcases"/>
  <testcase name="create_a_new_template_channel_web_type_communication" time="60.597" classname="layout.Templates_TestCases"/>
  <testcase name="update_template_brand_to_previous" time="45.635" classname="layout.TemplatesEdit_testcases"/>
  <testcase name="create_a_new_template_channel_email_type_message" time="60.486" classname="layout.Templates_TestCases"/>
  <testcase name="update_template_name" time="43.886" classname="layout.TemplatesEdit_testcases"/>
  <testcase name="create_a_new_template_channel_web_type_message" time="60.142" classname="layout.Templates_TestCases"/>
  <testcase name="update_template_name_to_previous" time="43.914" classname="layout.TemplatesEdit_testcases"/>
  <testcase name="create_a_new_template_without_a_clientname" time="36.864" classname="layout.Templates_TestCases"/>
  <testcase name="update_template_channel" time="42.436" classname="layout.TemplatesEdit_testcases"/>
  <testcase name="create_a_new_template_without_a_channel" time="40.766" classname="layout.Templates_TestCases"/>
  <testcase name="update_template_channel_to_previous" time="43.062" classname="layout.TemplatesEdit_testcases"/>
  <testcase name="create_a_new_template_without_a_name" time="41.254" classname="layout.Templates_TestCases"/>
  <testcase name="create_a_new_template_without_a_type" time="39.794" classname="layout.Templates_TestCases"/>
  <testcase name="update_template_clientname" time="44.045" classname="layout.TemplatesEdit_testcases"/>
  <testcase name="update_template_clientname_to_previous" time="46.105" classname="layout.TemplatesEdit_testcases"/>
  <testcase name="delete_template_from_db" time="2.723" classname="layout.Templates_TestCases"/>
  <testcase name="select_button_save_in_template_page" time="39.772" classname="layout.TemplatesEdit_testcases"/>
  <testcase name="select_button_cancel_in_template_page" time="33.407" classname="layout.TemplatesEdit_testcases"/>
  <testcase name="inactivate_template" time="43.299" classname="layout.TemplatesEdit_testcases"/>
  <testcase name="activate_template" time="42.896" classname="layout.TemplatesEdit_testcases"/>
  <testcase name="set_template_workflow_to_draft" time="36.464" classname="layout.TemplatesEdit_testcases"/>
  <testcase name="set_template_workflow_to_approved" time="35.898" classname="layout.TemplatesEdit_testcases"/>
  <testcase name="archive_template" time="18.795" classname="layout.TemplatesEdit_testcases"/>
  <testcase name="restore_template" time="30.014" classname="layout.TemplatesEdit_testcases"/>
  <testcase name="update_template_type_to_previous" time="0.0" classname="layout.TemplatesEdit_testcases">
    <ignored/>
  </testcase> <!-- update_template_type_to_previous -->
  <testcase name="@AfterSuite tearDown" time="0.0" classname="Utility.TestBase">
    <ignored/>
  </testcase> <!-- @AfterSuite tearDown -->
  <testcase name="@AfterSuite tearDown" time="0.0" classname="Utility.TestBase">
    <ignored/>
  </testcase> <!-- @AfterSuite tearDown -->
  <testcase name="update_template_type" time="0.0" classname="layout.TemplatesEdit_testcases">
    <ignored/>
  </testcase> <!-- update_template_type -->
</testsuite> <!-- TEMPLATES TESTCASES -->
