<?xml version="1.0" encoding="UTF-8"?>
<!-- Generated by org.testng.reporters.JUnitXMLReporter -->
<testsuite hostname="remote-wkstn3" ignored="4" name="TEMPLATES TESTCASES" tests="26" failures="0" timestamp="20 Jun 2017 00:32:58 GMT" time="1221.825" errors="0">
  <testcase name="create_a_new_template_channel_email_type_communication" time="63.897" classname="layout.Templates_TestCases"/>
  <testcase name="update_template_brand" time="47.228" classname="layout.TemplatesEdit_testcases"/>
  <testcase name="validate_template_page" time="12.223" classname="layout.TemplatesRestore_testcases"/>
  <testcase name="create_a_new_template_channel_web_type_communication" time="60.383" classname="layout.Templates_TestCases"/>
  <testcase name="update_template_brand_to_previous" time="44.09" classname="layout.TemplatesEdit_testcases"/>
  <testcase name="create_a_new_template_channel_email_type_message" time="61.998" classname="layout.Templates_TestCases"/>
  <testcase name="update_template_name" time="49.598" classname="layout.TemplatesEdit_testcases"/>
  <testcase name="create_a_new_template_channel_web_type_message" time="59.817" classname="layout.Templates_TestCases"/>
  <testcase name="update_template_name_to_previous" time="42.989" classname="layout.TemplatesEdit_testcases"/>
  <testcase name="create_a_new_template_without_a_clientname" time="36.805" classname="layout.Templates_TestCases"/>
  <testcase name="update_template_channel" time="42.339" classname="layout.TemplatesEdit_testcases"/>
  <testcase name="create_a_new_template_without_a_channel" time="40.914" classname="layout.Templates_TestCases"/>
  <testcase name="update_template_channel_to_previous" time="41.602" classname="layout.TemplatesEdit_testcases"/>
  <testcase name="create_a_new_template_without_a_name" time="36.615" classname="layout.Templates_TestCases"/>
  <testcase name="create_a_new_template_without_a_type" time="39.573" classname="layout.Templates_TestCases"/>
  <testcase name="update_template_clientname" time="41.786" classname="layout.TemplatesEdit_testcases"/>
  <testcase name="update_template_clientname_to_previous" time="44.047" classname="layout.TemplatesEdit_testcases"/>
  <testcase name="delete_template_from_db" time="2.782" classname="layout.Templates_TestCases"/>
  <testcase name="select_button_save_in_template_page" time="39.18" classname="layout.TemplatesEdit_testcases"/>
  <testcase name="select_button_cancel_in_template_page" time="32.233" classname="layout.TemplatesEdit_testcases"/>
  <testcase name="inactivate_template" time="42.056" classname="layout.TemplatesEdit_testcases"/>
  <testcase name="activate_template" time="42.117" classname="layout.TemplatesEdit_testcases"/>
  <testcase name="set_template_workflow_to_draft" time="36.174" classname="layout.TemplatesEdit_testcases"/>
  <testcase name="set_template_workflow_to_approved" time="35.634" classname="layout.TemplatesEdit_testcases"/>
  <testcase name="archive_template" time="17.491" classname="layout.TemplatesEdit_testcases"/>
  <testcase name="restore_template" time="29.029" classname="layout.TemplatesEdit_testcases"/>
  <testcase name="update_template_type_to_previous" time="0.0" classname="layout.TemplatesEdit_testcases">
    <ignored/>
  </testcase> <!-- update_template_type_to_previous -->
  <testcase name="@AfterSuite tearDown" time="0.0" classname="Utility.TestBase">
    <ignored/>
  </testcase> <!-- @AfterSuite tearDown -->
  <testcase name="@AfterSuite tearDown" time="0.0" classname="Utility.TestBase">
    <ignored/>
  </testcase> <!-- @AfterSuite tearDown -->
  <testcase name="update_template_type" time="0.0" classname="layout.TemplatesEdit_testcases">
    <ignored/>
  </testcase> <!-- update_template_type -->
</testsuite> <!-- TEMPLATES TESTCASES -->
