<?xml version="1.0" encoding="UTF-8"?>
<!-- Generated by org.testng.reporters.JUnitXMLReporter -->
<testsuite hostname="remote-wkstn3" ignored="4" name="TEMPLATES TESTCASES" tests="26" failures="7" timestamp="26 Jul 2017 02:54:10 GMT" time="1270.836" errors="0">
  <testcase name="create_a_new_template_channel_email_type_communication" time="38.674" classname="layout.Templates_TestCases">
    <failure type="org.openqa.selenium.NoSuchElementException" message="no such element: Unable to locate element: {&amp;quot;method&amp;quot;:&amp;quot;xpath&amp;quot;,&amp;quot;selector&amp;quot;:&amp;quot;.//*[@id=&amp;apos;s2id_autogen84&amp;apos;]&amp;quot;}
  (Session info: chrome=59.0.3071.115)
  (Driver info: chromedriver=2.29.461591 (62ebf098771772160f391d75e589dc567915b233),platform=Windows NT 6.1.7601 SP1 x86_64) (WARNING: The server did not provide any stacktrace information)
Command duration or timeout: 10.07 seconds
For documentation on this error, please visit: http://seleniumhq.org/exceptions/no_such_element.html
Build info: version: &amp;apos;2.53.1&amp;apos;, revision: &amp;apos;a36b8b1&amp;apos;, time: &amp;apos;2016-06-30 17:37:03&amp;apos;
System info: host: &amp;apos;remote-wkstn3&amp;apos;, ip: &amp;apos;10.16.1.107&amp;apos;, os.name: &amp;apos;Windows 7&amp;apos;, os.arch: &amp;apos;amd64&amp;apos;, os.version: &amp;apos;6.1&amp;apos;, java.version: &amp;apos;1.8.0_121&amp;apos;
Driver info: org.openqa.selenium.chrome.ChromeDriver
Capabilities [{applicationCacheEnabled=false, rotatable=false, mobileEmulationEnabled=false, networkConnectionEnabled=false, chrome={chromedriverVersion=2.29.461591 (62ebf098771772160f391d75e589dc567915b233), userDataDir=C:\Users\ARJUN~1.KAR\AppData\Local\Temp\scoped_dir7196_11854}, takesHeapSnapshot=true, pageLoadStrategy=normal, databaseEnabled=false, handlesAlerts=true, hasTouchScreen=false, version=59.0.3071.115, platform=XP, browserConnectionEnabled=false, nativeEvents=true, acceptSslCerts=true, locationContextEnabled=true, webStorageEnabled=true, browserName=chrome, takesScreenshot=true, javascriptEnabled=true, cssSelectorsEnabled=true, unexpectedAlertBehaviour=accept}]
Session ID: c9cd80a8ac6730e0d65ed25f97968e0d
*** Element info: {Using=xpath, value=.//*[@id=&amp;apos;s2id_autogen84&amp;apos;]}">
      <![CDATA[org.openqa.selenium.NoSuchElementException: no such element: Unable to locate element: {"method":"xpath","selector":".//*[@id='s2id_autogen84']"}
  (Session info: chrome=59.0.3071.115)
  (Driver info: chromedriver=2.29.461591 (62ebf098771772160f391d75e589dc567915b233),platform=Windows NT 6.1.7601 SP1 x86_64) (WARNING: The server did not provide any stacktrace information)
Command duration or timeout: 10.07 seconds
For documentation on this error, please visit: http://seleniumhq.org/exceptions/no_such_element.html
Build info: version: '2.53.1', revision: 'a36b8b1', time: '2016-06-30 17:37:03'
System info: host: 'remote-wkstn3', ip: '10.16.1.107', os.name: 'Windows 7', os.arch: 'amd64', os.version: '6.1', java.version: '1.8.0_121'
Driver info: org.openqa.selenium.chrome.ChromeDriver
Capabilities [{applicationCacheEnabled=false, rotatable=false, mobileEmulationEnabled=false, networkConnectionEnabled=false, chrome={chromedriverVersion=2.29.461591 (62ebf098771772160f391d75e589dc567915b233), userDataDir=C:\Users\ARJUN~1.KAR\AppData\Local\Temp\scoped_dir7196_11854}, takesHeapSnapshot=true, pageLoadStrategy=normal, databaseEnabled=false, handlesAlerts=true, hasTouchScreen=false, version=59.0.3071.115, platform=XP, browserConnectionEnabled=false, nativeEvents=true, acceptSslCerts=true, locationContextEnabled=true, webStorageEnabled=true, browserName=chrome, takesScreenshot=true, javascriptEnabled=true, cssSelectorsEnabled=true, unexpectedAlertBehaviour=accept}]
Session ID: c9cd80a8ac6730e0d65ed25f97968e0d
*** Element info: {Using=xpath, value=.//*[@id='s2id_autogen84']}
	at org.openqa.selenium.remote.ErrorHandler.createThrowable(ErrorHandler.java:206)
	at org.openqa.selenium.remote.ErrorHandler.throwIfResponseFailed(ErrorHandler.java:158)
	at org.openqa.selenium.remote.RemoteWebDriver.execute(RemoteWebDriver.java:678)
	at org.openqa.selenium.remote.RemoteWebDriver.findElement(RemoteWebDriver.java:363)
	at org.openqa.selenium.remote.RemoteWebDriver.findElementByXPath(RemoteWebDriver.java:500)
	at org.openqa.selenium.By$ByXPath.findElement(By.java:361)
	at org.openqa.selenium.remote.RemoteWebDriver.findElement(RemoteWebDriver.java:355)
	at layout.TemplatesAddPage.addBrand(TemplatesAddPage.java:30)
	at layout.Templates_TestCases.create_a_new_template_channel_email_type_communication(Templates_TestCases.java:18)
	at java.util.concurrent.FutureTask.run(FutureTask.java:266)
	at java.util.concurrent.ThreadPoolExecutor.runWorker(ThreadPoolExecutor.java:1142)
	at java.util.concurrent.ThreadPoolExecutor$Worker.run(ThreadPoolExecutor.java:617)
	at java.lang.Thread.run(Thread.java:745)
... Removed 19 stack frames]]>
    </failure>
  </testcase> <!-- create_a_new_template_channel_email_type_communication -->
  <testcase name="update_template_brand" time="50.441" classname="layout.TemplatesEdit_testcases"/>
  <testcase name="validate_template_page" time="14.46" classname="layout.TemplatesRestore_testcases"/>
  <testcase name="create_a_new_template_channel_web_type_communication" time="39.267" classname="layout.Templates_TestCases">
    <failure type="org.openqa.selenium.NoSuchElementException" message="no such element: Unable to locate element: {&amp;quot;method&amp;quot;:&amp;quot;xpath&amp;quot;,&amp;quot;selector&amp;quot;:&amp;quot;.//*[@id=&amp;apos;s2id_autogen84&amp;apos;]&amp;quot;}
  (Session info: chrome=59.0.3071.115)
  (Driver info: chromedriver=2.29.461591 (62ebf098771772160f391d75e589dc567915b233),platform=Windows NT 6.1.7601 SP1 x86_64) (WARNING: The server did not provide any stacktrace information)
Command duration or timeout: 10.03 seconds
For documentation on this error, please visit: http://seleniumhq.org/exceptions/no_such_element.html
Build info: version: &amp;apos;2.53.1&amp;apos;, revision: &amp;apos;a36b8b1&amp;apos;, time: &amp;apos;2016-06-30 17:37:03&amp;apos;
System info: host: &amp;apos;remote-wkstn3&amp;apos;, ip: &amp;apos;10.16.1.107&amp;apos;, os.name: &amp;apos;Windows 7&amp;apos;, os.arch: &amp;apos;amd64&amp;apos;, os.version: &amp;apos;6.1&amp;apos;, java.version: &amp;apos;1.8.0_121&amp;apos;
Driver info: org.openqa.selenium.chrome.ChromeDriver
Capabilities [{applicationCacheEnabled=false, rotatable=false, mobileEmulationEnabled=false, networkConnectionEnabled=false, chrome={chromedriverVersion=2.29.461591 (62ebf098771772160f391d75e589dc567915b233), userDataDir=C:\Users\ARJUN~1.KAR\AppData\Local\Temp\scoped_dir7172_15282}, takesHeapSnapshot=true, pageLoadStrategy=normal, databaseEnabled=false, handlesAlerts=true, hasTouchScreen=false, version=59.0.3071.115, platform=XP, browserConnectionEnabled=false, nativeEvents=true, acceptSslCerts=true, locationContextEnabled=true, webStorageEnabled=true, browserName=chrome, takesScreenshot=true, javascriptEnabled=true, cssSelectorsEnabled=true, unexpectedAlertBehaviour=accept}]
Session ID: 27276bb969f7e3de45f282039c5cfe6e
*** Element info: {Using=xpath, value=.//*[@id=&amp;apos;s2id_autogen84&amp;apos;]}">
      <![CDATA[org.openqa.selenium.NoSuchElementException: no such element: Unable to locate element: {"method":"xpath","selector":".//*[@id='s2id_autogen84']"}
  (Session info: chrome=59.0.3071.115)
  (Driver info: chromedriver=2.29.461591 (62ebf098771772160f391d75e589dc567915b233),platform=Windows NT 6.1.7601 SP1 x86_64) (WARNING: The server did not provide any stacktrace information)
Command duration or timeout: 10.03 seconds
For documentation on this error, please visit: http://seleniumhq.org/exceptions/no_such_element.html
Build info: version: '2.53.1', revision: 'a36b8b1', time: '2016-06-30 17:37:03'
System info: host: 'remote-wkstn3', ip: '10.16.1.107', os.name: 'Windows 7', os.arch: 'amd64', os.version: '6.1', java.version: '1.8.0_121'
Driver info: org.openqa.selenium.chrome.ChromeDriver
Capabilities [{applicationCacheEnabled=false, rotatable=false, mobileEmulationEnabled=false, networkConnectionEnabled=false, chrome={chromedriverVersion=2.29.461591 (62ebf098771772160f391d75e589dc567915b233), userDataDir=C:\Users\ARJUN~1.KAR\AppData\Local\Temp\scoped_dir7172_15282}, takesHeapSnapshot=true, pageLoadStrategy=normal, databaseEnabled=false, handlesAlerts=true, hasTouchScreen=false, version=59.0.3071.115, platform=XP, browserConnectionEnabled=false, nativeEvents=true, acceptSslCerts=true, locationContextEnabled=true, webStorageEnabled=true, browserName=chrome, takesScreenshot=true, javascriptEnabled=true, cssSelectorsEnabled=true, unexpectedAlertBehaviour=accept}]
Session ID: 27276bb969f7e3de45f282039c5cfe6e
*** Element info: {Using=xpath, value=.//*[@id='s2id_autogen84']}
	at org.openqa.selenium.remote.ErrorHandler.createThrowable(ErrorHandler.java:206)
	at org.openqa.selenium.remote.ErrorHandler.throwIfResponseFailed(ErrorHandler.java:158)
	at org.openqa.selenium.remote.RemoteWebDriver.execute(RemoteWebDriver.java:678)
	at org.openqa.selenium.remote.RemoteWebDriver.findElement(RemoteWebDriver.java:363)
	at org.openqa.selenium.remote.RemoteWebDriver.findElementByXPath(RemoteWebDriver.java:500)
	at org.openqa.selenium.By$ByXPath.findElement(By.java:361)
	at org.openqa.selenium.remote.RemoteWebDriver.findElement(RemoteWebDriver.java:355)
	at layout.TemplatesAddPage.addBrand(TemplatesAddPage.java:30)
	at layout.Templates_TestCases.create_a_new_template_channel_web_type_communication(Templates_TestCases.java:42)
	at java.util.concurrent.FutureTask.run(FutureTask.java:266)
	at java.util.concurrent.ThreadPoolExecutor.runWorker(ThreadPoolExecutor.java:1142)
	at java.util.concurrent.ThreadPoolExecutor$Worker.run(ThreadPoolExecutor.java:617)
	at java.lang.Thread.run(Thread.java:745)
... Removed 19 stack frames]]>
    </failure>
  </testcase> <!-- create_a_new_template_channel_web_type_communication -->
  <testcase name="update_template_brand_to_previous" time="46.323" classname="layout.TemplatesEdit_testcases"/>
  <testcase name="create_a_new_template_channel_email_type_message" time="38.458" classname="layout.Templates_TestCases">
    <failure type="org.openqa.selenium.NoSuchElementException" message="no such element: Unable to locate element: {&amp;quot;method&amp;quot;:&amp;quot;xpath&amp;quot;,&amp;quot;selector&amp;quot;:&amp;quot;.//*[@id=&amp;apos;s2id_autogen84&amp;apos;]&amp;quot;}
  (Session info: chrome=59.0.3071.115)
  (Driver info: chromedriver=2.29.461591 (62ebf098771772160f391d75e589dc567915b233),platform=Windows NT 6.1.7601 SP1 x86_64) (WARNING: The server did not provide any stacktrace information)
Command duration or timeout: 10.05 seconds
For documentation on this error, please visit: http://seleniumhq.org/exceptions/no_such_element.html
Build info: version: &amp;apos;2.53.1&amp;apos;, revision: &amp;apos;a36b8b1&amp;apos;, time: &amp;apos;2016-06-30 17:37:03&amp;apos;
System info: host: &amp;apos;remote-wkstn3&amp;apos;, ip: &amp;apos;10.16.1.107&amp;apos;, os.name: &amp;apos;Windows 7&amp;apos;, os.arch: &amp;apos;amd64&amp;apos;, os.version: &amp;apos;6.1&amp;apos;, java.version: &amp;apos;1.8.0_121&amp;apos;
Driver info: org.openqa.selenium.chrome.ChromeDriver
Capabilities [{applicationCacheEnabled=false, rotatable=false, mobileEmulationEnabled=false, networkConnectionEnabled=false, chrome={chromedriverVersion=2.29.461591 (62ebf098771772160f391d75e589dc567915b233), userDataDir=C:\Users\ARJUN~1.KAR\AppData\Local\Temp\scoped_dir73340_27299}, takesHeapSnapshot=true, pageLoadStrategy=normal, databaseEnabled=false, handlesAlerts=true, hasTouchScreen=false, version=59.0.3071.115, platform=XP, browserConnectionEnabled=false, nativeEvents=true, acceptSslCerts=true, locationContextEnabled=true, webStorageEnabled=true, browserName=chrome, takesScreenshot=true, javascriptEnabled=true, cssSelectorsEnabled=true, unexpectedAlertBehaviour=accept}]
Session ID: e733a4a243ad0fbcfe5c3b72e30fcd15
*** Element info: {Using=xpath, value=.//*[@id=&amp;apos;s2id_autogen84&amp;apos;]}">
      <![CDATA[org.openqa.selenium.NoSuchElementException: no such element: Unable to locate element: {"method":"xpath","selector":".//*[@id='s2id_autogen84']"}
  (Session info: chrome=59.0.3071.115)
  (Driver info: chromedriver=2.29.461591 (62ebf098771772160f391d75e589dc567915b233),platform=Windows NT 6.1.7601 SP1 x86_64) (WARNING: The server did not provide any stacktrace information)
Command duration or timeout: 10.05 seconds
For documentation on this error, please visit: http://seleniumhq.org/exceptions/no_such_element.html
Build info: version: '2.53.1', revision: 'a36b8b1', time: '2016-06-30 17:37:03'
System info: host: 'remote-wkstn3', ip: '10.16.1.107', os.name: 'Windows 7', os.arch: 'amd64', os.version: '6.1', java.version: '1.8.0_121'
Driver info: org.openqa.selenium.chrome.ChromeDriver
Capabilities [{applicationCacheEnabled=false, rotatable=false, mobileEmulationEnabled=false, networkConnectionEnabled=false, chrome={chromedriverVersion=2.29.461591 (62ebf098771772160f391d75e589dc567915b233), userDataDir=C:\Users\ARJUN~1.KAR\AppData\Local\Temp\scoped_dir73340_27299}, takesHeapSnapshot=true, pageLoadStrategy=normal, databaseEnabled=false, handlesAlerts=true, hasTouchScreen=false, version=59.0.3071.115, platform=XP, browserConnectionEnabled=false, nativeEvents=true, acceptSslCerts=true, locationContextEnabled=true, webStorageEnabled=true, browserName=chrome, takesScreenshot=true, javascriptEnabled=true, cssSelectorsEnabled=true, unexpectedAlertBehaviour=accept}]
Session ID: e733a4a243ad0fbcfe5c3b72e30fcd15
*** Element info: {Using=xpath, value=.//*[@id='s2id_autogen84']}
	at org.openqa.selenium.remote.ErrorHandler.createThrowable(ErrorHandler.java:206)
	at org.openqa.selenium.remote.ErrorHandler.throwIfResponseFailed(ErrorHandler.java:158)
	at org.openqa.selenium.remote.RemoteWebDriver.execute(RemoteWebDriver.java:678)
	at org.openqa.selenium.remote.RemoteWebDriver.findElement(RemoteWebDriver.java:363)
	at org.openqa.selenium.remote.RemoteWebDriver.findElementByXPath(RemoteWebDriver.java:500)
	at org.openqa.selenium.By$ByXPath.findElement(By.java:361)
	at org.openqa.selenium.remote.RemoteWebDriver.findElement(RemoteWebDriver.java:355)
	at layout.TemplatesAddPage.addBrand(TemplatesAddPage.java:30)
	at layout.Templates_TestCases.create_a_new_template_channel_email_type_message(Templates_TestCases.java:65)
	at java.util.concurrent.FutureTask.run(FutureTask.java:266)
	at java.util.concurrent.ThreadPoolExecutor.runWorker(ThreadPoolExecutor.java:1142)
	at java.util.concurrent.ThreadPoolExecutor$Worker.run(ThreadPoolExecutor.java:617)
	at java.lang.Thread.run(Thread.java:745)
... Removed 19 stack frames]]>
    </failure>
  </testcase> <!-- create_a_new_template_channel_email_type_message -->
  <testcase name="update_template_name" time="48.411" classname="layout.TemplatesEdit_testcases"/>
  <testcase name="create_a_new_template_channel_web_type_message" time="39.671" classname="layout.Templates_TestCases">
    <failure type="org.openqa.selenium.NoSuchElementException" message="no such element: Unable to locate element: {&amp;quot;method&amp;quot;:&amp;quot;xpath&amp;quot;,&amp;quot;selector&amp;quot;:&amp;quot;.//*[@id=&amp;apos;s2id_autogen84&amp;apos;]&amp;quot;}
  (Session info: chrome=59.0.3071.115)
  (Driver info: chromedriver=2.29.461591 (62ebf098771772160f391d75e589dc567915b233),platform=Windows NT 6.1.7601 SP1 x86_64) (WARNING: The server did not provide any stacktrace information)
Command duration or timeout: 10.09 seconds
For documentation on this error, please visit: http://seleniumhq.org/exceptions/no_such_element.html
Build info: version: &amp;apos;2.53.1&amp;apos;, revision: &amp;apos;a36b8b1&amp;apos;, time: &amp;apos;2016-06-30 17:37:03&amp;apos;
System info: host: &amp;apos;remote-wkstn3&amp;apos;, ip: &amp;apos;10.16.1.107&amp;apos;, os.name: &amp;apos;Windows 7&amp;apos;, os.arch: &amp;apos;amd64&amp;apos;, os.version: &amp;apos;6.1&amp;apos;, java.version: &amp;apos;1.8.0_121&amp;apos;
Driver info: org.openqa.selenium.chrome.ChromeDriver
Capabilities [{applicationCacheEnabled=false, rotatable=false, mobileEmulationEnabled=false, networkConnectionEnabled=false, chrome={chromedriverVersion=2.29.461591 (62ebf098771772160f391d75e589dc567915b233), userDataDir=C:\Users\ARJUN~1.KAR\AppData\Local\Temp\scoped_dir75092_19388}, takesHeapSnapshot=true, pageLoadStrategy=normal, databaseEnabled=false, handlesAlerts=true, hasTouchScreen=false, version=59.0.3071.115, platform=XP, browserConnectionEnabled=false, nativeEvents=true, acceptSslCerts=true, locationContextEnabled=true, webStorageEnabled=true, browserName=chrome, takesScreenshot=true, javascriptEnabled=true, cssSelectorsEnabled=true, unexpectedAlertBehaviour=accept}]
Session ID: 8cb41ed2fbf1884dc7c29bd3d337a43f
*** Element info: {Using=xpath, value=.//*[@id=&amp;apos;s2id_autogen84&amp;apos;]}">
      <![CDATA[org.openqa.selenium.NoSuchElementException: no such element: Unable to locate element: {"method":"xpath","selector":".//*[@id='s2id_autogen84']"}
  (Session info: chrome=59.0.3071.115)
  (Driver info: chromedriver=2.29.461591 (62ebf098771772160f391d75e589dc567915b233),platform=Windows NT 6.1.7601 SP1 x86_64) (WARNING: The server did not provide any stacktrace information)
Command duration or timeout: 10.09 seconds
For documentation on this error, please visit: http://seleniumhq.org/exceptions/no_such_element.html
Build info: version: '2.53.1', revision: 'a36b8b1', time: '2016-06-30 17:37:03'
System info: host: 'remote-wkstn3', ip: '10.16.1.107', os.name: 'Windows 7', os.arch: 'amd64', os.version: '6.1', java.version: '1.8.0_121'
Driver info: org.openqa.selenium.chrome.ChromeDriver
Capabilities [{applicationCacheEnabled=false, rotatable=false, mobileEmulationEnabled=false, networkConnectionEnabled=false, chrome={chromedriverVersion=2.29.461591 (62ebf098771772160f391d75e589dc567915b233), userDataDir=C:\Users\ARJUN~1.KAR\AppData\Local\Temp\scoped_dir75092_19388}, takesHeapSnapshot=true, pageLoadStrategy=normal, databaseEnabled=false, handlesAlerts=true, hasTouchScreen=false, version=59.0.3071.115, platform=XP, browserConnectionEnabled=false, nativeEvents=true, acceptSslCerts=true, locationContextEnabled=true, webStorageEnabled=true, browserName=chrome, takesScreenshot=true, javascriptEnabled=true, cssSelectorsEnabled=true, unexpectedAlertBehaviour=accept}]
Session ID: 8cb41ed2fbf1884dc7c29bd3d337a43f
*** Element info: {Using=xpath, value=.//*[@id='s2id_autogen84']}
	at org.openqa.selenium.remote.ErrorHandler.createThrowable(ErrorHandler.java:206)
	at org.openqa.selenium.remote.ErrorHandler.throwIfResponseFailed(ErrorHandler.java:158)
	at org.openqa.selenium.remote.RemoteWebDriver.execute(RemoteWebDriver.java:678)
	at org.openqa.selenium.remote.RemoteWebDriver.findElement(RemoteWebDriver.java:363)
	at org.openqa.selenium.remote.RemoteWebDriver.findElementByXPath(RemoteWebDriver.java:500)
	at org.openqa.selenium.By$ByXPath.findElement(By.java:361)
	at org.openqa.selenium.remote.RemoteWebDriver.findElement(RemoteWebDriver.java:355)
	at layout.TemplatesAddPage.addBrand(TemplatesAddPage.java:30)
	at layout.Templates_TestCases.create_a_new_template_channel_web_type_message(Templates_TestCases.java:88)
	at java.util.concurrent.FutureTask.run(FutureTask.java:266)
	at java.util.concurrent.ThreadPoolExecutor.runWorker(ThreadPoolExecutor.java:1142)
	at java.util.concurrent.ThreadPoolExecutor$Worker.run(ThreadPoolExecutor.java:617)
	at java.lang.Thread.run(Thread.java:745)
... Removed 19 stack frames]]>
    </failure>
  </testcase> <!-- create_a_new_template_channel_web_type_message -->
  <testcase name="update_template_name_to_previous" time="48.622" classname="layout.TemplatesEdit_testcases"/>
  <testcase name="create_a_new_template_without_a_clientname" time="39.614" classname="layout.Templates_TestCases"/>
  <testcase name="update_template_channel" time="48.355" classname="layout.TemplatesEdit_testcases"/>
  <testcase name="create_a_new_template_without_a_channel" time="38.28" classname="layout.Templates_TestCases">
    <failure type="org.openqa.selenium.NoSuchElementException" message="no such element: Unable to locate element: {&amp;quot;method&amp;quot;:&amp;quot;xpath&amp;quot;,&amp;quot;selector&amp;quot;:&amp;quot;.//*[@id=&amp;apos;s2id_autogen84&amp;apos;]&amp;quot;}
  (Session info: chrome=59.0.3071.115)
  (Driver info: chromedriver=2.29.461591 (62ebf098771772160f391d75e589dc567915b233),platform=Windows NT 6.1.7601 SP1 x86_64) (WARNING: The server did not provide any stacktrace information)
Command duration or timeout: 10.06 seconds
For documentation on this error, please visit: http://seleniumhq.org/exceptions/no_such_element.html
Build info: version: &amp;apos;2.53.1&amp;apos;, revision: &amp;apos;a36b8b1&amp;apos;, time: &amp;apos;2016-06-30 17:37:03&amp;apos;
System info: host: &amp;apos;remote-wkstn3&amp;apos;, ip: &amp;apos;10.16.1.107&amp;apos;, os.name: &amp;apos;Windows 7&amp;apos;, os.arch: &amp;apos;amd64&amp;apos;, os.version: &amp;apos;6.1&amp;apos;, java.version: &amp;apos;1.8.0_121&amp;apos;
Driver info: org.openqa.selenium.chrome.ChromeDriver
Capabilities [{applicationCacheEnabled=false, rotatable=false, mobileEmulationEnabled=false, networkConnectionEnabled=false, chrome={chromedriverVersion=2.29.461591 (62ebf098771772160f391d75e589dc567915b233), userDataDir=C:\Users\ARJUN~1.KAR\AppData\Local\Temp\scoped_dir78564_20570}, takesHeapSnapshot=true, pageLoadStrategy=normal, databaseEnabled=false, handlesAlerts=true, hasTouchScreen=false, version=59.0.3071.115, platform=XP, browserConnectionEnabled=false, nativeEvents=true, acceptSslCerts=true, locationContextEnabled=true, webStorageEnabled=true, browserName=chrome, takesScreenshot=true, javascriptEnabled=true, cssSelectorsEnabled=true, unexpectedAlertBehaviour=accept}]
Session ID: 8e2e5f36cfda704f3664d213e49cf5ef
*** Element info: {Using=xpath, value=.//*[@id=&amp;apos;s2id_autogen84&amp;apos;]}">
      <![CDATA[org.openqa.selenium.NoSuchElementException: no such element: Unable to locate element: {"method":"xpath","selector":".//*[@id='s2id_autogen84']"}
  (Session info: chrome=59.0.3071.115)
  (Driver info: chromedriver=2.29.461591 (62ebf098771772160f391d75e589dc567915b233),platform=Windows NT 6.1.7601 SP1 x86_64) (WARNING: The server did not provide any stacktrace information)
Command duration or timeout: 10.06 seconds
For documentation on this error, please visit: http://seleniumhq.org/exceptions/no_such_element.html
Build info: version: '2.53.1', revision: 'a36b8b1', time: '2016-06-30 17:37:03'
System info: host: 'remote-wkstn3', ip: '10.16.1.107', os.name: 'Windows 7', os.arch: 'amd64', os.version: '6.1', java.version: '1.8.0_121'
Driver info: org.openqa.selenium.chrome.ChromeDriver
Capabilities [{applicationCacheEnabled=false, rotatable=false, mobileEmulationEnabled=false, networkConnectionEnabled=false, chrome={chromedriverVersion=2.29.461591 (62ebf098771772160f391d75e589dc567915b233), userDataDir=C:\Users\ARJUN~1.KAR\AppData\Local\Temp\scoped_dir78564_20570}, takesHeapSnapshot=true, pageLoadStrategy=normal, databaseEnabled=false, handlesAlerts=true, hasTouchScreen=false, version=59.0.3071.115, platform=XP, browserConnectionEnabled=false, nativeEvents=true, acceptSslCerts=true, locationContextEnabled=true, webStorageEnabled=true, browserName=chrome, takesScreenshot=true, javascriptEnabled=true, cssSelectorsEnabled=true, unexpectedAlertBehaviour=accept}]
Session ID: 8e2e5f36cfda704f3664d213e49cf5ef
*** Element info: {Using=xpath, value=.//*[@id='s2id_autogen84']}
	at org.openqa.selenium.remote.ErrorHandler.createThrowable(ErrorHandler.java:206)
	at org.openqa.selenium.remote.ErrorHandler.throwIfResponseFailed(ErrorHandler.java:158)
	at org.openqa.selenium.remote.RemoteWebDriver.execute(RemoteWebDriver.java:678)
	at org.openqa.selenium.remote.RemoteWebDriver.findElement(RemoteWebDriver.java:363)
	at org.openqa.selenium.remote.RemoteWebDriver.findElementByXPath(RemoteWebDriver.java:500)
	at org.openqa.selenium.By$ByXPath.findElement(By.java:361)
	at org.openqa.selenium.remote.RemoteWebDriver.findElement(RemoteWebDriver.java:355)
	at layout.TemplatesAddPage.addBrand(TemplatesAddPage.java:30)
	at layout.Templates_TestCases.create_a_new_template_without_a_channel(Templates_TestCases.java:125)
	at java.util.concurrent.FutureTask.run(FutureTask.java:266)
	at java.util.concurrent.ThreadPoolExecutor.runWorker(ThreadPoolExecutor.java:1142)
	at java.util.concurrent.ThreadPoolExecutor$Worker.run(ThreadPoolExecutor.java:617)
	at java.lang.Thread.run(Thread.java:745)
... Removed 19 stack frames]]>
    </failure>
  </testcase> <!-- create_a_new_template_without_a_channel -->
  <testcase name="update_template_channel_to_previous" time="47.512" classname="layout.TemplatesEdit_testcases"/>
  <testcase name="create_a_new_template_without_a_name" time="39.235" classname="layout.Templates_TestCases">
    <failure type="org.openqa.selenium.NoSuchElementException" message="no such element: Unable to locate element: {&amp;quot;method&amp;quot;:&amp;quot;xpath&amp;quot;,&amp;quot;selector&amp;quot;:&amp;quot;.//*[@id=&amp;apos;s2id_autogen84&amp;apos;]&amp;quot;}
  (Session info: chrome=59.0.3071.115)
  (Driver info: chromedriver=2.29.461591 (62ebf098771772160f391d75e589dc567915b233),platform=Windows NT 6.1.7601 SP1 x86_64) (WARNING: The server did not provide any stacktrace information)
Command duration or timeout: 10.02 seconds
For documentation on this error, please visit: http://seleniumhq.org/exceptions/no_such_element.html
Build info: version: &amp;apos;2.53.1&amp;apos;, revision: &amp;apos;a36b8b1&amp;apos;, time: &amp;apos;2016-06-30 17:37:03&amp;apos;
System info: host: &amp;apos;remote-wkstn3&amp;apos;, ip: &amp;apos;10.16.1.107&amp;apos;, os.name: &amp;apos;Windows 7&amp;apos;, os.arch: &amp;apos;amd64&amp;apos;, os.version: &amp;apos;6.1&amp;apos;, java.version: &amp;apos;1.8.0_121&amp;apos;
Driver info: org.openqa.selenium.chrome.ChromeDriver
Capabilities [{applicationCacheEnabled=false, rotatable=false, mobileEmulationEnabled=false, networkConnectionEnabled=false, chrome={chromedriverVersion=2.29.461591 (62ebf098771772160f391d75e589dc567915b233), userDataDir=C:\Users\ARJUN~1.KAR\AppData\Local\Temp\scoped_dir10140_30944}, takesHeapSnapshot=true, pageLoadStrategy=normal, databaseEnabled=false, handlesAlerts=true, hasTouchScreen=false, version=59.0.3071.115, platform=XP, browserConnectionEnabled=false, nativeEvents=true, acceptSslCerts=true, locationContextEnabled=true, webStorageEnabled=true, browserName=chrome, takesScreenshot=true, javascriptEnabled=true, cssSelectorsEnabled=true, unexpectedAlertBehaviour=accept}]
Session ID: 359743d8caaa7b31867a8929766ae77a
*** Element info: {Using=xpath, value=.//*[@id=&amp;apos;s2id_autogen84&amp;apos;]}">
      <![CDATA[org.openqa.selenium.NoSuchElementException: no such element: Unable to locate element: {"method":"xpath","selector":".//*[@id='s2id_autogen84']"}
  (Session info: chrome=59.0.3071.115)
  (Driver info: chromedriver=2.29.461591 (62ebf098771772160f391d75e589dc567915b233),platform=Windows NT 6.1.7601 SP1 x86_64) (WARNING: The server did not provide any stacktrace information)
Command duration or timeout: 10.02 seconds
For documentation on this error, please visit: http://seleniumhq.org/exceptions/no_such_element.html
Build info: version: '2.53.1', revision: 'a36b8b1', time: '2016-06-30 17:37:03'
System info: host: 'remote-wkstn3', ip: '10.16.1.107', os.name: 'Windows 7', os.arch: 'amd64', os.version: '6.1', java.version: '1.8.0_121'
Driver info: org.openqa.selenium.chrome.ChromeDriver
Capabilities [{applicationCacheEnabled=false, rotatable=false, mobileEmulationEnabled=false, networkConnectionEnabled=false, chrome={chromedriverVersion=2.29.461591 (62ebf098771772160f391d75e589dc567915b233), userDataDir=C:\Users\ARJUN~1.KAR\AppData\Local\Temp\scoped_dir10140_30944}, takesHeapSnapshot=true, pageLoadStrategy=normal, databaseEnabled=false, handlesAlerts=true, hasTouchScreen=false, version=59.0.3071.115, platform=XP, browserConnectionEnabled=false, nativeEvents=true, acceptSslCerts=true, locationContextEnabled=true, webStorageEnabled=true, browserName=chrome, takesScreenshot=true, javascriptEnabled=true, cssSelectorsEnabled=true, unexpectedAlertBehaviour=accept}]
Session ID: 359743d8caaa7b31867a8929766ae77a
*** Element info: {Using=xpath, value=.//*[@id='s2id_autogen84']}
	at org.openqa.selenium.remote.ErrorHandler.createThrowable(ErrorHandler.java:206)
	at org.openqa.selenium.remote.ErrorHandler.throwIfResponseFailed(ErrorHandler.java:158)
	at org.openqa.selenium.remote.RemoteWebDriver.execute(RemoteWebDriver.java:678)
	at org.openqa.selenium.remote.RemoteWebDriver.findElement(RemoteWebDriver.java:363)
	at org.openqa.selenium.remote.RemoteWebDriver.findElementByXPath(RemoteWebDriver.java:500)
	at org.openqa.selenium.By$ByXPath.findElement(By.java:361)
	at org.openqa.selenium.remote.RemoteWebDriver.findElement(RemoteWebDriver.java:355)
	at layout.TemplatesAddPage.addBrand(TemplatesAddPage.java:30)
	at layout.Templates_TestCases.create_a_new_template_without_a_name(Templates_TestCases.java:140)
	at java.util.concurrent.FutureTask.run(FutureTask.java:266)
	at java.util.concurrent.ThreadPoolExecutor.runWorker(ThreadPoolExecutor.java:1142)
	at java.util.concurrent.ThreadPoolExecutor$Worker.run(ThreadPoolExecutor.java:617)
	at java.lang.Thread.run(Thread.java:745)
... Removed 19 stack frames]]>
    </failure>
  </testcase> <!-- create_a_new_template_without_a_name -->
  <testcase name="create_a_new_template_without_a_type" time="38.483" classname="layout.Templates_TestCases">
    <failure type="org.openqa.selenium.NoSuchElementException" message="no such element: Unable to locate element: {&amp;quot;method&amp;quot;:&amp;quot;xpath&amp;quot;,&amp;quot;selector&amp;quot;:&amp;quot;.//*[@id=&amp;apos;s2id_autogen84&amp;apos;]&amp;quot;}
  (Session info: chrome=59.0.3071.115)
  (Driver info: chromedriver=2.29.461591 (62ebf098771772160f391d75e589dc567915b233),platform=Windows NT 6.1.7601 SP1 x86_64) (WARNING: The server did not provide any stacktrace information)
Command duration or timeout: 10.05 seconds
For documentation on this error, please visit: http://seleniumhq.org/exceptions/no_such_element.html
Build info: version: &amp;apos;2.53.1&amp;apos;, revision: &amp;apos;a36b8b1&amp;apos;, time: &amp;apos;2016-06-30 17:37:03&amp;apos;
System info: host: &amp;apos;remote-wkstn3&amp;apos;, ip: &amp;apos;10.16.1.107&amp;apos;, os.name: &amp;apos;Windows 7&amp;apos;, os.arch: &amp;apos;amd64&amp;apos;, os.version: &amp;apos;6.1&amp;apos;, java.version: &amp;apos;1.8.0_121&amp;apos;
Driver info: org.openqa.selenium.chrome.ChromeDriver
Capabilities [{applicationCacheEnabled=false, rotatable=false, mobileEmulationEnabled=false, networkConnectionEnabled=false, chrome={chromedriverVersion=2.29.461591 (62ebf098771772160f391d75e589dc567915b233), userDataDir=C:\Users\ARJUN~1.KAR\AppData\Local\Temp\scoped_dir21916_6317}, takesHeapSnapshot=true, pageLoadStrategy=normal, databaseEnabled=false, handlesAlerts=true, hasTouchScreen=false, version=59.0.3071.115, platform=XP, browserConnectionEnabled=false, nativeEvents=true, acceptSslCerts=true, locationContextEnabled=true, webStorageEnabled=true, browserName=chrome, takesScreenshot=true, javascriptEnabled=true, cssSelectorsEnabled=true, unexpectedAlertBehaviour=accept}]
Session ID: 6e54d4dd49028d40aca1e6285f948be4
*** Element info: {Using=xpath, value=.//*[@id=&amp;apos;s2id_autogen84&amp;apos;]}">
      <![CDATA[org.openqa.selenium.NoSuchElementException: no such element: Unable to locate element: {"method":"xpath","selector":".//*[@id='s2id_autogen84']"}
  (Session info: chrome=59.0.3071.115)
  (Driver info: chromedriver=2.29.461591 (62ebf098771772160f391d75e589dc567915b233),platform=Windows NT 6.1.7601 SP1 x86_64) (WARNING: The server did not provide any stacktrace information)
Command duration or timeout: 10.05 seconds
For documentation on this error, please visit: http://seleniumhq.org/exceptions/no_such_element.html
Build info: version: '2.53.1', revision: 'a36b8b1', time: '2016-06-30 17:37:03'
System info: host: 'remote-wkstn3', ip: '10.16.1.107', os.name: 'Windows 7', os.arch: 'amd64', os.version: '6.1', java.version: '1.8.0_121'
Driver info: org.openqa.selenium.chrome.ChromeDriver
Capabilities [{applicationCacheEnabled=false, rotatable=false, mobileEmulationEnabled=false, networkConnectionEnabled=false, chrome={chromedriverVersion=2.29.461591 (62ebf098771772160f391d75e589dc567915b233), userDataDir=C:\Users\ARJUN~1.KAR\AppData\Local\Temp\scoped_dir21916_6317}, takesHeapSnapshot=true, pageLoadStrategy=normal, databaseEnabled=false, handlesAlerts=true, hasTouchScreen=false, version=59.0.3071.115, platform=XP, browserConnectionEnabled=false, nativeEvents=true, acceptSslCerts=true, locationContextEnabled=true, webStorageEnabled=true, browserName=chrome, takesScreenshot=true, javascriptEnabled=true, cssSelectorsEnabled=true, unexpectedAlertBehaviour=accept}]
Session ID: 6e54d4dd49028d40aca1e6285f948be4
*** Element info: {Using=xpath, value=.//*[@id='s2id_autogen84']}
	at org.openqa.selenium.remote.ErrorHandler.createThrowable(ErrorHandler.java:206)
	at org.openqa.selenium.remote.ErrorHandler.throwIfResponseFailed(ErrorHandler.java:158)
	at org.openqa.selenium.remote.RemoteWebDriver.execute(RemoteWebDriver.java:678)
	at org.openqa.selenium.remote.RemoteWebDriver.findElement(RemoteWebDriver.java:363)
	at org.openqa.selenium.remote.RemoteWebDriver.findElementByXPath(RemoteWebDriver.java:500)
	at org.openqa.selenium.By$ByXPath.findElement(By.java:361)
	at org.openqa.selenium.remote.RemoteWebDriver.findElement(RemoteWebDriver.java:355)
	at layout.TemplatesAddPage.addBrand(TemplatesAddPage.java:30)
	at layout.Templates_TestCases.create_a_new_template_without_a_type(Templates_TestCases.java:155)
	at java.util.concurrent.FutureTask.run(FutureTask.java:266)
	at java.util.concurrent.ThreadPoolExecutor.runWorker(ThreadPoolExecutor.java:1142)
	at java.util.concurrent.ThreadPoolExecutor$Worker.run(ThreadPoolExecutor.java:617)
	at java.lang.Thread.run(Thread.java:745)
... Removed 19 stack frames]]>
    </failure>
  </testcase> <!-- create_a_new_template_without_a_type -->
  <testcase name="update_template_clientname" time="42.845" classname="layout.TemplatesEdit_testcases"/>
  <testcase name="update_template_clientname_to_previous" time="48.499" classname="layout.TemplatesEdit_testcases"/>
  <testcase name="delete_template_from_db" time="14.606" classname="layout.Templates_TestCases"/>
  <testcase name="select_button_save_in_template_page" time="41.443" classname="layout.TemplatesEdit_testcases"/>
  <testcase name="select_button_cancel_in_template_page" time="35.346" classname="layout.TemplatesEdit_testcases"/>
  <testcase name="inactivate_template" time="47.953" classname="layout.TemplatesEdit_testcases"/>
  <testcase name="activate_template" time="49.458" classname="layout.TemplatesEdit_testcases"/>
  <testcase name="set_template_workflow_to_draft" time="42.645" classname="layout.TemplatesEdit_testcases"/>
  <testcase name="set_template_workflow_to_approved" time="41.752" classname="layout.TemplatesEdit_testcases"/>
  <testcase name="archive_template" time="19.763" classname="layout.TemplatesEdit_testcases"/>
  <testcase name="restore_template" time="31.269" classname="layout.TemplatesEdit_testcases"/>
  <testcase name="update_template_type_to_previous" time="0.0" classname="layout.TemplatesEdit_testcases">
    <ignored/>
  </testcase> <!-- update_template_type_to_previous -->
  <testcase name="@AfterSuite tearDown" time="0.0" classname="Utility.TestBase">
    <ignored/>
  </testcase> <!-- @AfterSuite tearDown -->
  <testcase name="@AfterSuite tearDown" time="0.0" classname="Utility.TestBase">
    <ignored/>
  </testcase> <!-- @AfterSuite tearDown -->
  <testcase name="update_template_type" time="0.0" classname="layout.TemplatesEdit_testcases">
    <ignored/>
  </testcase> <!-- update_template_type -->
</testsuite> <!-- TEMPLATES TESTCASES -->
