<?xml version="1.0" encoding="UTF-8"?>
<!-- Generated by org.testng.reporters.JUnitXMLReporter -->
<testsuite hostname="remote-wkstn3" ignored="3" name="TRACKS TESTCASES" tests="24" failures="1" timestamp="06 Jun 2017 21:17:11 GMT" time="1071.924" errors="0">
  <testcase name="create_a_new_track" time="55.349" classname="library.Tracks_Testcases"/>
  <testcase name="update_track_name" time="39.948" classname="library.TracksEdit_Testcases"/>
  <testcase name="test_is_empty" time="7.615" classname="library.TracksRestore_Testcases"/>
  <testcase name="publish_tracks" time="108.139" classname="library.TracksPublish_Testcases"/>
  <testcase name="create_a_new_track_without_clientname" time="34.519" classname="library.Tracks_Testcases"/>
  <testcase name="update_track_name_to_previous_name" time="41.37" classname="library.TracksEdit_Testcases"/>
  <testcase name="cancel_publish_tracks" time="33.492" classname="library.TracksPublish_Testcases"/>
  <testcase name="create_a_new_track_without_tracksnname" time="43.136" classname="library.Tracks_Testcases"/>
  <testcase name="update_track_client_field" time="37.482" classname="library.TracksEdit_Testcases"/>
  <testcase name="create_a_new_track_without_brand" time="40.711" classname="library.Tracks_Testcases">
    <failure type="java.lang.AssertionError" message="expected [2] but found [1]">
      <![CDATA[java.lang.AssertionError: expected [2] but found [1]
	at library.TracksPage.validateUpdates(TracksPage.java:207)
	at library.Tracks_Testcases.create_a_new_track_without_brand(Tracks_Testcases.java:83)
	at java.util.concurrent.FutureTask.run(FutureTask.java:266)
	at java.util.concurrent.ThreadPoolExecutor.runWorker(ThreadPoolExecutor.java:1142)
	at java.util.concurrent.ThreadPoolExecutor$Worker.run(ThreadPoolExecutor.java:617)
	at java.lang.Thread.run(Thread.java:745)
... Removed 22 stack frames]]>
    </failure>
  </testcase> <!-- create_a_new_track_without_brand -->
  <testcase name="click_cancel_track_button" time="24.36" classname="library.Tracks_Testcases"/>
  <testcase name="update_track_brands" time="41.286" classname="library.TracksEdit_Testcases"/>
  <testcase name="update_track_brands_to_previous" time="44.281" classname="library.TracksEdit_Testcases"/>
  <testcase name="update_track_series" time="41.598" classname="library.TracksEdit_Testcases"/>
  <testcase name="update_track_series_to_previous" time="43.812" classname="library.TracksEdit_Testcases"/>
  <testcase name="update_tracks_programs" time="42.401" classname="library.TracksEdit_Testcases"/>
  <testcase name="update_tracks_programs_to_previous" time="44.029" classname="library.TracksEdit_Testcases"/>
  <testcase name="update_track_workflow_to_approved" time="29.218" classname="library.TracksEdit_Testcases"/>
  <testcase name="delete_tracks_from_db" time="2.306" classname="library.Tracks_Testcases"/>
  <testcase name="update_track_workflow_to_draft" time="29.153" classname="library.TracksEdit_Testcases"/>
  <testcase name="activate_track" time="39.219" classname="library.TracksEdit_Testcases"/>
  <testcase name="archive_track" time="18.107" classname="library.TracksEdit_Testcases"/>
  <testcase name="restore_track" time="29.244" classname="library.TracksEdit_Testcases"/>
  <testcase name="update_track_name_by_EHI_AE" time="17.646" classname="library.TracksEdit_Testcases"/>
  <testcase name="@AfterSuite tearDown" time="0.0" classname="Utility.TestBase">
    <ignored/>
  </testcase> <!-- @AfterSuite tearDown -->
  <testcase name="@AfterSuite tearDown" time="0.0" classname="Utility.TestBase">
    <ignored/>
  </testcase> <!-- @AfterSuite tearDown -->
  <testcase name="@AfterSuite tearDown" time="0.0" classname="Utility.TestBase">
    <ignored/>
  </testcase> <!-- @AfterSuite tearDown -->
</testsuite> <!-- TRACKS TESTCASES -->
