<?xml version="1.0" encoding="UTF-8"?>
<!-- Generated by org.testng.reporters.JUnitXMLReporter -->
<testsuite hostname="remote-wkstn3" ignored="3" name="TRACKS TESTCASES" tests="24" failures="1" timestamp="11 Jul 2017 05:19:45 GMT" time="1146.637" errors="0">
  <testcase name="create_a_new_track" time="58.461" classname="library.Tracks_Testcases"/>
  <testcase name="update_track_name" time="41.482" classname="library.TracksEdit_Testcases"/>
  <testcase name="test_is_empty" time="8.336" classname="library.TracksRestore_Testcases"/>
  <testcase name="publish_tracks" time="114.723" classname="library.TracksPublish_Testcases"/>
  <testcase name="create_a_new_track_without_clientname" time="36.21" classname="library.Tracks_Testcases"/>
  <testcase name="update_track_name_to_previous_name" time="41.895" classname="library.TracksEdit_Testcases"/>
  <testcase name="cancel_publish_tracks" time="37.452" classname="library.TracksPublish_Testcases"/>
  <testcase name="create_a_new_track_without_tracksnname" time="43.839" classname="library.Tracks_Testcases"/>
  <testcase name="update_track_client_field" time="39.057" classname="library.TracksEdit_Testcases"/>
  <testcase name="create_a_new_track_without_brand" time="43.75" classname="library.Tracks_Testcases">
    <failure type="java.lang.AssertionError" message="expected [2] but found [1]">
      <![CDATA[java.lang.AssertionError: expected [2] but found [1]
	at library.TracksPage.validateUpdates(TracksPage.java:207)
	at library.Tracks_Testcases.create_a_new_track_without_brand(Tracks_Testcases.java:83)
	at java.util.concurrent.FutureTask.run(FutureTask.java:266)
	at java.util.concurrent.ThreadPoolExecutor.runWorker(ThreadPoolExecutor.java:1142)
	at java.util.concurrent.ThreadPoolExecutor$Worker.run(ThreadPoolExecutor.java:617)
	at java.lang.Thread.run(Thread.java:745)
... Removed 22 stack frames]]>
    </failure>
  </testcase> <!-- create_a_new_track_without_brand -->
  <testcase name="click_cancel_track_button" time="25.2" classname="library.Tracks_Testcases"/>
  <testcase name="update_track_brands" time="42.828" classname="library.TracksEdit_Testcases"/>
  <testcase name="update_track_brands_to_previous" time="45.694" classname="library.TracksEdit_Testcases"/>
  <testcase name="update_track_series" time="42.597" classname="library.TracksEdit_Testcases"/>
  <testcase name="update_track_series_to_previous" time="43.963" classname="library.TracksEdit_Testcases"/>
  <testcase name="update_tracks_programs" time="43.865" classname="library.TracksEdit_Testcases"/>
  <testcase name="update_tracks_programs_to_previous" time="45.673" classname="library.TracksEdit_Testcases"/>
  <testcase name="update_track_workflow_to_approved" time="28.894" classname="library.TracksEdit_Testcases"/>
  <testcase name="delete_tracks_from_db" time="2.374" classname="library.Tracks_Testcases"/>
  <testcase name="update_track_workflow_to_draft" time="31.096" classname="library.TracksEdit_Testcases"/>
  <testcase name="activate_track" time="47.251" classname="library.TracksEdit_Testcases"/>
  <testcase name="archive_track" time="23.851" classname="library.TracksEdit_Testcases"/>
  <testcase name="restore_track" time="31.809" classname="library.TracksEdit_Testcases"/>
  <testcase name="update_track_name_by_EHI_AE" time="15.481" classname="library.TracksEdit_Testcases"/>
  <testcase name="@AfterSuite tearDown" time="0.0" classname="Utility.TestBase">
    <ignored/>
  </testcase> <!-- @AfterSuite tearDown -->
  <testcase name="@AfterSuite tearDown" time="0.0" classname="Utility.TestBase">
    <ignored/>
  </testcase> <!-- @AfterSuite tearDown -->
  <testcase name="@AfterSuite tearDown" time="0.0" classname="Utility.TestBase">
    <ignored/>
  </testcase> <!-- @AfterSuite tearDown -->
</testsuite> <!-- TRACKS TESTCASES -->
