<?xml version="1.0" encoding="UTF-8"?>
<!-- Generated by org.testng.reporters.JUnitXMLReporter -->
<testsuite hostname="remote-wkstn3" ignored="3" name="TRACKS TESTCASES" tests="24" failures="2" timestamp="21 Jun 2017 04:24:54 GMT" time="1104.914" errors="0">
  <testcase name="create_a_new_track" time="49.188" classname="library.Tracks_Testcases">
    <failure type="java.lang.AssertionError" message="expected [2] but found [1]">
      <![CDATA[java.lang.AssertionError: expected [2] but found [1]
	at library.TracksPage.validateUpdates(TracksPage.java:207)
	at library.Tracks_Testcases.create_a_new_track(Tracks_Testcases.java:29)
	at java.util.concurrent.FutureTask.run(FutureTask.java:266)
	at java.util.concurrent.ThreadPoolExecutor.runWorker(ThreadPoolExecutor.java:1142)
	at java.util.concurrent.ThreadPoolExecutor$Worker.run(ThreadPoolExecutor.java:617)
	at java.lang.Thread.run(Thread.java:745)
... Removed 22 stack frames]]>
    </failure>
  </testcase> <!-- create_a_new_track -->
  <testcase name="update_track_name" time="39.933" classname="library.TracksEdit_Testcases"/>
  <testcase name="test_is_empty" time="7.683" classname="library.TracksRestore_Testcases"/>
  <testcase name="publish_tracks" time="115.182" classname="library.TracksPublish_Testcases"/>
  <testcase name="create_a_new_track_without_clientname" time="34.536" classname="library.Tracks_Testcases"/>
  <testcase name="update_track_name_to_previous_name" time="42.102" classname="library.TracksEdit_Testcases"/>
  <testcase name="cancel_publish_tracks" time="37.192" classname="library.TracksPublish_Testcases"/>
  <testcase name="create_a_new_track_without_tracksnname" time="42.242" classname="library.Tracks_Testcases"/>
  <testcase name="update_track_client_field" time="37.628" classname="library.TracksEdit_Testcases"/>
  <testcase name="create_a_new_track_without_brand" time="42.33" classname="library.Tracks_Testcases">
    <failure type="java.lang.AssertionError" message="expected [2] but found [1]">
      <![CDATA[java.lang.AssertionError: expected [2] but found [1]
	at library.TracksPage.validateUpdates(TracksPage.java:207)
	at library.Tracks_Testcases.create_a_new_track_without_brand(Tracks_Testcases.java:83)
	at java.util.concurrent.FutureTask.run(FutureTask.java:266)
	at java.util.concurrent.ThreadPoolExecutor.runWorker(ThreadPoolExecutor.java:1142)
	at java.util.concurrent.ThreadPoolExecutor$Worker.run(ThreadPoolExecutor.java:617)
	at java.lang.Thread.run(Thread.java:745)
... Removed 22 stack frames]]>
    </failure>
  </testcase> <!-- create_a_new_track_without_brand -->
  <testcase name="click_cancel_track_button" time="25.549" classname="library.Tracks_Testcases"/>
  <testcase name="update_track_brands" time="41.978" classname="library.TracksEdit_Testcases"/>
  <testcase name="update_track_brands_to_previous" time="43.898" classname="library.TracksEdit_Testcases"/>
  <testcase name="update_track_series" time="46.369" classname="library.TracksEdit_Testcases"/>
  <testcase name="update_track_series_to_previous" time="47.101" classname="library.TracksEdit_Testcases"/>
  <testcase name="update_tracks_programs" time="42.18" classname="library.TracksEdit_Testcases"/>
  <testcase name="update_tracks_programs_to_previous" time="44.239" classname="library.TracksEdit_Testcases"/>
  <testcase name="update_track_workflow_to_approved" time="29.019" classname="library.TracksEdit_Testcases"/>
  <testcase name="delete_tracks_from_db" time="2.37" classname="library.Tracks_Testcases"/>
  <testcase name="update_track_workflow_to_draft" time="30.299" classname="library.TracksEdit_Testcases"/>
  <testcase name="activate_track" time="40.0" classname="library.TracksEdit_Testcases"/>
  <testcase name="archive_track" time="19.585" classname="library.TracksEdit_Testcases"/>
  <testcase name="restore_track" time="28.792" classname="library.TracksEdit_Testcases"/>
  <testcase name="update_track_name_by_EHI_AE" time="16.093" classname="library.TracksEdit_Testcases"/>
  <testcase name="@AfterSuite tearDown" time="0.0" classname="Utility.TestBase">
    <ignored/>
  </testcase> <!-- @AfterSuite tearDown -->
  <testcase name="@AfterSuite tearDown" time="0.0" classname="Utility.TestBase">
    <ignored/>
  </testcase> <!-- @AfterSuite tearDown -->
  <testcase name="@AfterSuite tearDown" time="0.0" classname="Utility.TestBase">
    <ignored/>
  </testcase> <!-- @AfterSuite tearDown -->
</testsuite> <!-- TRACKS TESTCASES -->
