<?xml version="1.0" encoding="UTF-8"?>
<!-- Generated by org.testng.reporters.JUnitXMLReporter -->
<testsuite hostname="remote-wkstn3" ignored="2" name="USERS TESTCASES" tests="49" failures="2" timestamp="21 Jun 2017 09:25:14 GMT" time="2358.877" errors="0">
  <testcase name="create_an_admin_user" time="57.165" classname="access.Users_TestCases">
    <failure type="java.lang.AssertionError" message="expected [CODA - Users] but found [CODA - Users - Add]">
      <![CDATA[java.lang.AssertionError: expected [CODA - Users] but found [CODA - Users - Add]
	at access.UsersAddPage.Submit(UsersAddPage.java:143)
	at access.Users_TestCases.create_an_admin_user(Users_TestCases.java:28)
	at java.util.concurrent.FutureTask.run(FutureTask.java:266)
	at java.util.concurrent.ThreadPoolExecutor.runWorker(ThreadPoolExecutor.java:1142)
	at java.util.concurrent.ThreadPoolExecutor$Worker.run(ThreadPoolExecutor.java:617)
	at java.lang.Thread.run(Thread.java:745)
... Removed 22 stack frames]]>
    </failure>
  </testcase> <!-- create_an_admin_user -->
  <testcase name="update_user_fisrt_name" time="44.247" classname="access.UsersEdit_testcases"/>
  <testcase name="verify_user_archive_page" time="21.577" classname="access.UsersRestore_testcases"/>
  <testcase name="create_a_non_admin_user" time="57.624" classname="access.Users_TestCases">
    <failure type="java.lang.AssertionError" message="expected [CODA - Users] but found [CODA - Users - Add]">
      <![CDATA[java.lang.AssertionError: expected [CODA - Users] but found [CODA - Users - Add]
	at access.UsersAddPage.Submit(UsersAddPage.java:143)
	at access.Users_TestCases.create_a_non_admin_user(Users_TestCases.java:56)
	at java.util.concurrent.FutureTask.run(FutureTask.java:266)
	at java.util.concurrent.ThreadPoolExecutor.runWorker(ThreadPoolExecutor.java:1142)
	at java.util.concurrent.ThreadPoolExecutor$Worker.run(ThreadPoolExecutor.java:617)
	at java.lang.Thread.run(Thread.java:745)
... Removed 22 stack frames]]>
    </failure>
  </testcase> <!-- create_a_non_admin_user -->
  <testcase name="update_user_first_name_to_previous" time="44.926" classname="access.UsersEdit_testcases"/>
  <testcase name="create_an_admin_user_without_a_first_name" time="44.456" classname="access.Users_TestCases"/>
  <testcase name="update_user_last_name" time="43.993" classname="access.UsersEdit_testcases"/>
  <testcase name="create_an_admin_user_without_a_last_name" time="42.985" classname="access.Users_TestCases"/>
  <testcase name="update_user_last_name_to_previous" time="43.464" classname="access.UsersEdit_testcases"/>
  <testcase name="create_an_admin_user_without_an_email_address" time="44.792" classname="access.Users_TestCases"/>
  <testcase name="update_user_email_address" time="31.435" classname="access.UsersEdit_testcases"/>
  <testcase name="create_an_admin_user_without_a_username" time="44.544" classname="access.Users_TestCases"/>
  <testcase name="update_user_email_address_to_previous" time="29.63" classname="access.UsersEdit_testcases"/>
  <testcase name="create_an_admin_user_without_a_password" time="44.533" classname="access.Users_TestCases"/>
  <testcase name="update_user_phone_number" time="39.996" classname="access.UsersEdit_testcases"/>
  <testcase name="create_a_non_admin_user_without_a_first_name" time="43.246" classname="access.Users_TestCases"/>
  <testcase name="update_user_phone_number_to_previous" time="39.402" classname="access.UsersEdit_testcases"/>
  <testcase name="create_a_non_admin_user_without_a_last_name" time="43.577" classname="access.Users_TestCases"/>
  <testcase name="update_user_username" time="45.701" classname="access.UsersEdit_testcases"/>
  <testcase name="create_a_non_admin_user_without_an_email_address" time="43.254" classname="access.Users_TestCases"/>
  <testcase name="update_user_username_to_previous" time="44.405" classname="access.UsersEdit_testcases"/>
  <testcase name="create_a_non_admin_user_without_a_username" time="47.281" classname="access.Users_TestCases"/>
  <testcase name="update_user_password" time="29.364" classname="access.UsersEdit_testcases"/>
  <testcase name="create_a_non_admin_user_without_a_password" time="44.172" classname="access.Users_TestCases"/>
  <testcase name="update_user_password_to_previous" time="30.574" classname="access.UsersEdit_testcases"/>
  <testcase name="select_button_cancel_in_user_add_page" time="27.745" classname="access.Users_TestCases"/>
  <testcase name="update_user_clients" time="41.354" classname="access.UsersEdit_testcases"/>
  <testcase name="update_user_clients_to_previous" time="41.909" classname="access.UsersEdit_testcases"/>
  <testcase name="create_a_duplicate_user" time="47.117" classname="access.Users_TestCases"/>
  <testcase name="update_admin_role" time="43.842" classname="access.UsersEdit_testcases"/>
  <testcase name="create_a_user_with_an_invalid_email_address_format" time="46.639" classname="access.Users_TestCases"/>
  <testcase name="update_user_role" time="26.759" classname="access.UsersEdit_testcases"/>
  <testcase name="fail_to_create_user_when_first_name_field_is_empty" time="44.262" classname="access.Users_TestCases"/>
  <testcase name="update_user_role_to_previous" time="27.428" classname="access.UsersEdit_testcases"/>
  <testcase name="fail_to_create_user_when_last_name_field_is_empty" time="44.679" classname="access.Users_TestCases"/>
  <testcase name="update_admin_role_to_previous" time="44.697" classname="access.UsersEdit_testcases"/>
  <testcase name="fail_to_create_user_when_email_address_field_is_empty" time="45.396" classname="access.Users_TestCases"/>
  <testcase name="inactivate_user" time="44.211" classname="access.UsersEdit_testcases"/>
  <testcase name="fail_to_create_user_when_username_field_is_empty" time="46.754" classname="access.Users_TestCases"/>
  <testcase name="activate_user" time="48.831" classname="access.UsersEdit_testcases"/>
  <testcase name="fail_to_create_user_when_password_field_is_empty" time="43.577" classname="access.Users_TestCases"/>
  <testcase name="archive_user" time="18.42" classname="access.UsersEdit_testcases"/>
  <testcase name="fail_to_create_user_when_confirm_password_field_is_empty" time="44.898" classname="access.Users_TestCases"/>
  <testcase name="restore_user" time="32.39" classname="access.UsersEdit_testcases"/>
  <testcase name="fail_to_create_user_when_confirm_password_field_does_not_match_the_password" time="46.856" classname="access.Users_TestCases"/>
  <testcase name="select_button_cancel_in_user_edit_page" time="34.445" classname="access.UsersEdit_testcases"/>
  <testcase name="user_edit_otheruser" time="45.131" classname="access.UsersEdit_testcases"/>
  <testcase name="user_edit_otheruserprevious" time="44.695" classname="access.UsersEdit_testcases"/>
  <testcase name="database_delete_user" time="4.602" classname="access.Users_TestCases"/>
  <testcase name="@AfterSuite tearDown" time="0.0" classname="Utility.TestBase">
    <ignored/>
  </testcase> <!-- @AfterSuite tearDown -->
  <testcase name="@AfterSuite tearDown" time="0.0" classname="Utility.TestBase">
    <ignored/>
  </testcase> <!-- @AfterSuite tearDown -->
</testsuite> <!-- USERS TESTCASES -->
