<?xml version="1.0" encoding="UTF-8"?>
<!-- Generated by org.testng.reporters.JUnitXMLReporter -->
<testsuite hostname="remote-wkstn3" ignored="2" name="USERS TESTCASES" tests="49" failures="0" timestamp="20 Jun 2017 03:04:42 GMT" time="2310.745" errors="0">
  <testcase name="create_an_admin_user" time="91.04" classname="access.Users_TestCases"/>
  <testcase name="update_user_fisrt_name" time="43.261" classname="access.UsersEdit_testcases"/>
  <testcase name="verify_user_archive_page" time="20.538" classname="access.UsersRestore_testcases"/>
  <testcase name="create_a_non_admin_user" time="89.321" classname="access.Users_TestCases"/>
  <testcase name="update_user_first_name_to_previous" time="43.453" classname="access.UsersEdit_testcases"/>
  <testcase name="create_an_admin_user_without_a_first_name" time="43.842" classname="access.Users_TestCases"/>
  <testcase name="update_user_last_name" time="42.904" classname="access.UsersEdit_testcases"/>
  <testcase name="create_an_admin_user_without_a_last_name" time="43.121" classname="access.Users_TestCases"/>
  <testcase name="update_user_last_name_to_previous" time="42.659" classname="access.UsersEdit_testcases"/>
  <testcase name="create_an_admin_user_without_an_email_address" time="42.209" classname="access.Users_TestCases"/>
  <testcase name="update_user_email_address" time="28.796" classname="access.UsersEdit_testcases"/>
  <testcase name="create_an_admin_user_without_a_username" time="42.579" classname="access.Users_TestCases"/>
  <testcase name="update_user_email_address_to_previous" time="28.728" classname="access.UsersEdit_testcases"/>
  <testcase name="create_an_admin_user_without_a_password" time="42.546" classname="access.Users_TestCases"/>
  <testcase name="update_user_phone_number" time="37.539" classname="access.UsersEdit_testcases"/>
  <testcase name="create_a_non_admin_user_without_a_first_name" time="43.269" classname="access.Users_TestCases"/>
  <testcase name="update_user_phone_number_to_previous" time="37.85" classname="access.UsersEdit_testcases"/>
  <testcase name="create_a_non_admin_user_without_a_last_name" time="42.558" classname="access.Users_TestCases"/>
  <testcase name="update_user_username" time="43.259" classname="access.UsersEdit_testcases"/>
  <testcase name="create_a_non_admin_user_without_an_email_address" time="42.845" classname="access.Users_TestCases"/>
  <testcase name="update_user_username_to_previous" time="43.191" classname="access.UsersEdit_testcases"/>
  <testcase name="create_a_non_admin_user_without_a_username" time="43.233" classname="access.Users_TestCases"/>
  <testcase name="update_user_password" time="28.325" classname="access.UsersEdit_testcases"/>
  <testcase name="create_a_non_admin_user_without_a_password" time="43.428" classname="access.Users_TestCases"/>
  <testcase name="update_user_password_to_previous" time="29.019" classname="access.UsersEdit_testcases"/>
  <testcase name="select_button_cancel_in_user_add_page" time="25.818" classname="access.Users_TestCases"/>
  <testcase name="update_user_clients" time="40.247" classname="access.UsersEdit_testcases"/>
  <testcase name="update_user_clients_to_previous" time="39.895" classname="access.UsersEdit_testcases"/>
  <testcase name="create_a_duplicate_user" time="47.02" classname="access.Users_TestCases"/>
  <testcase name="update_admin_role" time="43.544" classname="access.UsersEdit_testcases"/>
  <testcase name="create_a_user_with_an_invalid_email_address_format" time="45.105" classname="access.Users_TestCases"/>
  <testcase name="update_user_role" time="26.934" classname="access.UsersEdit_testcases"/>
  <testcase name="fail_to_create_user_when_first_name_field_is_empty" time="43.777" classname="access.Users_TestCases"/>
  <testcase name="update_user_role_to_previous" time="26.608" classname="access.UsersEdit_testcases"/>
  <testcase name="fail_to_create_user_when_last_name_field_is_empty" time="42.989" classname="access.Users_TestCases"/>
  <testcase name="update_admin_role_to_previous" time="43.162" classname="access.UsersEdit_testcases"/>
  <testcase name="fail_to_create_user_when_email_address_field_is_empty" time="42.395" classname="access.Users_TestCases"/>
  <testcase name="inactivate_user" time="43.596" classname="access.UsersEdit_testcases"/>
  <testcase name="fail_to_create_user_when_username_field_is_empty" time="43.09" classname="access.Users_TestCases"/>
  <testcase name="activate_user" time="43.212" classname="access.UsersEdit_testcases"/>
  <testcase name="fail_to_create_user_when_password_field_is_empty" time="42.8" classname="access.Users_TestCases"/>
  <testcase name="archive_user" time="17.838" classname="access.UsersEdit_testcases"/>
  <testcase name="fail_to_create_user_when_confirm_password_field_is_empty" time="42.697" classname="access.Users_TestCases"/>
  <testcase name="restore_user" time="31.819" classname="access.UsersEdit_testcases"/>
  <testcase name="fail_to_create_user_when_confirm_password_field_does_not_match_the_password" time="45.878" classname="access.Users_TestCases"/>
  <testcase name="select_button_cancel_in_user_edit_page" time="32.869" classname="access.UsersEdit_testcases"/>
  <testcase name="user_edit_otheruser" time="42.934" classname="access.UsersEdit_testcases"/>
  <testcase name="user_edit_otheruserprevious" time="43.316" classname="access.UsersEdit_testcases"/>
  <testcase name="database_delete_user" time="4.534" classname="access.Users_TestCases"/>
  <testcase name="@AfterSuite tearDown" time="0.0" classname="Utility.TestBase">
    <ignored/>
  </testcase> <!-- @AfterSuite tearDown -->
  <testcase name="@AfterSuite tearDown" time="0.0" classname="Utility.TestBase">
    <ignored/>
  </testcase> <!-- @AfterSuite tearDown -->
</testsuite> <!-- USERS TESTCASES -->
