<?xml version="1.0" encoding="UTF-8"?>
<!-- Generated by org.testng.reporters.JUnitXMLReporter -->
<testsuite hostname="prikab" name="WORKFLOW STATES ADD TESTCASES" tests="6" failures="0" timestamp="8 Nov 2016 22:47:58 GMT" time="314.473" errors="0">
  <testcase name="create_a_new_wf_state" time="67.052" classname="settings.WorkflowState_TestCases"/>
  <testcase name="create_a_new_wf_state_without_name" time="48.758" classname="settings.WorkflowState_TestCases"/>
  <testcase name="create_a_new_wf_state_without_color" time="49.87" classname="settings.WorkflowState_TestCases"/>
  <testcase name="click_cancel_in_wf_state_add_page" time="39.212" classname="settings.WorkflowState_TestCases"/>
  <testcase name="return_to_wf_state_main_page_from_add" time="42.511" classname="settings.WorkflowState_TestCases"/>
  <testcase name="delete_workflow_state_from_database" time="0.954" classname="settings.WorkflowState_TestCases"/>
</testsuite> <!-- WORKFLOW STATES ADD TESTCASES -->
